#
# There is insufficient memory for the Java Runtime Environment to continue.
# Native memory allocation (malloc) failed to allocate 32744 bytes for ChunkPool::allocate
# Possible reasons:
#   The system is out of physical RAM or swap space
#   The process is running with CompressedOops enabled, and the Java Heap may be blocking the growth of the native heap
# Possible solutions:
#   Reduce memory load on the system
#   Increase physical memory or swap space
#   Check if swap backing store is full
#   Decrease Java heap size (-Xmx/-Xms)
#   Decrease number of Java threads
#   Decrease Java thread stack sizes (-Xss)
#   Set larger code cache with -XX:ReservedCodeCacheSize=
#   JVM is running with Zero Based Compressed Oops mode in which the Java heap is
#     placed in the first 32GB address space. The Java Heap base address is the
#     maximum limit for the native heap growth. Please use -XX:HeapBaseMinAddress
#     to set the Java Heap base and to place the Java Heap above 32GB virtual address.
# This output file may be truncated or incomplete.
#
#  Out of Memory Error (t:/workspace/open/src/hotspot/share/memory/arena.cpp:80), pid=11500, tid=12700
#
# JRE version: Java(TM) SE Runtime Environment (13.0.1+9) (build 13.0.1+9)
# Java VM: Java HotSpot(TM) 64-Bit Server VM (13.0.1+9, mixed mode, sharing, tiered, compressed oops, g1 gc, windows-amd64)
# No core dump will be written. Minidumps are not enabled by default on client versions of Windows
#

---------------  S U M M A R Y ------------

Command Line: -Dfile.encoding=Cp1252 four.Invoice

Host: Intel(R) Core(TM) i7-8750H CPU @ 2.20GHz, 12 cores, 15G,  Windows 10 , 64 bit Build 18362 (10.0.18362.329)
Time: Sun Dec 22 05:33:42 2019 Eastern Standard Time elapsed time: 517 seconds (0d 0h 8m 37s)

---------------  T H R E A D  ---------------

Current thread (0x0000018f00096800):  JavaThread "C2 CompilerThread0" daemon [_thread_in_native, id=12700, stack(0x000000861b500000,0x000000861b600000)]


Current CompileTask:
C2: 517227 3430       4       sun.java2d.SunGraphics2D::validateColor (102 bytes)

Stack: [0x000000861b500000,0x000000861b600000]
Native frames: (J=compiled Java code, j=interpreted, Vv=VM code, C=native code)
V  [jvm.dll+0x626eca]
V  [jvm.dll+0x772c6a]
V  [jvm.dll+0x77441f]
V  [jvm.dll+0x774a23]
V  [jvm.dll+0x24da58]
V  [jvm.dll+0xc3d16]
V  [jvm.dll+0xc406c]
V  [jvm.dll+0xc3bcd]
V  [jvm.dll+0x6094df]
V  [jvm.dll+0x658a4d]
V  [jvm.dll+0x1a10cc]
V  [jvm.dll+0x2079d6]
V  [jvm.dll+0x206adf]
V  [jvm.dll+0x18b94c]
V  [jvm.dll+0x2159bd]
V  [jvm.dll+0x213e6b]
V  [jvm.dll+0x738b16]
V  [jvm.dll+0x731c0a]
V  [jvm.dll+0x6260c6]
C  [ucrtbase.dll+0x20e72]
C  [KERNEL32.DLL+0x17bd4]
C  [ntdll.dll+0x6ced1]


---------------  P R O C E S S  ---------------

Threads class SMR info:
_java_thread_list=0x0000018f0a35ed00, length=16, elements={
0x0000018f7f4a2000, 0x0000018f7f4a5800, 0x0000018f00092000, 0x0000018f00095000,
0x0000018f00096800, 0x0000018f00098800, 0x0000018f000ac800, 0x0000018f0020a800,
0x0000018f00225000, 0x0000018f00529800, 0x0000018f00535800, 0x0000018f09fc5000,
0x0000018f0a2b7800, 0x0000018f0a2b3800, 0x0000018f0a282800, 0x0000018f5b4de000
}

Java Threads: ( => current thread )
  0x0000018f7f4a2000 JavaThread "Reference Handler" daemon [_thread_blocked, id=18504, stack(0x000000861b100000,0x000000861b200000)]
  0x0000018f7f4a5800 JavaThread "Finalizer" daemon [_thread_blocked, id=2752, stack(0x000000861b200000,0x000000861b300000)]
  0x0000018f00092000 JavaThread "Signal Dispatcher" daemon [_thread_blocked, id=10824, stack(0x000000861b300000,0x000000861b400000)]
  0x0000018f00095000 JavaThread "Attach Listener" daemon [_thread_blocked, id=3432, stack(0x000000861b400000,0x000000861b500000)]
=>0x0000018f00096800 JavaThread "C2 CompilerThread0" daemon [_thread_in_native, id=12700, stack(0x000000861b500000,0x000000861b600000)]
  0x0000018f00098800 JavaThread "C1 CompilerThread0" daemon [_thread_blocked, id=6772, stack(0x000000861b600000,0x000000861b700000)]
  0x0000018f000ac800 JavaThread "Sweeper thread" daemon [_thread_blocked, id=6552, stack(0x000000861b700000,0x000000861b800000)]
  0x0000018f0020a800 JavaThread "Service Thread" daemon [_thread_blocked, id=14596, stack(0x000000861b800000,0x000000861b900000)]
  0x0000018f00225000 JavaThread "Common-Cleaner" daemon [_thread_blocked, id=9928, stack(0x000000861ba00000,0x000000861bb00000)]
  0x0000018f00529800 JavaThread "Java2D Disposer" daemon [_thread_blocked, id=21888, stack(0x000000861bc00000,0x000000861bd00000)]
  0x0000018f00535800 JavaThread "AWT-Windows" daemon [_thread_in_native, id=4712, stack(0x000000861be00000,0x000000861bf00000)]
  0x0000018f09fc5000 JavaThread "mysql-cj-abandoned-connection-cleanup" daemon [_thread_blocked, id=1220, stack(0x000000861c400000,0x000000861c500000)]
  0x0000018f0a2b7800 JavaThread "AWT-Shutdown" [_thread_blocked, id=20744, stack(0x000000861bb00000,0x000000861bc00000)]
  0x0000018f0a2b3800 JavaThread "AWT-EventQueue-0" [_thread_blocked, id=11084, stack(0x000000861bd00000,0x000000861be00000)]
  0x0000018f0a282800 JavaThread "TimerQueue" daemon [_thread_blocked, id=18692, stack(0x000000861c500000,0x000000861c600000)]
  0x0000018f5b4de000 JavaThread "DestroyJavaVM" [_thread_blocked, id=11544, stack(0x000000861aa00000,0x000000861ab00000)]

Other Threads:
  0x0000018f7f4a0800 VMThread "VM Thread" [stack: 0x000000861b000000,0x000000861b100000] [id=11304]
  0x0000018f00220000 WatcherThread [stack: 0x000000861b900000,0x000000861ba00000] [id=14116]
  0x0000018f5b54a800 GCTaskThread "GC Thread#0" [stack: 0x000000861ab00000,0x000000861ac00000] [id=11556]
  0x0000018f00ac4800 GCTaskThread "GC Thread#1" [stack: 0x000000861c800000,0x000000861c900000] [id=13164]
  0x0000018f00ac5000 GCTaskThread "GC Thread#2" [stack: 0x000000861c900000,0x000000861ca00000] [id=17936]
  0x0000018f00ac6000 GCTaskThread "GC Thread#3" [stack: 0x000000861ca00000,0x000000861cb00000] [id=13300]
  0x0000018f00ac9000 GCTaskThread "GC Thread#4" [stack: 0x000000861cb00000,0x000000861cc00000] [id=21492]
  0x0000018f00aca800 GCTaskThread "GC Thread#5" [stack: 0x000000861cc00000,0x000000861cd00000] [id=12472]
  0x0000018f5b56d800 ConcurrentGCThread "G1 Main Marker" [stack: 0x000000861ac00000,0x000000861ad00000] [id=21844]
  0x0000018f5b56e800 ConcurrentGCThread "G1 Conc#0" [stack: 0x000000861ad00000,0x000000861ae00000] [id=12536]
  0x0000018f7f391800 ConcurrentGCThread "G1 Refine#0" [stack: 0x000000861ae00000,0x000000861af00000] [id=9172]
  0x0000018f0037e000 ConcurrentGCThread "G1 Refine#1" [stack: 0x000000861cd00000,0x000000861ce00000] [id=12344]
  0x0000018f0057a000 ConcurrentGCThread "G1 Refine#2" [stack: 0x000000861ce00000,0x000000861cf00000] [id=11212]
  0x0000018f09e49000 ConcurrentGCThread "G1 Refine#3" [stack: 0x000000861cf00000,0x000000861d000000] [id=11960]
  0x0000018f09e5f800 ConcurrentGCThread "G1 Refine#4" [stack: 0x000000861d000000,0x000000861d100000] [id=12004]
  0x0000018f7f395800 ConcurrentGCThread "G1 Young RemSet Sampling" [stack: 0x000000861af00000,0x000000861b000000] [id=11708]

Threads with active compile tasks:
C2 CompilerThread0   517250 3430       4       sun.java2d.SunGraphics2D::validateColor (102 bytes)

VM state:not at safepoint (normal execution)

VM Mutex/Monitor currently owned by a thread: None

Heap address: 0x0000000702400000, size: 4060 MB, Compressed Oops mode: Zero based, Oop shift amount: 3
Narrow klass base: 0x0000000800000000, Narrow klass shift: 3
Compressed class space size: 1073741824 Address: 0x0000000800b40000

Heap:
 garbage-first heap   total 260096K, used 35310K [0x0000000702400000, 0x0000000800000000)
  region size 1024K, 21 young (21504K), 1 survivors (1024K)
 Metaspace       used 17263K, capacity 17623K, committed 17664K, reserved 1064960K
  class space    used 1864K, capacity 2036K, committed 2048K, reserved 1048576K
Heap Regions: E=young(eden), S=young(survivor), O=old, HS=humongous(starts), HC=humongous(continues), CS=collection set, F=free, A=archive, TAMS=top-at-mark-start (previous, next)
|   0|0x0000000702400000, 0x0000000702500000, 0x0000000702500000|100%|HS|  |TAMS 0x0000000702400000, 0x0000000702400000| Complete 
|   1|0x0000000702500000, 0x0000000702600000, 0x0000000702600000|100%|HS|  |TAMS 0x0000000702500000, 0x0000000702500000| Complete 
|   2|0x0000000702600000, 0x0000000702700000, 0x0000000702700000|100%|HC|  |TAMS 0x0000000702600000, 0x0000000702600000| Complete 
|   3|0x0000000702700000, 0x0000000702800000, 0x0000000702800000|100%|HC|  |TAMS 0x0000000702700000, 0x0000000702700000| Complete 
|   4|0x0000000702800000, 0x0000000702900000, 0x0000000702900000|100%|HC|  |TAMS 0x0000000702800000, 0x0000000702800000| Complete 
|   5|0x0000000702900000, 0x0000000702a00000, 0x0000000702a00000|100%|HC|  |TAMS 0x0000000702900000, 0x0000000702900000| Complete 
|   6|0x0000000702a00000, 0x0000000702b00000, 0x0000000702b00000|100%|HC|  |TAMS 0x0000000702a00000, 0x0000000702a00000| Complete 
|   7|0x0000000702b00000, 0x0000000702c00000, 0x0000000702c00000|100%| O|  |TAMS 0x0000000702b00000, 0x0000000702b00000| Untracked 
|   8|0x0000000702c00000, 0x0000000702d00000, 0x0000000702d00000|100%| O|  |TAMS 0x0000000702c00000, 0x0000000702c00000| Untracked 
|   9|0x0000000702d00000, 0x0000000702e00000, 0x0000000702e00000|100%| O|  |TAMS 0x0000000702d00000, 0x0000000702d00000| Untracked 
|  10|0x0000000702e00000, 0x0000000702f00000, 0x0000000702f00000|100%| O|  |TAMS 0x0000000702e00000, 0x0000000702e00000| Untracked 
|  11|0x0000000702f00000, 0x0000000703000000, 0x0000000703000000|100%| O|  |TAMS 0x0000000702f00000, 0x0000000702f00000| Untracked 
|  12|0x0000000703000000, 0x0000000703100000, 0x0000000703100000|100%| O|  |TAMS 0x0000000703000000, 0x0000000703000000| Untracked 
|  13|0x0000000703100000, 0x0000000703200000, 0x0000000703200000|100%| O|  |TAMS 0x0000000703100000, 0x0000000703100000| Untracked 
|  14|0x0000000703200000, 0x00000007032d3c00, 0x0000000703300000| 82%| O|  |TAMS 0x0000000703200000, 0x0000000703200000| Untracked 
|  15|0x0000000703300000, 0x0000000703300000, 0x0000000703400000|  0%| F|  |TAMS 0x0000000703300000, 0x0000000703300000| Untracked 
|  16|0x0000000703400000, 0x0000000703400000, 0x0000000703500000|  0%| F|  |TAMS 0x0000000703400000, 0x0000000703400000| Untracked 
|  17|0x0000000703500000, 0x0000000703500000, 0x0000000703600000|  0%| F|  |TAMS 0x0000000703500000, 0x0000000703500000| Untracked 
|  18|0x0000000703600000, 0x0000000703600000, 0x0000000703700000|  0%| F|  |TAMS 0x0000000703600000, 0x0000000703600000| Untracked 
|  19|0x0000000703700000, 0x0000000703700000, 0x0000000703800000|  0%| F|  |TAMS 0x0000000703700000, 0x0000000703700000| Untracked 
|  20|0x0000000703800000, 0x0000000703800000, 0x0000000703900000|  0%| F|  |TAMS 0x0000000703800000, 0x0000000703800000| Untracked 
|  21|0x0000000703900000, 0x0000000703900000, 0x0000000703a00000|  0%| F|  |TAMS 0x0000000703900000, 0x0000000703900000| Untracked 
|  22|0x0000000703a00000, 0x0000000703a00000, 0x0000000703b00000|  0%| F|  |TAMS 0x0000000703a00000, 0x0000000703a00000| Untracked 
|  23|0x0000000703b00000, 0x0000000703b00000, 0x0000000703c00000|  0%| F|  |TAMS 0x0000000703b00000, 0x0000000703b00000| Untracked 
|  24|0x0000000703c00000, 0x0000000703c00000, 0x0000000703d00000|  0%| F|  |TAMS 0x0000000703c00000, 0x0000000703c00000| Untracked 
|  25|0x0000000703d00000, 0x0000000703d00000, 0x0000000703e00000|  0%| F|  |TAMS 0x0000000703d00000, 0x0000000703d00000| Untracked 
|  26|0x0000000703e00000, 0x0000000703e00000, 0x0000000703f00000|  0%| F|  |TAMS 0x0000000703e00000, 0x0000000703e00000| Untracked 
|  27|0x0000000703f00000, 0x0000000703f00000, 0x0000000704000000|  0%| F|  |TAMS 0x0000000703f00000, 0x0000000703f00000| Untracked 
|  28|0x0000000704000000, 0x0000000704000000, 0x0000000704100000|  0%| F|  |TAMS 0x0000000704000000, 0x0000000704000000| Untracked 
|  29|0x0000000704100000, 0x0000000704100000, 0x0000000704200000|  0%| F|  |TAMS 0x0000000704100000, 0x0000000704100000| Untracked 
|  30|0x0000000704200000, 0x0000000704200000, 0x0000000704300000|  0%| F|  |TAMS 0x0000000704200000, 0x0000000704200000| Untracked 
|  31|0x0000000704300000, 0x0000000704300000, 0x0000000704400000|  0%| F|  |TAMS 0x0000000704300000, 0x0000000704300000| Untracked 
|  32|0x0000000704400000, 0x0000000704400000, 0x0000000704500000|  0%| F|  |TAMS 0x0000000704400000, 0x0000000704400000| Untracked 
|  33|0x0000000704500000, 0x0000000704500000, 0x0000000704600000|  0%| F|  |TAMS 0x0000000704500000, 0x0000000704500000| Untracked 
|  34|0x0000000704600000, 0x0000000704600000, 0x0000000704700000|  0%| F|  |TAMS 0x0000000704600000, 0x0000000704600000| Untracked 
|  35|0x0000000704700000, 0x0000000704700000, 0x0000000704800000|  0%| F|  |TAMS 0x0000000704700000, 0x0000000704700000| Untracked 
|  36|0x0000000704800000, 0x0000000704800000, 0x0000000704900000|  0%| F|  |TAMS 0x0000000704800000, 0x0000000704800000| Untracked 
|  37|0x0000000704900000, 0x0000000704900000, 0x0000000704a00000|  0%| F|  |TAMS 0x0000000704900000, 0x0000000704900000| Untracked 
|  38|0x0000000704a00000, 0x0000000704a00000, 0x0000000704b00000|  0%| F|  |TAMS 0x0000000704a00000, 0x0000000704a00000| Untracked 
|  39|0x0000000704b00000, 0x0000000704b00000, 0x0000000704c00000|  0%| F|  |TAMS 0x0000000704b00000, 0x0000000704b00000| Untracked 
|  40|0x0000000704c00000, 0x0000000704c00000, 0x0000000704d00000|  0%| F|  |TAMS 0x0000000704c00000, 0x0000000704c00000| Untracked 
|  41|0x0000000704d00000, 0x0000000704d00000, 0x0000000704e00000|  0%| F|  |TAMS 0x0000000704d00000, 0x0000000704d00000| Untracked 
|  42|0x0000000704e00000, 0x0000000704e00000, 0x0000000704f00000|  0%| F|  |TAMS 0x0000000704e00000, 0x0000000704e00000| Untracked 
|  43|0x0000000704f00000, 0x0000000704f00000, 0x0000000705000000|  0%| F|  |TAMS 0x0000000704f00000, 0x0000000704f00000| Untracked 
|  44|0x0000000705000000, 0x0000000705000000, 0x0000000705100000|  0%| F|  |TAMS 0x0000000705000000, 0x0000000705000000| Untracked 
|  45|0x0000000705100000, 0x0000000705100000, 0x0000000705200000|  0%| F|  |TAMS 0x0000000705100000, 0x0000000705100000| Untracked 
|  46|0x0000000705200000, 0x0000000705200000, 0x0000000705300000|  0%| F|  |TAMS 0x0000000705200000, 0x0000000705200000| Untracked 
|  47|0x0000000705300000, 0x0000000705300000, 0x0000000705400000|  0%| F|  |TAMS 0x0000000705300000, 0x0000000705300000| Untracked 
|  48|0x0000000705400000, 0x0000000705400000, 0x0000000705500000|  0%| F|  |TAMS 0x0000000705400000, 0x0000000705400000| Untracked 
|  49|0x0000000705500000, 0x0000000705500000, 0x0000000705600000|  0%| F|  |TAMS 0x0000000705500000, 0x0000000705500000| Untracked 
|  50|0x0000000705600000, 0x0000000705600000, 0x0000000705700000|  0%| F|  |TAMS 0x0000000705600000, 0x0000000705600000| Untracked 
|  51|0x0000000705700000, 0x0000000705700000, 0x0000000705800000|  0%| F|  |TAMS 0x0000000705700000, 0x0000000705700000| Untracked 
|  52|0x0000000705800000, 0x0000000705800000, 0x0000000705900000|  0%| F|  |TAMS 0x0000000705800000, 0x0000000705800000| Untracked 
|  53|0x0000000705900000, 0x0000000705900000, 0x0000000705a00000|  0%| F|  |TAMS 0x0000000705900000, 0x0000000705900000| Untracked 
|  54|0x0000000705a00000, 0x0000000705a00000, 0x0000000705b00000|  0%| F|  |TAMS 0x0000000705a00000, 0x0000000705a00000| Untracked 
|  55|0x0000000705b00000, 0x0000000705b00000, 0x0000000705c00000|  0%| F|  |TAMS 0x0000000705b00000, 0x0000000705b00000| Untracked 
|  56|0x0000000705c00000, 0x0000000705c00000, 0x0000000705d00000|  0%| F|  |TAMS 0x0000000705c00000, 0x0000000705c00000| Untracked 
|  57|0x0000000705d00000, 0x0000000705d00000, 0x0000000705e00000|  0%| F|  |TAMS 0x0000000705d00000, 0x0000000705d00000| Untracked 
|  58|0x0000000705e00000, 0x0000000705e00000, 0x0000000705f00000|  0%| F|  |TAMS 0x0000000705e00000, 0x0000000705e00000| Untracked 
|  59|0x0000000705f00000, 0x0000000705f00000, 0x0000000706000000|  0%| F|  |TAMS 0x0000000705f00000, 0x0000000705f00000| Untracked 
|  60|0x0000000706000000, 0x0000000706000000, 0x0000000706100000|  0%| F|  |TAMS 0x0000000706000000, 0x0000000706000000| Untracked 
|  61|0x0000000706100000, 0x0000000706100000, 0x0000000706200000|  0%| F|  |TAMS 0x0000000706100000, 0x0000000706100000| Untracked 
|  62|0x0000000706200000, 0x0000000706200000, 0x0000000706300000|  0%| F|  |TAMS 0x0000000706200000, 0x0000000706200000| Untracked 
|  63|0x0000000706300000, 0x0000000706300000, 0x0000000706400000|  0%| F|  |TAMS 0x0000000706300000, 0x0000000706300000| Untracked 
|  64|0x0000000706400000, 0x0000000706400000, 0x0000000706500000|  0%| F|  |TAMS 0x0000000706400000, 0x0000000706400000| Untracked 
|  65|0x0000000706500000, 0x0000000706500000, 0x0000000706600000|  0%| F|  |TAMS 0x0000000706500000, 0x0000000706500000| Untracked 
|  66|0x0000000706600000, 0x0000000706600000, 0x0000000706700000|  0%| F|  |TAMS 0x0000000706600000, 0x0000000706600000| Untracked 
|  67|0x0000000706700000, 0x0000000706700000, 0x0000000706800000|  0%| F|  |TAMS 0x0000000706700000, 0x0000000706700000| Untracked 
|  68|0x0000000706800000, 0x0000000706800000, 0x0000000706900000|  0%| F|  |TAMS 0x0000000706800000, 0x0000000706800000| Untracked 
|  69|0x0000000706900000, 0x0000000706900000, 0x0000000706a00000|  0%| F|  |TAMS 0x0000000706900000, 0x0000000706900000| Untracked 
|  70|0x0000000706a00000, 0x0000000706a00000, 0x0000000706b00000|  0%| F|  |TAMS 0x0000000706a00000, 0x0000000706a00000| Untracked 
|  71|0x0000000706b00000, 0x0000000706b00000, 0x0000000706c00000|  0%| F|  |TAMS 0x0000000706b00000, 0x0000000706b00000| Untracked 
|  72|0x0000000706c00000, 0x0000000706c00000, 0x0000000706d00000|  0%| F|  |TAMS 0x0000000706c00000, 0x0000000706c00000| Untracked 
|  73|0x0000000706d00000, 0x0000000706d00000, 0x0000000706e00000|  0%| F|  |TAMS 0x0000000706d00000, 0x0000000706d00000| Untracked 
|  74|0x0000000706e00000, 0x0000000706e00000, 0x0000000706f00000|  0%| F|  |TAMS 0x0000000706e00000, 0x0000000706e00000| Untracked 
|  75|0x0000000706f00000, 0x0000000706f00000, 0x0000000707000000|  0%| F|  |TAMS 0x0000000706f00000, 0x0000000706f00000| Untracked 
|  76|0x0000000707000000, 0x0000000707000000, 0x0000000707100000|  0%| F|  |TAMS 0x0000000707000000, 0x0000000707000000| Untracked 
|  77|0x0000000707100000, 0x0000000707100000, 0x0000000707200000|  0%| F|  |TAMS 0x0000000707100000, 0x0000000707100000| Untracked 
|  78|0x0000000707200000, 0x0000000707200000, 0x0000000707300000|  0%| F|  |TAMS 0x0000000707200000, 0x0000000707200000| Untracked 
|  79|0x0000000707300000, 0x0000000707300000, 0x0000000707400000|  0%| F|  |TAMS 0x0000000707300000, 0x0000000707300000| Untracked 
|  80|0x0000000707400000, 0x0000000707400000, 0x0000000707500000|  0%| F|  |TAMS 0x0000000707400000, 0x0000000707400000| Untracked 
|  81|0x0000000707500000, 0x0000000707500000, 0x0000000707600000|  0%| F|  |TAMS 0x0000000707500000, 0x0000000707500000| Untracked 
|  82|0x0000000707600000, 0x0000000707600000, 0x0000000707700000|  0%| F|  |TAMS 0x0000000707600000, 0x0000000707600000| Untracked 
|  83|0x0000000707700000, 0x0000000707700000, 0x0000000707800000|  0%| F|  |TAMS 0x0000000707700000, 0x0000000707700000| Untracked 
|  84|0x0000000707800000, 0x0000000707800000, 0x0000000707900000|  0%| F|  |TAMS 0x0000000707800000, 0x0000000707800000| Untracked 
|  85|0x0000000707900000, 0x0000000707900000, 0x0000000707a00000|  0%| F|  |TAMS 0x0000000707900000, 0x0000000707900000| Untracked 
|  86|0x0000000707a00000, 0x0000000707a00000, 0x0000000707b00000|  0%| F|  |TAMS 0x0000000707a00000, 0x0000000707a00000| Untracked 
|  87|0x0000000707b00000, 0x0000000707b00000, 0x0000000707c00000|  0%| F|  |TAMS 0x0000000707b00000, 0x0000000707b00000| Untracked 
|  88|0x0000000707c00000, 0x0000000707c00000, 0x0000000707d00000|  0%| F|  |TAMS 0x0000000707c00000, 0x0000000707c00000| Untracked 
|  89|0x0000000707d00000, 0x0000000707d00000, 0x0000000707e00000|  0%| F|  |TAMS 0x0000000707d00000, 0x0000000707d00000| Untracked 
|  90|0x0000000707e00000, 0x0000000707e00000, 0x0000000707f00000|  0%| F|  |TAMS 0x0000000707e00000, 0x0000000707e00000| Untracked 
|  91|0x0000000707f00000, 0x0000000707f00000, 0x0000000708000000|  0%| F|  |TAMS 0x0000000707f00000, 0x0000000707f00000| Untracked 
|  92|0x0000000708000000, 0x0000000708000000, 0x0000000708100000|  0%| F|  |TAMS 0x0000000708000000, 0x0000000708000000| Untracked 
|  93|0x0000000708100000, 0x0000000708100000, 0x0000000708200000|  0%| F|  |TAMS 0x0000000708100000, 0x0000000708100000| Untracked 
|  94|0x0000000708200000, 0x0000000708200000, 0x0000000708300000|  0%| F|  |TAMS 0x0000000708200000, 0x0000000708200000| Untracked 
|  95|0x0000000708300000, 0x0000000708300000, 0x0000000708400000|  0%| F|  |TAMS 0x0000000708300000, 0x0000000708300000| Untracked 
|  96|0x0000000708400000, 0x0000000708400000, 0x0000000708500000|  0%| F|  |TAMS 0x0000000708400000, 0x0000000708400000| Untracked 
|  97|0x0000000708500000, 0x0000000708500000, 0x0000000708600000|  0%| F|  |TAMS 0x0000000708500000, 0x0000000708500000| Untracked 
|  98|0x0000000708600000, 0x0000000708600000, 0x0000000708700000|  0%| F|  |TAMS 0x0000000708600000, 0x0000000708600000| Untracked 
|  99|0x0000000708700000, 0x0000000708700000, 0x0000000708800000|  0%| F|  |TAMS 0x0000000708700000, 0x0000000708700000| Untracked 
| 100|0x0000000708800000, 0x0000000708800000, 0x0000000708900000|  0%| F|  |TAMS 0x0000000708800000, 0x0000000708800000| Untracked 
| 101|0x0000000708900000, 0x0000000708900000, 0x0000000708a00000|  0%| F|  |TAMS 0x0000000708900000, 0x0000000708900000| Untracked 
| 102|0x0000000708a00000, 0x0000000708a00000, 0x0000000708b00000|  0%| F|  |TAMS 0x0000000708a00000, 0x0000000708a00000| Untracked 
| 103|0x0000000708b00000, 0x0000000708b00000, 0x0000000708c00000|  0%| F|  |TAMS 0x0000000708b00000, 0x0000000708b00000| Untracked 
| 104|0x0000000708c00000, 0x0000000708c00000, 0x0000000708d00000|  0%| F|  |TAMS 0x0000000708c00000, 0x0000000708c00000| Untracked 
| 105|0x0000000708d00000, 0x0000000708d00000, 0x0000000708e00000|  0%| F|  |TAMS 0x0000000708d00000, 0x0000000708d00000| Untracked 
| 106|0x0000000708e00000, 0x0000000708e00000, 0x0000000708f00000|  0%| F|  |TAMS 0x0000000708e00000, 0x0000000708e00000| Untracked 
| 107|0x0000000708f00000, 0x0000000708f00000, 0x0000000709000000|  0%| F|  |TAMS 0x0000000708f00000, 0x0000000708f00000| Untracked 
| 108|0x0000000709000000, 0x0000000709000000, 0x0000000709100000|  0%| F|  |TAMS 0x0000000709000000, 0x0000000709000000| Untracked 
| 109|0x0000000709100000, 0x0000000709100000, 0x0000000709200000|  0%| F|  |TAMS 0x0000000709100000, 0x0000000709100000| Untracked 
| 110|0x0000000709200000, 0x0000000709200000, 0x0000000709300000|  0%| F|  |TAMS 0x0000000709200000, 0x0000000709200000| Untracked 
| 111|0x0000000709300000, 0x0000000709300000, 0x0000000709400000|  0%| F|  |TAMS 0x0000000709300000, 0x0000000709300000| Untracked 
| 112|0x0000000709400000, 0x0000000709400000, 0x0000000709500000|  0%| F|  |TAMS 0x0000000709400000, 0x0000000709400000| Untracked 
| 113|0x0000000709500000, 0x0000000709500000, 0x0000000709600000|  0%| F|  |TAMS 0x0000000709500000, 0x0000000709500000| Untracked 
| 114|0x0000000709600000, 0x0000000709600000, 0x0000000709700000|  0%| F|  |TAMS 0x0000000709600000, 0x0000000709600000| Untracked 
| 115|0x0000000709700000, 0x0000000709700000, 0x0000000709800000|  0%| F|  |TAMS 0x0000000709700000, 0x0000000709700000| Untracked 
| 116|0x0000000709800000, 0x0000000709800000, 0x0000000709900000|  0%| F|  |TAMS 0x0000000709800000, 0x0000000709800000| Untracked 
| 117|0x0000000709900000, 0x0000000709900000, 0x0000000709a00000|  0%| F|  |TAMS 0x0000000709900000, 0x0000000709900000| Untracked 
| 118|0x0000000709a00000, 0x0000000709a00000, 0x0000000709b00000|  0%| F|  |TAMS 0x0000000709a00000, 0x0000000709a00000| Untracked 
| 119|0x0000000709b00000, 0x0000000709b00000, 0x0000000709c00000|  0%| F|  |TAMS 0x0000000709b00000, 0x0000000709b00000| Untracked 
| 120|0x0000000709c00000, 0x0000000709c00000, 0x0000000709d00000|  0%| F|  |TAMS 0x0000000709c00000, 0x0000000709c00000| Untracked 
| 121|0x0000000709d00000, 0x0000000709d00000, 0x0000000709e00000|  0%| F|  |TAMS 0x0000000709d00000, 0x0000000709d00000| Untracked 
| 122|0x0000000709e00000, 0x0000000709e00000, 0x0000000709f00000|  0%| F|  |TAMS 0x0000000709e00000, 0x0000000709e00000| Untracked 
| 123|0x0000000709f00000, 0x0000000709f00000, 0x000000070a000000|  0%| F|  |TAMS 0x0000000709f00000, 0x0000000709f00000| Untracked 
| 124|0x000000070a000000, 0x000000070a000000, 0x000000070a100000|  0%| F|  |TAMS 0x000000070a000000, 0x000000070a000000| Untracked 
| 125|0x000000070a100000, 0x000000070a100000, 0x000000070a200000|  0%| F|  |TAMS 0x000000070a100000, 0x000000070a100000| Untracked 
| 126|0x000000070a200000, 0x000000070a200000, 0x000000070a300000|  0%| F|  |TAMS 0x000000070a200000, 0x000000070a200000| Untracked 
| 127|0x000000070a300000, 0x000000070a300000, 0x000000070a400000|  0%| F|  |TAMS 0x000000070a300000, 0x000000070a300000| Untracked 
| 128|0x000000070a400000, 0x000000070a400000, 0x000000070a500000|  0%| F|  |TAMS 0x000000070a400000, 0x000000070a400000| Untracked 
| 129|0x000000070a500000, 0x000000070a500000, 0x000000070a600000|  0%| F|  |TAMS 0x000000070a500000, 0x000000070a500000| Untracked 
| 130|0x000000070a600000, 0x000000070a600000, 0x000000070a700000|  0%| F|  |TAMS 0x000000070a600000, 0x000000070a600000| Untracked 
| 131|0x000000070a700000, 0x000000070a700000, 0x000000070a800000|  0%| F|  |TAMS 0x000000070a700000, 0x000000070a700000| Untracked 
| 132|0x000000070a800000, 0x000000070a800000, 0x000000070a900000|  0%| F|  |TAMS 0x000000070a800000, 0x000000070a800000| Untracked 
| 133|0x000000070a900000, 0x000000070a900000, 0x000000070aa00000|  0%| F|  |TAMS 0x000000070a900000, 0x000000070a900000| Untracked 
| 134|0x000000070aa00000, 0x000000070aa00000, 0x000000070ab00000|  0%| F|  |TAMS 0x000000070aa00000, 0x000000070aa00000| Untracked 
| 135|0x000000070ab00000, 0x000000070ab00000, 0x000000070ac00000|  0%| F|  |TAMS 0x000000070ab00000, 0x000000070ab00000| Untracked 
| 136|0x000000070ac00000, 0x000000070ac00000, 0x000000070ad00000|  0%| F|  |TAMS 0x000000070ac00000, 0x000000070ac00000| Untracked 
| 137|0x000000070ad00000, 0x000000070ad00000, 0x000000070ae00000|  0%| F|  |TAMS 0x000000070ad00000, 0x000000070ad00000| Untracked 
| 138|0x000000070ae00000, 0x000000070ae00000, 0x000000070af00000|  0%| F|  |TAMS 0x000000070ae00000, 0x000000070ae00000| Untracked 
| 139|0x000000070af00000, 0x000000070af00000, 0x000000070b000000|  0%| F|  |TAMS 0x000000070af00000, 0x000000070af00000| Untracked 
| 140|0x000000070b000000, 0x000000070b000000, 0x000000070b100000|  0%| F|  |TAMS 0x000000070b000000, 0x000000070b000000| Untracked 
| 141|0x000000070b100000, 0x000000070b100000, 0x000000070b200000|  0%| F|  |TAMS 0x000000070b100000, 0x000000070b100000| Untracked 
| 142|0x000000070b200000, 0x000000070b200000, 0x000000070b300000|  0%| F|  |TAMS 0x000000070b200000, 0x000000070b200000| Untracked 
| 143|0x000000070b300000, 0x000000070b300000, 0x000000070b400000|  0%| F|  |TAMS 0x000000070b300000, 0x000000070b300000| Untracked 
| 144|0x000000070b400000, 0x000000070b400000, 0x000000070b500000|  0%| F|  |TAMS 0x000000070b400000, 0x000000070b400000| Untracked 
| 145|0x000000070b500000, 0x000000070b500000, 0x000000070b600000|  0%| F|  |TAMS 0x000000070b500000, 0x000000070b500000| Untracked 
| 146|0x000000070b600000, 0x000000070b600000, 0x000000070b700000|  0%| F|  |TAMS 0x000000070b600000, 0x000000070b600000| Untracked 
| 147|0x000000070b700000, 0x000000070b700000, 0x000000070b800000|  0%| F|  |TAMS 0x000000070b700000, 0x000000070b700000| Untracked 
| 148|0x000000070b800000, 0x000000070b800000, 0x000000070b900000|  0%| F|  |TAMS 0x000000070b800000, 0x000000070b800000| Untracked 
| 149|0x000000070b900000, 0x000000070b900000, 0x000000070ba00000|  0%| F|  |TAMS 0x000000070b900000, 0x000000070b900000| Untracked 
| 150|0x000000070ba00000, 0x000000070ba00000, 0x000000070bb00000|  0%| F|  |TAMS 0x000000070ba00000, 0x000000070ba00000| Untracked 
| 151|0x000000070bb00000, 0x000000070bb00000, 0x000000070bc00000|  0%| F|  |TAMS 0x000000070bb00000, 0x000000070bb00000| Untracked 
| 152|0x000000070bc00000, 0x000000070bc00000, 0x000000070bd00000|  0%| F|  |TAMS 0x000000070bc00000, 0x000000070bc00000| Untracked 
| 153|0x000000070bd00000, 0x000000070bd00000, 0x000000070be00000|  0%| F|  |TAMS 0x000000070bd00000, 0x000000070bd00000| Untracked 
| 154|0x000000070be00000, 0x000000070be00000, 0x000000070bf00000|  0%| F|  |TAMS 0x000000070be00000, 0x000000070be00000| Untracked 
| 155|0x000000070bf00000, 0x000000070bf00000, 0x000000070c000000|  0%| F|  |TAMS 0x000000070bf00000, 0x000000070bf00000| Untracked 
| 156|0x000000070c000000, 0x000000070c000000, 0x000000070c100000|  0%| F|  |TAMS 0x000000070c000000, 0x000000070c000000| Untracked 
| 157|0x000000070c100000, 0x000000070c100000, 0x000000070c200000|  0%| F|  |TAMS 0x000000070c100000, 0x000000070c100000| Untracked 
| 158|0x000000070c200000, 0x000000070c200000, 0x000000070c300000|  0%| F|  |TAMS 0x000000070c200000, 0x000000070c200000| Untracked 
| 159|0x000000070c300000, 0x000000070c300000, 0x000000070c400000|  0%| F|  |TAMS 0x000000070c300000, 0x000000070c300000| Untracked 
| 160|0x000000070c400000, 0x000000070c400000, 0x000000070c500000|  0%| F|  |TAMS 0x000000070c400000, 0x000000070c400000| Untracked 
| 161|0x000000070c500000, 0x000000070c500000, 0x000000070c600000|  0%| F|  |TAMS 0x000000070c500000, 0x000000070c500000| Untracked 
| 162|0x000000070c600000, 0x000000070c600000, 0x000000070c700000|  0%| F|  |TAMS 0x000000070c600000, 0x000000070c600000| Untracked 
| 163|0x000000070c700000, 0x000000070c700000, 0x000000070c800000|  0%| F|  |TAMS 0x000000070c700000, 0x000000070c700000| Untracked 
| 164|0x000000070c800000, 0x000000070c800000, 0x000000070c900000|  0%| F|  |TAMS 0x000000070c800000, 0x000000070c800000| Untracked 
| 165|0x000000070c900000, 0x000000070c900000, 0x000000070ca00000|  0%| F|  |TAMS 0x000000070c900000, 0x000000070c900000| Untracked 
| 166|0x000000070ca00000, 0x000000070ca00000, 0x000000070cb00000|  0%| F|  |TAMS 0x000000070ca00000, 0x000000070ca00000| Untracked 
| 167|0x000000070cb00000, 0x000000070cb00000, 0x000000070cc00000|  0%| F|  |TAMS 0x000000070cb00000, 0x000000070cb00000| Untracked 
| 168|0x000000070cc00000, 0x000000070cc00000, 0x000000070cd00000|  0%| F|  |TAMS 0x000000070cc00000, 0x000000070cc00000| Untracked 
| 169|0x000000070cd00000, 0x000000070cd00000, 0x000000070ce00000|  0%| F|  |TAMS 0x000000070cd00000, 0x000000070cd00000| Untracked 
| 170|0x000000070ce00000, 0x000000070ce00000, 0x000000070cf00000|  0%| F|  |TAMS 0x000000070ce00000, 0x000000070ce00000| Untracked 
| 171|0x000000070cf00000, 0x000000070cf00000, 0x000000070d000000|  0%| F|  |TAMS 0x000000070cf00000, 0x000000070cf00000| Untracked 
| 172|0x000000070d000000, 0x000000070d000000, 0x000000070d100000|  0%| F|  |TAMS 0x000000070d000000, 0x000000070d000000| Untracked 
| 173|0x000000070d100000, 0x000000070d100000, 0x000000070d200000|  0%| F|  |TAMS 0x000000070d100000, 0x000000070d100000| Untracked 
| 174|0x000000070d200000, 0x000000070d200000, 0x000000070d300000|  0%| F|  |TAMS 0x000000070d200000, 0x000000070d200000| Untracked 
| 175|0x000000070d300000, 0x000000070d300000, 0x000000070d400000|  0%| F|  |TAMS 0x000000070d300000, 0x000000070d300000| Untracked 
| 176|0x000000070d400000, 0x000000070d400000, 0x000000070d500000|  0%| F|  |TAMS 0x000000070d400000, 0x000000070d400000| Untracked 
| 177|0x000000070d500000, 0x000000070d500000, 0x000000070d600000|  0%| F|  |TAMS 0x000000070d500000, 0x000000070d500000| Untracked 
| 178|0x000000070d600000, 0x000000070d600000, 0x000000070d700000|  0%| F|  |TAMS 0x000000070d600000, 0x000000070d600000| Untracked 
| 179|0x000000070d700000, 0x000000070d700000, 0x000000070d800000|  0%| F|  |TAMS 0x000000070d700000, 0x000000070d700000| Untracked 
| 180|0x000000070d800000, 0x000000070d800000, 0x000000070d900000|  0%| F|  |TAMS 0x000000070d800000, 0x000000070d800000| Untracked 
| 181|0x000000070d900000, 0x000000070d900000, 0x000000070da00000|  0%| F|  |TAMS 0x000000070d900000, 0x000000070d900000| Untracked 
| 182|0x000000070da00000, 0x000000070da00000, 0x000000070db00000|  0%| F|  |TAMS 0x000000070da00000, 0x000000070da00000| Untracked 
| 183|0x000000070db00000, 0x000000070db00000, 0x000000070dc00000|  0%| F|  |TAMS 0x000000070db00000, 0x000000070db00000| Untracked 
| 184|0x000000070dc00000, 0x000000070dc00000, 0x000000070dd00000|  0%| F|  |TAMS 0x000000070dc00000, 0x000000070dc00000| Untracked 
| 185|0x000000070dd00000, 0x000000070dd00000, 0x000000070de00000|  0%| F|  |TAMS 0x000000070dd00000, 0x000000070dd00000| Untracked 
| 186|0x000000070de00000, 0x000000070de00000, 0x000000070df00000|  0%| F|  |TAMS 0x000000070de00000, 0x000000070de00000| Untracked 
| 187|0x000000070df00000, 0x000000070df00000, 0x000000070e000000|  0%| F|  |TAMS 0x000000070df00000, 0x000000070df00000| Untracked 
| 188|0x000000070e000000, 0x000000070e000000, 0x000000070e100000|  0%| F|  |TAMS 0x000000070e000000, 0x000000070e000000| Untracked 
| 189|0x000000070e100000, 0x000000070e100000, 0x000000070e200000|  0%| F|  |TAMS 0x000000070e100000, 0x000000070e100000| Untracked 
| 190|0x000000070e200000, 0x000000070e200000, 0x000000070e300000|  0%| F|  |TAMS 0x000000070e200000, 0x000000070e200000| Untracked 
| 191|0x000000070e300000, 0x000000070e300000, 0x000000070e400000|  0%| F|  |TAMS 0x000000070e300000, 0x000000070e300000| Untracked 
| 192|0x000000070e400000, 0x000000070e400000, 0x000000070e500000|  0%| F|  |TAMS 0x000000070e400000, 0x000000070e400000| Untracked 
| 193|0x000000070e500000, 0x000000070e500000, 0x000000070e600000|  0%| F|  |TAMS 0x000000070e500000, 0x000000070e500000| Untracked 
| 194|0x000000070e600000, 0x000000070e600000, 0x000000070e700000|  0%| F|  |TAMS 0x000000070e600000, 0x000000070e600000| Untracked 
| 195|0x000000070e700000, 0x000000070e700000, 0x000000070e800000|  0%| F|  |TAMS 0x000000070e700000, 0x000000070e700000| Untracked 
| 196|0x000000070e800000, 0x000000070e800000, 0x000000070e900000|  0%| F|  |TAMS 0x000000070e800000, 0x000000070e800000| Untracked 
| 197|0x000000070e900000, 0x000000070e900000, 0x000000070ea00000|  0%| F|  |TAMS 0x000000070e900000, 0x000000070e900000| Untracked 
| 198|0x000000070ea00000, 0x000000070ea00000, 0x000000070eb00000|  0%| F|  |TAMS 0x000000070ea00000, 0x000000070ea00000| Untracked 
| 199|0x000000070eb00000, 0x000000070eb00000, 0x000000070ec00000|  0%| F|  |TAMS 0x000000070eb00000, 0x000000070eb00000| Untracked 
| 200|0x000000070ec00000, 0x000000070ec00000, 0x000000070ed00000|  0%| F|  |TAMS 0x000000070ec00000, 0x000000070ec00000| Untracked 
| 201|0x000000070ed00000, 0x000000070ed00000, 0x000000070ee00000|  0%| F|  |TAMS 0x000000070ed00000, 0x000000070ed00000| Untracked 
| 202|0x000000070ee00000, 0x000000070ee00000, 0x000000070ef00000|  0%| F|  |TAMS 0x000000070ee00000, 0x000000070ee00000| Untracked 
| 203|0x000000070ef00000, 0x000000070ef00000, 0x000000070f000000|  0%| F|  |TAMS 0x000000070ef00000, 0x000000070ef00000| Untracked 
| 204|0x000000070f000000, 0x000000070f000000, 0x000000070f100000|  0%| F|  |TAMS 0x000000070f000000, 0x000000070f000000| Untracked 
| 205|0x000000070f100000, 0x000000070f100000, 0x000000070f200000|  0%| F|  |TAMS 0x000000070f100000, 0x000000070f100000| Untracked 
| 206|0x000000070f200000, 0x000000070f200000, 0x000000070f300000|  0%| F|  |TAMS 0x000000070f200000, 0x000000070f200000| Untracked 
| 207|0x000000070f300000, 0x000000070f300000, 0x000000070f400000|  0%| F|  |TAMS 0x000000070f300000, 0x000000070f300000| Untracked 
| 208|0x000000070f400000, 0x000000070f400000, 0x000000070f500000|  0%| F|  |TAMS 0x000000070f400000, 0x000000070f400000| Untracked 
| 209|0x000000070f500000, 0x000000070f500000, 0x000000070f600000|  0%| F|  |TAMS 0x000000070f500000, 0x000000070f500000| Untracked 
| 210|0x000000070f600000, 0x000000070f600000, 0x000000070f700000|  0%| F|  |TAMS 0x000000070f600000, 0x000000070f600000| Untracked 
| 211|0x000000070f700000, 0x000000070f700000, 0x000000070f800000|  0%| F|  |TAMS 0x000000070f700000, 0x000000070f700000| Untracked 
| 212|0x000000070f800000, 0x000000070f800000, 0x000000070f900000|  0%| F|  |TAMS 0x000000070f800000, 0x000000070f800000| Untracked 
| 213|0x000000070f900000, 0x000000070f900000, 0x000000070fa00000|  0%| F|  |TAMS 0x000000070f900000, 0x000000070f900000| Untracked 
| 214|0x000000070fa00000, 0x000000070fa00000, 0x000000070fb00000|  0%| F|  |TAMS 0x000000070fa00000, 0x000000070fa00000| Untracked 
| 215|0x000000070fb00000, 0x000000070fb00000, 0x000000070fc00000|  0%| F|  |TAMS 0x000000070fb00000, 0x000000070fb00000| Untracked 
| 216|0x000000070fc00000, 0x000000070fc00000, 0x000000070fd00000|  0%| F|  |TAMS 0x000000070fc00000, 0x000000070fc00000| Untracked 
| 217|0x000000070fd00000, 0x000000070fd00000, 0x000000070fe00000|  0%| F|  |TAMS 0x000000070fd00000, 0x000000070fd00000| Untracked 
| 218|0x000000070fe00000, 0x000000070fe00000, 0x000000070ff00000|  0%| F|  |TAMS 0x000000070fe00000, 0x000000070fe00000| Untracked 
| 219|0x000000070ff00000, 0x000000070ff00000, 0x0000000710000000|  0%| F|  |TAMS 0x000000070ff00000, 0x000000070ff00000| Untracked 
| 220|0x0000000710000000, 0x0000000710000000, 0x0000000710100000|  0%| F|  |TAMS 0x0000000710000000, 0x0000000710000000| Untracked 
| 221|0x0000000710100000, 0x0000000710100000, 0x0000000710200000|  0%| F|  |TAMS 0x0000000710100000, 0x0000000710100000| Untracked 
| 222|0x0000000710200000, 0x0000000710200000, 0x0000000710300000|  0%| F|  |TAMS 0x0000000710200000, 0x0000000710200000| Untracked 
| 223|0x0000000710300000, 0x0000000710300000, 0x0000000710400000|  0%| F|  |TAMS 0x0000000710300000, 0x0000000710300000| Untracked 
| 224|0x0000000710400000, 0x0000000710400000, 0x0000000710500000|  0%| F|  |TAMS 0x0000000710400000, 0x0000000710400000| Untracked 
| 225|0x0000000710500000, 0x0000000710500000, 0x0000000710600000|  0%| F|  |TAMS 0x0000000710500000, 0x0000000710500000| Untracked 
| 226|0x0000000710600000, 0x0000000710600000, 0x0000000710700000|  0%| F|  |TAMS 0x0000000710600000, 0x0000000710600000| Untracked 
| 227|0x0000000710700000, 0x0000000710700000, 0x0000000710800000|  0%| F|  |TAMS 0x0000000710700000, 0x0000000710700000| Untracked 
| 228|0x0000000710800000, 0x0000000710800000, 0x0000000710900000|  0%| F|  |TAMS 0x0000000710800000, 0x0000000710800000| Untracked 
| 229|0x0000000710900000, 0x0000000710900000, 0x0000000710a00000|  0%| F|  |TAMS 0x0000000710900000, 0x0000000710900000| Untracked 
| 230|0x0000000710a00000, 0x0000000710a00000, 0x0000000710b00000|  0%| F|  |TAMS 0x0000000710a00000, 0x0000000710a00000| Untracked 
| 231|0x0000000710b00000, 0x0000000710b00000, 0x0000000710c00000|  0%| F|  |TAMS 0x0000000710b00000, 0x0000000710b00000| Untracked 
| 232|0x0000000710c00000, 0x0000000710c00000, 0x0000000710d00000|  0%| F|  |TAMS 0x0000000710c00000, 0x0000000710c00000| Untracked 
| 233|0x0000000710d00000, 0x0000000710e00000, 0x0000000710e00000|100%| E|  |TAMS 0x0000000710d00000, 0x0000000710d00000| Complete 
| 234|0x0000000710e00000, 0x0000000710f00000, 0x0000000710f00000|100%| E|CS|TAMS 0x0000000710e00000, 0x0000000710e00000| Complete 
| 235|0x0000000710f00000, 0x0000000711000000, 0x0000000711000000|100%| E|CS|TAMS 0x0000000710f00000, 0x0000000710f00000| Complete 
| 236|0x0000000711000000, 0x0000000711100000, 0x0000000711100000|100%| E|CS|TAMS 0x0000000711000000, 0x0000000711000000| Complete 
| 237|0x0000000711100000, 0x0000000711200000, 0x0000000711200000|100%| E|CS|TAMS 0x0000000711100000, 0x0000000711100000| Complete 
| 238|0x0000000711200000, 0x0000000711300000, 0x0000000711300000|100%| E|CS|TAMS 0x0000000711200000, 0x0000000711200000| Complete 
| 239|0x0000000711300000, 0x0000000711400000, 0x0000000711400000|100%| E|CS|TAMS 0x0000000711300000, 0x0000000711300000| Complete 
| 240|0x0000000711400000, 0x0000000711500000, 0x0000000711500000|100%| E|CS|TAMS 0x0000000711400000, 0x0000000711400000| Complete 
| 241|0x0000000711500000, 0x0000000711600000, 0x0000000711600000|100%| E|CS|TAMS 0x0000000711500000, 0x0000000711500000| Complete 
| 242|0x0000000711600000, 0x0000000711700000, 0x0000000711700000|100%| E|CS|TAMS 0x0000000711600000, 0x0000000711600000| Complete 
| 243|0x0000000711700000, 0x0000000711800000, 0x0000000711800000|100%| E|CS|TAMS 0x0000000711700000, 0x0000000711700000| Complete 
| 244|0x0000000711800000, 0x00000007118a7e10, 0x0000000711900000| 65%| S|CS|TAMS 0x0000000711800000, 0x0000000711800000| Complete 
| 245|0x0000000711900000, 0x0000000711a00000, 0x0000000711a00000|100%| E|CS|TAMS 0x0000000711900000, 0x0000000711900000| Complete 
| 246|0x0000000711a00000, 0x0000000711b00000, 0x0000000711b00000|100%| E|CS|TAMS 0x0000000711a00000, 0x0000000711a00000| Complete 
| 247|0x0000000711b00000, 0x0000000711c00000, 0x0000000711c00000|100%| E|CS|TAMS 0x0000000711b00000, 0x0000000711b00000| Complete 
| 248|0x0000000711c00000, 0x0000000711d00000, 0x0000000711d00000|100%| E|CS|TAMS 0x0000000711c00000, 0x0000000711c00000| Complete 
| 249|0x0000000711d00000, 0x0000000711e00000, 0x0000000711e00000|100%| E|CS|TAMS 0x0000000711d00000, 0x0000000711d00000| Complete 
| 250|0x0000000711e00000, 0x0000000711f00000, 0x0000000711f00000|100%| E|CS|TAMS 0x0000000711e00000, 0x0000000711e00000| Complete 
| 251|0x0000000711f00000, 0x0000000712000000, 0x0000000712000000|100%| E|CS|TAMS 0x0000000711f00000, 0x0000000711f00000| Complete 
| 252|0x0000000712000000, 0x0000000712100000, 0x0000000712100000|100%| E|CS|TAMS 0x0000000712000000, 0x0000000712000000| Complete 
| 253|0x0000000712100000, 0x0000000712200000, 0x0000000712200000|100%| E|CS|TAMS 0x0000000712100000, 0x0000000712100000| Complete 

Card table byte_map: [0x0000018f73830000,0x0000018f74020000] _byte_map_base: 0x0000018f7001e000

Marking Bits (Prev, Next): (CMBitMap*) 0x0000018f5b54b338, (CMBitMap*) 0x0000018f5b54b378
 Prev Bits: [0x0000018f74810000, 0x0000018f78780000)
 Next Bits: [0x0000018f78780000, 0x0000018f7c6f0000)

Polling page: 0x0000018f59290000

Metaspace:

Usage:
  Non-class:     15.22 MB capacity,    15.04 MB ( 99%) used,   151.99 KB ( <1%) free+waste,    35.19 KB ( <1%) overhead. 
      Class:      1.99 MB capacity,     1.82 MB ( 92%) used,   152.70 KB (  7%) free+waste,    19.25 KB ( <1%) overhead. 
       Both:     17.21 MB capacity,    16.86 MB ( 98%) used,   304.69 KB (  2%) free+waste,    54.44 KB ( <1%) overhead. 

Virtual space:
  Non-class space:       16.00 MB reserved,      15.25 MB ( 95%) committed 
      Class space:        1.00 GB reserved,       2.00 MB ( <1%) committed 
             Both:        1.02 GB reserved,      17.25 MB (  2%) committed 

Chunk freelists:
   Non-Class:  29.00 KB
       Class:  12.00 KB
        Both:  41.00 KB

MaxMetaspaceSize: 17179869184.00 GB
CompressedClassSpaceSize: 1.00 GB

CodeHeap 'non-profiled nmethods': size=120000Kb used=1726Kb max_used=1726Kb free=118273Kb
 bounds [0x0000018f6b4b0000, 0x0000018f6b720000, 0x0000018f729e0000]
CodeHeap 'profiled nmethods': size=120000Kb used=7026Kb max_used=7026Kb free=112973Kb
 bounds [0x0000018f63f80000, 0x0000018f64660000, 0x0000018f6b4b0000]
CodeHeap 'non-nmethods': size=5760Kb used=1400Kb max_used=1453Kb free=4359Kb
 bounds [0x0000018f639e0000, 0x0000018f63c50000, 0x0000018f63f80000]
 total_blobs=5231 nmethods=3255 adapters=617
 compilation: enabled
              stopped_count=0, restarted_count=0
 full_count=0

Compilation events (20 events):
Event: 499.601 Thread 0x0000018f00098800 nmethod 3420 0x0000018f6465ac10 code [0x0000018f6465ada0, 0x0000018f6465af18]
Event: 499.612 Thread 0x0000018f00096800 3421 %     4       java.util.IdentityHashMap::clear @ 17 (39 bytes)
Event: 499.616 Thread 0x0000018f00096800 nmethod 3421% 0x0000018f6b65e210 code [0x0000018f6b65e3a0, 0x0000018f6b65e538]
Event: 499.616 Thread 0x0000018f00096800 3422       4       java.util.Arrays$ArrayList::get (7 bytes)
Event: 499.616 Thread 0x0000018f00096800 nmethod 3422 0x0000018f6b65e690 code [0x0000018f6b65e820, 0x0000018f6b65e8d8]
Event: 499.627 Thread 0x0000018f00098800 3423       3       javax.swing.SwingUtilities::getRootPane (43 bytes)
Event: 499.628 Thread 0x0000018f00098800 nmethod 3423 0x0000018f6465af90 code [0x0000018f6465b180, 0x0000018f6465ba00]
Event: 499.642 Thread 0x0000018f00098800 3424       3       javax.swing.AbstractButton::updateMnemonicProperties (61 bytes)
Event: 499.643 Thread 0x0000018f00098800 nmethod 3424 0x0000018f6465bb90 code [0x0000018f6465be00, 0x0000018f6465ca90]
Event: 499.643 Thread 0x0000018f00098800 3425       3       sun.awt.image.SurfaceManager::<init> (5 bytes)
Event: 499.643 Thread 0x0000018f00098800 nmethod 3425 0x0000018f6465ce90 code [0x0000018f6465d040, 0x0000018f6465d218]
Event: 499.643 Thread 0x0000018f00098800 3426       3       sun.awt.image.SurfaceManager::setManager (9 bytes)
Event: 499.643 Thread 0x0000018f00098800 nmethod 3426 0x0000018f6465d310 code [0x0000018f6465d4c0, 0x0000018f6465d6f0]
Event: 499.681 Thread 0x0000018f00098800 3427       3       sun.java2d.loops.FillParallelogram::locate (13 bytes)
Event: 499.681 Thread 0x0000018f00098800 nmethod 3427 0x0000018f6465d790 code [0x0000018f6465d940, 0x0000018f6465dbd0]
Event: 500.055 Thread 0x0000018f00096800 3428       4       sun.swing.SwingUtilities2::getFontMetrics (10 bytes)
Event: 500.066 Thread 0x0000018f00096800 nmethod 3428 0x0000018f6b65e990 code [0x0000018f6b65ebc0, 0x0000018f6b65f378]
Event: 517.224 Thread 0x0000018f00098800 3429       3       java.awt.Component::isFocusTraversable (17 bytes)
Event: 517.224 Thread 0x0000018f00096800 3430       4       sun.java2d.SunGraphics2D::validateColor (102 bytes)
Event: 517.224 Thread 0x0000018f00098800 nmethod 3429 0x0000018f6465dc90 code [0x0000018f6465de40, 0x0000018f6465e018]

GC Heap History (4 events):
Event: 5.936 GC heap before
{Heap before GC invocations=0 (full 0):
 garbage-first heap   total 260096K, used 30720K [0x0000000702400000, 0x0000000800000000)
  region size 1024K, 24 young (24576K), 0 survivors (0K)
 Metaspace       used 15174K, capacity 15523K, committed 15744K, reserved 1062912K
  class space    used 1719K, capacity 1871K, committed 1920K, reserved 1048576K
}
Event: 5.942 GC heap after
{Heap after GC invocations=1 (full 0):
 garbage-first heap   total 260096K, used 15051K [0x0000000702400000, 0x0000000800000000)
  region size 1024K, 3 young (3072K), 3 survivors (3072K)
 Metaspace       used 15174K, capacity 15523K, committed 15744K, reserved 1062912K
  class space    used 1719K, capacity 1871K, committed 1920K, reserved 1048576K
}
Event: 11.505 GC heap before
{Heap before GC invocations=1 (full 0):
 garbage-first heap   total 260096K, used 24267K [0x0000000702400000, 0x0000000800000000)
  region size 1024K, 12 young (12288K), 3 survivors (3072K)
 Metaspace       used 16275K, capacity 16615K, committed 16896K, reserved 1064960K
  class space    used 1773K, capacity 1936K, committed 2048K, reserved 1048576K
}
Event: 11.510 GC heap after
{Heap after GC invocations=2 (full 0):
 garbage-first heap   total 260096K, used 15854K [0x0000000702400000, 0x0000000800000000)
  region size 1024K, 1 young (1024K), 1 survivors (1024K)
 Metaspace       used 16275K, capacity 16615K, committed 16896K, reserved 1064960K
  class space    used 1773K, capacity 1936K, committed 2048K, reserved 1048576K
}

Deoptimization events (20 events):
Event: 28.353 Thread 0x0000018f0a2b3800 Uncommon trap: trap_request=0xffffffde fr.pc=0x0000018f6b577750 relative=0x00000000000000b0
Event: 28.353 Thread 0x0000018f0a2b3800 Uncommon trap: reason=class_check action=maybe_recompile pc=0x0000018f6b577750 method=java.awt.Component.getBackground()Ljava/awt/Color; @ 21 c2
Event: 28.353 Thread 0x0000018f0a2b3800 DEOPT PACKING pc=0x0000018f6b577750 sp=0x000000861bdfd180
Event: 28.353 Thread 0x0000018f0a2b3800 DEOPT UNPACKING pc=0x0000018f63a2912f sp=0x000000861bdfd100 mode 2
Event: 38.912 Thread 0x0000018f0a2b3800 DEOPT PACKING pc=0x0000018f6437ace2 sp=0x000000861bdfce10
Event: 38.912 Thread 0x0000018f0a2b3800 DEOPT UNPACKING pc=0x0000018f63a2964e sp=0x000000861bdfc2f0 mode 0
Event: 39.938 Thread 0x0000018f0a2b3800 Uncommon trap: trap_request=0xffffffde fr.pc=0x0000018f6b577750 relative=0x00000000000000b0
Event: 39.938 Thread 0x0000018f0a2b3800 Uncommon trap: reason=class_check action=maybe_recompile pc=0x0000018f6b577750 method=java.awt.Component.getBackground()Ljava/awt/Color; @ 21 c2
Event: 39.938 Thread 0x0000018f0a2b3800 DEOPT PACKING pc=0x0000018f6b577750 sp=0x000000861bdfd260
Event: 39.938 Thread 0x0000018f0a2b3800 DEOPT UNPACKING pc=0x0000018f63a2912f sp=0x000000861bdfd1e0 mode 2
Event: 46.954 Thread 0x0000018f0a2b3800 Uncommon trap: trap_request=0xffffff45 fr.pc=0x0000018f6b5b7844 relative=0x0000000000001f24
Event: 46.954 Thread 0x0000018f0a2b3800 Uncommon trap: reason=unstable_if action=reinterpret pc=0x0000018f6b5b7844 method=java.awt.EventQueue.postEvent(Ljava/awt/AWTEvent;I)V @ 6 c2
Event: 46.954 Thread 0x0000018f0a2b3800 DEOPT PACKING pc=0x0000018f6b5b7844 sp=0x000000861bdfead0
Event: 46.954 Thread 0x0000018f0a2b3800 DEOPT UNPACKING pc=0x0000018f63a2912f sp=0x000000861bdfe998 mode 2
Event: 466.726 Thread 0x0000018f0a2b3800 Uncommon trap: trap_request=0xffffff45 fr.pc=0x0000018f6b5b3398 relative=0x0000000000001018
Event: 466.726 Thread 0x0000018f0a2b3800 Uncommon trap: reason=unstable_if action=reinterpret pc=0x0000018f6b5b3398 method=java.awt.Container.getMouseEventTargetImpl(IIZLjava/awt/Container$EventTargetFilter;ZZ)Ljava/awt/Component; @ 218 c2
Event: 466.726 Thread 0x0000018f0a2b3800 DEOPT PACKING pc=0x0000018f6b5b3398 sp=0x000000861bdfe5e0
Event: 466.726 Thread 0x0000018f0a2b3800 DEOPT UNPACKING pc=0x0000018f63a2912f sp=0x000000861bdfe578 mode 2
Event: 468.782 Thread 0x0000018f0a2b3800 DEOPT PACKING pc=0x0000018f643cfb6d sp=0x000000861bdfc3d0
Event: 468.782 Thread 0x0000018f0a2b3800 DEOPT UNPACKING pc=0x0000018f63a2964e sp=0x000000861bdfb870 mode 0

Classes unloaded (0 events):
No events

Classes redefined (0 events):
No events

Internal exceptions (15 events):
Event: 0.180 Thread 0x0000018f5b4de000 Exception <a 'java/lang/ClassNotFoundException'{0x0000000711e9bdf0}: sun/awt/resources/spi/awtProvider> (0x0000000711e9bdf0) 
thrown [t:/workspace/open/src/hotspot/share/classfile/systemDictionary.cpp, line 232]
Event: 0.197 Thread 0x0000018f5b4de000 Exception <a 'java/io/FileNotFoundException'{0x0000000711ef1068}> (0x0000000711ef1068) 
thrown [t:/workspace/open/src/hotspot/share/prims/jni.cpp, line 598]
Event: 0.203 Thread 0x0000018f5b4de000 Exception <a 'java/io/FileNotFoundException'{0x0000000711d17d78}> (0x0000000711d17d78) 
thrown [t:/workspace/open/src/hotspot/share/prims/jni.cpp, line 598]
Event: 0.240 Thread 0x0000018f00535800 Exception <a 'java/lang/NoSuchMethodError'{0x0000000711d80548}: 'void java.lang.invoke.DirectMethodHandle$Holder.invokeSpecial(java.lang.Object, java.lang.Object)'> (0x0000000711d80548) 
thrown [t:/workspace/open/src/hotspot/share/interpreter/linkResolver.cpp, line 767]
Event: 0.257 Thread 0x0000018f5b4de000 Exception <a 'java/lang/NoSuchMethodError'{0x0000000711c36a48}: 'java.lang.Object java.lang.invoke.DirectMethodHandle$Holder.invokeStatic(java.lang.Object, int, java.lang.Object, java.lang.Object, java.lang.Object, java.lang.Object)'> (0x0000000711c36a48) 
thrown [t:/workspace/open/src/hotspot/share/interpreter/linkResolver.cpp, line 767]
Event: 0.257 Thread 0x0000018f5b4de000 Exception <a 'java/lang/NoSuchMethodError'{0x0000000711c3d3a8}: 'java.lang.Object java.lang.invoke.DirectMethodHandle$Holder.invokeStatic(java.lang.Object, int, java.lang.Object, java.lang.Object, java.lang.Object)'> (0x0000000711c3d3a8) 
thrown [t:/workspace/open/src/hotspot/share/interpreter/linkResolver.cpp, line 767]
Event: 0.258 Thread 0x0000018f5b4de000 Exception <a 'java/lang/NoSuchMethodError'{0x0000000711c40c10}: 'java.lang.Object java.lang.invoke.DirectMethodHandle$Holder.invokeSpecial(java.lang.Object, java.lang.Object, int, java.lang.Object, java.lang.Object, java.lang.Object)'> (0x0000000711c40c10) 
thrown [t:/workspace/open/src/hotspot/share/interpreter/linkResolver.cpp, line 767]
Event: 0.260 Thread 0x0000018f5b4de000 Exception <a 'java/lang/NoSuchMethodError'{0x0000000711c56f38}: 'java.lang.Object java.lang.invoke.DirectMethodHandle$Holder.invokeStatic(java.lang.Object, int, java.lang.Object)'> (0x0000000711c56f38) 
thrown [t:/workspace/open/src/hotspot/share/interpreter/linkResolver.cpp, line 767]
Event: 0.275 Thread 0x0000018f5b4de000 Exception <a 'java/lang/ClassNotFoundException'{0x0000000711cfbf30}: com/sun/swing/internal/plaf/metal/resources/spi/metalProvider> (0x0000000711cfbf30) 
thrown [t:/workspace/open/src/hotspot/share/classfile/systemDictionary.cpp, line 232]
Event: 0.276 Thread 0x0000018f5b4de000 Exception <a 'java/lang/ClassNotFoundException'{0x0000000711cffd60}: com/sun/swing/internal/plaf/basic/resources/spi/basicProvider> (0x0000000711cffd60) 
thrown [t:/workspace/open/src/hotspot/share/classfile/systemDictionary.cpp, line 232]
Event: 0.600 Thread 0x0000018f5b4de000 Exception <a 'java/lang/NoSuchMethodError'{0x00000007117d1650}: 'int java.lang.invoke.DirectMethodHandle$Holder.invokeSpecialIFC(java.lang.Object, java.lang.Object, int)'> (0x00000007117d1650) 
thrown [t:/workspace/open/src/hotspot/share/interpreter/linkResolver.cpp, line 767]
Event: 0.625 Thread 0x0000018f5b4de000 Exception <a 'java/lang/NoSuchMethodError'{0x00000007116fabf8}: 'java.lang.Object java.lang.invoke.DirectMethodHandle$Holder.invokeVirtual(java.lang.Object, java.lang.Object, java.lang.Object)'> (0x00000007116fabf8) 
thrown [t:/workspace/open/src/hotspot/share/interpreter/linkResolver.cpp, line 767]
Event: 5.803 Thread 0x0000018f5b4de000 Exception <a 'java/lang/NoSuchMethodError'{0x0000000710b54748}: 'void java.lang.invoke.DirectMethodHandle$Holder.invokeStaticInit(java.lang.Object)'> (0x0000000710b54748) 
thrown [t:/workspace/open/src/hotspot/share/interpreter/linkResolver.cpp, line 767]
Event: 5.808 Thread 0x0000018f5b4de000 Exception <a 'java/lang/NoSuchMethodError'{0x0000000710b7b2a8}: 'java.lang.Object java.lang.invoke.Invokers$Holder.linkToTargetMethod(java.lang.Object, int, java.lang.Object)'> (0x0000000710b7b2a8) 
thrown [t:/workspace/open/src/hotspot/share/interpreter/linkResolver.cpp, line 767]
Event: 17.017 Thread 0x0000018f0a2b3800 Implicit null exception at 0x0000018f6b5493e0 to 0x0000018f6b549440

Events (20 events):
Event: 466.486 Executing VM operation: RevokeBias
Event: 466.487 Executing VM operation: RevokeBias done
Event: 466.487 Executing VM operation: RevokeBias
Event: 466.487 Executing VM operation: RevokeBias done
Event: 466.488 Executing VM operation: RevokeBias
Event: 466.488 Executing VM operation: RevokeBias done
Event: 497.525 Executing VM operation: RevokeBias
Event: 497.525 Executing VM operation: RevokeBias done
Event: 498.048 Executing VM operation: RevokeBias
Event: 498.048 Executing VM operation: RevokeBias done
Event: 499.595 Executing VM operation: RevokeBias
Event: 499.595 Executing VM operation: RevokeBias done
Event: 499.611 Executing VM operation: RevokeBias
Event: 499.611 Executing VM operation: RevokeBias done
Event: 499.626 Executing VM operation: RevokeBias
Event: 499.626 Executing VM operation: RevokeBias done
Event: 499.696 Executing VM operation: RevokeBias
Event: 499.696 Executing VM operation: RevokeBias done
Event: 499.727 Executing VM operation: RevokeBias
Event: 499.728 Executing VM operation: RevokeBias done


Dynamic libraries:
0x00007ff7a4460000 - 0x00007ff7a446f000 	C:\Program Files\Java\jdk-13.0.1\bin\javaw.exe
0x00007ff8e14e0000 - 0x00007ff8e16d0000 	C:\WINDOWS\SYSTEM32\ntdll.dll
0x00007ff8dfd00000 - 0x00007ff8dfdb2000 	C:\WINDOWS\System32\KERNEL32.DLL
0x00007ff8dea50000 - 0x00007ff8decf3000 	C:\WINDOWS\System32\KERNELBASE.dll
0x00007ff8de470000 - 0x00007ff8de56a000 	C:\WINDOWS\System32\ucrtbase.dll
0x00007ff8db500000 - 0x00007ff8db518000 	C:\Program Files\Java\jdk-13.0.1\bin\jli.dll
0x00007ff8e0ad0000 - 0x00007ff8e0b73000 	C:\WINDOWS\System32\ADVAPI32.dll
0x00007ff8d8940000 - 0x00007ff8d8955000 	C:\Program Files\Java\jdk-13.0.1\bin\VCRUNTIME140.dll
0x00007ff8e1070000 - 0x00007ff8e110e000 	C:\WINDOWS\System32\msvcrt.dll
0x00007ff8df5a0000 - 0x00007ff8df637000 	C:\WINDOWS\System32\sechost.dll
0x00007ff8df640000 - 0x00007ff8df760000 	C:\WINDOWS\System32\RPCRT4.dll
0x00007ff8dfe60000 - 0x00007ff8dfff4000 	C:\WINDOWS\System32\USER32.dll
0x00007ff8ded00000 - 0x00007ff8ded21000 	C:\WINDOWS\System32\win32u.dll
0x00007ff8df990000 - 0x00007ff8df9b6000 	C:\WINDOWS\System32\GDI32.dll
0x00007ff8cdf30000 - 0x00007ff8ce1b5000 	C:\WINDOWS\WinSxS\amd64_microsoft.windows.common-controls_6595b64144ccf1df_6.0.18362.535_none_e6c3b34713100821\COMCTL32.dll
0x00007ff8de8b0000 - 0x00007ff8dea44000 	C:\WINDOWS\System32\gdi32full.dll
0x00007ff8de790000 - 0x00007ff8de82e000 	C:\WINDOWS\System32\msvcp_win.dll
0x00007ff8df9c0000 - 0x00007ff8dfcf6000 	C:\WINDOWS\System32\combase.dll
0x00007ff8de830000 - 0x00007ff8de8b0000 	C:\WINDOWS\System32\bcryptPrimitives.dll
0x00007ff8d7ea0000 - 0x00007ff8d7eaa000 	C:\WINDOWS\SYSTEM32\VERSION.dll
0x00007ff8dfe20000 - 0x00007ff8dfe4e000 	C:\WINDOWS\System32\IMM32.DLL
0x00007ff8d68e0000 - 0x00007ff8d697b000 	C:\Program Files\Java\jdk-13.0.1\bin\msvcp140.dll
0x00007ff872de0000 - 0x00007ff873946000 	C:\Program Files\Java\jdk-13.0.1\bin\server\jvm.dll
0x00007ff8dfe50000 - 0x00007ff8dfe58000 	C:\WINDOWS\System32\PSAPI.DLL
0x00007ff8c82c0000 - 0x00007ff8c82c9000 	C:\WINDOWS\SYSTEM32\WSOCK32.dll
0x00007ff8dbbf0000 - 0x00007ff8dbc14000 	C:\WINDOWS\SYSTEM32\WINMM.dll
0x00007ff8e0170000 - 0x00007ff8e01df000 	C:\WINDOWS\System32\WS2_32.dll
0x00007ff8dbb90000 - 0x00007ff8dbbbd000 	C:\WINDOWS\SYSTEM32\winmmbase.dll
0x00007ff8ded90000 - 0x00007ff8dedda000 	C:\WINDOWS\System32\cfgmgr32.dll
0x00007ff8de450000 - 0x00007ff8de461000 	C:\WINDOWS\System32\kernel.appcore.dll
0x00007ff8c1580000 - 0x00007ff8c1590000 	C:\Program Files\Java\jdk-13.0.1\bin\verify.dll
0x00007ff8dccf0000 - 0x00007ff8dcee4000 	C:\WINDOWS\SYSTEM32\DBGHELP.DLL
0x00007ff8c7200000 - 0x00007ff8c722a000 	C:\WINDOWS\SYSTEM32\dbgcore.DLL
0x00007ff8bb2e0000 - 0x00007ff8bb306000 	C:\Program Files\Java\jdk-13.0.1\bin\java.dll
0x00007ff8bce60000 - 0x00007ff8bce77000 	C:\Program Files\Java\jdk-13.0.1\bin\zip.dll
0x00007ff8c1570000 - 0x00007ff8c157a000 	C:\Program Files\Java\jdk-13.0.1\bin\jimage.dll
0x00007ff8e02b0000 - 0x00007ff8e0995000 	C:\WINDOWS\System32\SHELL32.dll
0x00007ff8e09a0000 - 0x00007ff8e0a49000 	C:\WINDOWS\System32\shcore.dll
0x00007ff8dee10000 - 0x00007ff8df58f000 	C:\WINDOWS\System32\windows.storage.dll
0x00007ff8de430000 - 0x00007ff8de44f000 	C:\WINDOWS\System32\profapi.dll
0x00007ff8de3e0000 - 0x00007ff8de42a000 	C:\WINDOWS\System32\powrprof.dll
0x00007ff8de3b0000 - 0x00007ff8de3c0000 	C:\WINDOWS\System32\UMPDC.dll
0x00007ff8dfdc0000 - 0x00007ff8dfe12000 	C:\WINDOWS\System32\shlwapi.dll
0x00007ff8de570000 - 0x00007ff8de587000 	C:\WINDOWS\System32\cryptsp.dll
0x00007ff8bcc90000 - 0x00007ff8bcca9000 	C:\Program Files\Java\jdk-13.0.1\bin\net.dll
0x00007ff8d6c10000 - 0x00007ff8d6d00000 	C:\WINDOWS\SYSTEM32\WINHTTP.dll
0x00007ff8ddc20000 - 0x00007ff8ddc87000 	C:\WINDOWS\system32\mswsock.dll
0x00007ff8bb2b0000 - 0x00007ff8bb2c3000 	C:\Program Files\Java\jdk-13.0.1\bin\nio.dll
0x00007ff87abe0000 - 0x00007ff87ad79000 	C:\Program Files\Java\jdk-13.0.1\bin\awt.dll
0x00007ff8e12c0000 - 0x00007ff8e1384000 	C:\WINDOWS\System32\OLEAUT32.dll
0x00007ff8da0c0000 - 0x00007ff8da680000 	C:\WINDOWS\SYSTEM32\d2d1.dll
0x00007ff8dbcf0000 - 0x00007ff8dbd7f000 	C:\WINDOWS\SYSTEM32\apphelp.dll
0x00007ff8dc8d0000 - 0x00007ff8dc8fd000 	C:\WINDOWS\system32\DWMAPI.DLL
0x00007ff8dc0d0000 - 0x00007ff8dc169000 	C:\WINDOWS\system32\uxtheme.dll
0x00007ff8e0010000 - 0x00007ff8e0145000 	C:\WINDOWS\System32\MSCTF.dll
0x00007ff8df830000 - 0x00007ff8df986000 	C:\WINDOWS\System32\ole32.dll
0x00007ff8cd100000 - 0x00007ff8cd182000 	C:\Program Files\Java\jdk-13.0.1\bin\freetype.dll
0x00007ff8cbf30000 - 0x00007ff8cbfd6000 	C:\Program Files\Java\jdk-13.0.1\bin\fontmanager.dll
0x00007ff8b08a0000 - 0x00007ff8b09f6000 	C:\WINDOWS\system32\opengl32.dll
0x00007ff8b1830000 - 0x00007ff8b185c000 	C:\WINDOWS\SYSTEM32\GLU32.dll
0x00007ff8dd090000 - 0x00007ff8dd0b0000 	C:\WINDOWS\SYSTEM32\dxcore.dll
0x00007ff8d4040000 - 0x00007ff8d4207000 	C:\WINDOWS\system32\d3d9.dll
0x00007ff89b220000 - 0x00007ff89b3e1000 	C:\WINDOWS\System32\DriverStore\FileRepository\iigd_dch.inf_amd64_9060c624376479b7\igdumdim64.dll
0x00007ff8d1b60000 - 0x00007ff8d1c7a000 	C:\WINDOWS\System32\DriverStore\FileRepository\iigd_dch.inf_amd64_9060c624376479b7\igdgmm64.dll
0x00007ff894ba0000 - 0x00007ff898522000 	C:\WINDOWS\System32\DriverStore\FileRepository\iigd_dch.inf_amd64_9060c624376479b7\igd9dxva64.dll
0x00007ff8c9dd0000 - 0x00007ff8c9ebe000 	C:\WINDOWS\System32\DriverStore\FileRepository\nvam.inf_amd64_249543ef6ba30a3e\nvldumdx.dll
0x00007ff8de640000 - 0x00007ff8de789000 	C:\WINDOWS\System32\crypt32.dll
0x00007ff8de3c0000 - 0x00007ff8de3d2000 	C:\WINDOWS\System32\MSASN1.dll
0x00007ff8ded30000 - 0x00007ff8ded8c000 	C:\WINDOWS\System32\WINTRUST.DLL
0x00007ff8e0150000 - 0x00007ff8e016d000 	C:\WINDOWS\System32\imagehlp.dll
0x00007ff8dd790000 - 0x00007ff8dd7c3000 	C:\WINDOWS\system32\rsaenh.dll
0x00007ff8dede0000 - 0x00007ff8dee06000 	C:\WINDOWS\System32\bcrypt.dll
0x00007ff8dddf0000 - 0x00007ff8dddfc000 	C:\WINDOWS\SYSTEM32\CRYPTBASE.dll
0x00007ff893700000 - 0x00007ff894b9b000 	C:\WINDOWS\System32\DriverStore\FileRepository\nvam.inf_amd64_249543ef6ba30a3e\nvd3dumx.dll
0x00007ff89ada0000 - 0x00007ff89b00a000 	C:\WINDOWS\system32\nvspcap64.dll
0x00007ff8dd410000 - 0x00007ff8dd441000 	C:\WINDOWS\SYSTEM32\ntmarta.dll
0x00007ff8dcfd0000 - 0x00007ff8dcff2000 	C:\WINDOWS\SYSTEM32\gpapi.dll
0x00007ff8c9da0000 - 0x00007ff8c9dcf000 	C:\WINDOWS\SYSTEM32\cryptnet.dll
0x00007ff8dd970000 - 0x00007ff8dda3a000 	C:\WINDOWS\SYSTEM32\DNSAPI.dll
0x00007ff8df590000 - 0x00007ff8df598000 	C:\WINDOWS\System32\NSI.dll
0x00007ff8dd930000 - 0x00007ff8dd96a000 	C:\WINDOWS\SYSTEM32\IPHLPAPI.DLL
0x00007ff8d7430000 - 0x00007ff8d743a000 	C:\Windows\System32\rasadhlp.dll
0x00007ff8d5040000 - 0x00007ff8d50b7000 	C:\WINDOWS\System32\fwpuclnt.dll
0x00007ff8e13f0000 - 0x00007ff8e1492000 	C:\WINDOWS\System32\clbcatq.dll
0x00007ff8d61e0000 - 0x00007ff8d638f000 	C:\WINDOWS\SYSTEM32\WindowsCodecs.dll
0x00007ff8af2b0000 - 0x00007ff8af2ea000 	C:\WINDOWS\system32\dataexchange.dll
0x00007ff8da9c0000 - 0x00007ff8dac1b000 	C:\WINDOWS\system32\d3d11.dll
0x00007ff8db320000 - 0x00007ff8db4fb000 	C:\WINDOWS\system32\dcomp.dll
0x00007ff8dd0b0000 - 0x00007ff8dd19b000 	C:\WINDOWS\system32\dxgi.dll
0x00007ff8dc470000 - 0x00007ff8dc6ca000 	C:\WINDOWS\system32\twinapi.appcore.dll
0x00007ff8dc7c0000 - 0x00007ff8dc7e9000 	C:\WINDOWS\system32\RMCLIENT.dll
0x00007ff8d1960000 - 0x00007ff8d19fe000 	C:\WINDOWS\System32\TextInputFramework.dll
0x00007ff8d7440000 - 0x00007ff8d776a000 	C:\WINDOWS\System32\CoreUIComponents.dll
0x00007ff8db640000 - 0x00007ff8db714000 	C:\WINDOWS\System32\CoreMessaging.dll
0x00007ff8d9cb0000 - 0x00007ff8d9e03000 	C:\WINDOWS\SYSTEM32\wintypes.dll
0x00007ff8cd930000 - 0x00007ff8cdbd6000 	C:\WINDOWS\System32\iertutil.dll

dbghelp: loaded successfully - version: 4.0.5 - missing functions: none
symbol engine: initialized successfully - sym options: 0x614 - pdb path: .;C:\Program Files\Java\jdk-13.0.1\bin;C:\WINDOWS\SYSTEM32;C:\WINDOWS\WinSxS\amd64_microsoft.windows.common-controls_6595b64144ccf1df_6.0.18362.535_none_e6c3b34713100821;C:\Program Files\Java\jdk-13.0.1\bin\server;C:\WINDOWS\System32\DriverStore\FileRepository\iigd_dch.inf_amd64_9060c624376479b7;C:\WINDOWS\System32\DriverStore\FileRepository\nvam.inf_amd64_249543ef6ba30a3e

VM Arguments:
jvm_args: -Dfile.encoding=Cp1252 
java_command: four.Invoice
java_class_path (initial): C:\Users\MrHap\git\invoicia\Invoicea New\bin;C:\Users\MrHap\git\invoicia\Invoicea New\src\database\mysql-connector-java-8.0.18.jar;C:\Users\MrHap\Documents\eclipse\poi-4.1.1\poi-4.1.1.jar;C:\Users\MrHap\Documents\eclipse\poi-4.1.1\poi-examples-4.1.1.jar;C:\Users\MrHap\Documents\eclipse\poi-4.1.1\poi-excelant-4.1.1.jar;C:\Users\MrHap\Documents\eclipse\poi-4.1.1\poi-ooxml-4.1.1.jar;C:\Users\MrHap\Documents\eclipse\poi-4.1.1\poi-ooxml-schemas-4.1.1.jar;C:\Users\MrHap\Documents\eclipse\poi-4.1.1\poi-scratchpad-4.1.1.jar;C:\Users\MrHap\Documents\eclipse\poi-4.1.1\lib\activation-1.1.1.jar;C:\Users\MrHap\Documents\eclipse\poi-4.1.1\lib\commons-codec-1.13.jar;C:\Users\MrHap\Documents\eclipse\poi-4.1.1\lib\commons-collections4-4.4.jar;C:\Users\MrHap\Documents\eclipse\poi-4.1.1\lib\commons-compress-1.19.jar;C:\Users\MrHap\Documents\eclipse\poi-4.1.1\lib\commons-logging-1.2.jar;C:\Users\MrHap\Documents\eclipse\poi-4.1.1\lib\commons-math3-3.6.1.jar;C:\Users\MrHap\Documents\eclipse\poi-4.1.1\lib\jaxb-api-2.3.1.jar;C:\Users\MrHap\Documents\eclipse\poi-4.1.1\lib\jaxb-core-2.3.0.1.jar;C:\Users\MrHap\Documents\eclipse\poi-4.1.1\lib\jaxb-impl-2.3.2.jar;C:\Users\MrHap\Documents\eclipse\poi-4.1.1\lib\junit-4.12.jar;C:\Users\MrHap\Documents\eclipse\poi-4.1.1\lib\log4j-1.2.17.jar;C:\Users\MrHap\Documents\eclipse\poi-4.1.1\ooxml-lib\curvesapi-1.06.jar;C:\Users\MrHap\Documents\eclipse\poi-4.1.1\ooxml-lib\xmlbeans-3.1.0.jar
Launcher Type: SUN_STANDARD

[Global flags]
     intx CICompilerCount                          = 4                                         {product} {ergonomic}
     uint ConcGCThreads                            = 3                                         {product} {ergonomic}
     uint G1ConcRefinementThreads                  = 10                                        {product} {ergonomic}
   size_t G1HeapRegionSize                         = 1048576                                   {product} {ergonomic}
    uintx GCDrainStackTargetSize                   = 64                                        {product} {ergonomic}
   size_t InitialHeapSize                          = 266338304                                 {product} {ergonomic}
   size_t MarkStackSize                            = 4194304                                   {product} {ergonomic}
   size_t MaxHeapSize                              = 4257218560                                {product} {ergonomic}
   size_t MaxNewSize                               = 2554331136                                {product} {ergonomic}
   size_t MinHeapDeltaBytes                        = 1048576                                   {product} {ergonomic}
   size_t MinHeapSize                              = 8388608                                   {product} {ergonomic}
    uintx NonNMethodCodeHeapSize                   = 5836300                                {pd product} {ergonomic}
    uintx NonProfiledCodeHeapSize                  = 122910970                              {pd product} {ergonomic}
    uintx ProfiledCodeHeapSize                     = 122910970                              {pd product} {ergonomic}
    uintx ReservedCodeCacheSize                    = 251658240                              {pd product} {ergonomic}
     bool SegmentedCodeCache                       = true                                      {product} {ergonomic}
   size_t SoftMaxHeapSize                          = 4257218560                             {manageable} {ergonomic}
     bool UseCompressedClassPointers               = true                                 {lp64_product} {ergonomic}
     bool UseCompressedOops                        = true                                 {lp64_product} {ergonomic}
     bool UseG1GC                                  = true                                      {product} {ergonomic}
     bool UseLargePagesIndividualAllocation        = false                                  {pd product} {ergonomic}

Logging:
Log output configuration:
 #0: stdout all=warning uptime,level,tags
 #1: stderr all=off uptime,level,tags

Environment Variables:
PATH=C:/Program Files/Java/jdk-13.0.1/bin/server;C:/Program Files/Java/jdk-13.0.1/bin;C:\Program Files (x86)\Intel\Intel(R) Management Engine Components\iCLS\;C:\Program Files\Intel\Intel(R) Management Engine Components\iCLS\;C:\Windows\system32;C:\Windows;C:\Windows\System32\Wbem;C:\Windows\System32\WindowsPowerShell\v1.0\;C:\Windows\System32\OpenSSH\;C:\Program Files (x86)\NVIDIA Corporation\PhysX\Common;C:\Program Files (x86)\Intel\Intel(R) Management Engine Components\DAL;C:\Program Files\Intel\Intel(R) Management Engine Components\DAL;C:\Program Files (x86)\Intel\Intel(R) Management Engine Components\IPT;C:\Program Files\Intel\Intel(R) Management Engine Components\IPT;C:\Program Files\Intel\WiFi\bin\;C:\Program Files\Common Files\Intel\WirelessCommon\;C:\Program Files\dotnet\;%SystemRoot%\system32;%SystemRoot%;%SystemRoot%\System32\Wbem;%SYSTEMROOT%\System32\WindowsPowerShell\v1.0\;%SYSTEMROOT%\System32\OpenSSH\;C:\Users\MrHap\AppData\Local\Microsoft\WindowsApps;;C:\Users\MrHap\AppData\Local\Programs\Microsoft VS Code\bin;C:\Users\MrHap\Desktop;
USERNAME=MrHap
OS=Windows_NT
PROCESSOR_IDENTIFIER=Intel64 Family 6 Model 158 Stepping 10, GenuineIntel



---------------  S Y S T E M  ---------------

OS: Windows 10 , 64 bit Build 18362 (10.0.18362.329)

CPU:total 12 (initial active 12) (6 cores per cpu, 2 threads per core) family 6 model 158 stepping 10, cmov, cx8, fxsr, mmx, sse, sse2, sse3, ssse3, sse4.1, sse4.2, popcnt, avx, avx2, aes, clmul, erms, 3dnowpref, lzcnt, ht, tsc, tscinvbit, bmi1, bmi2, adx, fma

Memory: 4k page, system-wide physical 16234M (2422M free)
TotalPageFile size 46624M (AvailPageFile size 0M)
current process WorkingSet (physical memory assigned to process): 138M, peak: 164M
current process commit charge ("private bytes"): 405M, peak: 433M

vm_info: Java HotSpot(TM) 64-Bit Server VM (13.0.1+9) for windows-amd64 JRE (13.0.1+9), built on Oct  6 2019 12:37:49 by "mach5one" with unknown MS VC++:1916

END.
