#
# There is insufficient memory for the Java Runtime Environment to continue.
# Native memory allocation (mmap) failed to map 266338304 bytes for Failed to commit area from 0x0000000702400000 to 0x0000000712200000 of length 266338304.
# Possible reasons:
#   The system is out of physical RAM or swap space
#   The process is running with CompressedOops enabled, and the Java Heap may be blocking the growth of the native heap
# Possible solutions:
#   Reduce memory load on the system
#   Increase physical memory or swap space
#   Check if swap backing store is full
#   Decrease Java heap size (-Xmx/-Xms)
#   Decrease number of Java threads
#   Decrease Java thread stack sizes (-Xss)
#   Set larger code cache with -XX:ReservedCodeCacheSize=
# This output file may be truncated or incomplete.
#
#  Out of Memory Error (t:/workspace/open/src/hotspot/os/windows/os_windows.cpp:3301), pid=20440, tid=14408
#
# JRE version:  (13.0.1+9) (build )
# Java VM: Java HotSpot(TM) 64-Bit Server VM (13.0.1+9, mixed mode, aot, sharing, tiered, compressed oops, g1 gc, windows-amd64)
# No core dump will be written. Minidumps are not enabled by default on client versions of Windows
#

---------------  S U M M A R Y ------------

Command Line: -Dfile.encoding=Cp1252 four.Invoice

Host: Intel(R) Core(TM) i7-8750H CPU @ 2.20GHz, 12 cores, 15G,  Windows 10 , 64 bit Build 18362 (10.0.18362.329)
Time: Sun Dec 22 05:36:21 2019 Eastern Standard Time elapsed time: 0 seconds (0d 0h 0m 0s)

---------------  T H R E A D  ---------------

Current thread (0x000002d5e6d7d800):  JavaThread "Unknown thread" [_thread_in_vm, id=14408, stack(0x000000e279100000,0x000000e279200000)]

Stack: [0x000000e279100000,0x000000e279200000]
Native frames: (J=compiled Java code, j=interpreted, Vv=VM code, C=native code)
V  [jvm.dll+0x626eca]
V  [jvm.dll+0x772c6a]
V  [jvm.dll+0x77441f]
V  [jvm.dll+0x774a23]
V  [jvm.dll+0x24da58]
V  [jvm.dll+0x62438a]
V  [jvm.dll+0x618f75]
V  [jvm.dll+0x30c61c]
V  [jvm.dll+0x30c452]
V  [jvm.dll+0x311bc6]
V  [jvm.dll+0x355ce6]
V  [jvm.dll+0x3554c0]
V  [jvm.dll+0x2e729a]
V  [jvm.dll+0x2e8532]
V  [jvm.dll+0x74fcd8]
V  [jvm.dll+0x363739]
V  [jvm.dll+0x732dc5]
V  [jvm.dll+0x3ce2ef]
V  [jvm.dll+0x3d0611]
C  [jli.dll+0x51ff]
C  [ucrtbase.dll+0x20e72]
C  [KERNEL32.DLL+0x17bd4]
C  [ntdll.dll+0x6ced1]


---------------  P R O C E S S  ---------------

Threads class SMR info:
_java_thread_list=0x00007ff8a81046b8, length=0, elements={
}

Java Threads: ( => current thread )

Other Threads:
  0x000002d5e6de9800 GCTaskThread "GC Thread#0" [stack: 0x000000e279200000,0x000000e279300000] [id=19712]
  0x000002d5e6e0b800 ConcurrentGCThread "G1 Main Marker" [stack: 0x000000e279300000,0x000000e279400000] [id=22044]
  0x000002d5e6e0d000 ConcurrentGCThread "G1 Conc#0" [stack: 0x000000e279400000,0x000000e279500000] [id=5056]

[error occurred during error reporting (printing all threads), id 0xc0000005, EXCEPTION_ACCESS_VIOLATION (0xc0000005) at pc=0x00007ff8a7936f67]

VM state:not at safepoint (not fully initialized)

VM Mutex/Monitor currently owned by a thread:  ([mutex/lock_event])
[0x000002d5e6d798c0] Heap_lock - owner thread: 0x000002d5e6d7d800

Heap address: 0x0000000702400000, size: 4060 MB, Compressed Oops mode: Non-zero based: 0x0000000702400000
Narrow klass base: 0x0000000000000000, Narrow klass shift: 0

GC Heap History (0 events):
No events

Deoptimization events (0 events):
No events

Classes unloaded (0 events):
No events

Classes redefined (0 events):
No events

Internal exceptions (0 events):
No events

Events (8 events):
Event: 0.012 Loaded shared library C:\Program Files\Java\jdk-13.0.1\bin\zip.dll
Event: 0.015 Loaded shared library C:\Program Files\Java\jdk-13.0.1\bin\jimage.dll
Event: 0.016 Loading shared library C:\Program Files\Java\jdk-13.0.1\lib\libjava.base-coop.dll failed, error code 126
Event: 0.016 Loading shared library C:\Program Files\Java\jdk-13.0.1\lib\libjava.logging-coop.dll failed, error code 126
Event: 0.016 Loading shared library C:\Program Files\Java\jdk-13.0.1\lib\libjdk.compiler-coop.dll failed, error code 126
Event: 0.016 Loading shared library C:\Program Files\Java\jdk-13.0.1\lib\libjdk.scripting.nashorn-coop.dll failed, error code 126
Event: 0.016 Loading shared library C:\Program Files\Java\jdk-13.0.1\lib\libjdk.internal.vm.ci-coop.dll failed, error code 126
Event: 0.016 Loading shared library C:\Program Files\Java\jdk-13.0.1\lib\libjdk.internal.vm.compiler-coop.dll failed, error code 126


Dynamic libraries:
0x00007ff7a4460000 - 0x00007ff7a446f000 	C:\Program Files\Java\jdk-13.0.1\bin\javaw.exe
0x00007ff8e14e0000 - 0x00007ff8e16d0000 	C:\WINDOWS\SYSTEM32\ntdll.dll
0x00007ff8dfd00000 - 0x00007ff8dfdb2000 	C:\WINDOWS\System32\KERNEL32.DLL
0x00007ff8dea50000 - 0x00007ff8decf3000 	C:\WINDOWS\System32\KERNELBASE.dll
0x00007ff8de470000 - 0x00007ff8de56a000 	C:\WINDOWS\System32\ucrtbase.dll
0x00007ff8d5c40000 - 0x00007ff8d5c55000 	C:\Program Files\Java\jdk-13.0.1\bin\VCRUNTIME140.dll
0x00007ff8d63c0000 - 0x00007ff8d63d8000 	C:\Program Files\Java\jdk-13.0.1\bin\jli.dll
0x00007ff8e0ad0000 - 0x00007ff8e0b73000 	C:\WINDOWS\System32\ADVAPI32.dll
0x00007ff8e1070000 - 0x00007ff8e110e000 	C:\WINDOWS\System32\msvcrt.dll
0x00007ff8df5a0000 - 0x00007ff8df637000 	C:\WINDOWS\System32\sechost.dll
0x00007ff8df640000 - 0x00007ff8df760000 	C:\WINDOWS\System32\RPCRT4.dll
0x00007ff8dfe60000 - 0x00007ff8dfff4000 	C:\WINDOWS\System32\USER32.dll
0x00007ff8ded00000 - 0x00007ff8ded21000 	C:\WINDOWS\System32\win32u.dll
0x00007ff8df990000 - 0x00007ff8df9b6000 	C:\WINDOWS\System32\GDI32.dll
0x00007ff8cdf30000 - 0x00007ff8ce1b5000 	C:\WINDOWS\WinSxS\amd64_microsoft.windows.common-controls_6595b64144ccf1df_6.0.18362.535_none_e6c3b34713100821\COMCTL32.dll
0x00007ff8de8b0000 - 0x00007ff8dea44000 	C:\WINDOWS\System32\gdi32full.dll
0x00007ff8de790000 - 0x00007ff8de82e000 	C:\WINDOWS\System32\msvcp_win.dll
0x00007ff8df9c0000 - 0x00007ff8dfcf6000 	C:\WINDOWS\System32\combase.dll
0x00007ff8de830000 - 0x00007ff8de8b0000 	C:\WINDOWS\System32\bcryptPrimitives.dll
0x00007ff8d7ea0000 - 0x00007ff8d7eaa000 	C:\WINDOWS\SYSTEM32\VERSION.dll
0x00007ff8dfe20000 - 0x00007ff8dfe4e000 	C:\WINDOWS\System32\IMM32.DLL
0x00007ff8cc7d0000 - 0x00007ff8cc86b000 	C:\Program Files\Java\jdk-13.0.1\bin\msvcp140.dll
0x00007ff8a7640000 - 0x00007ff8a81a6000 	C:\Program Files\Java\jdk-13.0.1\bin\server\jvm.dll
0x00007ff8dfe50000 - 0x00007ff8dfe58000 	C:\WINDOWS\System32\PSAPI.DLL
0x00007ff8c82c0000 - 0x00007ff8c82c9000 	C:\WINDOWS\SYSTEM32\WSOCK32.dll
0x00007ff8dbbf0000 - 0x00007ff8dbc14000 	C:\WINDOWS\SYSTEM32\WINMM.dll
0x00007ff8e0170000 - 0x00007ff8e01df000 	C:\WINDOWS\System32\WS2_32.dll
0x00007ff8dbb90000 - 0x00007ff8dbbbd000 	C:\WINDOWS\SYSTEM32\WINMMBASE.dll
0x00007ff8ded90000 - 0x00007ff8dedda000 	C:\WINDOWS\System32\cfgmgr32.dll
0x00007ff8de450000 - 0x00007ff8de461000 	C:\WINDOWS\System32\kernel.appcore.dll
0x00007ff8dbc50000 - 0x00007ff8dbc60000 	C:\Program Files\Java\jdk-13.0.1\bin\verify.dll
0x00007ff8dccf0000 - 0x00007ff8dcee4000 	C:\WINDOWS\SYSTEM32\DBGHELP.DLL
0x00007ff8c7200000 - 0x00007ff8c722a000 	C:\WINDOWS\SYSTEM32\dbgcore.DLL
0x00007ff8d6b40000 - 0x00007ff8d6b66000 	C:\Program Files\Java\jdk-13.0.1\bin\java.dll
0x00007ff8dbc20000 - 0x00007ff8dbc37000 	C:\Program Files\Java\jdk-13.0.1\bin\zip.dll
0x00007ff8db510000 - 0x00007ff8db51a000 	C:\Program Files\Java\jdk-13.0.1\bin\jimage.dll

dbghelp: loaded successfully - version: 4.0.5 - missing functions: none
symbol engine: initialized successfully - sym options: 0x614 - pdb path: .;C:\Program Files\Java\jdk-13.0.1\bin;C:\WINDOWS\SYSTEM32;C:\WINDOWS\WinSxS\amd64_microsoft.windows.common-controls_6595b64144ccf1df_6.0.18362.535_none_e6c3b34713100821;C:\Program Files\Java\jdk-13.0.1\bin\server

VM Arguments:
jvm_args: -Dfile.encoding=Cp1252 
java_command: four.Invoice
java_class_path (initial): C:\Users\MrHap\git\invoicia\Invoicea New\bin;C:\Users\MrHap\git\invoicia\Invoicea New\src\database\mysql-connector-java-8.0.18.jar;C:\Users\MrHap\Documents\eclipse\poi-4.1.1\poi-4.1.1.jar;C:\Users\MrHap\Documents\eclipse\poi-4.1.1\poi-examples-4.1.1.jar;C:\Users\MrHap\Documents\eclipse\poi-4.1.1\poi-excelant-4.1.1.jar;C:\Users\MrHap\Documents\eclipse\poi-4.1.1\poi-ooxml-4.1.1.jar;C:\Users\MrHap\Documents\eclipse\poi-4.1.1\poi-ooxml-schemas-4.1.1.jar;C:\Users\MrHap\Documents\eclipse\poi-4.1.1\poi-scratchpad-4.1.1.jar;C:\Users\MrHap\Documents\eclipse\poi-4.1.1\lib\activation-1.1.1.jar;C:\Users\MrHap\Documents\eclipse\poi-4.1.1\lib\commons-codec-1.13.jar;C:\Users\MrHap\Documents\eclipse\poi-4.1.1\lib\commons-collections4-4.4.jar;C:\Users\MrHap\Documents\eclipse\poi-4.1.1\lib\commons-compress-1.19.jar;C:\Users\MrHap\Documents\eclipse\poi-4.1.1\lib\commons-logging-1.2.jar;C:\Users\MrHap\Documents\eclipse\poi-4.1.1\lib\commons-math3-3.6.1.jar;C:\Users\MrHap\Documents\eclipse\poi-4.1.1\lib\jaxb-api-2.3.1.jar;C:\Users\MrHap\Documents\eclipse\poi-4.1.1\lib\jaxb-core-2.3.0.1.jar;C:\Users\MrHap\Documents\eclipse\poi-4.1.1\lib\jaxb-impl-2.3.2.jar;C:\Users\MrHap\Documents\eclipse\poi-4.1.1\lib\junit-4.12.jar;C:\Users\MrHap\Documents\eclipse\poi-4.1.1\lib\log4j-1.2.17.jar;C:\Users\MrHap\Documents\eclipse\poi-4.1.1\ooxml-lib\curvesapi-1.06.jar;C:\Users\MrHap\Documents\eclipse\poi-4.1.1\ooxml-lib\xmlbeans-3.1.0.jar
Launcher Type: SUN_STANDARD

[Global flags]
     intx CICompilerCount                          = 4                                         {product} {ergonomic}
     uint ConcGCThreads                            = 3                                         {product} {ergonomic}
     uint G1ConcRefinementThreads                  = 10                                        {product} {ergonomic}
   size_t G1HeapRegionSize                         = 1048576                                   {product} {ergonomic}
    uintx GCDrainStackTargetSize                   = 64                                        {product} {ergonomic}
   size_t InitialHeapSize                          = 266338304                                 {product} {ergonomic}
   size_t MarkStackSize                            = 4194304                                   {product} {ergonomic}
   size_t MaxHeapSize                              = 4257218560                                {product} {ergonomic}
   size_t MinHeapDeltaBytes                        = 1048576                                   {product} {ergonomic}
   size_t MinHeapSize                              = 8388608                                   {product} {ergonomic}
    uintx NonNMethodCodeHeapSize                   = 5836300                                {pd product} {ergonomic}
    uintx NonProfiledCodeHeapSize                  = 122910970                              {pd product} {ergonomic}
    uintx ProfiledCodeHeapSize                     = 122910970                              {pd product} {ergonomic}
    uintx ReservedCodeCacheSize                    = 251658240                              {pd product} {ergonomic}
     bool SegmentedCodeCache                       = true                                      {product} {ergonomic}
   size_t SoftMaxHeapSize                          = 4257218560                             {manageable} {ergonomic}
     bool UseCompressedClassPointers               = true                                 {lp64_product} {ergonomic}
     bool UseCompressedOops                        = true                                 {lp64_product} {ergonomic}
     bool UseG1GC                                  = true                                      {product} {ergonomic}
     bool UseLargePagesIndividualAllocation        = false                                  {pd product} {ergonomic}

Logging:
Log output configuration:
 #0: stdout all=warning uptime,level,tags
 #1: stderr all=off uptime,level,tags

Environment Variables:
PATH=C:/Program Files/Java/jdk-13.0.1/bin/server;C:/Program Files/Java/jdk-13.0.1/bin;C:\Program Files (x86)\Intel\Intel(R) Management Engine Components\iCLS\;C:\Program Files\Intel\Intel(R) Management Engine Components\iCLS\;C:\Windows\system32;C:\Windows;C:\Windows\System32\Wbem;C:\Windows\System32\WindowsPowerShell\v1.0\;C:\Windows\System32\OpenSSH\;C:\Program Files (x86)\NVIDIA Corporation\PhysX\Common;C:\Program Files (x86)\Intel\Intel(R) Management Engine Components\DAL;C:\Program Files\Intel\Intel(R) Management Engine Components\DAL;C:\Program Files (x86)\Intel\Intel(R) Management Engine Components\IPT;C:\Program Files\Intel\Intel(R) Management Engine Components\IPT;C:\Program Files\Intel\WiFi\bin\;C:\Program Files\Common Files\Intel\WirelessCommon\;C:\Program Files\dotnet\;%SystemRoot%\system32;%SystemRoot%;%SystemRoot%\System32\Wbem;%SYSTEMROOT%\System32\WindowsPowerShell\v1.0\;%SYSTEMROOT%\System32\OpenSSH\;C:\Users\MrHap\AppData\Local\Microsoft\WindowsApps;;C:\Users\MrHap\AppData\Local\Programs\Microsoft VS Code\bin;C:\Users\MrHap\Desktop;
USERNAME=MrHap
OS=Windows_NT
PROCESSOR_IDENTIFIER=Intel64 Family 6 Model 158 Stepping 10, GenuineIntel



---------------  S Y S T E M  ---------------

OS: Windows 10 , 64 bit Build 18362 (10.0.18362.329)

CPU:total 12 (initial active 12) (6 cores per cpu, 2 threads per core) family 6 model 158 stepping 10, cmov, cx8, fxsr, mmx, sse, sse2, sse3, ssse3, sse4.1, sse4.2, popcnt, avx, avx2, aes, clmul, erms, 3dnowpref, lzcnt, ht, tsc, tscinvbit, bmi1, bmi2, adx, fma

Memory: 4k page, system-wide physical 16234M (2080M free)
TotalPageFile size 46624M (AvailPageFile size 148M)
current process WorkingSet (physical memory assigned to process): 10M, peak: 10M
current process commit charge ("private bytes"): 65M, peak: 319M

vm_info: Java HotSpot(TM) 64-Bit Server VM (13.0.1+9) for windows-amd64 JRE (13.0.1+9), built on Oct  6 2019 12:37:49 by "mach5one" with unknown MS VC++:1916

END.
