#
# A fatal error has been detected by the Java Runtime Environment:
#
#  EXCEPTION_ACCESS_VIOLATION (0xc0000005) at pc=0x00007ffe5a48f913, pid=9484, tid=24516
#
# JRE version: Java(TM) SE Runtime Environment (13.0.1+9) (build 13.0.1+9)
# Java VM: Java HotSpot(TM) 64-Bit Server VM (13.0.1+9, mixed mode, sharing, tiered, compressed oops, g1 gc, windows-amd64)
# Problematic frame:
# V  [jvm.dll+0x37f913]
#
# No core dump will be written. Minidumps are not enabled by default on client versions of Windows
#
# If you would like to submit a bug report, please visit:
#   http://bugreport.java.com/bugreport/crash.jsp
#

---------------  S U M M A R Y ------------

Command Line: -Dfile.encoding=Cp1252 --module-path=C:\Users\MrHap\Documents\eclipse\mysql-connector-java-8.0.18.jar four.Invoice

Host: Intel(R) Core(TM) i7-8750H CPU @ 2.20GHz, 12 cores, 15G,  Windows 10 , 64 bit Build 18362 (10.0.18362.329)
Time: Tue Dec 31 03:26:30 2019 Eastern Standard Time elapsed time: 0 seconds (0d 0h 0m 0s)

---------------  T H R E A D  ---------------

Current thread (0x0000021e2f8a9800):  JavaThread "AWT-EventQueue-0" [_thread_in_vm, id=24516, stack(0x0000003523b00000,0x0000003523c00000)]

Stack: [0x0000003523b00000,0x0000003523c00000],  sp=0x0000003523bff800,  free space=1022k
Native frames: (J=compiled Java code, j=interpreted, Vv=VM code, C=native code)
V  [jvm.dll+0x37f913]
V  [jvm.dll+0x626df2]
V  [jvm.dll+0x380419]
V  [jvm.dll+0x3806a7]
V  [jvm.dll+0x3f1871]
V  [jvm.dll+0x738b16]
V  [jvm.dll+0x731c0a]
