#
# There is insufficient memory for the Java Runtime Environment to continue.
# Native memory allocation (mmap) failed to map 1114112 bytes for Allocator (commit)
# Possible reasons:
#   The system is out of physical RAM or swap space
#   The process is running with CompressedOops enabled, and the Java Heap may be blocking the growth of the native heap
# Possible solutions:
#   Reduce memory load on the system
#   Increase physical memory or swap space
#   Check if swap backing store is full
#   Decrease Java heap size (-Xmx/-Xms)
#   Decrease number of Java threads
#   Decrease Java thread stack sizes (-Xss)
#   Set larger code cache with -XX:ReservedCodeCacheSize=
# This output file may be truncated or incomplete.
#
#  Out of Memory Error (t:/workspace/open/src/hotspot/os/windows/os_windows.cpp:3301), pid=5908, tid=15868
#
# JRE version:  (13.0.1+9) (build )
# Java VM: Java HotSpot(TM) 64-Bit Server VM (13.0.1+9, mixed mode, aot, sharing, tiered, compressed oops, g1 gc, windows-amd64)
# No core dump will be written. Minidumps are not enabled by default on client versions of Windows
#

---------------  S U M M A R Y ------------

Command Line: -Dfile.encoding=Cp1252 four.Invoice

Host: Intel(R) Core(TM) i7-8750H CPU @ 2.20GHz, 12 cores, 15G,  Windows 10 , 64 bit Build 18362 (10.0.18362.329)
Time: Mon Dec 30 22:20:42 2019 Eastern Standard Time elapsed time: 0 seconds (0d 0h 0m 0s)

---------------  T H R E A D  ---------------

Current thread (0x00000295995bc000):  JavaThread "Unknown thread" [_thread_in_vm, id=15868, stack(0x000000f2b3a00000,0x000000f2b3b00000)]

Stack: [0x000000f2b3a00000,0x000000f2b3b00000]
Native frames: (J=compiled Java code, j=interpreted, Vv=VM code, C=native code)
V  [jvm.dll+0x626eca]
V  [jvm.dll+0x772c6a]
V  [jvm.dll+0x77441f]
V  [jvm.dll+0x774a23]
V  [jvm.dll+0x24da58]
V  [jvm.dll+0x624481]
V  [jvm.dll+0x619025]
V  [jvm.dll+0x2f94f1]
V  [jvm.dll+0x3188eb]
V  [jvm.dll+0x2e82fd]
V  [jvm.dll+0x74fcd8]
V  [jvm.dll+0x363739]
V  [jvm.dll+0x732dc5]
V  [jvm.dll+0x3ce2ef]
V  [jvm.dll+0x3d0611]
C  [jli.dll+0x51ff]
C  [ucrtbase.dll+0x20e72]
C  [KERNEL32.DLL+0x17bd4]
C  [ntdll.dll+0x6ced1]


---------------  P R O C E S S  ---------------

Threads class SMR info:
_java_thread_list=0x00007ffc720846b8, length=0, elements={
}

Java Threads: ( => current thread )

Other Threads:

[error occurred during error reporting (printing all threads), id 0xc0000005, EXCEPTION_ACCESS_VIOLATION (0xc0000005) at pc=0x00007ffc71d5faca]

VM state:not at safepoint (not fully initialized)

VM Mutex/Monitor currently owned by a thread:  ([mutex/lock_event])
[0x00000295995b9d50] Heap_lock - owner thread: 0x00000295995bc000

Heap address: 0x0000000702400000, size: 4060 MB, Compressed Oops mode: Non-zero based: 0x0000000702400000
Narrow klass base: 0x0000000000000000, Narrow klass shift: 0

GC Heap History (0 events):
No events

Deoptimization events (0 events):
No events

Classes unloaded (0 events):
No events

Classes redefined (0 events):
No events

Internal exceptions (0 events):
No events

Events (8 events):
Event: 0.014 Loaded shared library C:\Program Files\Java\jdk-13.0.1\bin\zip.dll
Event: 0.015 Loaded shared library C:\Program Files\Java\jdk-13.0.1\bin\jimage.dll
Event: 0.016 Loading shared library C:\Program Files\Java\jdk-13.0.1\lib\libjava.base-coop.dll failed, error code 126
Event: 0.016 Loading shared library C:\Program Files\Java\jdk-13.0.1\lib\libjava.logging-coop.dll failed, error code 126
Event: 0.017 Loading shared library C:\Program Files\Java\jdk-13.0.1\lib\libjdk.compiler-coop.dll failed, error code 126
Event: 0.017 Loading shared library C:\Program Files\Java\jdk-13.0.1\lib\libjdk.scripting.nashorn-coop.dll failed, error code 126
Event: 0.017 Loading shared library C:\Program Files\Java\jdk-13.0.1\lib\libjdk.internal.vm.ci-coop.dll failed, error code 126
Event: 0.017 Loading shared library C:\Program Files\Java\jdk-13.0.1\lib\libjdk.internal.vm.compiler-coop.dll failed, error code 126


Dynamic libraries:
0x00007ff642500000 - 0x00007ff64250f000 	C:\Program Files\Java\jdk-13.0.1\bin\javaw.exe
0x00007ffd0ca60000 - 0x00007ffd0cc50000 	C:\WINDOWS\SYSTEM32\ntdll.dll
0x00007ffd0c170000 - 0x00007ffd0c222000 	C:\WINDOWS\System32\KERNEL32.DLL
0x00007ffd09bf0000 - 0x00007ffd09e93000 	C:\WINDOWS\System32\KERNELBASE.dll
0x00007ffd09fa0000 - 0x00007ffd0a09a000 	C:\WINDOWS\System32\ucrtbase.dll
0x00007ffd05c10000 - 0x00007ffd05c25000 	C:\Program Files\Java\jdk-13.0.1\bin\VCRUNTIME140.dll
0x00007ffd05b30000 - 0x00007ffd05b48000 	C:\Program Files\Java\jdk-13.0.1\bin\jli.dll
0x00007ffd0bef0000 - 0x00007ffd0bf93000 	C:\WINDOWS\System32\ADVAPI32.dll
0x00007ffd0abe0000 - 0x00007ffd0ac7e000 	C:\WINDOWS\System32\msvcrt.dll
0x00007ffd0b370000 - 0x00007ffd0b407000 	C:\WINDOWS\System32\sechost.dll
0x00007ffd0c050000 - 0x00007ffd0c170000 	C:\WINDOWS\System32\RPCRT4.dll
0x00007ffd0bb10000 - 0x00007ffd0bca4000 	C:\WINDOWS\System32\USER32.dll
0x00007ffd09a40000 - 0x00007ffd09a61000 	C:\WINDOWS\System32\win32u.dll
0x00007ffd0c020000 - 0x00007ffd0c046000 	C:\WINDOWS\System32\GDI32.dll
0x00007ffcf69f0000 - 0x00007ffcf6c75000 	C:\WINDOWS\WinSxS\amd64_microsoft.windows.common-controls_6595b64144ccf1df_6.0.18362.535_none_e6c3b34713100821\COMCTL32.dll
0x00007ffd0a1f0000 - 0x00007ffd0a384000 	C:\WINDOWS\System32\gdi32full.dll
0x00007ffd0b660000 - 0x00007ffd0b996000 	C:\WINDOWS\System32\combase.dll
0x00007ffd09ea0000 - 0x00007ffd09f3e000 	C:\WINDOWS\System32\msvcp_win.dll
0x00007ffd09b70000 - 0x00007ffd09bf0000 	C:\WINDOWS\System32\bcryptPrimitives.dll
0x00007ffd02ba0000 - 0x00007ffd02baa000 	C:\WINDOWS\SYSTEM32\VERSION.dll
0x00007ffd0c450000 - 0x00007ffd0c47e000 	C:\WINDOWS\System32\IMM32.DLL
0x00007ffce60c0000 - 0x00007ffce615b000 	C:\Program Files\Java\jdk-13.0.1\bin\msvcp140.dll
0x00007ffc715c0000 - 0x00007ffc72126000 	C:\Program Files\Java\jdk-13.0.1\bin\server\jvm.dll
0x00007ffd0b9b0000 - 0x00007ffd0b9b8000 	C:\WINDOWS\System32\PSAPI.DLL
0x00007ffd067c0000 - 0x00007ffd067e4000 	C:\WINDOWS\SYSTEM32\WINMM.dll
0x00007ffd06530000 - 0x00007ffd0655d000 	C:\WINDOWS\SYSTEM32\winmmbase.dll
0x00007ffd099f0000 - 0x00007ffd09a3a000 	C:\WINDOWS\System32\cfgmgr32.dll
0x00007ffced520000 - 0x00007ffced529000 	C:\WINDOWS\SYSTEM32\WSOCK32.dll
0x00007ffd0be80000 - 0x00007ffd0beef000 	C:\WINDOWS\System32\WS2_32.dll
0x00007ffd09940000 - 0x00007ffd09951000 	C:\WINDOWS\System32\kernel.appcore.dll
0x00007ffce0db0000 - 0x00007ffce0dc0000 	C:\Program Files\Java\jdk-13.0.1\bin\verify.dll
0x00007ffd08270000 - 0x00007ffd08464000 	C:\WINDOWS\SYSTEM32\DBGHELP.DLL
0x00007ffcec0e0000 - 0x00007ffcec10a000 	C:\WINDOWS\SYSTEM32\dbgcore.DLL
0x00007ffccb760000 - 0x00007ffccb786000 	C:\Program Files\Java\jdk-13.0.1\bin\java.dll
0x00007ffcd7890000 - 0x00007ffcd78a7000 	C:\Program Files\Java\jdk-13.0.1\bin\zip.dll
0x00007ffce0da0000 - 0x00007ffce0daa000 	C:\Program Files\Java\jdk-13.0.1\bin\jimage.dll

dbghelp: loaded successfully - version: 4.0.5 - missing functions: none
symbol engine: initialized successfully - sym options: 0x614 - pdb path: .;C:\Program Files\Java\jdk-13.0.1\bin;C:\WINDOWS\SYSTEM32;C:\WINDOWS\WinSxS\amd64_microsoft.windows.common-controls_6595b64144ccf1df_6.0.18362.535_none_e6c3b34713100821;C:\Program Files\Java\jdk-13.0.1\bin\server

VM Arguments:
jvm_args: -Dfile.encoding=Cp1252 
java_command: four.Invoice
java_class_path (initial): C:\Users\MrHap\git\invoicia\Invoicea New\bin
Launcher Type: SUN_STANDARD

[Global flags]
     intx CICompilerCount                          = 4                                         {product} {ergonomic}
     uint G1ConcRefinementThreads                  = 10                                        {product} {ergonomic}
   size_t G1HeapRegionSize                         = 1048576                                   {product} {ergonomic}
    uintx GCDrainStackTargetSize                   = 64                                        {product} {ergonomic}
   size_t InitialHeapSize                          = 266338304                                 {product} {ergonomic}
   size_t MaxHeapSize                              = 4257218560                                {product} {ergonomic}
   size_t MinHeapDeltaBytes                        = 1048576                                   {product} {ergonomic}
   size_t MinHeapSize                              = 8388608                                   {product} {ergonomic}
    uintx NonNMethodCodeHeapSize                   = 5836300                                {pd product} {ergonomic}
    uintx NonProfiledCodeHeapSize                  = 122910970                              {pd product} {ergonomic}
    uintx ProfiledCodeHeapSize                     = 122910970                              {pd product} {ergonomic}
    uintx ReservedCodeCacheSize                    = 251658240                              {pd product} {ergonomic}
     bool SegmentedCodeCache                       = true                                      {product} {ergonomic}
   size_t SoftMaxHeapSize                          = 4257218560                             {manageable} {ergonomic}
     bool UseCompressedClassPointers               = true                                 {lp64_product} {ergonomic}
     bool UseCompressedOops                        = true                                 {lp64_product} {ergonomic}
     bool UseG1GC                                  = true                                      {product} {ergonomic}
     bool UseLargePagesIndividualAllocation        = false                                  {pd product} {ergonomic}

Logging:
Log output configuration:
 #0: stdout all=warning uptime,level,tags
 #1: stderr all=off uptime,level,tags

Environment Variables:
PATH=C:/Program Files/Java/jdk-13.0.1/bin/server;C:/Program Files/Java/jdk-13.0.1/bin;C:\Program Files (x86)\Intel\Intel(R) Management Engine Components\iCLS\;C:\Program Files\Intel\Intel(R) Management Engine Components\iCLS\;C:\Windows\system32;C:\Windows;C:\Windows\System32\Wbem;C:\Windows\System32\WindowsPowerShell\v1.0\;C:\Windows\System32\OpenSSH\;C:\Program Files (x86)\NVIDIA Corporation\PhysX\Common;C:\Program Files (x86)\Intel\Intel(R) Management Engine Components\DAL;C:\Program Files\Intel\Intel(R) Management Engine Components\DAL;C:\Program Files (x86)\Intel\Intel(R) Management Engine Components\IPT;C:\Program Files\Intel\Intel(R) Management Engine Components\IPT;C:\Program Files\Intel\WiFi\bin\;C:\Program Files\Common Files\Intel\WirelessCommon\;C:\Program Files\dotnet\;C:\WINDOWS\system32;C:\WINDOWS;C:\WINDOWS\System32\Wbem;C:\WINDOWS\System32\WindowsPowerShell\v1.0\;C:\WINDOWS\System32\OpenSSH\;C:\Program Files\NVIDIA Corporation\NVIDIA NvDLISR;C:\Users\MrHap\AppData\Local\Microsoft\WindowsApps;;C:\Users\MrHap\AppData\Local\Programs\Microsoft VS Code\bin;C:\Users\MrHap\Desktop;
USERNAME=MrHap
OS=Windows_NT
PROCESSOR_IDENTIFIER=Intel64 Family 6 Model 158 Stepping 10, GenuineIntel



---------------  S Y S T E M  ---------------

OS: Windows 10 , 64 bit Build 18362 (10.0.18362.329)

CPU:total 12 (initial active 12) (6 cores per cpu, 2 threads per core) family 6 model 158 stepping 10, cmov, cx8, fxsr, mmx, sse, sse2, sse3, ssse3, sse4.1, sse4.2, popcnt, avx, avx2, aes, clmul, erms, 3dnowpref, lzcnt, ht, tsc, tscinvbit, bmi1, bmi2, adx, fma

Memory: 4k page, system-wide physical 16234M (339M free)
TotalPageFile size 65386M (AvailPageFile size 5M)
current process WorkingSet (physical memory assigned to process): 9M, peak: 9M
current process commit charge ("private bytes"): 21M, peak: 22M

vm_info: Java HotSpot(TM) 64-Bit Server VM (13.0.1+9) for windows-amd64 JRE (13.0.1+9), built on Oct  6 2019 12:37:49 by "mach5one" with unknown MS VC++:1916

END.
