#
# There is insufficient memory for the Java Runtime Environment to continue.
# Native memory allocation (malloc) failed to allocate 32744 bytes for ChunkPool::allocate
# Possible reasons:
#   The system is out of physical RAM or swap space
#   The process is running with CompressedOops enabled, and the Java Heap may be blocking the growth of the native heap
# Possible solutions:
#   Reduce memory load on the system
#   Increase physical memory or swap space
#   Check if swap backing store is full
#   Decrease Java heap size (-Xmx/-Xms)
#   Decrease number of Java threads
#   Decrease Java thread stack sizes (-Xss)
#   Set larger code cache with -XX:ReservedCodeCacheSize=
#   JVM is running with Zero Based Compressed Oops mode in which the Java heap is
#     placed in the first 32GB address space. The Java Heap base address is the
#     maximum limit for the native heap growth. Please use -XX:HeapBaseMinAddress
#     to set the Java Heap base and to place the Java Heap above 32GB virtual address.
# This output file may be truncated or incomplete.
#
#  Out of Memory Error (t:/workspace/open/src/hotspot/share/memory/arena.cpp:80), pid=3840, tid=20000
#
# JRE version: Java(TM) SE Runtime Environment (13.0.1+9) (build 13.0.1+9)
# Java VM: Java HotSpot(TM) 64-Bit Server VM (13.0.1+9, mixed mode, sharing, tiered, compressed oops, g1 gc, windows-amd64)
# No core dump will be written. Minidumps are not enabled by default on client versions of Windows
#

---------------  S U M M A R Y ------------

Command Line: -Dfile.encoding=Cp1252 --module-path=C:\Users\MrHap\Documents\eclipse\mysql-connector-java-8.0.18.jar four.Invoice

Host: Intel(R) Core(TM) i7-8750H CPU @ 2.20GHz, 12 cores, 15G,  Windows 10 , 64 bit Build 18362 (10.0.18362.329)
Time: Mon Jan  6 05:06:19 2020 Eastern Standard Time elapsed time: 4401 seconds (0d 1h 13m 21s)

---------------  T H R E A D  ---------------

Current thread (0x0000021be6cc4000):  JavaThread "C2 CompilerThread0" daemon [_thread_in_native, id=20000, stack(0x0000005b01900000,0x0000005b01a00000)]


Current CompileTask:
C2:4401148 2683       4       java.lang.String::replace (42 bytes)

Stack: [0x0000005b01900000,0x0000005b01a00000]
Native frames: (J=compiled Java code, j=interpreted, Vv=VM code, C=native code)
V  [jvm.dll+0x626eca]
V  [jvm.dll+0x772c6a]
V  [jvm.dll+0x77441f]
V  [jvm.dll+0x774a23]
V  [jvm.dll+0x24da58]
V  [jvm.dll+0xc3d16]
V  [jvm.dll+0xc406c]
V  [jvm.dll+0x6082e3]
V  [jvm.dll+0x5bf45a]
V  [jvm.dll+0x5be0ae]
V  [jvm.dll+0x207767]
V  [jvm.dll+0x206adf]
V  [jvm.dll+0x18b94c]
V  [jvm.dll+0x2159bd]
V  [jvm.dll+0x213e6b]
V  [jvm.dll+0x738b16]
V  [jvm.dll+0x731c0a]
V  [jvm.dll+0x6260c6]
C  [ucrtbase.dll+0x20e72]
C  [KERNEL32.DLL+0x17bd4]
C  [ntdll.dll+0x6ced1]


---------------  P R O C E S S  ---------------

Threads class SMR info:
_java_thread_list=0x0000021be7374900, length=16, elements={
0x0000021be641f000, 0x0000021be6422000, 0x0000021be6cc0800, 0x0000021be6cc2800,
0x0000021be6cc4000, 0x0000021be6cc6000, 0x0000021be6cd9800, 0x0000021be6cb0800,
0x0000021be6f7c000, 0x0000021be7203000, 0x0000021be7161000, 0x0000021be7309000,
0x0000021be792e000, 0x0000021be77c7000, 0x0000021be87f5000, 0x0000021bc244c800
}

Java Threads: ( => current thread )
  0x0000021be641f000 JavaThread "Reference Handler" daemon [_thread_blocked, id=10856, stack(0x0000005b01500000,0x0000005b01600000)]
  0x0000021be6422000 JavaThread "Finalizer" daemon [_thread_blocked, id=10120, stack(0x0000005b01600000,0x0000005b01700000)]
  0x0000021be6cc0800 JavaThread "Signal Dispatcher" daemon [_thread_blocked, id=23440, stack(0x0000005b01700000,0x0000005b01800000)]
  0x0000021be6cc2800 JavaThread "Attach Listener" daemon [_thread_blocked, id=18580, stack(0x0000005b01800000,0x0000005b01900000)]
=>0x0000021be6cc4000 JavaThread "C2 CompilerThread0" daemon [_thread_in_native, id=20000, stack(0x0000005b01900000,0x0000005b01a00000)]
  0x0000021be6cc6000 JavaThread "C1 CompilerThread0" daemon [_thread_blocked, id=11716, stack(0x0000005b01a00000,0x0000005b01b00000)]
  0x0000021be6cd9800 JavaThread "Sweeper thread" daemon [_thread_blocked, id=8328, stack(0x0000005b01b00000,0x0000005b01c00000)]
  0x0000021be6cb0800 JavaThread "Common-Cleaner" daemon [_thread_blocked, id=4340, stack(0x0000005b01c00000,0x0000005b01d00000)]
  0x0000021be6f7c000 JavaThread "Service Thread" daemon [_thread_blocked, id=7492, stack(0x0000005b01e00000,0x0000005b01f00000)]
  0x0000021be7203000 JavaThread "Java2D Disposer" daemon [_thread_blocked, id=15216, stack(0x0000005b02000000,0x0000005b02100000)]
  0x0000021be7161000 JavaThread "AWT-Windows" daemon [_thread_in_native, id=13932, stack(0x0000005b02200000,0x0000005b02300000)]
  0x0000021be7309000 JavaThread "mysql-cj-abandoned-connection-cleanup" daemon [_thread_blocked, id=824, stack(0x0000005b02400000,0x0000005b02500000)]
  0x0000021be792e000 JavaThread "AWT-Shutdown" [_thread_blocked, id=9396, stack(0x0000005b01d00000,0x0000005b01e00000)]
  0x0000021be77c7000 JavaThread "AWT-EventQueue-0" [_thread_blocked, id=4968, stack(0x0000005b02100000,0x0000005b02200000)]
  0x0000021be87f5000 JavaThread "TimerQueue" daemon [_thread_blocked, id=22836, stack(0x0000005b02500000,0x0000005b02600000)]
  0x0000021bc244c800 JavaThread "DestroyJavaVM" [_thread_blocked, id=24004, stack(0x0000005b00e00000,0x0000005b00f00000)]

Other Threads:
  0x0000021be641d800 VMThread "VM Thread" [stack: 0x0000005b01400000,0x0000005b01500000] [id=5980]
  0x0000021be71ea800 WatcherThread [stack: 0x0000005b01f00000,0x0000005b02000000] [id=22436]
  0x0000021bc24b8800 GCTaskThread "GC Thread#0" [stack: 0x0000005b00f00000,0x0000005b01000000] [id=7220]
  0x0000021be6d29800 GCTaskThread "GC Thread#1" [stack: 0x0000005b02900000,0x0000005b02a00000] [id=13264]
  0x0000021be6d2a800 GCTaskThread "GC Thread#2" [stack: 0x0000005b02a00000,0x0000005b02b00000] [id=22576]
  0x0000021be6d2c800 GCTaskThread "GC Thread#3" [stack: 0x0000005b02b00000,0x0000005b02c00000] [id=17024]
  0x0000021be6d2b800 GCTaskThread "GC Thread#4" [stack: 0x0000005b02c00000,0x0000005b02d00000] [id=11996]
  0x0000021be6d27000 GCTaskThread "GC Thread#5" [stack: 0x0000005b02d00000,0x0000005b02e00000] [id=9204]
  0x0000021bc24db800 ConcurrentGCThread "G1 Main Marker" [stack: 0x0000005b01000000,0x0000005b01100000] [id=18468]
  0x0000021bc24dc800 ConcurrentGCThread "G1 Conc#0" [stack: 0x0000005b01100000,0x0000005b01200000] [id=15592]
  0x0000021be6312000 ConcurrentGCThread "G1 Refine#0" [stack: 0x0000005b01200000,0x0000005b01300000] [id=3252]
  0x0000021be6e8e800 ConcurrentGCThread "G1 Refine#1" [stack: 0x0000005b02e00000,0x0000005b02f00000] [id=3572]
  0x0000021be6d12000 ConcurrentGCThread "G1 Refine#2" [stack: 0x0000005b02f00000,0x0000005b03000000] [id=12492]
  0x0000021be6314000 ConcurrentGCThread "G1 Young RemSet Sampling" [stack: 0x0000005b01300000,0x0000005b01400000] [id=21924]

Threads with active compile tasks:
C2 CompilerThread0  4401176 2683       4       java.lang.String::replace (42 bytes)

VM state:not at safepoint (normal execution)

VM Mutex/Monitor currently owned by a thread: None

Heap address: 0x0000000702400000, size: 4060 MB, Compressed Oops mode: Zero based, Oop shift amount: 3
Narrow klass base: 0x0000000800000000, Narrow klass shift: 3
Compressed class space size: 1073741824 Address: 0x0000000800b40000

Heap:
 garbage-first heap   total 260096K, used 19592K [0x0000000702400000, 0x0000000800000000)
  region size 1024K, 11 young (11264K), 3 survivors (3072K)
 Metaspace       used 16713K, capacity 17123K, committed 17152K, reserved 1064960K
  class space    used 1858K, capacity 2042K, committed 2048K, reserved 1048576K
Heap Regions: E=young(eden), S=young(survivor), O=old, HS=humongous(starts), HC=humongous(continues), CS=collection set, F=free, A=archive, TAMS=top-at-mark-start (previous, next)
|   0|0x0000000702400000, 0x0000000702500000, 0x0000000702500000|100%| O|  |TAMS 0x0000000702400000, 0x0000000702400000| Untracked 
|   1|0x0000000702500000, 0x0000000702600000, 0x0000000702600000|100%| O|  |TAMS 0x0000000702500000, 0x0000000702500000| Untracked 
|   2|0x0000000702600000, 0x0000000702700000, 0x0000000702700000|100%| O|  |TAMS 0x0000000702600000, 0x0000000702600000| Untracked 
|   3|0x0000000702700000, 0x0000000702722200, 0x0000000702800000| 13%| O|  |TAMS 0x0000000702700000, 0x0000000702700000| Untracked 
|   4|0x0000000702800000, 0x0000000702900000, 0x0000000702900000|100%|HS|  |TAMS 0x0000000702800000, 0x0000000702800000| Complete 
|   5|0x0000000702900000, 0x0000000702a00000, 0x0000000702a00000|100%|HC|  |TAMS 0x0000000702900000, 0x0000000702900000| Complete 
|   6|0x0000000702a00000, 0x0000000702b00000, 0x0000000702b00000|100%|HC|  |TAMS 0x0000000702a00000, 0x0000000702a00000| Complete 
|   7|0x0000000702b00000, 0x0000000702c00000, 0x0000000702c00000|100%|HC|  |TAMS 0x0000000702b00000, 0x0000000702b00000| Complete 
|   8|0x0000000702c00000, 0x0000000702d00000, 0x0000000702d00000|100%|HC|  |TAMS 0x0000000702c00000, 0x0000000702c00000| Complete 
|   9|0x0000000702d00000, 0x0000000702e00000, 0x0000000702e00000|100%|HC|  |TAMS 0x0000000702d00000, 0x0000000702d00000| Complete 
|  10|0x0000000702e00000, 0x0000000702e00000, 0x0000000702f00000|  0%| F|  |TAMS 0x0000000702e00000, 0x0000000702e00000| Untracked 
|  11|0x0000000702f00000, 0x0000000702f00000, 0x0000000703000000|  0%| F|  |TAMS 0x0000000702f00000, 0x0000000702f00000| Untracked 
|  12|0x0000000703000000, 0x0000000703000000, 0x0000000703100000|  0%| F|  |TAMS 0x0000000703000000, 0x0000000703000000| Untracked 
|  13|0x0000000703100000, 0x0000000703100000, 0x0000000703200000|  0%| F|  |TAMS 0x0000000703100000, 0x0000000703100000| Untracked 
|  14|0x0000000703200000, 0x0000000703200000, 0x0000000703300000|  0%| F|  |TAMS 0x0000000703200000, 0x0000000703200000| Untracked 
|  15|0x0000000703300000, 0x0000000703300000, 0x0000000703400000|  0%| F|  |TAMS 0x0000000703300000, 0x0000000703300000| Untracked 
|  16|0x0000000703400000, 0x0000000703400000, 0x0000000703500000|  0%| F|  |TAMS 0x0000000703400000, 0x0000000703400000| Untracked 
|  17|0x0000000703500000, 0x0000000703500000, 0x0000000703600000|  0%| F|  |TAMS 0x0000000703500000, 0x0000000703500000| Untracked 
|  18|0x0000000703600000, 0x0000000703600000, 0x0000000703700000|  0%| F|  |TAMS 0x0000000703600000, 0x0000000703600000| Untracked 
|  19|0x0000000703700000, 0x0000000703700000, 0x0000000703800000|  0%| F|  |TAMS 0x0000000703700000, 0x0000000703700000| Untracked 
|  20|0x0000000703800000, 0x0000000703800000, 0x0000000703900000|  0%| F|  |TAMS 0x0000000703800000, 0x0000000703800000| Untracked 
|  21|0x0000000703900000, 0x0000000703900000, 0x0000000703a00000|  0%| F|  |TAMS 0x0000000703900000, 0x0000000703900000| Untracked 
|  22|0x0000000703a00000, 0x0000000703a00000, 0x0000000703b00000|  0%| F|  |TAMS 0x0000000703a00000, 0x0000000703a00000| Untracked 
|  23|0x0000000703b00000, 0x0000000703b00000, 0x0000000703c00000|  0%| F|  |TAMS 0x0000000703b00000, 0x0000000703b00000| Untracked 
|  24|0x0000000703c00000, 0x0000000703c00000, 0x0000000703d00000|  0%| F|  |TAMS 0x0000000703c00000, 0x0000000703c00000| Untracked 
|  25|0x0000000703d00000, 0x0000000703d00000, 0x0000000703e00000|  0%| F|  |TAMS 0x0000000703d00000, 0x0000000703d00000| Untracked 
|  26|0x0000000703e00000, 0x0000000703e00000, 0x0000000703f00000|  0%| F|  |TAMS 0x0000000703e00000, 0x0000000703e00000| Untracked 
|  27|0x0000000703f00000, 0x0000000703f00000, 0x0000000704000000|  0%| F|  |TAMS 0x0000000703f00000, 0x0000000703f00000| Untracked 
|  28|0x0000000704000000, 0x0000000704000000, 0x0000000704100000|  0%| F|  |TAMS 0x0000000704000000, 0x0000000704000000| Untracked 
|  29|0x0000000704100000, 0x0000000704100000, 0x0000000704200000|  0%| F|  |TAMS 0x0000000704100000, 0x0000000704100000| Untracked 
|  30|0x0000000704200000, 0x0000000704200000, 0x0000000704300000|  0%| F|  |TAMS 0x0000000704200000, 0x0000000704200000| Untracked 
|  31|0x0000000704300000, 0x0000000704300000, 0x0000000704400000|  0%| F|  |TAMS 0x0000000704300000, 0x0000000704300000| Untracked 
|  32|0x0000000704400000, 0x0000000704400000, 0x0000000704500000|  0%| F|  |TAMS 0x0000000704400000, 0x0000000704400000| Untracked 
|  33|0x0000000704500000, 0x0000000704500000, 0x0000000704600000|  0%| F|  |TAMS 0x0000000704500000, 0x0000000704500000| Untracked 
|  34|0x0000000704600000, 0x0000000704600000, 0x0000000704700000|  0%| F|  |TAMS 0x0000000704600000, 0x0000000704600000| Untracked 
|  35|0x0000000704700000, 0x0000000704700000, 0x0000000704800000|  0%| F|  |TAMS 0x0000000704700000, 0x0000000704700000| Untracked 
|  36|0x0000000704800000, 0x0000000704800000, 0x0000000704900000|  0%| F|  |TAMS 0x0000000704800000, 0x0000000704800000| Untracked 
|  37|0x0000000704900000, 0x0000000704900000, 0x0000000704a00000|  0%| F|  |TAMS 0x0000000704900000, 0x0000000704900000| Untracked 
|  38|0x0000000704a00000, 0x0000000704a00000, 0x0000000704b00000|  0%| F|  |TAMS 0x0000000704a00000, 0x0000000704a00000| Untracked 
|  39|0x0000000704b00000, 0x0000000704b00000, 0x0000000704c00000|  0%| F|  |TAMS 0x0000000704b00000, 0x0000000704b00000| Untracked 
|  40|0x0000000704c00000, 0x0000000704c00000, 0x0000000704d00000|  0%| F|  |TAMS 0x0000000704c00000, 0x0000000704c00000| Untracked 
|  41|0x0000000704d00000, 0x0000000704d00000, 0x0000000704e00000|  0%| F|  |TAMS 0x0000000704d00000, 0x0000000704d00000| Untracked 
|  42|0x0000000704e00000, 0x0000000704e00000, 0x0000000704f00000|  0%| F|  |TAMS 0x0000000704e00000, 0x0000000704e00000| Untracked 
|  43|0x0000000704f00000, 0x0000000704f00000, 0x0000000705000000|  0%| F|  |TAMS 0x0000000704f00000, 0x0000000704f00000| Untracked 
|  44|0x0000000705000000, 0x0000000705000000, 0x0000000705100000|  0%| F|  |TAMS 0x0000000705000000, 0x0000000705000000| Untracked 
|  45|0x0000000705100000, 0x0000000705100000, 0x0000000705200000|  0%| F|  |TAMS 0x0000000705100000, 0x0000000705100000| Untracked 
|  46|0x0000000705200000, 0x0000000705200000, 0x0000000705300000|  0%| F|  |TAMS 0x0000000705200000, 0x0000000705200000| Untracked 
|  47|0x0000000705300000, 0x0000000705300000, 0x0000000705400000|  0%| F|  |TAMS 0x0000000705300000, 0x0000000705300000| Untracked 
|  48|0x0000000705400000, 0x0000000705400000, 0x0000000705500000|  0%| F|  |TAMS 0x0000000705400000, 0x0000000705400000| Untracked 
|  49|0x0000000705500000, 0x0000000705500000, 0x0000000705600000|  0%| F|  |TAMS 0x0000000705500000, 0x0000000705500000| Untracked 
|  50|0x0000000705600000, 0x0000000705600000, 0x0000000705700000|  0%| F|  |TAMS 0x0000000705600000, 0x0000000705600000| Untracked 
|  51|0x0000000705700000, 0x0000000705700000, 0x0000000705800000|  0%| F|  |TAMS 0x0000000705700000, 0x0000000705700000| Untracked 
|  52|0x0000000705800000, 0x0000000705800000, 0x0000000705900000|  0%| F|  |TAMS 0x0000000705800000, 0x0000000705800000| Untracked 
|  53|0x0000000705900000, 0x0000000705900000, 0x0000000705a00000|  0%| F|  |TAMS 0x0000000705900000, 0x0000000705900000| Untracked 
|  54|0x0000000705a00000, 0x0000000705a00000, 0x0000000705b00000|  0%| F|  |TAMS 0x0000000705a00000, 0x0000000705a00000| Untracked 
|  55|0x0000000705b00000, 0x0000000705b00000, 0x0000000705c00000|  0%| F|  |TAMS 0x0000000705b00000, 0x0000000705b00000| Untracked 
|  56|0x0000000705c00000, 0x0000000705c00000, 0x0000000705d00000|  0%| F|  |TAMS 0x0000000705c00000, 0x0000000705c00000| Untracked 
|  57|0x0000000705d00000, 0x0000000705d00000, 0x0000000705e00000|  0%| F|  |TAMS 0x0000000705d00000, 0x0000000705d00000| Untracked 
|  58|0x0000000705e00000, 0x0000000705e00000, 0x0000000705f00000|  0%| F|  |TAMS 0x0000000705e00000, 0x0000000705e00000| Untracked 
|  59|0x0000000705f00000, 0x0000000705f00000, 0x0000000706000000|  0%| F|  |TAMS 0x0000000705f00000, 0x0000000705f00000| Untracked 
|  60|0x0000000706000000, 0x0000000706000000, 0x0000000706100000|  0%| F|  |TAMS 0x0000000706000000, 0x0000000706000000| Untracked 
|  61|0x0000000706100000, 0x0000000706100000, 0x0000000706200000|  0%| F|  |TAMS 0x0000000706100000, 0x0000000706100000| Untracked 
|  62|0x0000000706200000, 0x0000000706200000, 0x0000000706300000|  0%| F|  |TAMS 0x0000000706200000, 0x0000000706200000| Untracked 
|  63|0x0000000706300000, 0x0000000706300000, 0x0000000706400000|  0%| F|  |TAMS 0x0000000706300000, 0x0000000706300000| Untracked 
|  64|0x0000000706400000, 0x0000000706400000, 0x0000000706500000|  0%| F|  |TAMS 0x0000000706400000, 0x0000000706400000| Untracked 
|  65|0x0000000706500000, 0x0000000706500000, 0x0000000706600000|  0%| F|  |TAMS 0x0000000706500000, 0x0000000706500000| Untracked 
|  66|0x0000000706600000, 0x0000000706600000, 0x0000000706700000|  0%| F|  |TAMS 0x0000000706600000, 0x0000000706600000| Untracked 
|  67|0x0000000706700000, 0x0000000706700000, 0x0000000706800000|  0%| F|  |TAMS 0x0000000706700000, 0x0000000706700000| Untracked 
|  68|0x0000000706800000, 0x0000000706800000, 0x0000000706900000|  0%| F|  |TAMS 0x0000000706800000, 0x0000000706800000| Untracked 
|  69|0x0000000706900000, 0x0000000706900000, 0x0000000706a00000|  0%| F|  |TAMS 0x0000000706900000, 0x0000000706900000| Untracked 
|  70|0x0000000706a00000, 0x0000000706a00000, 0x0000000706b00000|  0%| F|  |TAMS 0x0000000706a00000, 0x0000000706a00000| Untracked 
|  71|0x0000000706b00000, 0x0000000706b00000, 0x0000000706c00000|  0%| F|  |TAMS 0x0000000706b00000, 0x0000000706b00000| Untracked 
|  72|0x0000000706c00000, 0x0000000706c00000, 0x0000000706d00000|  0%| F|  |TAMS 0x0000000706c00000, 0x0000000706c00000| Untracked 
|  73|0x0000000706d00000, 0x0000000706d00000, 0x0000000706e00000|  0%| F|  |TAMS 0x0000000706d00000, 0x0000000706d00000| Untracked 
|  74|0x0000000706e00000, 0x0000000706e00000, 0x0000000706f00000|  0%| F|  |TAMS 0x0000000706e00000, 0x0000000706e00000| Untracked 
|  75|0x0000000706f00000, 0x0000000706f00000, 0x0000000707000000|  0%| F|  |TAMS 0x0000000706f00000, 0x0000000706f00000| Untracked 
|  76|0x0000000707000000, 0x0000000707000000, 0x0000000707100000|  0%| F|  |TAMS 0x0000000707000000, 0x0000000707000000| Untracked 
|  77|0x0000000707100000, 0x0000000707100000, 0x0000000707200000|  0%| F|  |TAMS 0x0000000707100000, 0x0000000707100000| Untracked 
|  78|0x0000000707200000, 0x0000000707200000, 0x0000000707300000|  0%| F|  |TAMS 0x0000000707200000, 0x0000000707200000| Untracked 
|  79|0x0000000707300000, 0x0000000707300000, 0x0000000707400000|  0%| F|  |TAMS 0x0000000707300000, 0x0000000707300000| Untracked 
|  80|0x0000000707400000, 0x0000000707400000, 0x0000000707500000|  0%| F|  |TAMS 0x0000000707400000, 0x0000000707400000| Untracked 
|  81|0x0000000707500000, 0x0000000707500000, 0x0000000707600000|  0%| F|  |TAMS 0x0000000707500000, 0x0000000707500000| Untracked 
|  82|0x0000000707600000, 0x0000000707600000, 0x0000000707700000|  0%| F|  |TAMS 0x0000000707600000, 0x0000000707600000| Untracked 
|  83|0x0000000707700000, 0x0000000707700000, 0x0000000707800000|  0%| F|  |TAMS 0x0000000707700000, 0x0000000707700000| Untracked 
|  84|0x0000000707800000, 0x0000000707800000, 0x0000000707900000|  0%| F|  |TAMS 0x0000000707800000, 0x0000000707800000| Untracked 
|  85|0x0000000707900000, 0x0000000707900000, 0x0000000707a00000|  0%| F|  |TAMS 0x0000000707900000, 0x0000000707900000| Untracked 
|  86|0x0000000707a00000, 0x0000000707a00000, 0x0000000707b00000|  0%| F|  |TAMS 0x0000000707a00000, 0x0000000707a00000| Untracked 
|  87|0x0000000707b00000, 0x0000000707b00000, 0x0000000707c00000|  0%| F|  |TAMS 0x0000000707b00000, 0x0000000707b00000| Untracked 
|  88|0x0000000707c00000, 0x0000000707c00000, 0x0000000707d00000|  0%| F|  |TAMS 0x0000000707c00000, 0x0000000707c00000| Untracked 
|  89|0x0000000707d00000, 0x0000000707d00000, 0x0000000707e00000|  0%| F|  |TAMS 0x0000000707d00000, 0x0000000707d00000| Untracked 
|  90|0x0000000707e00000, 0x0000000707e00000, 0x0000000707f00000|  0%| F|  |TAMS 0x0000000707e00000, 0x0000000707e00000| Untracked 
|  91|0x0000000707f00000, 0x0000000707f00000, 0x0000000708000000|  0%| F|  |TAMS 0x0000000707f00000, 0x0000000707f00000| Untracked 
|  92|0x0000000708000000, 0x0000000708000000, 0x0000000708100000|  0%| F|  |TAMS 0x0000000708000000, 0x0000000708000000| Untracked 
|  93|0x0000000708100000, 0x0000000708100000, 0x0000000708200000|  0%| F|  |TAMS 0x0000000708100000, 0x0000000708100000| Untracked 
|  94|0x0000000708200000, 0x0000000708200000, 0x0000000708300000|  0%| F|  |TAMS 0x0000000708200000, 0x0000000708200000| Untracked 
|  95|0x0000000708300000, 0x0000000708300000, 0x0000000708400000|  0%| F|  |TAMS 0x0000000708300000, 0x0000000708300000| Untracked 
|  96|0x0000000708400000, 0x0000000708400000, 0x0000000708500000|  0%| F|  |TAMS 0x0000000708400000, 0x0000000708400000| Untracked 
|  97|0x0000000708500000, 0x0000000708500000, 0x0000000708600000|  0%| F|  |TAMS 0x0000000708500000, 0x0000000708500000| Untracked 
|  98|0x0000000708600000, 0x0000000708600000, 0x0000000708700000|  0%| F|  |TAMS 0x0000000708600000, 0x0000000708600000| Untracked 
|  99|0x0000000708700000, 0x0000000708700000, 0x0000000708800000|  0%| F|  |TAMS 0x0000000708700000, 0x0000000708700000| Untracked 
| 100|0x0000000708800000, 0x0000000708800000, 0x0000000708900000|  0%| F|  |TAMS 0x0000000708800000, 0x0000000708800000| Untracked 
| 101|0x0000000708900000, 0x0000000708900000, 0x0000000708a00000|  0%| F|  |TAMS 0x0000000708900000, 0x0000000708900000| Untracked 
| 102|0x0000000708a00000, 0x0000000708a00000, 0x0000000708b00000|  0%| F|  |TAMS 0x0000000708a00000, 0x0000000708a00000| Untracked 
| 103|0x0000000708b00000, 0x0000000708b00000, 0x0000000708c00000|  0%| F|  |TAMS 0x0000000708b00000, 0x0000000708b00000| Untracked 
| 104|0x0000000708c00000, 0x0000000708c00000, 0x0000000708d00000|  0%| F|  |TAMS 0x0000000708c00000, 0x0000000708c00000| Untracked 
| 105|0x0000000708d00000, 0x0000000708d00000, 0x0000000708e00000|  0%| F|  |TAMS 0x0000000708d00000, 0x0000000708d00000| Untracked 
| 106|0x0000000708e00000, 0x0000000708e00000, 0x0000000708f00000|  0%| F|  |TAMS 0x0000000708e00000, 0x0000000708e00000| Untracked 
| 107|0x0000000708f00000, 0x0000000708f00000, 0x0000000709000000|  0%| F|  |TAMS 0x0000000708f00000, 0x0000000708f00000| Untracked 
| 108|0x0000000709000000, 0x0000000709000000, 0x0000000709100000|  0%| F|  |TAMS 0x0000000709000000, 0x0000000709000000| Untracked 
| 109|0x0000000709100000, 0x0000000709100000, 0x0000000709200000|  0%| F|  |TAMS 0x0000000709100000, 0x0000000709100000| Untracked 
| 110|0x0000000709200000, 0x0000000709200000, 0x0000000709300000|  0%| F|  |TAMS 0x0000000709200000, 0x0000000709200000| Untracked 
| 111|0x0000000709300000, 0x0000000709300000, 0x0000000709400000|  0%| F|  |TAMS 0x0000000709300000, 0x0000000709300000| Untracked 
| 112|0x0000000709400000, 0x0000000709400000, 0x0000000709500000|  0%| F|  |TAMS 0x0000000709400000, 0x0000000709400000| Untracked 
| 113|0x0000000709500000, 0x0000000709500000, 0x0000000709600000|  0%| F|  |TAMS 0x0000000709500000, 0x0000000709500000| Untracked 
| 114|0x0000000709600000, 0x0000000709600000, 0x0000000709700000|  0%| F|  |TAMS 0x0000000709600000, 0x0000000709600000| Untracked 
| 115|0x0000000709700000, 0x0000000709700000, 0x0000000709800000|  0%| F|  |TAMS 0x0000000709700000, 0x0000000709700000| Untracked 
| 116|0x0000000709800000, 0x0000000709800000, 0x0000000709900000|  0%| F|  |TAMS 0x0000000709800000, 0x0000000709800000| Untracked 
| 117|0x0000000709900000, 0x0000000709900000, 0x0000000709a00000|  0%| F|  |TAMS 0x0000000709900000, 0x0000000709900000| Untracked 
| 118|0x0000000709a00000, 0x0000000709a00000, 0x0000000709b00000|  0%| F|  |TAMS 0x0000000709a00000, 0x0000000709a00000| Untracked 
| 119|0x0000000709b00000, 0x0000000709b00000, 0x0000000709c00000|  0%| F|  |TAMS 0x0000000709b00000, 0x0000000709b00000| Untracked 
| 120|0x0000000709c00000, 0x0000000709c00000, 0x0000000709d00000|  0%| F|  |TAMS 0x0000000709c00000, 0x0000000709c00000| Untracked 
| 121|0x0000000709d00000, 0x0000000709d00000, 0x0000000709e00000|  0%| F|  |TAMS 0x0000000709d00000, 0x0000000709d00000| Untracked 
| 122|0x0000000709e00000, 0x0000000709e00000, 0x0000000709f00000|  0%| F|  |TAMS 0x0000000709e00000, 0x0000000709e00000| Untracked 
| 123|0x0000000709f00000, 0x0000000709f00000, 0x000000070a000000|  0%| F|  |TAMS 0x0000000709f00000, 0x0000000709f00000| Untracked 
| 124|0x000000070a000000, 0x000000070a000000, 0x000000070a100000|  0%| F|  |TAMS 0x000000070a000000, 0x000000070a000000| Untracked 
| 125|0x000000070a100000, 0x000000070a100000, 0x000000070a200000|  0%| F|  |TAMS 0x000000070a100000, 0x000000070a100000| Untracked 
| 126|0x000000070a200000, 0x000000070a200000, 0x000000070a300000|  0%| F|  |TAMS 0x000000070a200000, 0x000000070a200000| Untracked 
| 127|0x000000070a300000, 0x000000070a300000, 0x000000070a400000|  0%| F|  |TAMS 0x000000070a300000, 0x000000070a300000| Untracked 
| 128|0x000000070a400000, 0x000000070a400000, 0x000000070a500000|  0%| F|  |TAMS 0x000000070a400000, 0x000000070a400000| Untracked 
| 129|0x000000070a500000, 0x000000070a500000, 0x000000070a600000|  0%| F|  |TAMS 0x000000070a500000, 0x000000070a500000| Untracked 
| 130|0x000000070a600000, 0x000000070a600000, 0x000000070a700000|  0%| F|  |TAMS 0x000000070a600000, 0x000000070a600000| Untracked 
| 131|0x000000070a700000, 0x000000070a700000, 0x000000070a800000|  0%| F|  |TAMS 0x000000070a700000, 0x000000070a700000| Untracked 
| 132|0x000000070a800000, 0x000000070a800000, 0x000000070a900000|  0%| F|  |TAMS 0x000000070a800000, 0x000000070a800000| Untracked 
| 133|0x000000070a900000, 0x000000070a900000, 0x000000070aa00000|  0%| F|  |TAMS 0x000000070a900000, 0x000000070a900000| Untracked 
| 134|0x000000070aa00000, 0x000000070aa00000, 0x000000070ab00000|  0%| F|  |TAMS 0x000000070aa00000, 0x000000070aa00000| Untracked 
| 135|0x000000070ab00000, 0x000000070ab00000, 0x000000070ac00000|  0%| F|  |TAMS 0x000000070ab00000, 0x000000070ab00000| Untracked 
| 136|0x000000070ac00000, 0x000000070ac00000, 0x000000070ad00000|  0%| F|  |TAMS 0x000000070ac00000, 0x000000070ac00000| Untracked 
| 137|0x000000070ad00000, 0x000000070ad00000, 0x000000070ae00000|  0%| F|  |TAMS 0x000000070ad00000, 0x000000070ad00000| Untracked 
| 138|0x000000070ae00000, 0x000000070ae00000, 0x000000070af00000|  0%| F|  |TAMS 0x000000070ae00000, 0x000000070ae00000| Untracked 
| 139|0x000000070af00000, 0x000000070af00000, 0x000000070b000000|  0%| F|  |TAMS 0x000000070af00000, 0x000000070af00000| Untracked 
| 140|0x000000070b000000, 0x000000070b000000, 0x000000070b100000|  0%| F|  |TAMS 0x000000070b000000, 0x000000070b000000| Untracked 
| 141|0x000000070b100000, 0x000000070b100000, 0x000000070b200000|  0%| F|  |TAMS 0x000000070b100000, 0x000000070b100000| Untracked 
| 142|0x000000070b200000, 0x000000070b200000, 0x000000070b300000|  0%| F|  |TAMS 0x000000070b200000, 0x000000070b200000| Untracked 
| 143|0x000000070b300000, 0x000000070b300000, 0x000000070b400000|  0%| F|  |TAMS 0x000000070b300000, 0x000000070b300000| Untracked 
| 144|0x000000070b400000, 0x000000070b400000, 0x000000070b500000|  0%| F|  |TAMS 0x000000070b400000, 0x000000070b400000| Untracked 
| 145|0x000000070b500000, 0x000000070b500000, 0x000000070b600000|  0%| F|  |TAMS 0x000000070b500000, 0x000000070b500000| Untracked 
| 146|0x000000070b600000, 0x000000070b600000, 0x000000070b700000|  0%| F|  |TAMS 0x000000070b600000, 0x000000070b600000| Untracked 
| 147|0x000000070b700000, 0x000000070b700000, 0x000000070b800000|  0%| F|  |TAMS 0x000000070b700000, 0x000000070b700000| Untracked 
| 148|0x000000070b800000, 0x000000070b800000, 0x000000070b900000|  0%| F|  |TAMS 0x000000070b800000, 0x000000070b800000| Untracked 
| 149|0x000000070b900000, 0x000000070b900000, 0x000000070ba00000|  0%| F|  |TAMS 0x000000070b900000, 0x000000070b900000| Untracked 
| 150|0x000000070ba00000, 0x000000070ba00000, 0x000000070bb00000|  0%| F|  |TAMS 0x000000070ba00000, 0x000000070ba00000| Untracked 
| 151|0x000000070bb00000, 0x000000070bb00000, 0x000000070bc00000|  0%| F|  |TAMS 0x000000070bb00000, 0x000000070bb00000| Untracked 
| 152|0x000000070bc00000, 0x000000070bc00000, 0x000000070bd00000|  0%| F|  |TAMS 0x000000070bc00000, 0x000000070bc00000| Untracked 
| 153|0x000000070bd00000, 0x000000070bd00000, 0x000000070be00000|  0%| F|  |TAMS 0x000000070bd00000, 0x000000070bd00000| Untracked 
| 154|0x000000070be00000, 0x000000070be00000, 0x000000070bf00000|  0%| F|  |TAMS 0x000000070be00000, 0x000000070be00000| Untracked 
| 155|0x000000070bf00000, 0x000000070bf00000, 0x000000070c000000|  0%| F|  |TAMS 0x000000070bf00000, 0x000000070bf00000| Untracked 
| 156|0x000000070c000000, 0x000000070c000000, 0x000000070c100000|  0%| F|  |TAMS 0x000000070c000000, 0x000000070c000000| Untracked 
| 157|0x000000070c100000, 0x000000070c100000, 0x000000070c200000|  0%| F|  |TAMS 0x000000070c100000, 0x000000070c100000| Untracked 
| 158|0x000000070c200000, 0x000000070c200000, 0x000000070c300000|  0%| F|  |TAMS 0x000000070c200000, 0x000000070c200000| Untracked 
| 159|0x000000070c300000, 0x000000070c300000, 0x000000070c400000|  0%| F|  |TAMS 0x000000070c300000, 0x000000070c300000| Untracked 
| 160|0x000000070c400000, 0x000000070c400000, 0x000000070c500000|  0%| F|  |TAMS 0x000000070c400000, 0x000000070c400000| Untracked 
| 161|0x000000070c500000, 0x000000070c500000, 0x000000070c600000|  0%| F|  |TAMS 0x000000070c500000, 0x000000070c500000| Untracked 
| 162|0x000000070c600000, 0x000000070c600000, 0x000000070c700000|  0%| F|  |TAMS 0x000000070c600000, 0x000000070c600000| Untracked 
| 163|0x000000070c700000, 0x000000070c700000, 0x000000070c800000|  0%| F|  |TAMS 0x000000070c700000, 0x000000070c700000| Untracked 
| 164|0x000000070c800000, 0x000000070c800000, 0x000000070c900000|  0%| F|  |TAMS 0x000000070c800000, 0x000000070c800000| Untracked 
| 165|0x000000070c900000, 0x000000070c900000, 0x000000070ca00000|  0%| F|  |TAMS 0x000000070c900000, 0x000000070c900000| Untracked 
| 166|0x000000070ca00000, 0x000000070ca00000, 0x000000070cb00000|  0%| F|  |TAMS 0x000000070ca00000, 0x000000070ca00000| Untracked 
| 167|0x000000070cb00000, 0x000000070cb00000, 0x000000070cc00000|  0%| F|  |TAMS 0x000000070cb00000, 0x000000070cb00000| Untracked 
| 168|0x000000070cc00000, 0x000000070cc00000, 0x000000070cd00000|  0%| F|  |TAMS 0x000000070cc00000, 0x000000070cc00000| Untracked 
| 169|0x000000070cd00000, 0x000000070cd00000, 0x000000070ce00000|  0%| F|  |TAMS 0x000000070cd00000, 0x000000070cd00000| Untracked 
| 170|0x000000070ce00000, 0x000000070ce00000, 0x000000070cf00000|  0%| F|  |TAMS 0x000000070ce00000, 0x000000070ce00000| Untracked 
| 171|0x000000070cf00000, 0x000000070cf00000, 0x000000070d000000|  0%| F|  |TAMS 0x000000070cf00000, 0x000000070cf00000| Untracked 
| 172|0x000000070d000000, 0x000000070d000000, 0x000000070d100000|  0%| F|  |TAMS 0x000000070d000000, 0x000000070d000000| Untracked 
| 173|0x000000070d100000, 0x000000070d100000, 0x000000070d200000|  0%| F|  |TAMS 0x000000070d100000, 0x000000070d100000| Untracked 
| 174|0x000000070d200000, 0x000000070d200000, 0x000000070d300000|  0%| F|  |TAMS 0x000000070d200000, 0x000000070d200000| Untracked 
| 175|0x000000070d300000, 0x000000070d300000, 0x000000070d400000|  0%| F|  |TAMS 0x000000070d300000, 0x000000070d300000| Untracked 
| 176|0x000000070d400000, 0x000000070d400000, 0x000000070d500000|  0%| F|  |TAMS 0x000000070d400000, 0x000000070d400000| Untracked 
| 177|0x000000070d500000, 0x000000070d500000, 0x000000070d600000|  0%| F|  |TAMS 0x000000070d500000, 0x000000070d500000| Untracked 
| 178|0x000000070d600000, 0x000000070d600000, 0x000000070d700000|  0%| F|  |TAMS 0x000000070d600000, 0x000000070d600000| Untracked 
| 179|0x000000070d700000, 0x000000070d700000, 0x000000070d800000|  0%| F|  |TAMS 0x000000070d700000, 0x000000070d700000| Untracked 
| 180|0x000000070d800000, 0x000000070d800000, 0x000000070d900000|  0%| F|  |TAMS 0x000000070d800000, 0x000000070d800000| Untracked 
| 181|0x000000070d900000, 0x000000070d900000, 0x000000070da00000|  0%| F|  |TAMS 0x000000070d900000, 0x000000070d900000| Untracked 
| 182|0x000000070da00000, 0x000000070da00000, 0x000000070db00000|  0%| F|  |TAMS 0x000000070da00000, 0x000000070da00000| Untracked 
| 183|0x000000070db00000, 0x000000070db00000, 0x000000070dc00000|  0%| F|  |TAMS 0x000000070db00000, 0x000000070db00000| Untracked 
| 184|0x000000070dc00000, 0x000000070dc00000, 0x000000070dd00000|  0%| F|  |TAMS 0x000000070dc00000, 0x000000070dc00000| Untracked 
| 185|0x000000070dd00000, 0x000000070dd00000, 0x000000070de00000|  0%| F|  |TAMS 0x000000070dd00000, 0x000000070dd00000| Untracked 
| 186|0x000000070de00000, 0x000000070de00000, 0x000000070df00000|  0%| F|  |TAMS 0x000000070de00000, 0x000000070de00000| Untracked 
| 187|0x000000070df00000, 0x000000070df00000, 0x000000070e000000|  0%| F|  |TAMS 0x000000070df00000, 0x000000070df00000| Untracked 
| 188|0x000000070e000000, 0x000000070e000000, 0x000000070e100000|  0%| F|  |TAMS 0x000000070e000000, 0x000000070e000000| Untracked 
| 189|0x000000070e100000, 0x000000070e100000, 0x000000070e200000|  0%| F|  |TAMS 0x000000070e100000, 0x000000070e100000| Untracked 
| 190|0x000000070e200000, 0x000000070e200000, 0x000000070e300000|  0%| F|  |TAMS 0x000000070e200000, 0x000000070e200000| Untracked 
| 191|0x000000070e300000, 0x000000070e300000, 0x000000070e400000|  0%| F|  |TAMS 0x000000070e300000, 0x000000070e300000| Untracked 
| 192|0x000000070e400000, 0x000000070e400000, 0x000000070e500000|  0%| F|  |TAMS 0x000000070e400000, 0x000000070e400000| Untracked 
| 193|0x000000070e500000, 0x000000070e500000, 0x000000070e600000|  0%| F|  |TAMS 0x000000070e500000, 0x000000070e500000| Untracked 
| 194|0x000000070e600000, 0x000000070e600000, 0x000000070e700000|  0%| F|  |TAMS 0x000000070e600000, 0x000000070e600000| Untracked 
| 195|0x000000070e700000, 0x000000070e700000, 0x000000070e800000|  0%| F|  |TAMS 0x000000070e700000, 0x000000070e700000| Untracked 
| 196|0x000000070e800000, 0x000000070e800000, 0x000000070e900000|  0%| F|  |TAMS 0x000000070e800000, 0x000000070e800000| Untracked 
| 197|0x000000070e900000, 0x000000070e900000, 0x000000070ea00000|  0%| F|  |TAMS 0x000000070e900000, 0x000000070e900000| Untracked 
| 198|0x000000070ea00000, 0x000000070ea00000, 0x000000070eb00000|  0%| F|  |TAMS 0x000000070ea00000, 0x000000070ea00000| Untracked 
| 199|0x000000070eb00000, 0x000000070eb00000, 0x000000070ec00000|  0%| F|  |TAMS 0x000000070eb00000, 0x000000070eb00000| Untracked 
| 200|0x000000070ec00000, 0x000000070ec00000, 0x000000070ed00000|  0%| F|  |TAMS 0x000000070ec00000, 0x000000070ec00000| Untracked 
| 201|0x000000070ed00000, 0x000000070ed00000, 0x000000070ee00000|  0%| F|  |TAMS 0x000000070ed00000, 0x000000070ed00000| Untracked 
| 202|0x000000070ee00000, 0x000000070ee00000, 0x000000070ef00000|  0%| F|  |TAMS 0x000000070ee00000, 0x000000070ee00000| Untracked 
| 203|0x000000070ef00000, 0x000000070ef00000, 0x000000070f000000|  0%| F|  |TAMS 0x000000070ef00000, 0x000000070ef00000| Untracked 
| 204|0x000000070f000000, 0x000000070f000000, 0x000000070f100000|  0%| F|  |TAMS 0x000000070f000000, 0x000000070f000000| Untracked 
| 205|0x000000070f100000, 0x000000070f100000, 0x000000070f200000|  0%| F|  |TAMS 0x000000070f100000, 0x000000070f100000| Untracked 
| 206|0x000000070f200000, 0x000000070f200000, 0x000000070f300000|  0%| F|  |TAMS 0x000000070f200000, 0x000000070f200000| Untracked 
| 207|0x000000070f300000, 0x000000070f300000, 0x000000070f400000|  0%| F|  |TAMS 0x000000070f300000, 0x000000070f300000| Untracked 
| 208|0x000000070f400000, 0x000000070f400000, 0x000000070f500000|  0%| F|  |TAMS 0x000000070f400000, 0x000000070f400000| Untracked 
| 209|0x000000070f500000, 0x000000070f500000, 0x000000070f600000|  0%| F|  |TAMS 0x000000070f500000, 0x000000070f500000| Untracked 
| 210|0x000000070f600000, 0x000000070f600000, 0x000000070f700000|  0%| F|  |TAMS 0x000000070f600000, 0x000000070f600000| Untracked 
| 211|0x000000070f700000, 0x000000070f700000, 0x000000070f800000|  0%| F|  |TAMS 0x000000070f700000, 0x000000070f700000| Untracked 
| 212|0x000000070f800000, 0x000000070f800000, 0x000000070f900000|  0%| F|  |TAMS 0x000000070f800000, 0x000000070f800000| Untracked 
| 213|0x000000070f900000, 0x000000070f900000, 0x000000070fa00000|  0%| F|  |TAMS 0x000000070f900000, 0x000000070f900000| Untracked 
| 214|0x000000070fa00000, 0x000000070fa00000, 0x000000070fb00000|  0%| F|  |TAMS 0x000000070fa00000, 0x000000070fa00000| Untracked 
| 215|0x000000070fb00000, 0x000000070fb00000, 0x000000070fc00000|  0%| F|  |TAMS 0x000000070fb00000, 0x000000070fb00000| Untracked 
| 216|0x000000070fc00000, 0x000000070fc00000, 0x000000070fd00000|  0%| F|  |TAMS 0x000000070fc00000, 0x000000070fc00000| Untracked 
| 217|0x000000070fd00000, 0x000000070fd00000, 0x000000070fe00000|  0%| F|  |TAMS 0x000000070fd00000, 0x000000070fd00000| Untracked 
| 218|0x000000070fe00000, 0x000000070fe00000, 0x000000070ff00000|  0%| F|  |TAMS 0x000000070fe00000, 0x000000070fe00000| Untracked 
| 219|0x000000070ff00000, 0x000000070ff00000, 0x0000000710000000|  0%| F|  |TAMS 0x000000070ff00000, 0x000000070ff00000| Untracked 
| 220|0x0000000710000000, 0x0000000710000000, 0x0000000710100000|  0%| F|  |TAMS 0x0000000710000000, 0x0000000710000000| Untracked 
| 221|0x0000000710100000, 0x0000000710100000, 0x0000000710200000|  0%| F|  |TAMS 0x0000000710100000, 0x0000000710100000| Untracked 
| 222|0x0000000710200000, 0x0000000710200000, 0x0000000710300000|  0%| F|  |TAMS 0x0000000710200000, 0x0000000710200000| Untracked 
| 223|0x0000000710300000, 0x0000000710300000, 0x0000000710400000|  0%| F|  |TAMS 0x0000000710300000, 0x0000000710300000| Untracked 
| 224|0x0000000710400000, 0x0000000710400000, 0x0000000710500000|  0%| F|  |TAMS 0x0000000710400000, 0x0000000710400000| Untracked 
| 225|0x0000000710500000, 0x0000000710500000, 0x0000000710600000|  0%| F|  |TAMS 0x0000000710500000, 0x0000000710500000| Untracked 
| 226|0x0000000710600000, 0x0000000710600000, 0x0000000710700000|  0%| F|  |TAMS 0x0000000710600000, 0x0000000710600000| Untracked 
| 227|0x0000000710700000, 0x0000000710800000, 0x0000000710800000|100%| S|CS|TAMS 0x0000000710700000, 0x0000000710700000| Complete 
| 228|0x0000000710800000, 0x0000000710900000, 0x0000000710900000|100%| S|CS|TAMS 0x0000000710800000, 0x0000000710800000| Complete 
| 229|0x0000000710900000, 0x0000000710a00000, 0x0000000710a00000|100%| S|CS|TAMS 0x0000000710900000, 0x0000000710900000| Complete 
| 230|0x0000000710a00000, 0x0000000710a00000, 0x0000000710b00000|  0%| F|  |TAMS 0x0000000710a00000, 0x0000000710a00000| Untracked 
| 231|0x0000000710b00000, 0x0000000710b00000, 0x0000000710c00000|  0%| F|  |TAMS 0x0000000710b00000, 0x0000000710b00000| Untracked 
| 232|0x0000000710c00000, 0x0000000710c00000, 0x0000000710d00000|  0%| F|  |TAMS 0x0000000710c00000, 0x0000000710c00000| Untracked 
| 233|0x0000000710d00000, 0x0000000710d00000, 0x0000000710e00000|  0%| F|  |TAMS 0x0000000710d00000, 0x0000000710d00000| Untracked 
| 234|0x0000000710e00000, 0x0000000710e00000, 0x0000000710f00000|  0%| F|  |TAMS 0x0000000710e00000, 0x0000000710e00000| Untracked 
| 235|0x0000000710f00000, 0x0000000710f00000, 0x0000000711000000|  0%| F|  |TAMS 0x0000000710f00000, 0x0000000710f00000| Untracked 
| 236|0x0000000711000000, 0x0000000711000000, 0x0000000711100000|  0%| F|  |TAMS 0x0000000711000000, 0x0000000711000000| Untracked 
| 237|0x0000000711100000, 0x0000000711100000, 0x0000000711200000|  0%| F|  |TAMS 0x0000000711100000, 0x0000000711100000| Untracked 
| 238|0x0000000711200000, 0x0000000711200000, 0x0000000711300000|  0%| F|  |TAMS 0x0000000711200000, 0x0000000711200000| Untracked 
| 239|0x0000000711300000, 0x0000000711300000, 0x0000000711400000|  0%| F|  |TAMS 0x0000000711300000, 0x0000000711300000| Untracked 
| 240|0x0000000711400000, 0x0000000711400000, 0x0000000711500000|  0%| F|  |TAMS 0x0000000711400000, 0x0000000711400000| Untracked 
| 241|0x0000000711500000, 0x0000000711500000, 0x0000000711600000|  0%| F|  |TAMS 0x0000000711500000, 0x0000000711500000| Untracked 
| 242|0x0000000711600000, 0x0000000711600000, 0x0000000711700000|  0%| F|  |TAMS 0x0000000711600000, 0x0000000711600000| Untracked 
| 243|0x0000000711700000, 0x0000000711700000, 0x0000000711800000|  0%| F|  |TAMS 0x0000000711700000, 0x0000000711700000| Untracked 
| 244|0x0000000711800000, 0x0000000711800000, 0x0000000711900000|  0%| F|  |TAMS 0x0000000711800000, 0x0000000711800000| Untracked 
| 245|0x0000000711900000, 0x0000000711900000, 0x0000000711a00000|  0%| F|  |TAMS 0x0000000711900000, 0x0000000711900000| Untracked 
| 246|0x0000000711a00000, 0x0000000711a80800, 0x0000000711b00000| 50%| E|  |TAMS 0x0000000711a00000, 0x0000000711a00000| Complete 
| 247|0x0000000711b00000, 0x0000000711c00000, 0x0000000711c00000|100%| E|CS|TAMS 0x0000000711b00000, 0x0000000711b00000| Complete 
| 248|0x0000000711c00000, 0x0000000711d00000, 0x0000000711d00000|100%| E|CS|TAMS 0x0000000711c00000, 0x0000000711c00000| Complete 
| 249|0x0000000711d00000, 0x0000000711e00000, 0x0000000711e00000|100%| E|CS|TAMS 0x0000000711d00000, 0x0000000711d00000| Complete 
| 250|0x0000000711e00000, 0x0000000711f00000, 0x0000000711f00000|100%| E|CS|TAMS 0x0000000711e00000, 0x0000000711e00000| Complete 
| 251|0x0000000711f00000, 0x0000000712000000, 0x0000000712000000|100%| E|CS|TAMS 0x0000000711f00000, 0x0000000711f00000| Complete 
| 252|0x0000000712000000, 0x0000000712100000, 0x0000000712100000|100%| E|CS|TAMS 0x0000000712000000, 0x0000000712000000| Complete 
| 253|0x0000000712100000, 0x0000000712200000, 0x0000000712200000|100%| E|CS|TAMS 0x0000000712100000, 0x0000000712100000| Complete 

Card table byte_map: [0x0000021bda7b0000,0x0000021bdafa0000] _byte_map_base: 0x0000021bd6f9e000

Marking Bits (Prev, Next): (CMBitMap*) 0x0000021bc24b9388, (CMBitMap*) 0x0000021bc24b93c8
 Prev Bits: [0x0000021bdb790000, 0x0000021bdf700000)
 Next Bits: [0x0000021bdf700000, 0x0000021be3670000)

Polling page: 0x0000021bc02f0000

Metaspace:

Usage:
  Non-class:     14.73 MB capacity,    14.51 MB ( 98%) used,   187.88 KB (  1%) free+waste,    39.00 KB ( <1%) overhead. 
      Class:      1.99 MB capacity,     1.82 MB ( 91%) used,   161.48 KB (  8%) free+waste,    21.56 KB (  1%) overhead. 
       Both:     16.72 MB capacity,    16.32 MB ( 98%) used,   349.35 KB (  2%) free+waste,    60.56 KB ( <1%) overhead. 

Virtual space:
  Non-class space:       16.00 MB reserved,      14.75 MB ( 92%) committed 
      Class space:        1.00 GB reserved,       2.00 MB ( <1%) committed 
             Both:        1.02 GB reserved,      16.75 MB (  2%) committed 

Chunk freelists:
   Non-Class:  23.00 KB
       Class:  6.00 KB
        Both:  29.00 KB

MaxMetaspaceSize: 17179869184.00 GB
CompressedClassSpaceSize: 1.00 GB

CodeHeap 'non-profiled nmethods': size=120000Kb used=838Kb max_used=838Kb free=119161Kb
 bounds [0x0000021bd2420000, 0x0000021bd2690000, 0x0000021bd9950000]
CodeHeap 'profiled nmethods': size=120000Kb used=5207Kb max_used=5207Kb free=114792Kb
 bounds [0x0000021bcaef0000, 0x0000021bcb410000, 0x0000021bd2420000]
CodeHeap 'non-nmethods': size=5760Kb used=1396Kb max_used=1414Kb free=4363Kb
 bounds [0x0000021bca950000, 0x0000021bcabc0000, 0x0000021bcaef0000]
 total_blobs=4110 nmethods=2487 adapters=612
 compilation: enabled
              stopped_count=0, restarted_count=0
 full_count=0

Compilation events (20 events):
Event: 1215.540 Thread 0x0000021be6cc6000 nmethod 2673 0x0000021bcb3ffe10 code [0x0000021bcb3fffe0, 0x0000021bcb4002c0]
Event: 1230.544 Thread 0x0000021be6cc6000 2674       3       jdk.internal.loader.URLClassPath::findResource (38 bytes)
Event: 1230.545 Thread 0x0000021be6cc6000 nmethod 2674 0x0000021bcb400390 code [0x0000021bcb400560, 0x0000021bcb400920]
Event: 1275.555 Thread 0x0000021be6cc6000 2675   !   3       com.mysql.cj.jdbc.AbandonedConnectionCleanupThread::checkThreadContextClassLoader (20 bytes)
Event: 1275.556 Thread 0x0000021be6cc6000 nmethod 2675 0x0000021bcb400a90 code [0x0000021bcb400d20, 0x0000021bcb401cc0]
Event: 1540.605 Thread 0x0000021be6cc6000 2676       3       sun.net.www.ParseUtil::firstEncodeIndex (86 bytes)
Event: 1540.606 Thread 0x0000021be6cc6000 nmethod 2676 0x0000021bcb402290 code [0x0000021bcb4024e0, 0x0000021bcb402f70]
Event: 3234.403 Thread 0x0000021be6cc6000 2677       3       java.awt.Color::<init> (72 bytes)
Event: 3234.405 Thread 0x0000021be6cc6000 nmethod 2677 0x0000021bcb403310 code [0x0000021bcb4034c0, 0x0000021bcb4037b0]
Event: 3234.405 Thread 0x0000021be6cc6000 2678       3       java.awt.Color::testColorValueRange (121 bytes)
Event: 3234.405 Thread 0x0000021be6cc6000 nmethod 2678 0x0000021bcb403890 code [0x0000021bcb403ac0, 0x0000021bcb404140]
Event: 3234.469 Thread 0x0000021be6cc6000 2679       3       java.awt.Font::<init> (56 bytes)
Event: 3234.472 Thread 0x0000021be6cc6000 nmethod 2679 0x0000021bcb404390 code [0x0000021bcb404540, 0x0000021bcb404858]
Event: 3234.749 Thread 0x0000021be6cc6000 2680   !   3       java.awt.Toolkit::setDesktopProperty (81 bytes)
Event: 3234.752 Thread 0x0000021be6cc6000 nmethod 2680 0x0000021bcb404910 code [0x0000021bcb404b80, 0x0000021bcb405c70]
Event: 3245.739 Thread 0x0000021be6cc6000 2681       3       javax.swing.JTabbedPane::getTabCount (10 bytes)
Event: 3245.739 Thread 0x0000021be6cc6000 nmethod 2681 0x0000021bcb406090 code [0x0000021bcb406240, 0x0000021bcb406490]
Event: 4074.319 Thread 0x0000021be6cc4000 2682   !   4       sun.awt.AWTAutoShutdown::setToolkitBusy (124 bytes)
Event: 4074.325 Thread 0x0000021be6cc4000 nmethod 2682 0x0000021bd24f0c10 code [0x0000021bd24f0dc0, 0x0000021bd24f1518]
Event: 4401.125 Thread 0x0000021be6cc4000 2683       4       java.lang.String::replace (42 bytes)

GC Heap History (2 events):
Event: 7.482 GC heap before
{Heap before GC invocations=0 (full 0):
 garbage-first heap   total 260096K, used 23552K [0x0000000702400000, 0x0000000800000000)
  region size 1024K, 24 young (24576K), 0 survivors (0K)
 Metaspace       used 15211K, capacity 15644K, committed 15744K, reserved 1062912K
  class space    used 1747K, capacity 1912K, committed 1920K, reserved 1048576K
}
Event: 7.488 GC heap after
{Heap after GC invocations=1 (full 0):
 garbage-first heap   total 260096K, used 6280K [0x0000000702400000, 0x0000000800000000)
  region size 1024K, 3 young (3072K), 3 survivors (3072K)
 Metaspace       used 15211K, capacity 15644K, committed 15744K, reserved 1062912K
  class space    used 1747K, capacity 1912K, committed 1920K, reserved 1048576K
}

Deoptimization events (20 events):
Event: 10.031 Thread 0x0000021be77c7000 Uncommon trap: trap_request=0xffffffde fr.pc=0x0000021bd2430d4c relative=0x00000000000001ac
Event: 10.031 Thread 0x0000021be77c7000 Uncommon trap: reason=class_check action=maybe_recompile pc=0x0000021bd2430d4c method=java.lang.String.equals(Ljava/lang/Object;)Z @ 8 c2
Event: 10.031 Thread 0x0000021be77c7000 DEOPT PACKING pc=0x0000021bd2430d4c sp=0x0000005b021fde80
Event: 10.031 Thread 0x0000021be77c7000 DEOPT UNPACKING pc=0x0000021bca99912f sp=0x0000005b021fde18 mode 2
Event: 10.031 Thread 0x0000021be77c7000 Uncommon trap: trap_request=0xffffffde fr.pc=0x0000021bd2430d4c relative=0x00000000000001ac
Event: 10.031 Thread 0x0000021be77c7000 Uncommon trap: reason=class_check action=maybe_recompile pc=0x0000021bd2430d4c method=java.lang.String.equals(Ljava/lang/Object;)Z @ 8 c2
Event: 10.031 Thread 0x0000021be77c7000 DEOPT PACKING pc=0x0000021bd2430d4c sp=0x0000005b021fde80
Event: 10.031 Thread 0x0000021be77c7000 DEOPT UNPACKING pc=0x0000021bca99912f sp=0x0000005b021fde18 mode 2
Event: 15.821 Thread 0x0000021be77c7000 Uncommon trap: trap_request=0xffffffde fr.pc=0x0000021bd2430d4c relative=0x00000000000001ac
Event: 15.821 Thread 0x0000021be77c7000 Uncommon trap: reason=class_check action=maybe_recompile pc=0x0000021bd2430d4c method=java.lang.String.equals(Ljava/lang/Object;)Z @ 8 c2
Event: 15.821 Thread 0x0000021be77c7000 DEOPT PACKING pc=0x0000021bd2430d4c sp=0x0000005b021fdf00
Event: 15.821 Thread 0x0000021be77c7000 DEOPT UNPACKING pc=0x0000021bca99912f sp=0x0000005b021fde98 mode 2
Event: 15.822 Thread 0x0000021be77c7000 Uncommon trap: trap_request=0xffffffde fr.pc=0x0000021bd2430d4c relative=0x00000000000001ac
Event: 15.822 Thread 0x0000021be77c7000 Uncommon trap: reason=class_check action=maybe_recompile pc=0x0000021bd2430d4c method=java.lang.String.equals(Ljava/lang/Object;)Z @ 8 c2
Event: 15.822 Thread 0x0000021be77c7000 DEOPT PACKING pc=0x0000021bd2430d4c sp=0x0000005b021fde10
Event: 15.822 Thread 0x0000021be77c7000 DEOPT UNPACKING pc=0x0000021bca99912f sp=0x0000005b021fdda8 mode 2
Event: 177.283 Thread 0x0000021be77c7000 Uncommon trap: trap_request=0xffffff45 fr.pc=0x0000021bd24eb7ec relative=0x00000000000007ec
Event: 177.283 Thread 0x0000021be77c7000 Uncommon trap: reason=unstable_if action=reinterpret pc=0x0000021bd24eb7ec method=java.awt.Container.findComponentAtImpl(IIZ)Ljava/awt/Component; @ 24 c2
Event: 177.283 Thread 0x0000021be77c7000 DEOPT PACKING pc=0x0000021bd24eb7ec sp=0x0000005b021fe720
Event: 177.283 Thread 0x0000021be77c7000 DEOPT UNPACKING pc=0x0000021bca99912f sp=0x0000005b021fe5a0 mode 2

Classes unloaded (0 events):
No events

Classes redefined (0 events):
No events

Internal exceptions (20 events):
Event: 0.096 Thread 0x0000021bc244c800 Exception <a 'java/lang/NoSuchMethodError'{0x0000000711f167a0}: 'void java.lang.invoke.DirectMethodHandle$Holder.invokeSpecial(java.lang.Object, java.lang.Object, java.lang.Object, java.lang.Object, java.lang.Object)'> (0x0000000711f167a0) 
thrown [t:/workspace/open/src/hotspot/share/interpreter/linkResolver.cpp, line 767]
Event: 0.098 Thread 0x0000021bc244c800 Exception <a 'java/lang/IncompatibleClassChangeError'{0x0000000711f27820}: Found class java.lang.Object, but interface was expected> (0x0000000711f27820) 
thrown [t:/workspace/open/src/hotspot/share/interpreter/linkResolver.cpp, line 833]
Event: 0.098 Thread 0x0000021bc244c800 Exception <a 'java/lang/NoSuchMethodError'{0x0000000711f2a4a8}: 'void java.lang.invoke.DirectMethodHandle$Holder.invokeStatic(java.lang.Object, java.lang.Object, java.lang.Object, java.lang.Object)'> (0x0000000711f2a4a8) 
thrown [t:/workspace/open/src/hotspot/share/interpreter/linkResolver.cpp, line 767]
Event: 0.128 Thread 0x0000021bc244c800 Exception <a 'java/lang/ClassNotFoundException'{0x0000000711e2acd8}: sun/awt/resources/spi/awtProvider> (0x0000000711e2acd8) 
thrown [t:/workspace/open/src/hotspot/share/classfile/systemDictionary.cpp, line 232]
Event: 0.144 Thread 0x0000021bc244c800 Exception <a 'java/io/FileNotFoundException'{0x0000000711e797e0}> (0x0000000711e797e0) 
thrown [t:/workspace/open/src/hotspot/share/prims/jni.cpp, line 598]
Event: 0.148 Thread 0x0000021bc244c800 Exception <a 'java/io/FileNotFoundException'{0x0000000711ea01c8}> (0x0000000711ea01c8) 
thrown [t:/workspace/open/src/hotspot/share/prims/jni.cpp, line 598]
Event: 0.177 Thread 0x0000021be7161000 Exception <a 'java/lang/NoSuchMethodError'{0x0000000711efb1e8}: 'void java.lang.invoke.DirectMethodHandle$Holder.invokeSpecial(java.lang.Object, java.lang.Object)'> (0x0000000711efb1e8) 
thrown [t:/workspace/open/src/hotspot/share/interpreter/linkResolver.cpp, line 767]
Event: 0.192 Thread 0x0000021bc244c800 Exception <a 'java/lang/NoSuchMethodError'{0x0000000711d3f140}: 'java.lang.Object java.lang.invoke.DirectMethodHandle$Holder.invokeStatic(java.lang.Object, int, java.lang.Object, java.lang.Object, java.lang.Object, java.lang.Object)'> (0x0000000711d3f140) 
thrown [t:/workspace/open/src/hotspot/share/interpreter/linkResolver.cpp, line 767]
Event: 0.193 Thread 0x0000021bc244c800 Exception <a 'java/lang/NoSuchMethodError'{0x0000000711d45aa0}: 'java.lang.Object java.lang.invoke.DirectMethodHandle$Holder.invokeStatic(java.lang.Object, int, java.lang.Object, java.lang.Object, java.lang.Object)'> (0x0000000711d45aa0) 
thrown [t:/workspace/open/src/hotspot/share/interpreter/linkResolver.cpp, line 767]
Event: 0.193 Thread 0x0000021bc244c800 Exception <a 'java/lang/NoSuchMethodError'{0x0000000711d49308}: 'java.lang.Object java.lang.invoke.DirectMethodHandle$Holder.invokeSpecial(java.lang.Object, java.lang.Object, int, java.lang.Object, java.lang.Object, java.lang.Object)'> (0x0000000711d49308) 
thrown [t:/workspace/open/src/hotspot/share/interpreter/linkResolver.cpp, line 767]
Event: 0.195 Thread 0x0000021bc244c800 Exception <a 'java/lang/NoSuchMethodError'{0x0000000711d5f630}: 'java.lang.Object java.lang.invoke.DirectMethodHandle$Holder.invokeStatic(java.lang.Object, int, java.lang.Object)'> (0x0000000711d5f630) 
thrown [t:/workspace/open/src/hotspot/share/interpreter/linkResolver.cpp, line 767]
Event: 0.210 Thread 0x0000021bc244c800 Exception <a 'java/lang/ClassNotFoundException'{0x0000000711c079b8}: com/sun/swing/internal/plaf/metal/resources/spi/metalProvider> (0x0000000711c079b8) 
thrown [t:/workspace/open/src/hotspot/share/classfile/systemDictionary.cpp, line 232]
Event: 0.210 Thread 0x0000021bc244c800 Exception <a 'java/lang/ClassNotFoundException'{0x0000000711c0b7e8}: com/sun/swing/internal/plaf/basic/resources/spi/basicProvider> (0x0000000711c0b7e8) 
thrown [t:/workspace/open/src/hotspot/share/classfile/systemDictionary.cpp, line 232]
Event: 0.213 Thread 0x0000021bc244c800 Implicit null exception at 0x0000021bd2453268 to 0x0000021bd24532fa
Event: 0.216 Thread 0x0000021bc244c800 Implicit null exception at 0x0000021bd243562f to 0x0000021bd24356ad
Event: 0.338 Thread 0x0000021bc244c800 Exception <a 'java/lang/NoSuchMethodError'{0x00000007119c9d08}: 'java.lang.Object java.lang.invoke.DirectMethodHandle$Holder.invokeVirtual(java.lang.Object, java.lang.Object, java.lang.Object)'> (0x00000007119c9d08) 
thrown [t:/workspace/open/src/hotspot/share/interpreter/linkResolver.cpp, line 767]
Event: 1.495 Thread 0x0000021be7306800 Implicit null exception at 0x0000021bd2488b07 to 0x0000021bd248911a
Event: 1.495 Thread 0x0000021be7306800 Implicit null exception at 0x0000021bd2483804 to 0x0000021bd2483e3a
Event: 7.411 Thread 0x0000021bc244c800 Exception <a 'java/lang/NoSuchMethodError'{0x0000000710b729c0}: 'void java.lang.invoke.DirectMethodHandle$Holder.invokeStaticInit(java.lang.Object)'> (0x0000000710b729c0) 
thrown [t:/workspace/open/src/hotspot/share/interpreter/linkResolver.cpp, line 767]
Event: 7.415 Thread 0x0000021bc244c800 Exception <a 'java/lang/NoSuchMethodError'{0x0000000710a16210}: 'java.lang.Object java.lang.invoke.Invokers$Holder.linkToTargetMethod(java.lang.Object, int, java.lang.Object)'> (0x0000000710a16210) 
thrown [t:/workspace/open/src/hotspot/share/interpreter/linkResolver.cpp, line 767]

Events (20 events):
Event: 19.151 Executing VM operation: RevokeBias
Event: 19.151 Executing VM operation: RevokeBias done
Event: 19.171 Executing VM operation: RevokeBias
Event: 19.171 Executing VM operation: RevokeBias done
Event: 19.186 Executing VM operation: RevokeBias
Event: 19.186 Executing VM operation: RevokeBias done
Event: 80.333 Loaded shared library C:\Program Files\Java\jdk-13.0.1\bin\java.dll
Event: 80.334 Loaded shared library C:\Program Files\Java\jdk-13.0.1\bin\java.dll
Event: 80.335 Loaded shared library C:\Program Files\Java\jdk-13.0.1\bin\java.dll
Event: 80.336 Loaded shared library C:\Program Files\Java\jdk-13.0.1\bin\java.dll
Event: 177.269 Executing VM operation: RevokeBias
Event: 177.269 Executing VM operation: RevokeBias done
Event: 177.271 Executing VM operation: RevokeBias
Event: 177.271 Executing VM operation: RevokeBias done
Event: 179.515 loading class java/awt/KeyboardFocusManager$2
Event: 179.515 loading class java/awt/KeyboardFocusManager$2 done
Event: 179.516 loading class sun/awt/SunToolkit$1
Event: 179.516 loading class sun/awt/SunToolkit$1 done
Event: 3233.690 Executing VM operation: RevokeBias
Event: 3234.397 Executing VM operation: RevokeBias done


Dynamic libraries:
0x00007ff6e02e0000 - 0x00007ff6e02ef000 	C:\Program Files\Java\jdk-13.0.1\bin\javaw.exe
0x00007ffce5140000 - 0x00007ffce5330000 	C:\WINDOWS\SYSTEM32\ntdll.dll
0x00007ffce4eb0000 - 0x00007ffce4f62000 	C:\WINDOWS\System32\KERNEL32.DLL
0x00007ffce2140000 - 0x00007ffce23e3000 	C:\WINDOWS\System32\KERNELBASE.dll
0x00007ffce23f0000 - 0x00007ffce24ea000 	C:\WINDOWS\System32\ucrtbase.dll
0x00007ffcde400000 - 0x00007ffcde415000 	C:\Program Files\Java\jdk-13.0.1\bin\VCRUNTIME140.dll
0x00007ffcdff10000 - 0x00007ffcdff28000 	C:\Program Files\Java\jdk-13.0.1\bin\jli.dll
0x00007ffce4430000 - 0x00007ffce44d3000 	C:\WINDOWS\System32\ADVAPI32.dll
0x00007ffce3850000 - 0x00007ffce38ee000 	C:\WINDOWS\System32\msvcrt.dll
0x00007ffce4690000 - 0x00007ffce4727000 	C:\WINDOWS\System32\sechost.dll
0x00007ffce31f0000 - 0x00007ffce3310000 	C:\WINDOWS\System32\RPCRT4.dll
0x00007ffce38f0000 - 0x00007ffce3a84000 	C:\WINDOWS\System32\USER32.dll
0x00007ffce2570000 - 0x00007ffce2591000 	C:\WINDOWS\System32\win32u.dll
0x00007ffce44f0000 - 0x00007ffce4516000 	C:\WINDOWS\System32\GDI32.dll
0x00007ffcd0670000 - 0x00007ffcd08f5000 	C:\WINDOWS\WinSxS\amd64_microsoft.windows.common-controls_6595b64144ccf1df_6.0.18362.535_none_e6c3b34713100821\COMCTL32.dll
0x00007ffce2870000 - 0x00007ffce2a04000 	C:\WINDOWS\System32\gdi32full.dll
0x00007ffce3370000 - 0x00007ffce36a6000 	C:\WINDOWS\System32\combase.dll
0x00007ffce2650000 - 0x00007ffce26ee000 	C:\WINDOWS\System32\msvcp_win.dll
0x00007ffce24f0000 - 0x00007ffce2570000 	C:\WINDOWS\System32\bcryptPrimitives.dll
0x00007ffcdc320000 - 0x00007ffcdc32a000 	C:\WINDOWS\SYSTEM32\VERSION.dll
0x00007ffce4660000 - 0x00007ffce468e000 	C:\WINDOWS\System32\IMM32.DLL
0x00007ffca1630000 - 0x00007ffca16cb000 	C:\Program Files\Java\jdk-13.0.1\bin\msvcp140.dll
0x00007ffc434c0000 - 0x00007ffc44026000 	C:\Program Files\Java\jdk-13.0.1\bin\server\jvm.dll
0x00007ffce4320000 - 0x00007ffce4328000 	C:\WINDOWS\System32\PSAPI.DLL
0x00007ffcdfcd0000 - 0x00007ffcdfcf4000 	C:\WINDOWS\SYSTEM32\WINMM.dll
0x00007ffcdfca0000 - 0x00007ffcdfccd000 	C:\WINDOWS\SYSTEM32\WINMMBASE.dll
0x00007ffce20d0000 - 0x00007ffce211a000 	C:\WINDOWS\System32\cfgmgr32.dll
0x00007ffccb5e0000 - 0x00007ffccb5e9000 	C:\WINDOWS\SYSTEM32\WSOCK32.dll
0x00007ffce3a90000 - 0x00007ffce3aff000 	C:\WINDOWS\System32\WS2_32.dll
0x00007ffce2090000 - 0x00007ffce20a1000 	C:\WINDOWS\System32\kernel.appcore.dll
0x00007ffcc61d0000 - 0x00007ffcc61e0000 	C:\Program Files\Java\jdk-13.0.1\bin\verify.dll
0x00007ffce0950000 - 0x00007ffce0b44000 	C:\WINDOWS\SYSTEM32\DBGHELP.DLL
0x00007ffcc8fc0000 - 0x00007ffcc8fea000 	C:\WINDOWS\SYSTEM32\dbgcore.DLL
0x00007ffcb9790000 - 0x00007ffcb97b6000 	C:\Program Files\Java\jdk-13.0.1\bin\java.dll
0x00007ffcc0ed0000 - 0x00007ffcc0ee7000 	C:\Program Files\Java\jdk-13.0.1\bin\zip.dll
0x00007ffcc02c0000 - 0x00007ffcc02ca000 	C:\Program Files\Java\jdk-13.0.1\bin\jimage.dll
0x00007ffce3b00000 - 0x00007ffce41e5000 	C:\WINDOWS\System32\SHELL32.dll
0x00007ffce5050000 - 0x00007ffce50f9000 	C:\WINDOWS\System32\shcore.dll
0x00007ffce2a10000 - 0x00007ffce318f000 	C:\WINDOWS\System32\windows.storage.dll
0x00007ffce2020000 - 0x00007ffce203f000 	C:\WINDOWS\System32\profapi.dll
0x00007ffce2040000 - 0x00007ffce208a000 	C:\WINDOWS\System32\powrprof.dll
0x00007ffce2010000 - 0x00007ffce2020000 	C:\WINDOWS\System32\UMPDC.dll
0x00007ffce3310000 - 0x00007ffce3362000 	C:\WINDOWS\System32\shlwapi.dll
0x00007ffce2120000 - 0x00007ffce2137000 	C:\WINDOWS\System32\cryptsp.dll
0x00007ffcb9a90000 - 0x00007ffcb9aa9000 	C:\Program Files\Java\jdk-13.0.1\bin\net.dll
0x00007ffcd95e0000 - 0x00007ffcd96d0000 	C:\WINDOWS\SYSTEM32\WINHTTP.dll
0x00007ffce1880000 - 0x00007ffce18e7000 	C:\WINDOWS\system32\mswsock.dll
0x00007ffcb9770000 - 0x00007ffcb9783000 	C:\Program Files\Java\jdk-13.0.1\bin\nio.dll
0x00007ffc5a210000 - 0x00007ffc5a3a9000 	C:\Program Files\Java\jdk-13.0.1\bin\awt.dll
0x00007ffce3780000 - 0x00007ffce3844000 	C:\WINDOWS\System32\OLEAUT32.dll
0x00007ffcde9f0000 - 0x00007ffcdefb0000 	C:\WINDOWS\SYSTEM32\d2d1.dll
0x00007ffcdff30000 - 0x00007ffcdffbf000 	C:\WINDOWS\SYSTEM32\apphelp.dll
0x00007ffce0530000 - 0x00007ffce055d000 	C:\WINDOWS\system32\DWMAPI.DLL
0x00007ffce0000000 - 0x00007ffce0099000 	C:\WINDOWS\system32\uxtheme.dll
0x00007ffce4520000 - 0x00007ffce4655000 	C:\WINDOWS\System32\MSCTF.dll
0x00007ffce4730000 - 0x00007ffce4886000 	C:\WINDOWS\System32\ole32.dll
0x00007ffca0680000 - 0x00007ffca0702000 	C:\Program Files\Java\jdk-13.0.1\bin\freetype.dll
0x00007ffc80990000 - 0x00007ffc80a36000 	C:\Program Files\Java\jdk-13.0.1\bin\fontmanager.dll
0x00007ffcc9f90000 - 0x00007ffcca0e6000 	C:\WINDOWS\system32\opengl32.dll
0x00007ffcc9f00000 - 0x00007ffcc9f2c000 	C:\WINDOWS\SYSTEM32\GLU32.dll
0x00007ffce0cf0000 - 0x00007ffce0d10000 	C:\WINDOWS\SYSTEM32\dxcore.dll
0x00007ffce15d0000 - 0x00007ffce169a000 	C:\WINDOWS\SYSTEM32\DNSAPI.dll
0x00007ffce44e0000 - 0x00007ffce44e8000 	C:\WINDOWS\System32\NSI.dll
0x00007ffce1590000 - 0x00007ffce15ca000 	C:\WINDOWS\SYSTEM32\IPHLPAPI.DLL
0x00007ffcdb9e0000 - 0x00007ffcdb9ea000 	C:\Windows\System32\rasadhlp.dll
0x00007ffcd6ca0000 - 0x00007ffcd6d17000 	C:\WINDOWS\System32\fwpuclnt.dll
0x00007ffce26f0000 - 0x00007ffce2716000 	C:\WINDOWS\System32\bcrypt.dll
0x00007ffce41f0000 - 0x00007ffce4292000 	C:\WINDOWS\System32\clbcatq.dll
0x00007ffcdc400000 - 0x00007ffcdc5af000 	C:\WINDOWS\SYSTEM32\WindowsCodecs.dll
0x00007ffcba710000 - 0x00007ffcba74a000 	C:\WINDOWS\system32\dataexchange.dll
0x00007ffcdefb0000 - 0x00007ffcdf20b000 	C:\WINDOWS\system32\d3d11.dll
0x00007ffcdf670000 - 0x00007ffcdf84b000 	C:\WINDOWS\system32\dcomp.dll
0x00007ffce0d10000 - 0x00007ffce0dfb000 	C:\WINDOWS\system32\dxgi.dll
0x00007ffce00c0000 - 0x00007ffce031a000 	C:\WINDOWS\system32\twinapi.appcore.dll
0x00007ffce0420000 - 0x00007ffce0449000 	C:\WINDOWS\system32\RMCLIENT.dll
0x00007ffcca6a0000 - 0x00007ffcca73e000 	C:\WINDOWS\System32\TextInputFramework.dll
0x00007ffcdcf90000 - 0x00007ffcdd2ba000 	C:\WINDOWS\System32\CoreUIComponents.dll
0x00007ffcdfbc0000 - 0x00007ffcdfc94000 	C:\WINDOWS\System32\CoreMessaging.dll
0x00007ffce1070000 - 0x00007ffce10a1000 	C:\WINDOWS\SYSTEM32\ntmarta.dll
0x00007ffcdd7f0000 - 0x00007ffcdd943000 	C:\WINDOWS\SYSTEM32\wintypes.dll
0x00007ffcd2820000 - 0x00007ffcd2ac6000 	C:\WINDOWS\System32\iertutil.dll

dbghelp: loaded successfully - version: 4.0.5 - missing functions: none
symbol engine: initialized successfully - sym options: 0x614 - pdb path: .;C:\Program Files\Java\jdk-13.0.1\bin;C:\WINDOWS\SYSTEM32;C:\WINDOWS\WinSxS\amd64_microsoft.windows.common-controls_6595b64144ccf1df_6.0.18362.535_none_e6c3b34713100821;C:\Program Files\Java\jdk-13.0.1\bin\server

VM Arguments:
jvm_args: -Dfile.encoding=Cp1252 --module-path=C:\Users\MrHap\Documents\eclipse\mysql-connector-java-8.0.18.jar 
java_command: four.Invoice
java_class_path (initial): C:\Users\MrHap\git\invoicia\Invoicea New\bin
Launcher Type: SUN_STANDARD

[Global flags]
     intx CICompilerCount                          = 4                                         {product} {ergonomic}
     uint ConcGCThreads                            = 3                                         {product} {ergonomic}
     uint G1ConcRefinementThreads                  = 10                                        {product} {ergonomic}
   size_t G1HeapRegionSize                         = 1048576                                   {product} {ergonomic}
    uintx GCDrainStackTargetSize                   = 64                                        {product} {ergonomic}
   size_t InitialHeapSize                          = 266338304                                 {product} {ergonomic}
   size_t MarkStackSize                            = 4194304                                   {product} {ergonomic}
   size_t MaxHeapSize                              = 4257218560                                {product} {ergonomic}
   size_t MaxNewSize                               = 2554331136                                {product} {ergonomic}
   size_t MinHeapDeltaBytes                        = 1048576                                   {product} {ergonomic}
   size_t MinHeapSize                              = 8388608                                   {product} {ergonomic}
    uintx NonNMethodCodeHeapSize                   = 5836300                                {pd product} {ergonomic}
    uintx NonProfiledCodeHeapSize                  = 122910970                              {pd product} {ergonomic}
    uintx ProfiledCodeHeapSize                     = 122910970                              {pd product} {ergonomic}
    uintx ReservedCodeCacheSize                    = 251658240                              {pd product} {ergonomic}
     bool SegmentedCodeCache                       = true                                      {product} {ergonomic}
   size_t SoftMaxHeapSize                          = 4257218560                             {manageable} {ergonomic}
     bool UseCompressedClassPointers               = true                                 {lp64_product} {ergonomic}
     bool UseCompressedOops                        = true                                 {lp64_product} {ergonomic}
     bool UseG1GC                                  = true                                      {product} {ergonomic}
     bool UseLargePagesIndividualAllocation        = false                                  {pd product} {ergonomic}

Logging:
Log output configuration:
 #0: stdout all=warning uptime,level,tags
 #1: stderr all=off uptime,level,tags

Environment Variables:
PATH=C:/Program Files/Java/jdk-13.0.1/bin/server;C:/Program Files/Java/jdk-13.0.1/bin;C:\Program Files (x86)\Common Files\Oracle\Java\javapath;C:\Program Files (x86)\Intel\Intel(R) Management Engine Components\iCLS\;C:\Program Files\Intel\Intel(R) Management Engine Components\iCLS\;C:\Windows\system32;C:\Windows;C:\Windows\System32\Wbem;C:\Windows\System32\WindowsPowerShell\v1.0\;C:\Windows\System32\OpenSSH\;C:\Program Files (x86)\NVIDIA Corporation\PhysX\Common;C:\Program Files (x86)\Intel\Intel(R) Management Engine Components\DAL;C:\Program Files\Intel\Intel(R) Management Engine Components\DAL;C:\Program Files (x86)\Intel\Intel(R) Management Engine Components\IPT;C:\Program Files\Intel\Intel(R) Management Engine Components\IPT;C:\Program Files\Intel\WiFi\bin\;C:\Program Files\Common Files\Intel\WirelessCommon\;C:\Program Files\dotnet\;C:\WINDOWS\system32;C:\WINDOWS;C:\WINDOWS\System32\Wbem;C:\WINDOWS\System32\WindowsPowerShell\v1.0\;C:\WINDOWS\System32\OpenSSH\;C:\Program Files\NVIDIA Corporation\NVIDIA NvDLISR;C:\Users\MrHap\AppData\Local\Microsoft\WindowsApps;;C:\Users\MrHap\AppData\Local\Programs\Microsoft VS Code\bin;C:\Users\MrHap\Desktop;
USERNAME=MrHap
OS=Windows_NT
PROCESSOR_IDENTIFIER=Intel64 Family 6 Model 158 Stepping 10, GenuineIntel



---------------  S Y S T E M  ---------------

OS: Windows 10 , 64 bit Build 18362 (10.0.18362.329)

CPU:total 12 (initial active 12) (6 cores per cpu, 2 threads per core) family 6 model 158 stepping 10, cmov, cx8, fxsr, mmx, sse, sse2, sse3, ssse3, sse4.1, sse4.2, popcnt, avx, avx2, aes, clmul, erms, 3dnowpref, lzcnt, ht, tsc, tscinvbit, bmi1, bmi2, adx, fma

Memory: 4k page, system-wide physical 16234M (3981M free)
TotalPageFile size 65386M (AvailPageFile size 0M)
current process WorkingSet (physical memory assigned to process): 26M, peak: 118M
current process commit charge ("private bytes"): 382M, peak: 387M

vm_info: Java HotSpot(TM) 64-Bit Server VM (13.0.1+9) for windows-amd64 JRE (13.0.1+9), built on Oct  6 2019 12:37:49 by "mach5one" with unknown MS VC++:1916

END.
