#
# There is insufficient memory for the Java Runtime Environment to continue.
# Native memory allocation (malloc) failed to allocate 32744 bytes for ChunkPool::allocate
# Possible reasons:
#   The system is out of physical RAM or swap space
#   The process is running with CompressedOops enabled, and the Java Heap may be blocking the growth of the native heap
# Possible solutions:
#   Reduce memory load on the system
#   Increase physical memory or swap space
#   Check if swap backing store is full
#   Decrease Java heap size (-Xmx/-Xms)
#   Decrease number of Java threads
#   Decrease Java thread stack sizes (-Xss)
#   Set larger code cache with -XX:ReservedCodeCacheSize=
#   JVM is running with Zero Based Compressed Oops mode in which the Java heap is
#     placed in the first 32GB address space. The Java Heap base address is the
#     maximum limit for the native heap growth. Please use -XX:HeapBaseMinAddress
#     to set the Java Heap base and to place the Java Heap above 32GB virtual address.
# This output file may be truncated or incomplete.
#
#  Out of Memory Error (t:/workspace/open/src/hotspot/share/memory/arena.cpp:80), pid=4668, tid=1888
#
# JRE version: Java(TM) SE Runtime Environment (13.0.1+9) (build 13.0.1+9)
# Java VM: Java HotSpot(TM) 64-Bit Server VM (13.0.1+9, mixed mode, sharing, tiered, compressed oops, g1 gc, windows-amd64)
# No core dump will be written. Minidumps are not enabled by default on client versions of Windows
#

---------------  S U M M A R Y ------------

Command Line: -Dfile.encoding=Cp1252 --module-path=C:\Users\MrHap\Documents\eclipse\mysql-connector-java-8.0.18.jar four.Invoice

Host: Intel(R) Core(TM) i7-8750H CPU @ 2.20GHz, 12 cores, 15G,  Windows 10 , 64 bit Build 18362 (10.0.18362.329)
Time: Mon Jan  6 05:00:09 2020 Eastern Standard Time elapsed time: 13433 seconds (0d 3h 43m 53s)

---------------  T H R E A D  ---------------

Current thread (0x0000021786c22000):  JavaThread "C2 CompilerThread0" daemon [_thread_in_native, id=1888, stack(0x0000001c4b700000,0x0000001c4b800000)]


Current CompileTask:
C2:13433425 3209   !   4       jdk.internal.loader.BuiltinClassLoader::findResource (154 bytes)

Stack: [0x0000001c4b700000,0x0000001c4b800000]
Native frames: (J=compiled Java code, j=interpreted, Vv=VM code, C=native code)
V  [jvm.dll+0x626eca]
V  [jvm.dll+0x772c6a]
V  [jvm.dll+0x77441f]
V  [jvm.dll+0x774a23]
V  [jvm.dll+0x24da58]
V  [jvm.dll+0xc3d16]
V  [jvm.dll+0xc406c]
V  [jvm.dll+0xc3bcd]
V  [jvm.dll+0x6093f6]
V  [jvm.dll+0x607f50]
V  [jvm.dll+0x19c742]
V  [jvm.dll+0x65644a]
V  [jvm.dll+0x655189]
V  [jvm.dll+0x5467c9]
V  [jvm.dll+0x20fb86]
V  [jvm.dll+0x209170]
V  [jvm.dll+0x2069bd]
V  [jvm.dll+0x18b94c]
V  [jvm.dll+0x2159bd]
V  [jvm.dll+0x213e6b]
V  [jvm.dll+0x738b16]
V  [jvm.dll+0x731c0a]
V  [jvm.dll+0x6260c6]
C  [ucrtbase.dll+0x20e72]
C  [KERNEL32.DLL+0x17bd4]
C  [ntdll.dll+0x6ced1]


---------------  P R O C E S S  ---------------

Threads class SMR info:
_java_thread_list=0x00000217878799d0, length=16, elements={
0x0000021786380000, 0x0000021786384000, 0x0000021786c1f000, 0x0000021786c21000,
0x0000021786c22000, 0x0000021786c32000, 0x0000021786c35000, 0x0000021786c10800,
0x0000021786f1f000, 0x0000021787145800, 0x0000021786eed000, 0x0000021787350800,
0x0000021788405800, 0x000002178754f000, 0x0000021787328000, 0x00000217e03df000
}

Java Threads: ( => current thread )
  0x0000021786380000 JavaThread "Reference Handler" daemon [_thread_blocked, id=22792, stack(0x0000001c4b300000,0x0000001c4b400000)]
  0x0000021786384000 JavaThread "Finalizer" daemon [_thread_blocked, id=18952, stack(0x0000001c4b400000,0x0000001c4b500000)]
  0x0000021786c1f000 JavaThread "Signal Dispatcher" daemon [_thread_blocked, id=16824, stack(0x0000001c4b500000,0x0000001c4b600000)]
  0x0000021786c21000 JavaThread "Attach Listener" daemon [_thread_blocked, id=22336, stack(0x0000001c4b600000,0x0000001c4b700000)]
=>0x0000021786c22000 JavaThread "C2 CompilerThread0" daemon [_thread_in_native, id=1888, stack(0x0000001c4b700000,0x0000001c4b800000)]
  0x0000021786c32000 JavaThread "C1 CompilerThread0" daemon [_thread_blocked, id=13568, stack(0x0000001c4b800000,0x0000001c4b900000)]
  0x0000021786c35000 JavaThread "Sweeper thread" daemon [_thread_blocked, id=13336, stack(0x0000001c4b900000,0x0000001c4ba00000)]
  0x0000021786c10800 JavaThread "Common-Cleaner" daemon [_thread_blocked, id=21380, stack(0x0000001c4ba00000,0x0000001c4bb00000)]
  0x0000021786f1f000 JavaThread "Service Thread" daemon [_thread_blocked, id=16988, stack(0x0000001c4bd00000,0x0000001c4be00000)]
  0x0000021787145800 JavaThread "Java2D Disposer" daemon [_thread_blocked, id=14740, stack(0x0000001c4bf00000,0x0000001c4c000000)]
  0x0000021786eed000 JavaThread "AWT-Windows" daemon [_thread_in_native, id=10640, stack(0x0000001c4c100000,0x0000001c4c200000)]
  0x0000021787350800 JavaThread "mysql-cj-abandoned-connection-cleanup" daemon [_thread_blocked, id=17804, stack(0x0000001c4c300000,0x0000001c4c400000)]
  0x0000021788405800 JavaThread "TimerQueue" daemon [_thread_blocked, id=23312, stack(0x0000001c4c200000,0x0000001c4c300000)]
  0x000002178754f000 JavaThread "AWT-Shutdown" [_thread_blocked, id=3168, stack(0x0000001c4bb00000,0x0000001c4bc00000)]
  0x0000021787328000 JavaThread "AWT-EventQueue-0" [_thread_blocked, id=18872, stack(0x0000001c4bc00000,0x0000001c4bd00000)]
  0x00000217e03df000 JavaThread "DestroyJavaVM" [_thread_blocked, id=3480, stack(0x0000001c4ac00000,0x0000001c4ad00000)]

Other Threads:
  0x000002178637d000 VMThread "VM Thread" [stack: 0x0000001c4b200000,0x0000001c4b300000] [id=13100]
  0x0000021786eae000 WatcherThread [stack: 0x0000001c4be00000,0x0000001c4bf00000] [id=18464]
  0x00000217e0449800 GCTaskThread "GC Thread#0" [stack: 0x0000001c4ad00000,0x0000001c4ae00000] [id=22844]
  0x0000021787329000 GCTaskThread "GC Thread#1" [stack: 0x0000001c4c400000,0x0000001c4c500000] [id=22108]
  0x0000021786f2c800 GCTaskThread "GC Thread#2" [stack: 0x0000001c4c500000,0x0000001c4c600000] [id=21296]
  0x0000021786f2d000 GCTaskThread "GC Thread#3" [stack: 0x0000001c4c600000,0x0000001c4c700000] [id=9048]
  0x0000021786f2d800 GCTaskThread "GC Thread#4" [stack: 0x0000001c4c700000,0x0000001c4c800000] [id=17464]
  0x0000021787768800 GCTaskThread "GC Thread#5" [stack: 0x0000001c4c800000,0x0000001c4c900000] [id=22776]
  0x00000217e046c800 ConcurrentGCThread "G1 Main Marker" [stack: 0x0000001c4ae00000,0x0000001c4af00000] [id=17308]
  0x00000217e046e000 ConcurrentGCThread "G1 Conc#0" [stack: 0x0000001c4af00000,0x0000001c4b000000] [id=18244]
  0x0000021786275000 ConcurrentGCThread "G1 Refine#0" [stack: 0x0000001c4b000000,0x0000001c4b100000] [id=7244]
  0x0000021786d8b000 ConcurrentGCThread "G1 Refine#1" [stack: 0x0000001c4c900000,0x0000001c4ca00000] [id=13152]
  0x0000021786277000 ConcurrentGCThread "G1 Young RemSet Sampling" [stack: 0x0000001c4b100000,0x0000001c4b200000] [id=7196]

Threads with active compile tasks:
C2 CompilerThread0  13433530 3209   !   4       jdk.internal.loader.BuiltinClassLoader::findResource (154 bytes)

VM state:not at safepoint (normal execution)

VM Mutex/Monitor currently owned by a thread: None

Heap address: 0x0000000702400000, size: 4060 MB, Compressed Oops mode: Zero based, Oop shift amount: 3
Narrow klass base: 0x0000000800000000, Narrow klass shift: 3
Compressed class space size: 1073741824 Address: 0x0000000800b40000

Heap:
 garbage-first heap   total 260096K, used 34959K [0x0000000702400000, 0x0000000800000000)
  region size 1024K, 18 young (18432K), 2 survivors (2048K)
 Metaspace       used 17129K, capacity 17509K, committed 17664K, reserved 1064960K
  class space    used 1872K, capacity 2042K, committed 2048K, reserved 1048576K
Heap Regions: E=young(eden), S=young(survivor), O=old, HS=humongous(starts), HC=humongous(continues), CS=collection set, F=free, A=archive, TAMS=top-at-mark-start (previous, next)
|   0|0x0000000702400000, 0x0000000702500000, 0x0000000702500000|100%| O|  |TAMS 0x0000000702400000, 0x0000000702400000| Untracked 
|   1|0x0000000702500000, 0x0000000702600000, 0x0000000702600000|100%| O|  |TAMS 0x0000000702500000, 0x0000000702500000| Untracked 
|   2|0x0000000702600000, 0x0000000702700000, 0x0000000702700000|100%| O|  |TAMS 0x0000000702600000, 0x0000000702600000| Untracked 
|   3|0x0000000702700000, 0x0000000702800000, 0x0000000702800000|100%|HS|  |TAMS 0x0000000702700000, 0x0000000702700000| Complete 
|   4|0x0000000702800000, 0x0000000702900000, 0x0000000702900000|100%|HC|  |TAMS 0x0000000702800000, 0x0000000702800000| Complete 
|   5|0x0000000702900000, 0x0000000702a00000, 0x0000000702a00000|100%|HC|  |TAMS 0x0000000702900000, 0x0000000702900000| Complete 
|   6|0x0000000702a00000, 0x0000000702b00000, 0x0000000702b00000|100%|HC|  |TAMS 0x0000000702a00000, 0x0000000702a00000| Complete 
|   7|0x0000000702b00000, 0x0000000702c00000, 0x0000000702c00000|100%|HC|  |TAMS 0x0000000702b00000, 0x0000000702b00000| Complete 
|   8|0x0000000702c00000, 0x0000000702d00000, 0x0000000702d00000|100%|HC|  |TAMS 0x0000000702c00000, 0x0000000702c00000| Complete 
|   9|0x0000000702d00000, 0x0000000702e00000, 0x0000000702e00000|100%|HS|  |TAMS 0x0000000702d00000, 0x0000000702d00000| Complete 
|  10|0x0000000702e00000, 0x0000000702f00000, 0x0000000702f00000|100%|HC|  |TAMS 0x0000000702e00000, 0x0000000702e00000| Complete 
|  11|0x0000000702f00000, 0x0000000703000000, 0x0000000703000000|100%|HC|  |TAMS 0x0000000702f00000, 0x0000000702f00000| Complete 
|  12|0x0000000703000000, 0x0000000703100000, 0x0000000703100000|100%|HC|  |TAMS 0x0000000703000000, 0x0000000703000000| Complete 
|  13|0x0000000703100000, 0x0000000703200000, 0x0000000703200000|100%|HC|  |TAMS 0x0000000703100000, 0x0000000703100000| Complete 
|  14|0x0000000703200000, 0x0000000703300000, 0x0000000703300000|100%|HC|  |TAMS 0x0000000703200000, 0x0000000703200000| Complete 
|  15|0x0000000703300000, 0x0000000703400000, 0x0000000703400000|100%| O|  |TAMS 0x0000000703300000, 0x0000000703300000| Untracked 
|  16|0x0000000703400000, 0x0000000703500000, 0x0000000703500000|100%| O|  |TAMS 0x0000000703400000, 0x0000000703400000| Untracked 
|  17|0x0000000703500000, 0x0000000703600000, 0x0000000703600000|100%| O|  |TAMS 0x0000000703500000, 0x0000000703500000| Untracked 
|  18|0x0000000703600000, 0x0000000703600000, 0x0000000703700000|  0%| F|  |TAMS 0x0000000703600000, 0x0000000703600000| Untracked 
|  19|0x0000000703700000, 0x0000000703700000, 0x0000000703800000|  0%| F|  |TAMS 0x0000000703700000, 0x0000000703700000| Untracked 
|  20|0x0000000703800000, 0x0000000703800000, 0x0000000703900000|  0%| F|  |TAMS 0x0000000703800000, 0x0000000703800000| Untracked 
|  21|0x0000000703900000, 0x0000000703900000, 0x0000000703a00000|  0%| F|  |TAMS 0x0000000703900000, 0x0000000703900000| Untracked 
|  22|0x0000000703a00000, 0x0000000703a00000, 0x0000000703b00000|  0%| F|  |TAMS 0x0000000703a00000, 0x0000000703a00000| Untracked 
|  23|0x0000000703b00000, 0x0000000703b00000, 0x0000000703c00000|  0%| F|  |TAMS 0x0000000703b00000, 0x0000000703b00000| Untracked 
|  24|0x0000000703c00000, 0x0000000703c00000, 0x0000000703d00000|  0%| F|  |TAMS 0x0000000703c00000, 0x0000000703c00000| Untracked 
|  25|0x0000000703d00000, 0x0000000703d00000, 0x0000000703e00000|  0%| F|  |TAMS 0x0000000703d00000, 0x0000000703d00000| Untracked 
|  26|0x0000000703e00000, 0x0000000703e00000, 0x0000000703f00000|  0%| F|  |TAMS 0x0000000703e00000, 0x0000000703e00000| Untracked 
|  27|0x0000000703f00000, 0x0000000703f00000, 0x0000000704000000|  0%| F|  |TAMS 0x0000000703f00000, 0x0000000703f00000| Untracked 
|  28|0x0000000704000000, 0x0000000704000000, 0x0000000704100000|  0%| F|  |TAMS 0x0000000704000000, 0x0000000704000000| Untracked 
|  29|0x0000000704100000, 0x0000000704100000, 0x0000000704200000|  0%| F|  |TAMS 0x0000000704100000, 0x0000000704100000| Untracked 
|  30|0x0000000704200000, 0x0000000704200000, 0x0000000704300000|  0%| F|  |TAMS 0x0000000704200000, 0x0000000704200000| Untracked 
|  31|0x0000000704300000, 0x0000000704300000, 0x0000000704400000|  0%| F|  |TAMS 0x0000000704300000, 0x0000000704300000| Untracked 
|  32|0x0000000704400000, 0x0000000704400000, 0x0000000704500000|  0%| F|  |TAMS 0x0000000704400000, 0x0000000704400000| Untracked 
|  33|0x0000000704500000, 0x0000000704500000, 0x0000000704600000|  0%| F|  |TAMS 0x0000000704500000, 0x0000000704500000| Untracked 
|  34|0x0000000704600000, 0x0000000704600000, 0x0000000704700000|  0%| F|  |TAMS 0x0000000704600000, 0x0000000704600000| Untracked 
|  35|0x0000000704700000, 0x0000000704700000, 0x0000000704800000|  0%| F|  |TAMS 0x0000000704700000, 0x0000000704700000| Untracked 
|  36|0x0000000704800000, 0x0000000704800000, 0x0000000704900000|  0%| F|  |TAMS 0x0000000704800000, 0x0000000704800000| Untracked 
|  37|0x0000000704900000, 0x0000000704900000, 0x0000000704a00000|  0%| F|  |TAMS 0x0000000704900000, 0x0000000704900000| Untracked 
|  38|0x0000000704a00000, 0x0000000704a00000, 0x0000000704b00000|  0%| F|  |TAMS 0x0000000704a00000, 0x0000000704a00000| Untracked 
|  39|0x0000000704b00000, 0x0000000704b00000, 0x0000000704c00000|  0%| F|  |TAMS 0x0000000704b00000, 0x0000000704b00000| Untracked 
|  40|0x0000000704c00000, 0x0000000704c00000, 0x0000000704d00000|  0%| F|  |TAMS 0x0000000704c00000, 0x0000000704c00000| Untracked 
|  41|0x0000000704d00000, 0x0000000704d00000, 0x0000000704e00000|  0%| F|  |TAMS 0x0000000704d00000, 0x0000000704d00000| Untracked 
|  42|0x0000000704e00000, 0x0000000704e00000, 0x0000000704f00000|  0%| F|  |TAMS 0x0000000704e00000, 0x0000000704e00000| Untracked 
|  43|0x0000000704f00000, 0x0000000704f00000, 0x0000000705000000|  0%| F|  |TAMS 0x0000000704f00000, 0x0000000704f00000| Untracked 
|  44|0x0000000705000000, 0x0000000705000000, 0x0000000705100000|  0%| F|  |TAMS 0x0000000705000000, 0x0000000705000000| Untracked 
|  45|0x0000000705100000, 0x0000000705100000, 0x0000000705200000|  0%| F|  |TAMS 0x0000000705100000, 0x0000000705100000| Untracked 
|  46|0x0000000705200000, 0x0000000705200000, 0x0000000705300000|  0%| F|  |TAMS 0x0000000705200000, 0x0000000705200000| Untracked 
|  47|0x0000000705300000, 0x0000000705300000, 0x0000000705400000|  0%| F|  |TAMS 0x0000000705300000, 0x0000000705300000| Untracked 
|  48|0x0000000705400000, 0x0000000705400000, 0x0000000705500000|  0%| F|  |TAMS 0x0000000705400000, 0x0000000705400000| Untracked 
|  49|0x0000000705500000, 0x0000000705500000, 0x0000000705600000|  0%| F|  |TAMS 0x0000000705500000, 0x0000000705500000| Untracked 
|  50|0x0000000705600000, 0x0000000705600000, 0x0000000705700000|  0%| F|  |TAMS 0x0000000705600000, 0x0000000705600000| Untracked 
|  51|0x0000000705700000, 0x0000000705700000, 0x0000000705800000|  0%| F|  |TAMS 0x0000000705700000, 0x0000000705700000| Untracked 
|  52|0x0000000705800000, 0x0000000705800000, 0x0000000705900000|  0%| F|  |TAMS 0x0000000705800000, 0x0000000705800000| Untracked 
|  53|0x0000000705900000, 0x0000000705900000, 0x0000000705a00000|  0%| F|  |TAMS 0x0000000705900000, 0x0000000705900000| Untracked 
|  54|0x0000000705a00000, 0x0000000705a00000, 0x0000000705b00000|  0%| F|  |TAMS 0x0000000705a00000, 0x0000000705a00000| Untracked 
|  55|0x0000000705b00000, 0x0000000705b00000, 0x0000000705c00000|  0%| F|  |TAMS 0x0000000705b00000, 0x0000000705b00000| Untracked 
|  56|0x0000000705c00000, 0x0000000705c00000, 0x0000000705d00000|  0%| F|  |TAMS 0x0000000705c00000, 0x0000000705c00000| Untracked 
|  57|0x0000000705d00000, 0x0000000705d00000, 0x0000000705e00000|  0%| F|  |TAMS 0x0000000705d00000, 0x0000000705d00000| Untracked 
|  58|0x0000000705e00000, 0x0000000705e00000, 0x0000000705f00000|  0%| F|  |TAMS 0x0000000705e00000, 0x0000000705e00000| Untracked 
|  59|0x0000000705f00000, 0x0000000705f00000, 0x0000000706000000|  0%| F|  |TAMS 0x0000000705f00000, 0x0000000705f00000| Untracked 
|  60|0x0000000706000000, 0x0000000706000000, 0x0000000706100000|  0%| F|  |TAMS 0x0000000706000000, 0x0000000706000000| Untracked 
|  61|0x0000000706100000, 0x0000000706100000, 0x0000000706200000|  0%| F|  |TAMS 0x0000000706100000, 0x0000000706100000| Untracked 
|  62|0x0000000706200000, 0x0000000706200000, 0x0000000706300000|  0%| F|  |TAMS 0x0000000706200000, 0x0000000706200000| Untracked 
|  63|0x0000000706300000, 0x0000000706300000, 0x0000000706400000|  0%| F|  |TAMS 0x0000000706300000, 0x0000000706300000| Untracked 
|  64|0x0000000706400000, 0x0000000706400000, 0x0000000706500000|  0%| F|  |TAMS 0x0000000706400000, 0x0000000706400000| Untracked 
|  65|0x0000000706500000, 0x0000000706500000, 0x0000000706600000|  0%| F|  |TAMS 0x0000000706500000, 0x0000000706500000| Untracked 
|  66|0x0000000706600000, 0x0000000706600000, 0x0000000706700000|  0%| F|  |TAMS 0x0000000706600000, 0x0000000706600000| Untracked 
|  67|0x0000000706700000, 0x0000000706700000, 0x0000000706800000|  0%| F|  |TAMS 0x0000000706700000, 0x0000000706700000| Untracked 
|  68|0x0000000706800000, 0x0000000706800000, 0x0000000706900000|  0%| F|  |TAMS 0x0000000706800000, 0x0000000706800000| Untracked 
|  69|0x0000000706900000, 0x0000000706900000, 0x0000000706a00000|  0%| F|  |TAMS 0x0000000706900000, 0x0000000706900000| Untracked 
|  70|0x0000000706a00000, 0x0000000706a00000, 0x0000000706b00000|  0%| F|  |TAMS 0x0000000706a00000, 0x0000000706a00000| Untracked 
|  71|0x0000000706b00000, 0x0000000706b00000, 0x0000000706c00000|  0%| F|  |TAMS 0x0000000706b00000, 0x0000000706b00000| Untracked 
|  72|0x0000000706c00000, 0x0000000706c00000, 0x0000000706d00000|  0%| F|  |TAMS 0x0000000706c00000, 0x0000000706c00000| Untracked 
|  73|0x0000000706d00000, 0x0000000706d00000, 0x0000000706e00000|  0%| F|  |TAMS 0x0000000706d00000, 0x0000000706d00000| Untracked 
|  74|0x0000000706e00000, 0x0000000706e00000, 0x0000000706f00000|  0%| F|  |TAMS 0x0000000706e00000, 0x0000000706e00000| Untracked 
|  75|0x0000000706f00000, 0x0000000706f00000, 0x0000000707000000|  0%| F|  |TAMS 0x0000000706f00000, 0x0000000706f00000| Untracked 
|  76|0x0000000707000000, 0x0000000707000000, 0x0000000707100000|  0%| F|  |TAMS 0x0000000707000000, 0x0000000707000000| Untracked 
|  77|0x0000000707100000, 0x0000000707100000, 0x0000000707200000|  0%| F|  |TAMS 0x0000000707100000, 0x0000000707100000| Untracked 
|  78|0x0000000707200000, 0x0000000707200000, 0x0000000707300000|  0%| F|  |TAMS 0x0000000707200000, 0x0000000707200000| Untracked 
|  79|0x0000000707300000, 0x0000000707300000, 0x0000000707400000|  0%| F|  |TAMS 0x0000000707300000, 0x0000000707300000| Untracked 
|  80|0x0000000707400000, 0x0000000707400000, 0x0000000707500000|  0%| F|  |TAMS 0x0000000707400000, 0x0000000707400000| Untracked 
|  81|0x0000000707500000, 0x0000000707500000, 0x0000000707600000|  0%| F|  |TAMS 0x0000000707500000, 0x0000000707500000| Untracked 
|  82|0x0000000707600000, 0x0000000707600000, 0x0000000707700000|  0%| F|  |TAMS 0x0000000707600000, 0x0000000707600000| Untracked 
|  83|0x0000000707700000, 0x0000000707700000, 0x0000000707800000|  0%| F|  |TAMS 0x0000000707700000, 0x0000000707700000| Untracked 
|  84|0x0000000707800000, 0x0000000707800000, 0x0000000707900000|  0%| F|  |TAMS 0x0000000707800000, 0x0000000707800000| Untracked 
|  85|0x0000000707900000, 0x0000000707900000, 0x0000000707a00000|  0%| F|  |TAMS 0x0000000707900000, 0x0000000707900000| Untracked 
|  86|0x0000000707a00000, 0x0000000707a00000, 0x0000000707b00000|  0%| F|  |TAMS 0x0000000707a00000, 0x0000000707a00000| Untracked 
|  87|0x0000000707b00000, 0x0000000707b00000, 0x0000000707c00000|  0%| F|  |TAMS 0x0000000707b00000, 0x0000000707b00000| Untracked 
|  88|0x0000000707c00000, 0x0000000707c00000, 0x0000000707d00000|  0%| F|  |TAMS 0x0000000707c00000, 0x0000000707c00000| Untracked 
|  89|0x0000000707d00000, 0x0000000707d00000, 0x0000000707e00000|  0%| F|  |TAMS 0x0000000707d00000, 0x0000000707d00000| Untracked 
|  90|0x0000000707e00000, 0x0000000707e00000, 0x0000000707f00000|  0%| F|  |TAMS 0x0000000707e00000, 0x0000000707e00000| Untracked 
|  91|0x0000000707f00000, 0x0000000707f00000, 0x0000000708000000|  0%| F|  |TAMS 0x0000000707f00000, 0x0000000707f00000| Untracked 
|  92|0x0000000708000000, 0x0000000708000000, 0x0000000708100000|  0%| F|  |TAMS 0x0000000708000000, 0x0000000708000000| Untracked 
|  93|0x0000000708100000, 0x0000000708100000, 0x0000000708200000|  0%| F|  |TAMS 0x0000000708100000, 0x0000000708100000| Untracked 
|  94|0x0000000708200000, 0x0000000708200000, 0x0000000708300000|  0%| F|  |TAMS 0x0000000708200000, 0x0000000708200000| Untracked 
|  95|0x0000000708300000, 0x0000000708300000, 0x0000000708400000|  0%| F|  |TAMS 0x0000000708300000, 0x0000000708300000| Untracked 
|  96|0x0000000708400000, 0x0000000708400000, 0x0000000708500000|  0%| F|  |TAMS 0x0000000708400000, 0x0000000708400000| Untracked 
|  97|0x0000000708500000, 0x0000000708500000, 0x0000000708600000|  0%| F|  |TAMS 0x0000000708500000, 0x0000000708500000| Untracked 
|  98|0x0000000708600000, 0x0000000708600000, 0x0000000708700000|  0%| F|  |TAMS 0x0000000708600000, 0x0000000708600000| Untracked 
|  99|0x0000000708700000, 0x0000000708700000, 0x0000000708800000|  0%| F|  |TAMS 0x0000000708700000, 0x0000000708700000| Untracked 
| 100|0x0000000708800000, 0x0000000708800000, 0x0000000708900000|  0%| F|  |TAMS 0x0000000708800000, 0x0000000708800000| Untracked 
| 101|0x0000000708900000, 0x0000000708900000, 0x0000000708a00000|  0%| F|  |TAMS 0x0000000708900000, 0x0000000708900000| Untracked 
| 102|0x0000000708a00000, 0x0000000708a00000, 0x0000000708b00000|  0%| F|  |TAMS 0x0000000708a00000, 0x0000000708a00000| Untracked 
| 103|0x0000000708b00000, 0x0000000708b00000, 0x0000000708c00000|  0%| F|  |TAMS 0x0000000708b00000, 0x0000000708b00000| Untracked 
| 104|0x0000000708c00000, 0x0000000708c00000, 0x0000000708d00000|  0%| F|  |TAMS 0x0000000708c00000, 0x0000000708c00000| Untracked 
| 105|0x0000000708d00000, 0x0000000708d00000, 0x0000000708e00000|  0%| F|  |TAMS 0x0000000708d00000, 0x0000000708d00000| Untracked 
| 106|0x0000000708e00000, 0x0000000708e00000, 0x0000000708f00000|  0%| F|  |TAMS 0x0000000708e00000, 0x0000000708e00000| Untracked 
| 107|0x0000000708f00000, 0x0000000708f00000, 0x0000000709000000|  0%| F|  |TAMS 0x0000000708f00000, 0x0000000708f00000| Untracked 
| 108|0x0000000709000000, 0x0000000709000000, 0x0000000709100000|  0%| F|  |TAMS 0x0000000709000000, 0x0000000709000000| Untracked 
| 109|0x0000000709100000, 0x0000000709100000, 0x0000000709200000|  0%| F|  |TAMS 0x0000000709100000, 0x0000000709100000| Untracked 
| 110|0x0000000709200000, 0x0000000709200000, 0x0000000709300000|  0%| F|  |TAMS 0x0000000709200000, 0x0000000709200000| Untracked 
| 111|0x0000000709300000, 0x0000000709300000, 0x0000000709400000|  0%| F|  |TAMS 0x0000000709300000, 0x0000000709300000| Untracked 
| 112|0x0000000709400000, 0x0000000709400000, 0x0000000709500000|  0%| F|  |TAMS 0x0000000709400000, 0x0000000709400000| Untracked 
| 113|0x0000000709500000, 0x0000000709500000, 0x0000000709600000|  0%| F|  |TAMS 0x0000000709500000, 0x0000000709500000| Untracked 
| 114|0x0000000709600000, 0x0000000709600000, 0x0000000709700000|  0%| F|  |TAMS 0x0000000709600000, 0x0000000709600000| Untracked 
| 115|0x0000000709700000, 0x0000000709700000, 0x0000000709800000|  0%| F|  |TAMS 0x0000000709700000, 0x0000000709700000| Untracked 
| 116|0x0000000709800000, 0x0000000709800000, 0x0000000709900000|  0%| F|  |TAMS 0x0000000709800000, 0x0000000709800000| Untracked 
| 117|0x0000000709900000, 0x0000000709900000, 0x0000000709a00000|  0%| F|  |TAMS 0x0000000709900000, 0x0000000709900000| Untracked 
| 118|0x0000000709a00000, 0x0000000709a00000, 0x0000000709b00000|  0%| F|  |TAMS 0x0000000709a00000, 0x0000000709a00000| Untracked 
| 119|0x0000000709b00000, 0x0000000709b00000, 0x0000000709c00000|  0%| F|  |TAMS 0x0000000709b00000, 0x0000000709b00000| Untracked 
| 120|0x0000000709c00000, 0x0000000709c00000, 0x0000000709d00000|  0%| F|  |TAMS 0x0000000709c00000, 0x0000000709c00000| Untracked 
| 121|0x0000000709d00000, 0x0000000709d00000, 0x0000000709e00000|  0%| F|  |TAMS 0x0000000709d00000, 0x0000000709d00000| Untracked 
| 122|0x0000000709e00000, 0x0000000709e00000, 0x0000000709f00000|  0%| F|  |TAMS 0x0000000709e00000, 0x0000000709e00000| Untracked 
| 123|0x0000000709f00000, 0x0000000709f00000, 0x000000070a000000|  0%| F|  |TAMS 0x0000000709f00000, 0x0000000709f00000| Untracked 
| 124|0x000000070a000000, 0x000000070a000000, 0x000000070a100000|  0%| F|  |TAMS 0x000000070a000000, 0x000000070a000000| Untracked 
| 125|0x000000070a100000, 0x000000070a100000, 0x000000070a200000|  0%| F|  |TAMS 0x000000070a100000, 0x000000070a100000| Untracked 
| 126|0x000000070a200000, 0x000000070a200000, 0x000000070a300000|  0%| F|  |TAMS 0x000000070a200000, 0x000000070a200000| Untracked 
| 127|0x000000070a300000, 0x000000070a300000, 0x000000070a400000|  0%| F|  |TAMS 0x000000070a300000, 0x000000070a300000| Untracked 
| 128|0x000000070a400000, 0x000000070a400000, 0x000000070a500000|  0%| F|  |TAMS 0x000000070a400000, 0x000000070a400000| Untracked 
| 129|0x000000070a500000, 0x000000070a500000, 0x000000070a600000|  0%| F|  |TAMS 0x000000070a500000, 0x000000070a500000| Untracked 
| 130|0x000000070a600000, 0x000000070a600000, 0x000000070a700000|  0%| F|  |TAMS 0x000000070a600000, 0x000000070a600000| Untracked 
| 131|0x000000070a700000, 0x000000070a700000, 0x000000070a800000|  0%| F|  |TAMS 0x000000070a700000, 0x000000070a700000| Untracked 
| 132|0x000000070a800000, 0x000000070a800000, 0x000000070a900000|  0%| F|  |TAMS 0x000000070a800000, 0x000000070a800000| Untracked 
| 133|0x000000070a900000, 0x000000070a900000, 0x000000070aa00000|  0%| F|  |TAMS 0x000000070a900000, 0x000000070a900000| Untracked 
| 134|0x000000070aa00000, 0x000000070aa00000, 0x000000070ab00000|  0%| F|  |TAMS 0x000000070aa00000, 0x000000070aa00000| Untracked 
| 135|0x000000070ab00000, 0x000000070ab00000, 0x000000070ac00000|  0%| F|  |TAMS 0x000000070ab00000, 0x000000070ab00000| Untracked 
| 136|0x000000070ac00000, 0x000000070ac00000, 0x000000070ad00000|  0%| F|  |TAMS 0x000000070ac00000, 0x000000070ac00000| Untracked 
| 137|0x000000070ad00000, 0x000000070ad00000, 0x000000070ae00000|  0%| F|  |TAMS 0x000000070ad00000, 0x000000070ad00000| Untracked 
| 138|0x000000070ae00000, 0x000000070ae00000, 0x000000070af00000|  0%| F|  |TAMS 0x000000070ae00000, 0x000000070ae00000| Untracked 
| 139|0x000000070af00000, 0x000000070af00000, 0x000000070b000000|  0%| F|  |TAMS 0x000000070af00000, 0x000000070af00000| Untracked 
| 140|0x000000070b000000, 0x000000070b000000, 0x000000070b100000|  0%| F|  |TAMS 0x000000070b000000, 0x000000070b000000| Untracked 
| 141|0x000000070b100000, 0x000000070b100000, 0x000000070b200000|  0%| F|  |TAMS 0x000000070b100000, 0x000000070b100000| Untracked 
| 142|0x000000070b200000, 0x000000070b200000, 0x000000070b300000|  0%| F|  |TAMS 0x000000070b200000, 0x000000070b200000| Untracked 
| 143|0x000000070b300000, 0x000000070b300000, 0x000000070b400000|  0%| F|  |TAMS 0x000000070b300000, 0x000000070b300000| Untracked 
| 144|0x000000070b400000, 0x000000070b400000, 0x000000070b500000|  0%| F|  |TAMS 0x000000070b400000, 0x000000070b400000| Untracked 
| 145|0x000000070b500000, 0x000000070b500000, 0x000000070b600000|  0%| F|  |TAMS 0x000000070b500000, 0x000000070b500000| Untracked 
| 146|0x000000070b600000, 0x000000070b600000, 0x000000070b700000|  0%| F|  |TAMS 0x000000070b600000, 0x000000070b600000| Untracked 
| 147|0x000000070b700000, 0x000000070b700000, 0x000000070b800000|  0%| F|  |TAMS 0x000000070b700000, 0x000000070b700000| Untracked 
| 148|0x000000070b800000, 0x000000070b800000, 0x000000070b900000|  0%| F|  |TAMS 0x000000070b800000, 0x000000070b800000| Untracked 
| 149|0x000000070b900000, 0x000000070b900000, 0x000000070ba00000|  0%| F|  |TAMS 0x000000070b900000, 0x000000070b900000| Untracked 
| 150|0x000000070ba00000, 0x000000070ba00000, 0x000000070bb00000|  0%| F|  |TAMS 0x000000070ba00000, 0x000000070ba00000| Untracked 
| 151|0x000000070bb00000, 0x000000070bb00000, 0x000000070bc00000|  0%| F|  |TAMS 0x000000070bb00000, 0x000000070bb00000| Untracked 
| 152|0x000000070bc00000, 0x000000070bc00000, 0x000000070bd00000|  0%| F|  |TAMS 0x000000070bc00000, 0x000000070bc00000| Untracked 
| 153|0x000000070bd00000, 0x000000070bd00000, 0x000000070be00000|  0%| F|  |TAMS 0x000000070bd00000, 0x000000070bd00000| Untracked 
| 154|0x000000070be00000, 0x000000070be00000, 0x000000070bf00000|  0%| F|  |TAMS 0x000000070be00000, 0x000000070be00000| Untracked 
| 155|0x000000070bf00000, 0x000000070bf00000, 0x000000070c000000|  0%| F|  |TAMS 0x000000070bf00000, 0x000000070bf00000| Untracked 
| 156|0x000000070c000000, 0x000000070c000000, 0x000000070c100000|  0%| F|  |TAMS 0x000000070c000000, 0x000000070c000000| Untracked 
| 157|0x000000070c100000, 0x000000070c100000, 0x000000070c200000|  0%| F|  |TAMS 0x000000070c100000, 0x000000070c100000| Untracked 
| 158|0x000000070c200000, 0x000000070c200000, 0x000000070c300000|  0%| F|  |TAMS 0x000000070c200000, 0x000000070c200000| Untracked 
| 159|0x000000070c300000, 0x000000070c300000, 0x000000070c400000|  0%| F|  |TAMS 0x000000070c300000, 0x000000070c300000| Untracked 
| 160|0x000000070c400000, 0x000000070c400000, 0x000000070c500000|  0%| F|  |TAMS 0x000000070c400000, 0x000000070c400000| Untracked 
| 161|0x000000070c500000, 0x000000070c500000, 0x000000070c600000|  0%| F|  |TAMS 0x000000070c500000, 0x000000070c500000| Untracked 
| 162|0x000000070c600000, 0x000000070c600000, 0x000000070c700000|  0%| F|  |TAMS 0x000000070c600000, 0x000000070c600000| Untracked 
| 163|0x000000070c700000, 0x000000070c700000, 0x000000070c800000|  0%| F|  |TAMS 0x000000070c700000, 0x000000070c700000| Untracked 
| 164|0x000000070c800000, 0x000000070c800000, 0x000000070c900000|  0%| F|  |TAMS 0x000000070c800000, 0x000000070c800000| Untracked 
| 165|0x000000070c900000, 0x000000070c900000, 0x000000070ca00000|  0%| F|  |TAMS 0x000000070c900000, 0x000000070c900000| Untracked 
| 166|0x000000070ca00000, 0x000000070ca00000, 0x000000070cb00000|  0%| F|  |TAMS 0x000000070ca00000, 0x000000070ca00000| Untracked 
| 167|0x000000070cb00000, 0x000000070cb00000, 0x000000070cc00000|  0%| F|  |TAMS 0x000000070cb00000, 0x000000070cb00000| Untracked 
| 168|0x000000070cc00000, 0x000000070cc00000, 0x000000070cd00000|  0%| F|  |TAMS 0x000000070cc00000, 0x000000070cc00000| Untracked 
| 169|0x000000070cd00000, 0x000000070cd00000, 0x000000070ce00000|  0%| F|  |TAMS 0x000000070cd00000, 0x000000070cd00000| Untracked 
| 170|0x000000070ce00000, 0x000000070ce00000, 0x000000070cf00000|  0%| F|  |TAMS 0x000000070ce00000, 0x000000070ce00000| Untracked 
| 171|0x000000070cf00000, 0x000000070cf00000, 0x000000070d000000|  0%| F|  |TAMS 0x000000070cf00000, 0x000000070cf00000| Untracked 
| 172|0x000000070d000000, 0x000000070d000000, 0x000000070d100000|  0%| F|  |TAMS 0x000000070d000000, 0x000000070d000000| Untracked 
| 173|0x000000070d100000, 0x000000070d100000, 0x000000070d200000|  0%| F|  |TAMS 0x000000070d100000, 0x000000070d100000| Untracked 
| 174|0x000000070d200000, 0x000000070d200000, 0x000000070d300000|  0%| F|  |TAMS 0x000000070d200000, 0x000000070d200000| Untracked 
| 175|0x000000070d300000, 0x000000070d300000, 0x000000070d400000|  0%| F|  |TAMS 0x000000070d300000, 0x000000070d300000| Untracked 
| 176|0x000000070d400000, 0x000000070d400000, 0x000000070d500000|  0%| F|  |TAMS 0x000000070d400000, 0x000000070d400000| Untracked 
| 177|0x000000070d500000, 0x000000070d500000, 0x000000070d600000|  0%| F|  |TAMS 0x000000070d500000, 0x000000070d500000| Untracked 
| 178|0x000000070d600000, 0x000000070d600000, 0x000000070d700000|  0%| F|  |TAMS 0x000000070d600000, 0x000000070d600000| Untracked 
| 179|0x000000070d700000, 0x000000070d700000, 0x000000070d800000|  0%| F|  |TAMS 0x000000070d700000, 0x000000070d700000| Untracked 
| 180|0x000000070d800000, 0x000000070d800000, 0x000000070d900000|  0%| F|  |TAMS 0x000000070d800000, 0x000000070d800000| Untracked 
| 181|0x000000070d900000, 0x000000070d900000, 0x000000070da00000|  0%| F|  |TAMS 0x000000070d900000, 0x000000070d900000| Untracked 
| 182|0x000000070da00000, 0x000000070da00000, 0x000000070db00000|  0%| F|  |TAMS 0x000000070da00000, 0x000000070da00000| Untracked 
| 183|0x000000070db00000, 0x000000070db00000, 0x000000070dc00000|  0%| F|  |TAMS 0x000000070db00000, 0x000000070db00000| Untracked 
| 184|0x000000070dc00000, 0x000000070dc00000, 0x000000070dd00000|  0%| F|  |TAMS 0x000000070dc00000, 0x000000070dc00000| Untracked 
| 185|0x000000070dd00000, 0x000000070dd00000, 0x000000070de00000|  0%| F|  |TAMS 0x000000070dd00000, 0x000000070dd00000| Untracked 
| 186|0x000000070de00000, 0x000000070de00000, 0x000000070df00000|  0%| F|  |TAMS 0x000000070de00000, 0x000000070de00000| Untracked 
| 187|0x000000070df00000, 0x000000070df00000, 0x000000070e000000|  0%| F|  |TAMS 0x000000070df00000, 0x000000070df00000| Untracked 
| 188|0x000000070e000000, 0x000000070e000000, 0x000000070e100000|  0%| F|  |TAMS 0x000000070e000000, 0x000000070e000000| Untracked 
| 189|0x000000070e100000, 0x000000070e100000, 0x000000070e200000|  0%| F|  |TAMS 0x000000070e100000, 0x000000070e100000| Untracked 
| 190|0x000000070e200000, 0x000000070e200000, 0x000000070e300000|  0%| F|  |TAMS 0x000000070e200000, 0x000000070e200000| Untracked 
| 191|0x000000070e300000, 0x000000070e300000, 0x000000070e400000|  0%| F|  |TAMS 0x000000070e300000, 0x000000070e300000| Untracked 
| 192|0x000000070e400000, 0x000000070e400000, 0x000000070e500000|  0%| F|  |TAMS 0x000000070e400000, 0x000000070e400000| Untracked 
| 193|0x000000070e500000, 0x000000070e500000, 0x000000070e600000|  0%| F|  |TAMS 0x000000070e500000, 0x000000070e500000| Untracked 
| 194|0x000000070e600000, 0x000000070e600000, 0x000000070e700000|  0%| F|  |TAMS 0x000000070e600000, 0x000000070e600000| Untracked 
| 195|0x000000070e700000, 0x000000070e700000, 0x000000070e800000|  0%| F|  |TAMS 0x000000070e700000, 0x000000070e700000| Untracked 
| 196|0x000000070e800000, 0x000000070e800000, 0x000000070e900000|  0%| F|  |TAMS 0x000000070e800000, 0x000000070e800000| Untracked 
| 197|0x000000070e900000, 0x000000070e900000, 0x000000070ea00000|  0%| F|  |TAMS 0x000000070e900000, 0x000000070e900000| Untracked 
| 198|0x000000070ea00000, 0x000000070ea00000, 0x000000070eb00000|  0%| F|  |TAMS 0x000000070ea00000, 0x000000070ea00000| Untracked 
| 199|0x000000070eb00000, 0x000000070eb00000, 0x000000070ec00000|  0%| F|  |TAMS 0x000000070eb00000, 0x000000070eb00000| Untracked 
| 200|0x000000070ec00000, 0x000000070ec00000, 0x000000070ed00000|  0%| F|  |TAMS 0x000000070ec00000, 0x000000070ec00000| Untracked 
| 201|0x000000070ed00000, 0x000000070ed00000, 0x000000070ee00000|  0%| F|  |TAMS 0x000000070ed00000, 0x000000070ed00000| Untracked 
| 202|0x000000070ee00000, 0x000000070ee00000, 0x000000070ef00000|  0%| F|  |TAMS 0x000000070ee00000, 0x000000070ee00000| Untracked 
| 203|0x000000070ef00000, 0x000000070ef00000, 0x000000070f000000|  0%| F|  |TAMS 0x000000070ef00000, 0x000000070ef00000| Untracked 
| 204|0x000000070f000000, 0x000000070f000000, 0x000000070f100000|  0%| F|  |TAMS 0x000000070f000000, 0x000000070f000000| Untracked 
| 205|0x000000070f100000, 0x000000070f100000, 0x000000070f200000|  0%| F|  |TAMS 0x000000070f100000, 0x000000070f100000| Untracked 
| 206|0x000000070f200000, 0x000000070f200000, 0x000000070f300000|  0%| F|  |TAMS 0x000000070f200000, 0x000000070f200000| Untracked 
| 207|0x000000070f300000, 0x000000070f300000, 0x000000070f400000|  0%| F|  |TAMS 0x000000070f300000, 0x000000070f300000| Untracked 
| 208|0x000000070f400000, 0x000000070f400000, 0x000000070f500000|  0%| F|  |TAMS 0x000000070f400000, 0x000000070f400000| Untracked 
| 209|0x000000070f500000, 0x000000070f500000, 0x000000070f600000|  0%| F|  |TAMS 0x000000070f500000, 0x000000070f500000| Untracked 
| 210|0x000000070f600000, 0x000000070f600000, 0x000000070f700000|  0%| F|  |TAMS 0x000000070f600000, 0x000000070f600000| Untracked 
| 211|0x000000070f700000, 0x000000070f700000, 0x000000070f800000|  0%| F|  |TAMS 0x000000070f700000, 0x000000070f700000| Untracked 
| 212|0x000000070f800000, 0x000000070f800000, 0x000000070f900000|  0%| F|  |TAMS 0x000000070f800000, 0x000000070f800000| Untracked 
| 213|0x000000070f900000, 0x000000070f900000, 0x000000070fa00000|  0%| F|  |TAMS 0x000000070f900000, 0x000000070f900000| Untracked 
| 214|0x000000070fa00000, 0x000000070fa00000, 0x000000070fb00000|  0%| F|  |TAMS 0x000000070fa00000, 0x000000070fa00000| Untracked 
| 215|0x000000070fb00000, 0x000000070fb00000, 0x000000070fc00000|  0%| F|  |TAMS 0x000000070fb00000, 0x000000070fb00000| Untracked 
| 216|0x000000070fc00000, 0x000000070fc00000, 0x000000070fd00000|  0%| F|  |TAMS 0x000000070fc00000, 0x000000070fc00000| Untracked 
| 217|0x000000070fd00000, 0x000000070fd00000, 0x000000070fe00000|  0%| F|  |TAMS 0x000000070fd00000, 0x000000070fd00000| Untracked 
| 218|0x000000070fe00000, 0x000000070fe00000, 0x000000070ff00000|  0%| F|  |TAMS 0x000000070fe00000, 0x000000070fe00000| Untracked 
| 219|0x000000070ff00000, 0x000000070ff00000, 0x0000000710000000|  0%| F|  |TAMS 0x000000070ff00000, 0x000000070ff00000| Untracked 
| 220|0x0000000710000000, 0x0000000710000000, 0x0000000710100000|  0%| F|  |TAMS 0x0000000710000000, 0x0000000710000000| Untracked 
| 221|0x0000000710100000, 0x0000000710100000, 0x0000000710200000|  0%| F|  |TAMS 0x0000000710100000, 0x0000000710100000| Untracked 
| 222|0x0000000710200000, 0x0000000710200000, 0x0000000710300000|  0%| F|  |TAMS 0x0000000710200000, 0x0000000710200000| Untracked 
| 223|0x0000000710300000, 0x0000000710300000, 0x0000000710400000|  0%| F|  |TAMS 0x0000000710300000, 0x0000000710300000| Untracked 
| 224|0x0000000710400000, 0x0000000710400000, 0x0000000710500000|  0%| F|  |TAMS 0x0000000710400000, 0x0000000710400000| Untracked 
| 225|0x0000000710500000, 0x0000000710500000, 0x0000000710600000|  0%| F|  |TAMS 0x0000000710500000, 0x0000000710500000| Untracked 
| 226|0x0000000710600000, 0x0000000710600000, 0x0000000710700000|  0%| F|  |TAMS 0x0000000710600000, 0x0000000710600000| Untracked 
| 227|0x0000000710700000, 0x0000000710700000, 0x0000000710800000|  0%| F|  |TAMS 0x0000000710700000, 0x0000000710700000| Untracked 
| 228|0x0000000710800000, 0x0000000710800000, 0x0000000710900000|  0%| F|  |TAMS 0x0000000710800000, 0x0000000710800000| Untracked 
| 229|0x0000000710900000, 0x0000000710900000, 0x0000000710a00000|  0%| F|  |TAMS 0x0000000710900000, 0x0000000710900000| Untracked 
| 230|0x0000000710a00000, 0x0000000710a00000, 0x0000000710b00000|  0%| F|  |TAMS 0x0000000710a00000, 0x0000000710a00000| Untracked 
| 231|0x0000000710b00000, 0x0000000710b00000, 0x0000000710c00000|  0%| F|  |TAMS 0x0000000710b00000, 0x0000000710b00000| Untracked 
| 232|0x0000000710c00000, 0x0000000710c00000, 0x0000000710d00000|  0%| F|  |TAMS 0x0000000710c00000, 0x0000000710c00000| Untracked 
| 233|0x0000000710d00000, 0x0000000710d00000, 0x0000000710e00000|  0%| F|  |TAMS 0x0000000710d00000, 0x0000000710d00000| Untracked 
| 234|0x0000000710e00000, 0x0000000710e00000, 0x0000000710f00000|  0%| F|  |TAMS 0x0000000710e00000, 0x0000000710e00000| Untracked 
| 235|0x0000000710f00000, 0x0000000710f00000, 0x0000000711000000|  0%| F|  |TAMS 0x0000000710f00000, 0x0000000710f00000| Untracked 
| 236|0x0000000711000000, 0x0000000711100000, 0x0000000711100000|100%| E|  |TAMS 0x0000000711000000, 0x0000000711000000| Complete 
| 237|0x0000000711100000, 0x0000000711200000, 0x0000000711200000|100%| E|CS|TAMS 0x0000000711100000, 0x0000000711100000| Complete 
| 238|0x0000000711200000, 0x0000000711300000, 0x0000000711300000|100%| E|CS|TAMS 0x0000000711200000, 0x0000000711200000| Complete 
| 239|0x0000000711300000, 0x0000000711400000, 0x0000000711400000|100%| E|CS|TAMS 0x0000000711300000, 0x0000000711300000| Complete 
| 240|0x0000000711400000, 0x0000000711500000, 0x0000000711500000|100%| E|CS|TAMS 0x0000000711400000, 0x0000000711400000| Complete 
| 241|0x0000000711500000, 0x0000000711600000, 0x0000000711600000|100%| E|CS|TAMS 0x0000000711500000, 0x0000000711500000| Complete 
| 242|0x0000000711600000, 0x0000000711700000, 0x0000000711700000|100%| E|CS|TAMS 0x0000000711600000, 0x0000000711600000| Complete 
| 243|0x0000000711700000, 0x0000000711723c40, 0x0000000711800000| 13%| S|CS|TAMS 0x0000000711700000, 0x0000000711700000| Complete 
| 244|0x0000000711800000, 0x0000000711900000, 0x0000000711900000|100%| S|CS|TAMS 0x0000000711800000, 0x0000000711800000| Complete 
| 245|0x0000000711900000, 0x0000000711a00000, 0x0000000711a00000|100%| E|CS|TAMS 0x0000000711900000, 0x0000000711900000| Complete 
| 246|0x0000000711a00000, 0x0000000711b00000, 0x0000000711b00000|100%| E|CS|TAMS 0x0000000711a00000, 0x0000000711a00000| Complete 
| 247|0x0000000711b00000, 0x0000000711c00000, 0x0000000711c00000|100%| E|CS|TAMS 0x0000000711b00000, 0x0000000711b00000| Complete 
| 248|0x0000000711c00000, 0x0000000711d00000, 0x0000000711d00000|100%| E|CS|TAMS 0x0000000711c00000, 0x0000000711c00000| Complete 
| 249|0x0000000711d00000, 0x0000000711e00000, 0x0000000711e00000|100%| E|CS|TAMS 0x0000000711d00000, 0x0000000711d00000| Complete 
| 250|0x0000000711e00000, 0x0000000711f00000, 0x0000000711f00000|100%| E|CS|TAMS 0x0000000711e00000, 0x0000000711e00000| Complete 
| 251|0x0000000711f00000, 0x0000000712000000, 0x0000000712000000|100%| E|CS|TAMS 0x0000000711f00000, 0x0000000711f00000| Complete 
| 252|0x0000000712000000, 0x0000000712100000, 0x0000000712100000|100%| E|CS|TAMS 0x0000000712000000, 0x0000000712000000| Complete 
| 253|0x0000000712100000, 0x0000000712200000, 0x0000000712200000|100%| E|CS|TAMS 0x0000000712100000, 0x0000000712100000| Complete 

Card table byte_map: [0x00000217fa670000,0x00000217fae60000] _byte_map_base: 0x00000217f6e5e000

Marking Bits (Prev, Next): (CMBitMap*) 0x00000217e044a878, (CMBitMap*) 0x00000217e044a8b8
 Prev Bits: [0x00000217fb650000, 0x00000217ff5c0000)
 Next Bits: [0x0000021780000000, 0x0000021783f70000)

Polling page: 0x00000217e1c60000

Metaspace:

Usage:
  Non-class:     15.10 MB capacity,    14.90 MB ( 99%) used,   170.37 KB (  1%) free+waste,    39.50 KB ( <1%) overhead. 
      Class:      1.99 MB capacity,     1.83 MB ( 92%) used,   148.40 KB (  7%) free+waste,    21.56 KB (  1%) overhead. 
       Both:     17.10 MB capacity,    16.73 MB ( 98%) used,   318.77 KB (  2%) free+waste,    61.06 KB ( <1%) overhead. 

Virtual space:
  Non-class space:       16.00 MB reserved,      15.25 MB ( 95%) committed 
      Class space:        1.00 GB reserved,       2.00 MB ( <1%) committed 
             Both:        1.02 GB reserved,      17.25 MB (  2%) committed 

Chunk freelists:
   Non-Class:  21.00 KB
       Class:  6.00 KB
        Both:  27.00 KB

MaxMetaspaceSize: 17179869184.00 GB
CompressedClassSpaceSize: 1.00 GB

CodeHeap 'non-profiled nmethods': size=120000Kb used=1384Kb max_used=1384Kb free=118615Kb
 bounds [0x00000217f1b80000, 0x00000217f1df0000, 0x00000217f90b0000]
CodeHeap 'profiled nmethods': size=120000Kb used=6274Kb max_used=6274Kb free=113725Kb
 bounds [0x00000217ea650000, 0x00000217eac80000, 0x00000217f1b80000]
CodeHeap 'non-nmethods': size=5760Kb used=1393Kb max_used=1449Kb free=4366Kb
 bounds [0x00000217ea0b0000, 0x00000217ea320000, 0x00000217ea650000]
 total_blobs=4930 nmethods=3016 adapters=614
 compilation: enabled
              stopped_count=0, restarted_count=0
 full_count=0

Compilation events (20 events):
Event: 7776.090 Thread 0x0000021786c32000 nmethod 3197 0x00000217eac6d890 code [0x00000217eac6da40, 0x00000217eac6ddf8]
Event: 7776.090 Thread 0x0000021786c32000 3198       3       jdk.internal.misc.InnocuousThread::eraseThreadLocals (23 bytes)
Event: 7776.101 Thread 0x0000021786c32000 nmethod 3198 0x00000217eac6df10 code [0x00000217eac6e0c0, 0x00000217eac6e338]
Event: 7802.068 Thread 0x0000021786c22000 3199       4       java.lang.AbstractStringBuilder::<init> (39 bytes)
Event: 7802.071 Thread 0x0000021786c22000 nmethod 3199 0x00000217f1cd4890 code [0x00000217f1cd4a20, 0x00000217f1cd4c38]
Event: 7972.101 Thread 0x0000021786c22000 3200       4       java.lang.AbstractStringBuilder::append (45 bytes)
Event: 7972.206 Thread 0x0000021786c22000 nmethod 3200 0x00000217f1cd4d10 code [0x00000217f1cd4ec0, 0x00000217f1cd5818]
Event: 11687.858 Thread 0x0000021786c22000 3201       4       jdk.internal.module.Resources::toPackageName (39 bytes)
Event: 11687.888 Thread 0x0000021786c22000 nmethod 3201 0x00000217f1cd5c10 code [0x00000217f1cd5da0, 0x00000217f1cd5f78]
Event: 11727.957 Thread 0x0000021786c22000 3203       4       jdk.internal.loader.BuiltinClassLoader::findResourceOnClassPath (41 bytes)
Event: 11728.278 Thread 0x0000021786c22000 nmethod 3203 0x00000217f1cd6110 code [0x00000217f1cd63e0, 0x00000217f1cd88a0]
Event: 12013.055 Thread 0x0000021786c22000 3204       4       java.lang.ref.ReferenceQueue::reallyPoll (65 bytes)
Event: 12013.097 Thread 0x0000021786c22000 nmethod 3204 0x00000217f1cd9e10 code [0x00000217f1cd9fa0, 0x00000217f1cda2f8]
Event: 12648.121 Thread 0x0000021786c32000 3205       3       java.awt.Color::<init> (72 bytes)
Event: 12650.933 Thread 0x0000021786c32000 nmethod 3205 0x00000217eac6e410 code [0x00000217eac6e5c0, 0x00000217eac6e8b0]
Event: 12650.933 Thread 0x0000021786c32000 3206       3       java.awt.Color::testColorValueRange (121 bytes)
Event: 12651.014 Thread 0x0000021786c32000 nmethod 3206 0x00000217eac6e990 code [0x00000217eac6ebc0, 0x00000217eac6f240]
Event: 12655.376 Thread 0x0000021786c32000 3207   !   3       java.awt.Toolkit::setDesktopProperty (81 bytes)
Event: 12656.748 Thread 0x0000021786c32000 nmethod 3207 0x00000217eac6f490 code [0x00000217eac6f700, 0x00000217eac707f0]
Event: 13433.331 Thread 0x0000021786c22000 3209   !   4       jdk.internal.loader.BuiltinClassLoader::findResource (154 bytes)

GC Heap History (4 events):
Event: 9.098 GC heap before
{Heap before GC invocations=0 (full 0):
 garbage-first heap   total 260096K, used 23552K [0x0000000702400000, 0x0000000800000000)
  region size 1024K, 24 young (24576K), 0 survivors (0K)
 Metaspace       used 14786K, capacity 15228K, committed 15488K, reserved 1062912K
  class space    used 1701K, capacity 1880K, committed 1920K, reserved 1048576K
}
Event: 9.103 GC heap after
{Heap after GC invocations=1 (full 0):
 garbage-first heap   total 260096K, used 6141K [0x0000000702400000, 0x0000000800000000)
  region size 1024K, 3 young (3072K), 3 survivors (3072K)
 Metaspace       used 14786K, capacity 15228K, committed 15488K, reserved 1062912K
  class space    used 1701K, capacity 1880K, committed 1920K, reserved 1048576K
}
Event: 40.259 GC heap before
{Heap before GC invocations=1 (full 0):
 garbage-first heap   total 260096K, used 27645K [0x0000000702400000, 0x0000000800000000)
  region size 1024K, 12 young (12288K), 3 survivors (3072K)
 Metaspace       used 16812K, capacity 17186K, committed 17408K, reserved 1064960K
  class space    used 1865K, capacity 2041K, committed 2048K, reserved 1048576K
}
Event: 40.263 GC heap after
{Heap after GC invocations=2 (full 0):
 garbage-first heap   total 260096K, used 19599K [0x0000000702400000, 0x0000000800000000)
  region size 1024K, 2 young (2048K), 2 survivors (2048K)
 Metaspace       used 16812K, capacity 17186K, committed 17408K, reserved 1064960K
  class space    used 1865K, capacity 2041K, committed 2048K, reserved 1048576K
}

Deoptimization events (20 events):
Event: 14.270 Thread 0x0000021787328000 Uncommon trap: trap_request=0xffffffde fr.pc=0x00000217f1b90acc relative=0x00000000000001ac
Event: 14.270 Thread 0x0000021787328000 Uncommon trap: reason=class_check action=maybe_recompile pc=0x00000217f1b90acc method=java.lang.String.equals(Ljava/lang/Object;)Z @ 8 c2
Event: 14.270 Thread 0x0000021787328000 DEOPT PACKING pc=0x00000217f1b90acc sp=0x0000001c4bcfdda0
Event: 14.270 Thread 0x0000021787328000 DEOPT UNPACKING pc=0x00000217ea0f912f sp=0x0000001c4bcfdd38 mode 2
Event: 14.270 Thread 0x0000021787328000 Uncommon trap: trap_request=0xffffffde fr.pc=0x00000217f1b90acc relative=0x00000000000001ac
Event: 14.270 Thread 0x0000021787328000 Uncommon trap: reason=class_check action=maybe_recompile pc=0x00000217f1b90acc method=java.lang.String.equals(Ljava/lang/Object;)Z @ 8 c2
Event: 14.270 Thread 0x0000021787328000 DEOPT PACKING pc=0x00000217f1b90acc sp=0x0000001c4bcfdda0
Event: 14.270 Thread 0x0000021787328000 DEOPT UNPACKING pc=0x00000217ea0f912f sp=0x0000001c4bcfdd38 mode 2
Event: 18.977 Thread 0x0000021787328000 Uncommon trap: trap_request=0xffffff45 fr.pc=0x00000217f1c3b2d8 relative=0x00000000000000b8
Event: 18.977 Thread 0x0000021787328000 Uncommon trap: reason=unstable_if action=reinterpret pc=0x00000217f1c3b2d8 method=java.awt.Component.inside(II)Z @ 21 c2
Event: 18.977 Thread 0x0000021787328000 DEOPT PACKING pc=0x00000217f1c3b2d8 sp=0x0000001c4bcfe190
Event: 18.977 Thread 0x0000021787328000 DEOPT UNPACKING pc=0x00000217ea0f912f sp=0x0000001c4bcfe028 mode 2
Event: 26.129 Thread 0x0000021787328000 DEOPT PACKING pc=0x00000217eaac011c sp=0x0000001c4bcfe460
Event: 26.129 Thread 0x0000021787328000 DEOPT UNPACKING pc=0x00000217ea0f964e sp=0x0000001c4bcfdb28 mode 0
Event: 40.336 Thread 0x0000021787328000 DEOPT PACKING pc=0x00000217eaa5055c sp=0x0000001c4bcfc910
Event: 40.336 Thread 0x0000021787328000 DEOPT UNPACKING pc=0x00000217ea0f964e sp=0x0000001c4bcfbdc8 mode 0
Event: 40.404 Thread 0x0000021787328000 DEOPT PACKING pc=0x00000217ea9e8e0c sp=0x0000001c4bcfd090
Event: 40.404 Thread 0x0000021787328000 DEOPT UNPACKING pc=0x00000217ea0f964e sp=0x0000001c4bcfc568 mode 0
Event: 42.359 Thread 0x0000021787328000 DEOPT PACKING pc=0x00000217eaa2b588 sp=0x0000001c4bcfca10
Event: 42.360 Thread 0x0000021787328000 DEOPT UNPACKING pc=0x00000217ea0f964e sp=0x0000001c4bcfbef0 mode 0

Classes unloaded (0 events):
No events

Classes redefined (0 events):
No events

Internal exceptions (20 events):
Event: 0.116 Thread 0x00000217e03df000 Exception <a 'java/lang/NoSuchMethodError'{0x0000000711f16850}: 'void java.lang.invoke.DirectMethodHandle$Holder.invokeSpecial(java.lang.Object, java.lang.Object, java.lang.Object, java.lang.Object, java.lang.Object)'> (0x0000000711f16850) 
thrown [t:/workspace/open/src/hotspot/share/interpreter/linkResolver.cpp, line 767]
Event: 0.120 Thread 0x00000217e03df000 Exception <a 'java/lang/IncompatibleClassChangeError'{0x0000000711f278d0}: Found class java.lang.Object, but interface was expected> (0x0000000711f278d0) 
thrown [t:/workspace/open/src/hotspot/share/interpreter/linkResolver.cpp, line 833]
Event: 0.120 Thread 0x00000217e03df000 Exception <a 'java/lang/NoSuchMethodError'{0x0000000711f2a558}: 'void java.lang.invoke.DirectMethodHandle$Holder.invokeStatic(java.lang.Object, java.lang.Object, java.lang.Object, java.lang.Object)'> (0x0000000711f2a558) 
thrown [t:/workspace/open/src/hotspot/share/interpreter/linkResolver.cpp, line 767]
Event: 0.157 Thread 0x00000217e03df000 Exception <a 'java/lang/ClassNotFoundException'{0x0000000711e2a838}: sun/awt/resources/spi/awtProvider> (0x0000000711e2a838) 
thrown [t:/workspace/open/src/hotspot/share/classfile/systemDictionary.cpp, line 232]
Event: 0.173 Thread 0x00000217e03df000 Exception <a 'java/io/FileNotFoundException'{0x0000000711e79340}> (0x0000000711e79340) 
thrown [t:/workspace/open/src/hotspot/share/prims/jni.cpp, line 598]
Event: 0.177 Thread 0x00000217e03df000 Exception <a 'java/io/FileNotFoundException'{0x0000000711e9fc60}> (0x0000000711e9fc60) 
thrown [t:/workspace/open/src/hotspot/share/prims/jni.cpp, line 598]
Event: 0.206 Thread 0x0000021786eed000 Exception <a 'java/lang/NoSuchMethodError'{0x0000000711efb198}: 'void java.lang.invoke.DirectMethodHandle$Holder.invokeSpecial(java.lang.Object, java.lang.Object)'> (0x0000000711efb198) 
thrown [t:/workspace/open/src/hotspot/share/interpreter/linkResolver.cpp, line 767]
Event: 0.220 Thread 0x00000217e03df000 Exception <a 'java/lang/NoSuchMethodError'{0x0000000711d3ec10}: 'java.lang.Object java.lang.invoke.DirectMethodHandle$Holder.invokeStatic(java.lang.Object, int, java.lang.Object, java.lang.Object, java.lang.Object, java.lang.Object)'> (0x0000000711d3ec10) 
thrown [t:/workspace/open/src/hotspot/share/interpreter/linkResolver.cpp, line 767]
Event: 0.221 Thread 0x00000217e03df000 Exception <a 'java/lang/NoSuchMethodError'{0x0000000711d45570}: 'java.lang.Object java.lang.invoke.DirectMethodHandle$Holder.invokeStatic(java.lang.Object, int, java.lang.Object, java.lang.Object, java.lang.Object)'> (0x0000000711d45570) 
thrown [t:/workspace/open/src/hotspot/share/interpreter/linkResolver.cpp, line 767]
Event: 0.221 Thread 0x00000217e03df000 Exception <a 'java/lang/NoSuchMethodError'{0x0000000711d48dd8}: 'java.lang.Object java.lang.invoke.DirectMethodHandle$Holder.invokeSpecial(java.lang.Object, java.lang.Object, int, java.lang.Object, java.lang.Object, java.lang.Object)'> (0x0000000711d48dd8) 
thrown [t:/workspace/open/src/hotspot/share/interpreter/linkResolver.cpp, line 767]
Event: 0.223 Thread 0x00000217e03df000 Exception <a 'java/lang/NoSuchMethodError'{0x0000000711d5f100}: 'java.lang.Object java.lang.invoke.DirectMethodHandle$Holder.invokeStatic(java.lang.Object, int, java.lang.Object)'> (0x0000000711d5f100) 
thrown [t:/workspace/open/src/hotspot/share/interpreter/linkResolver.cpp, line 767]
Event: 0.238 Thread 0x00000217e03df000 Exception <a 'java/lang/ClassNotFoundException'{0x0000000711c074c0}: com/sun/swing/internal/plaf/metal/resources/spi/metalProvider> (0x0000000711c074c0) 
thrown [t:/workspace/open/src/hotspot/share/classfile/systemDictionary.cpp, line 232]
Event: 0.238 Thread 0x00000217e03df000 Exception <a 'java/lang/ClassNotFoundException'{0x0000000711c0b2f0}: com/sun/swing/internal/plaf/basic/resources/spi/basicProvider> (0x0000000711c0b2f0) 
thrown [t:/workspace/open/src/hotspot/share/classfile/systemDictionary.cpp, line 232]
Event: 0.242 Thread 0x00000217e03df000 Implicit null exception at 0x00000217f1bb40e8 to 0x00000217f1bb417a
Event: 0.244 Thread 0x00000217e03df000 Implicit null exception at 0x00000217f1b99c2f to 0x00000217f1b99cad
Event: 0.390 Thread 0x00000217e03df000 Exception <a 'java/lang/NoSuchMethodError'{0x00000007119c9d08}: 'java.lang.Object java.lang.invoke.DirectMethodHandle$Holder.invokeVirtual(java.lang.Object, java.lang.Object, java.lang.Object)'> (0x00000007119c9d08) 
thrown [t:/workspace/open/src/hotspot/share/interpreter/linkResolver.cpp, line 767]
Event: 1.994 Thread 0x000002178846a800 Implicit null exception at 0x00000217f1be7107 to 0x00000217f1be7716
Event: 1.994 Thread 0x000002178846a800 Implicit null exception at 0x00000217f1be1d84 to 0x00000217f1be23b6
Event: 9.092 Thread 0x00000217e03df000 Exception <a 'java/lang/NoSuchMethodError'{0x0000000710a8d3d8}: 'void java.lang.invoke.DirectMethodHandle$Holder.invokeStaticInit(java.lang.Object)'> (0x0000000710a8d3d8) 
thrown [t:/workspace/open/src/hotspot/share/interpreter/linkResolver.cpp, line 767]
Event: 9.096 Thread 0x00000217e03df000 Exception <a 'java/lang/NoSuchMethodError'{0x0000000710ab3868}: 'java.lang.Object java.lang.invoke.Invokers$Holder.linkToTargetMethod(java.lang.Object, int, java.lang.Object)'> (0x0000000710ab3868) 
thrown [t:/workspace/open/src/hotspot/share/interpreter/linkResolver.cpp, line 767]

Events (20 events):
Event: 41.027 loading class sun/font/StandardGlyphVector done
Event: 41.027 loading class sun/font/FontSubstitution
Event: 41.027 loading class sun/font/FontSubstitution done
Event: 41.027 loading class sun/font/StandardGlyphVector$GlyphStrike
Event: 41.027 loading class sun/font/StandardGlyphVector$GlyphStrike done
Event: 41.739 Thread 0x0000021786dd1000 Thread exited: 0x0000021786dd1000
Event: 47.242 loading class java/awt/LightweightDispatcher$2
Event: 47.242 loading class java/awt/LightweightDispatcher$2 done
Event: 51.477 loading class java/awt/KeyboardFocusManager$2
Event: 51.477 loading class java/awt/KeyboardFocusManager$2 done
Event: 51.478 loading class sun/awt/SunToolkit$1
Event: 51.478 loading class sun/awt/SunToolkit$1 done
Event: 3666.335 loading class java/awt/desktop/SystemSleepListener
Event: 3666.374 loading class java/awt/desktop/SystemEventListener
Event: 3666.375 loading class java/awt/desktop/SystemEventListener done
Event: 3666.375 loading class java/awt/desktop/SystemSleepListener done
Event: 12636.691 Executing VM operation: RevokeBias
Event: 12637.033 Executing VM operation: RevokeBias done
Event: 12654.210 Executing VM operation: RevokeBias
Event: 12654.446 Executing VM operation: RevokeBias done


Dynamic libraries:
0x00007ff6e02e0000 - 0x00007ff6e02ef000 	C:\Program Files\Java\jdk-13.0.1\bin\javaw.exe
0x00007ffce5140000 - 0x00007ffce5330000 	C:\WINDOWS\SYSTEM32\ntdll.dll
0x00007ffce4eb0000 - 0x00007ffce4f62000 	C:\WINDOWS\System32\KERNEL32.DLL
0x00007ffce2140000 - 0x00007ffce23e3000 	C:\WINDOWS\System32\KERNELBASE.dll
0x00007ffce23f0000 - 0x00007ffce24ea000 	C:\WINDOWS\System32\ucrtbase.dll
0x00007ffcde400000 - 0x00007ffcde415000 	C:\Program Files\Java\jdk-13.0.1\bin\VCRUNTIME140.dll
0x00007ffcdff10000 - 0x00007ffcdff28000 	C:\Program Files\Java\jdk-13.0.1\bin\jli.dll
0x00007ffce4430000 - 0x00007ffce44d3000 	C:\WINDOWS\System32\ADVAPI32.dll
0x00007ffce3850000 - 0x00007ffce38ee000 	C:\WINDOWS\System32\msvcrt.dll
0x00007ffce4690000 - 0x00007ffce4727000 	C:\WINDOWS\System32\sechost.dll
0x00007ffce31f0000 - 0x00007ffce3310000 	C:\WINDOWS\System32\RPCRT4.dll
0x00007ffce38f0000 - 0x00007ffce3a84000 	C:\WINDOWS\System32\USER32.dll
0x00007ffce2570000 - 0x00007ffce2591000 	C:\WINDOWS\System32\win32u.dll
0x00007ffce44f0000 - 0x00007ffce4516000 	C:\WINDOWS\System32\GDI32.dll
0x00007ffcd0670000 - 0x00007ffcd08f5000 	C:\WINDOWS\WinSxS\amd64_microsoft.windows.common-controls_6595b64144ccf1df_6.0.18362.535_none_e6c3b34713100821\COMCTL32.dll
0x00007ffce2870000 - 0x00007ffce2a04000 	C:\WINDOWS\System32\gdi32full.dll
0x00007ffce2650000 - 0x00007ffce26ee000 	C:\WINDOWS\System32\msvcp_win.dll
0x00007ffce3370000 - 0x00007ffce36a6000 	C:\WINDOWS\System32\combase.dll
0x00007ffce24f0000 - 0x00007ffce2570000 	C:\WINDOWS\System32\bcryptPrimitives.dll
0x00007ffcdc320000 - 0x00007ffcdc32a000 	C:\WINDOWS\SYSTEM32\VERSION.dll
0x00007ffce4660000 - 0x00007ffce468e000 	C:\WINDOWS\System32\IMM32.DLL
0x00007ffca1630000 - 0x00007ffca16cb000 	C:\Program Files\Java\jdk-13.0.1\bin\msvcp140.dll
0x00007ffc434c0000 - 0x00007ffc44026000 	C:\Program Files\Java\jdk-13.0.1\bin\server\jvm.dll
0x00007ffce4320000 - 0x00007ffce4328000 	C:\WINDOWS\System32\PSAPI.DLL
0x00007ffcdfcd0000 - 0x00007ffcdfcf4000 	C:\WINDOWS\SYSTEM32\WINMM.dll
0x00007ffcdfca0000 - 0x00007ffcdfccd000 	C:\WINDOWS\SYSTEM32\WINMMBASE.dll
0x00007ffce20d0000 - 0x00007ffce211a000 	C:\WINDOWS\System32\cfgmgr32.dll
0x00007ffccb5e0000 - 0x00007ffccb5e9000 	C:\WINDOWS\SYSTEM32\WSOCK32.dll
0x00007ffce3a90000 - 0x00007ffce3aff000 	C:\WINDOWS\System32\WS2_32.dll
0x00007ffce2090000 - 0x00007ffce20a1000 	C:\WINDOWS\System32\kernel.appcore.dll
0x00007ffcc61d0000 - 0x00007ffcc61e0000 	C:\Program Files\Java\jdk-13.0.1\bin\verify.dll
0x00007ffce0950000 - 0x00007ffce0b44000 	C:\WINDOWS\SYSTEM32\DBGHELP.DLL
0x00007ffcc8fc0000 - 0x00007ffcc8fea000 	C:\WINDOWS\SYSTEM32\dbgcore.DLL
0x00007ffcb9790000 - 0x00007ffcb97b6000 	C:\Program Files\Java\jdk-13.0.1\bin\java.dll
0x00007ffcc0ed0000 - 0x00007ffcc0ee7000 	C:\Program Files\Java\jdk-13.0.1\bin\zip.dll
0x00007ffcc02c0000 - 0x00007ffcc02ca000 	C:\Program Files\Java\jdk-13.0.1\bin\jimage.dll
0x00007ffce3b00000 - 0x00007ffce41e5000 	C:\WINDOWS\System32\SHELL32.dll
0x00007ffce5050000 - 0x00007ffce50f9000 	C:\WINDOWS\System32\shcore.dll
0x00007ffce2a10000 - 0x00007ffce318f000 	C:\WINDOWS\System32\windows.storage.dll
0x00007ffce2020000 - 0x00007ffce203f000 	C:\WINDOWS\System32\profapi.dll
0x00007ffce2040000 - 0x00007ffce208a000 	C:\WINDOWS\System32\powrprof.dll
0x00007ffce2010000 - 0x00007ffce2020000 	C:\WINDOWS\System32\UMPDC.dll
0x00007ffce3310000 - 0x00007ffce3362000 	C:\WINDOWS\System32\shlwapi.dll
0x00007ffce2120000 - 0x00007ffce2137000 	C:\WINDOWS\System32\cryptsp.dll
0x00007ffcb9a90000 - 0x00007ffcb9aa9000 	C:\Program Files\Java\jdk-13.0.1\bin\net.dll
0x00007ffcd95e0000 - 0x00007ffcd96d0000 	C:\WINDOWS\SYSTEM32\WINHTTP.dll
0x00007ffce1880000 - 0x00007ffce18e7000 	C:\WINDOWS\system32\mswsock.dll
0x00007ffcb9770000 - 0x00007ffcb9783000 	C:\Program Files\Java\jdk-13.0.1\bin\nio.dll
0x00007ffc5a210000 - 0x00007ffc5a3a9000 	C:\Program Files\Java\jdk-13.0.1\bin\awt.dll
0x00007ffce3780000 - 0x00007ffce3844000 	C:\WINDOWS\System32\OLEAUT32.dll
0x00007ffcde9f0000 - 0x00007ffcdefb0000 	C:\WINDOWS\SYSTEM32\d2d1.dll
0x00007ffcdff30000 - 0x00007ffcdffbf000 	C:\WINDOWS\SYSTEM32\apphelp.dll
0x00007ffce0530000 - 0x00007ffce055d000 	C:\WINDOWS\system32\DWMAPI.DLL
0x00007ffce0000000 - 0x00007ffce0099000 	C:\WINDOWS\system32\uxtheme.dll
0x00007ffce4520000 - 0x00007ffce4655000 	C:\WINDOWS\System32\MSCTF.dll
0x00007ffce4730000 - 0x00007ffce4886000 	C:\WINDOWS\System32\ole32.dll
0x00007ffca0680000 - 0x00007ffca0702000 	C:\Program Files\Java\jdk-13.0.1\bin\freetype.dll
0x00007ffc80990000 - 0x00007ffc80a36000 	C:\Program Files\Java\jdk-13.0.1\bin\fontmanager.dll
0x00007ffcc9f90000 - 0x00007ffcca0e6000 	C:\WINDOWS\system32\opengl32.dll
0x00007ffcc9f00000 - 0x00007ffcc9f2c000 	C:\WINDOWS\SYSTEM32\GLU32.dll
0x00007ffce0cf0000 - 0x00007ffce0d10000 	C:\WINDOWS\SYSTEM32\dxcore.dll
0x00007ffce15d0000 - 0x00007ffce169a000 	C:\WINDOWS\SYSTEM32\DNSAPI.dll
0x00007ffce44e0000 - 0x00007ffce44e8000 	C:\WINDOWS\System32\NSI.dll
0x00007ffce1590000 - 0x00007ffce15ca000 	C:\WINDOWS\SYSTEM32\IPHLPAPI.DLL
0x00007ffcdb9e0000 - 0x00007ffcdb9ea000 	C:\Windows\System32\rasadhlp.dll
0x00007ffcd6ca0000 - 0x00007ffcd6d17000 	C:\WINDOWS\System32\fwpuclnt.dll
0x00007ffce26f0000 - 0x00007ffce2716000 	C:\WINDOWS\System32\bcrypt.dll
0x00007ffce41f0000 - 0x00007ffce4292000 	C:\WINDOWS\System32\clbcatq.dll
0x00007ffcdc400000 - 0x00007ffcdc5af000 	C:\WINDOWS\SYSTEM32\WindowsCodecs.dll
0x00007ffcba710000 - 0x00007ffcba74a000 	C:\WINDOWS\system32\dataexchange.dll
0x00007ffcdefb0000 - 0x00007ffcdf20b000 	C:\WINDOWS\system32\d3d11.dll
0x00007ffcdf670000 - 0x00007ffcdf84b000 	C:\WINDOWS\system32\dcomp.dll
0x00007ffce0d10000 - 0x00007ffce0dfb000 	C:\WINDOWS\system32\dxgi.dll
0x00007ffce00c0000 - 0x00007ffce031a000 	C:\WINDOWS\system32\twinapi.appcore.dll
0x00007ffce0420000 - 0x00007ffce0449000 	C:\WINDOWS\system32\RMCLIENT.dll
0x00007ffcca6a0000 - 0x00007ffcca73e000 	C:\WINDOWS\System32\TextInputFramework.dll
0x00007ffcdfbc0000 - 0x00007ffcdfc94000 	C:\WINDOWS\System32\CoreMessaging.dll
0x00007ffcdcf90000 - 0x00007ffcdd2ba000 	C:\WINDOWS\System32\CoreUIComponents.dll
0x00007ffce1070000 - 0x00007ffce10a1000 	C:\WINDOWS\SYSTEM32\ntmarta.dll
0x00007ffcdd7f0000 - 0x00007ffcdd943000 	C:\WINDOWS\SYSTEM32\wintypes.dll
0x00007ffcd2820000 - 0x00007ffcd2ac6000 	C:\WINDOWS\System32\iertutil.dll
0x00007ffcdd2d0000 - 0x00007ffcdd335000 	C:\WINDOWS\system32\Ninput.dll

dbghelp: loaded successfully - version: 4.0.5 - missing functions: none
symbol engine: initialized successfully - sym options: 0x614 - pdb path: .;C:\Program Files\Java\jdk-13.0.1\bin;C:\WINDOWS\SYSTEM32;C:\WINDOWS\WinSxS\amd64_microsoft.windows.common-controls_6595b64144ccf1df_6.0.18362.535_none_e6c3b34713100821;C:\Program Files\Java\jdk-13.0.1\bin\server

VM Arguments:
jvm_args: -Dfile.encoding=Cp1252 --module-path=C:\Users\MrHap\Documents\eclipse\mysql-connector-java-8.0.18.jar 
java_command: four.Invoice
java_class_path (initial): C:\Users\MrHap\git\invoicia\Invoicea New\bin
Launcher Type: SUN_STANDARD

[Global flags]
     intx CICompilerCount                          = 4                                         {product} {ergonomic}
     uint ConcGCThreads                            = 3                                         {product} {ergonomic}
     uint G1ConcRefinementThreads                  = 10                                        {product} {ergonomic}
   size_t G1HeapRegionSize                         = 1048576                                   {product} {ergonomic}
    uintx GCDrainStackTargetSize                   = 64                                        {product} {ergonomic}
   size_t InitialHeapSize                          = 266338304                                 {product} {ergonomic}
   size_t MarkStackSize                            = 4194304                                   {product} {ergonomic}
   size_t MaxHeapSize                              = 4257218560                                {product} {ergonomic}
   size_t MaxNewSize                               = 2554331136                                {product} {ergonomic}
   size_t MinHeapDeltaBytes                        = 1048576                                   {product} {ergonomic}
   size_t MinHeapSize                              = 8388608                                   {product} {ergonomic}
    uintx NonNMethodCodeHeapSize                   = 5836300                                {pd product} {ergonomic}
    uintx NonProfiledCodeHeapSize                  = 122910970                              {pd product} {ergonomic}
    uintx ProfiledCodeHeapSize                     = 122910970                              {pd product} {ergonomic}
    uintx ReservedCodeCacheSize                    = 251658240                              {pd product} {ergonomic}
     bool SegmentedCodeCache                       = true                                      {product} {ergonomic}
   size_t SoftMaxHeapSize                          = 4257218560                             {manageable} {ergonomic}
     bool UseCompressedClassPointers               = true                                 {lp64_product} {ergonomic}
     bool UseCompressedOops                        = true                                 {lp64_product} {ergonomic}
     bool UseG1GC                                  = true                                      {product} {ergonomic}
     bool UseLargePagesIndividualAllocation        = false                                  {pd product} {ergonomic}

Logging:
Log output configuration:
 #0: stdout all=warning uptime,level,tags
 #1: stderr all=off uptime,level,tags

Environment Variables:
PATH=C:/Program Files/Java/jdk-13.0.1/bin/server;C:/Program Files/Java/jdk-13.0.1/bin;C:\Program Files (x86)\Common Files\Oracle\Java\javapath;C:\Program Files (x86)\Intel\Intel(R) Management Engine Components\iCLS\;C:\Program Files\Intel\Intel(R) Management Engine Components\iCLS\;C:\Windows\system32;C:\Windows;C:\Windows\System32\Wbem;C:\Windows\System32\WindowsPowerShell\v1.0\;C:\Windows\System32\OpenSSH\;C:\Program Files (x86)\NVIDIA Corporation\PhysX\Common;C:\Program Files (x86)\Intel\Intel(R) Management Engine Components\DAL;C:\Program Files\Intel\Intel(R) Management Engine Components\DAL;C:\Program Files (x86)\Intel\Intel(R) Management Engine Components\IPT;C:\Program Files\Intel\Intel(R) Management Engine Components\IPT;C:\Program Files\Intel\WiFi\bin\;C:\Program Files\Common Files\Intel\WirelessCommon\;C:\Program Files\dotnet\;C:\WINDOWS\system32;C:\WINDOWS;C:\WINDOWS\System32\Wbem;C:\WINDOWS\System32\WindowsPowerShell\v1.0\;C:\WINDOWS\System32\OpenSSH\;C:\Program Files\NVIDIA Corporation\NVIDIA NvDLISR;C:\Users\MrHap\AppData\Local\Microsoft\WindowsApps;;C:\Users\MrHap\AppData\Local\Programs\Microsoft VS Code\bin;C:\Users\MrHap\Desktop;
USERNAME=MrHap
OS=Windows_NT
PROCESSOR_IDENTIFIER=Intel64 Family 6 Model 158 Stepping 10, GenuineIntel



---------------  S Y S T E M  ---------------

OS: Windows 10 , 64 bit Build 18362 (10.0.18362.329)

CPU:total 12 (initial active 12) (6 cores per cpu, 2 threads per core) family 6 model 158 stepping 10, cmov, cx8, fxsr, mmx, sse, sse2, sse3, ssse3, sse4.1, sse4.2, popcnt, avx, avx2, aes, clmul, erms, 3dnowpref, lzcnt, ht, tsc, tscinvbit, bmi1, bmi2, adx, fma

Memory: 4k page, system-wide physical 16234M (5045M free)
TotalPageFile size 65386M (AvailPageFile size 0M)
current process WorkingSet (physical memory assigned to process): 34M, peak: 181M
current process commit charge ("private bytes"): 386M, peak: 443M

vm_info: Java HotSpot(TM) 64-Bit Server VM (13.0.1+9) for windows-amd64 JRE (13.0.1+9), built on Oct  6 2019 12:37:49 by "mach5one" with unknown MS VC++:1916

END.
