#
# There is insufficient memory for the Java Runtime Environment to continue.
# Native memory allocation (malloc) failed to allocate 32744 bytes for ChunkPool::allocate
# Possible reasons:
#   The system is out of physical RAM or swap space
#   The process is running with CompressedOops enabled, and the Java Heap may be blocking the growth of the native heap
# Possible solutions:
#   Reduce memory load on the system
#   Increase physical memory or swap space
#   Check if swap backing store is full
#   Decrease Java heap size (-Xmx/-Xms)
#   Decrease number of Java threads

V  [jvm.dll+0x772c6a]
V  [jvm.dll+0x77441f]
V  [jvm.dll+0x774a23]
V  [jvm.dll+0x24da58]
V  [jvm.dll+0xc3d16]
V  [jvm.dll+0xc406c]
V  [jvm.dll+0xc3bcd]
V  [jvm.dll+0x6094df]
V  [jvm.dll+0x20e7cb]
V  [jvm.dll+0x652c2a]
V  [jvm.dll+0x20692a]
V  [jvm.dll+0x18b94c]
V  [jvm.dll+0x2159bd]
V  [jvm.dll+0x213e6b]
V  [jvm.dll+0x738b16]
V  [jvm.dll+0x731c0a]
V  [jvm.dll+0x6260c6]
C  [ucrtbase.dll+0x20e72]
C  [KERNEL32.DLL+0x17bd4]
C  [ntdll.dll+0x6ced1]


---------------  P R O C E S S  ---------------

Threads class SMR info:
_java_thread_list=0x000002af9a845570, length=16, elements={
0x000002af99951000, 0x000002af99954800, 0x000002af9a1f1000, 0x000002af9a1f3000,
0x000002af9a1f4800, 0x000002af9a1ff000, 0x000002af9a205800, 0x000002af99937000,
0x000002af9a3cf000, 0x000002af9a6af800, 0x000002af9a69c000, 0x000002af9a844000,
0x000002af9bd40800, 0x000002af9bd43800, 0x000002af9ae45800, 0x000002aff58f0000
}

Java Threads: ( => current thread )
  0x000002af99951000 JavaThread "Reference Handler" daemon [_thread_blocked, id=10572, stack(0x000000b2fc600000,0x000000b2fc700000)]
  0x000002af99954800 JavaThread "Finalizer" daemon [_thread_blocked, id=2056, stack(0x000000b2fc700000,0x000000b2fc800000)]
  0x000002af9a1f1000 JavaThread "Signal Dispatcher" daemon [_thread_blocked, id=3132, stack(0x000000b2fc800000,0x000000b2fc900000)]
  0x000002af9a1f3000 JavaThread "Attach Listener" daemon [_thread_blocked, id=17200, stack(0x000000b2fc900000,0x000000b2fca00000)]
=>0x000002af9a1f4800 JavaThread "C2 CompilerThread0" daemon [_thread_in_native, id=10860, stack(0x000000b2fca00000,0x000000b2fcb00000)]
  0x000002af9a1ff000 JavaThread "C1 CompilerThread0" daemon [_thread_blocked, id=18908, stack(0x000000b2fcb00000,0x000000b2fcc00000)]
  0x000002af9a205800 JavaThread "Sweeper thread" daemon [_thread_blocked, id=24332, stack(0x000000b2fcc00000,0x000000b2fcd00000)]
  0x000002af99937000 JavaThread "Common-Cleaner" daemon [_thread_blocked, id=23840, stack(0x000000b2fcd00000,0x000000b2fce00000)]
  0x000002af9a3cf000 JavaThread "Service Thread" daemon [_thread_blocked, id=19660, stack(0x000000b2fcf00000,0x000000b2fd000000)]
  0x000002af9a6af800 JavaThread "Java2D Disposer" daemon [_thread_blocked, id=8760, stack(0x000000b2fd100000,0x000000b2fd200000)]
  0x000002af9a69c000 JavaThread "AWT-Windows" daemon [_thread_in_native, id=18880, stack(0x000000b2fd300000,0x000000b2fd400000)]
  0x000002af9a844000 JavaThread "mysql-cj-abandoned-connection-cleanup" daemon [_thread_blocked, id=10444, stack(0x000000b2fd500000,0x000000b2fd600000)]
  0x000002af9bd40800 JavaThread "AWT-Shutdown" [_thread_blocked, id=5088, stack(0x000000b2fce00000,0x000000b2fcf00000)]
  0x000002af9bd43800 JavaThread "AWT-EventQueue-0" [_thread_blocked, id=13912, stack(0x000000b2fd200000,0x000000b2fd300000)]
  0x000002af9ae45800 JavaThread "TimerQueue" daemon [_thread_blocked, id=14404, stack(0x000000b2fd600000,0x000000b2fd700000)]
  0x000002aff58f0000 JavaThread "DestroyJavaVM" [_thread_blocked, id=16516, stack(0x000000b2fbf00000,0x000000b2fc000000)]

Other Threads:
  0x000002af99950000 VMThread "VM Thread" [stack: 0x000000b2fc500000,0x000000b2fc600000] [id=18528]
  0x000002af9a44c000 WatcherThread [stack: 0x000000b2fd000000,0x000000b2fd100000] [id=8480]
  0x000002aff595c800 GCTaskThread "GC Thread#0" [stack: 0x000000b2fc000000,0x000000b2fc100000] [id=3432]
  0x000002af9aa8a000 GCTaskThread "GC Thread#1" [stack: 0x000000b2fda00000,0x000000b2fdb00000] [id=23880]
  0x000002af9a256800 GCTaskThread "GC Thread#2" [stack: 0x000000b2fdb00000,0x000000b2fdc00000] [id=9068]
  0x000002af9a257000 GCTaskThread "GC Thread#3" [stack: 0x000000b2fdc00000,0x000000b2fdd00000] [id=3752]
  0x000002af9a257800 GCTaskThread "GC Thread#4" [stack: 0x000000b2fdd00000,0x000000b2fde00000] [id=10352]
  0x000002af9bd84000 GCTaskThread "GC Thread#5" [stack: 0x000000b2fde00000,0x000000b2fdf00000] [id=23948]
  0x000002aff597f800 ConcurrentGCThread "G1 Main Marker" [stack: 0x000000b2fc100000,0x000000b2fc200000] [id=23536]
  0x000002aff5980800 ConcurrentGCThread "G1 Conc#0" [stack: 0x000000b2fc200000,0x000000b2fc300000] [id=15960]
  0x000002af99849000 ConcurrentGCThread "G1 Refine#0" [stack: 0x000000b2fc300000,0x000000b2fc400000] [id=5972]
  0x000002af9a3b2000 ConcurrentGCThread "G1 Refine#1" [stack: 0x000000b2fdf00000,0x000000b2fe000000] [id=24092]
  0x000002af9adca800 ConcurrentGCThread "G1 Refine#2" [stack: 0x000000b2fe000000,0x000000b2fe100000] [id=6816]
  0x000002af9984d000 ConcurrentGCThread "G1 Young RemSet Sampling" [stack: 0x000000b2fc400000,0x000000b2fc500000] [id=22200]

Threads with active compile tasks:
C2 CompilerThread0  2901114 2612   !   4       sun.awt.AWTAutoShutdown::setToolkitBusy (124 bytes)

VM state:not at safepoint (normal execution)

VM Mutex/Monitor currently owned by a thread: None

Heap address: 0x0000000702400000, size: 4060 MB, Compressed Oops mode: Zero based, Oop shift amount: 3
Narrow klass base: 0x0000000800000000, Narrow klass shift: 3
Compressed class space size: 1073741824 Address: 0x0000000800b40000

Heap:
 garbage-first heap   total 260096K, used 18607K [0x0000000702400000, 0x0000000800000000)
  region size 1024K, 10 young (10240K), 3 survivors (3072K)
 Metaspace       used 16503K, capacity 16900K, committed 17152K, reserved 1064960K
  class space    used 1829K, capacity 2010K, committed 2048K, reserved 1048576K
Heap Regions: E=young(eden), S=young(survivor), O=old, HS=humongous(starts), HC=humongous(continues), CS=collection set, F=free, A=archive, TAMS=top-at-mark-start (previous, next)
|   0|0x0000000702400000, 0x0000000702500000, 0x0000000702500000|100%| O|  |TAMS 0x0000000702400000, 0x0000000702400000| Untracked 
|   1|0x0000000702500000, 0x0000000702600000, 0x0000000702600000|100%| O|  |TAMS 0x0000000702500000, 0x0000000702500000| Untracked 
|   2|0x0000000702600000, 0x0000000702700000, 0x0000000702700000|100%| O|  |TAMS 0x0000000702600000, 0x0000000702600000| Untracked 
|   3|0x0000000702700000, 0x000000070272bc00, 0x0000000702800000| 17%| O|  |TAMS 0x0000000702700000, 0x0000000702700000| Untracked 
|   4|0x0000000702800000, 0x0000000702900000, 0x0000000702900000|100%|HS|  |TAMS 0x0000000702800000, 0x0000000702800000| Complete 
|   5|0x0000000702900000, 0x0000000702a00000, 0x0000000702a00000|100%|HC|  |TAMS 0x0000000702900000, 0x0000000702900000| Complete 
|   6|0x0000000702a00000, 0x0000000702b00000, 0x0000000702b00000|100%|HC|  |TAMS 0x0000000702a00000, 0x0000000702a00000| Complete 
|   7|0x0000000702b00000, 0x0000000702c00000, 0x0000000702c00000|100%|HC|  |TAMS 0x0000000702b00000, 0x0000000702b00000| Complete 
|   8|0x0000000702c00000, 0x0000000702d00000, 0x0000000702d00000|100%|HC|  |TAMS 0x0000000702c00000, 0x0000000702c00000| Complete 
|   9|0x0000000702d00000, 0x0000000702e00000, 0x0000000702e00000|100%|HC|  |TAMS 0x0000000702d00000, 0x0000000702d00000| Complete 
|  10|0x0000000702e00000, 0x0000000702e00000, 0x0000000702f00000|  0%| F|  |TAMS 0x0000000702e00000, 0x0000000702e00000| Untracked 
|  11|0x0000000702f00000, 0x0000000702f00000, 0x0000000703000000|  0%| F|  |TAMS 0x0000000702f00000, 0x0000000702f00000| Untracked 
|  12|0x0000000703000000, 0x0000000703000000, 0x0000000703100000|  0%| F|  |TAMS 0x0000000703000000, 0x0000000703000000| Untracked 
|  13|0x0000000703100000, 0x0000000703100000, 0x0000000703200000|  0%| F|  |TAMS 0x0000000703100000, 0x0000000703100000| Untracked 
|  14|0x0000000703200000, 0x0000000703200000, 0x0000000703300000|  0%| F|  |TAMS 0x0000000703200000, 0x0000000703200000| Untracked 
|  15|0x0000000703300000, 0x0000000703300000, 0x0000000703400000|  0%| F|  |TAMS 0x0000000703300000, 0x0000000703300000| Untracked 
|  16|0x0000000703400000, 0x0000000703400000, 0x0000000703500000|  0%| F|  |TAMS 0x0000000703400000, 0x0000000703400000| Untracked 
|  17|0x0000000703500000, 0x0000000703500000, 0x0000000703600000|  0%| F|  |TAMS 0x0000000703500000, 0x0000000703500000| Untracked 
|  18|0x0000000703600000, 0x0000000703600000, 0x0000000703700000|  0%| F|  |TAMS 0x0000000703600000, 0x0000000703600000| Untracked 
|  19|0x0000000703700000, 0x0000000703700000, 0x0000000703800000|  0%| F|  |TAMS 0x0000000703700000, 0x0000000703700000| Untracked 
|  20|0x0000000703800000, 0x0000000703800000, 0x0000000703900000|  0%| F|  |TAMS 0x0000000703800000, 0x0000000703800000| Untracked 
|  21|0x0000000703900000, 0x0000000703900000, 0x0000000703a00000|  0%| F|  |TAMS 0x0000000703900000, 0x0000000703900000| Untracked 
|  22|0x0000000703a00000, 0x0000000703a00000, 0x0000000703b00000|  0%| F|  |TAMS 0x0000000703a00000, 0x0000000703a00000| Untracked 
|  23|0x0000000703b00000, 0x0000000703b00000, 0x0000000703c00000|  0%| F|  |TAMS 0x0000000703b00000, 0x0000000703b00000| Untracked 
|  24|0x0000000703c00000, 0x0000000703c00000, 0x0000000703d00000|  0%| F|  |TAMS 0x0000000703c00000, 0x0000000703c00000| Untracked 
|  25|0x0000000703d00000, 0x0000000703d00000, 0x0000000703e00000|  0%| F|  |TAMS 0x0000000703d00000, 0x0000000703d00000| Untracked 
|  26|0x0000000703e00000, 0x0000000703e00000, 0x0000000703f00000|  0%| F|  |TAMS 0x0000000703e00000, 0x0000000703e00000| Untracked 
|  27|0x0000000703f00000, 0x0000000703f00000, 0x0000000704000000|  0%| F|  |TAMS 0x0000000703f00000, 0x0000000703f00000| Untracked 
|  28|0x0000000704000000, 0x0000000704000000, 0x0000000704100000|  0%| F|  |TAMS 0x0000000704000000, 0x0000000704000000| Untracked 
|  29|0x0000000704100000, 0x0000000704100000, 0x0000000704200000|  0%| F|  |TAMS 0x0000000704100000, 0x0000000704100000| Untracked 
|  30|0x0000000704200000, 0x0000000704200000, 0x0000000704300000|  0%| F|  |TAMS 0x0000000704200000, 0x0000000704200000| Untracked 
|  31|0x0000000704300000, 0x0000000704300000, 0x0000000704400000|  0%| F|  |TAMS 0x0000000704300000, 0x0000000704300000| Untracked 
|  32|0x0000000704400000, 0x0000000704400000, 0x0000000704500000|  0%| F|  |TAMS 0x0000000704400000, 0x0000000704400000| Untracked 
|  33|0x0000000704500000, 0x0000000704500000, 0x0000000704600000|  0%| F|  |TAMS 0x0000000704500000, 0x0000000704500000| Untracked 
|  34|0x0000000704600000, 0x0000000704600000, 0x0000000704700000|  0%| F|  |TAMS 0x0000000704600000, 0x0000000704600000| Untracked 
|  35|0x0000000704700000, 0x0000000704700000, 0x0000000704800000|  0%| F|  |TAMS 0x0000000704700000, 0x0000000704700000| Untracked 
|  36|0x0000000704800000, 0x0000000704800000, 0x0000000704900000|  0%| F|  |TAMS 0x0000000704800000, 0x0000000704800000| Untracked 
|  37|0x0000000704900000, 0x0000000704900000, 0x0000000704a00000|  0%| F|  |TAMS 0x0000000704900000, 0x0000000704900000| Untracked 
|  38|0x0000000704a00000, 0x0000000704a00000, 0x0000000704b00000|  0%| F|  |TAMS 0x0000000704a00000, 0x0000000704a00000| Untracked 
|  39|0x0000000704b00000, 0x0000000704b00000, 0x0000000704c00000|  0%| F|  |TAMS 0x0000000704b00000, 0x0000000704b00000| Untracked 
|  40|0x0000000704c00000, 0x0000000704c00000, 0x0000000704d00000|  0%| F|  |TAMS 0x0000000704c00000, 0x0000000704c00000| Untracked 
|  41|0x0000000704d00000, 0x0000000704d00000, 0x0000000704e00000|  0%| F|  |TAMS 0x0000000704d00000, 0x0000000704d00000| Untracked 
|  42|0x0000000704e00000, 0x0000000704e00000, 0x0000000704f00000|  0%| F|  |TAMS 0x0000000704e00000, 0x0000000704e00000| Untracked 
|  43|0x0000000704f00000, 0x0000000704f00000, 0x0000000705000000|  0%| F|  |TAMS 0x0000000704f00000, 0x0000000704f00000| Untracked 
|  44|0x0000000705000000, 0x0000000705000000, 0x0000000705100000|  0%| F|  |TAMS 0x0000000705000000, 0x0000000705000000| Untracked 
|  45|0x0000000705100000, 0x0000000705100000, 0x0000000705200000|  0%| F|  |TAMS 0x0000000705100000, 0x0000000705100000| Untracked 
|  46|0x0000000705200000, 0x0000000705200000, 0x0000000705300000|  0%| F|  |TAMS 0x0000000705200000, 0x0000000705200000| Untracked 
|  47|0x0000000705300000, 0x0000000705300000, 0x0000000705400000|  0%| F|  |TAMS 0x0000000705300000, 0x0000000705300000| Untracked 
|  48|0x0000000705400000, 0x0000000705400000, 0x0000000705500000|  0%| F|  |TAMS 0x0000000705400000, 0x0000000705400000| Untracked 
|  49|0x0000000705500000, 0x0000000705500000, 0x0000000705600000|  0%| F|  |TAMS 0x0000000705500000, 0x0000000705500000| Untracked 
|  50|0x0000000705600000, 0x0000000705600000, 0x0000000705700000|  0%| F|  |TAMS 0x0000000705600000, 0x0000000705600000| Untracked 
|  51|0x0000000705700000, 0x0000000705700000, 0x0000000705800000|  0%| F|  |TAMS 0x0000000705700000, 0x0000000705700000| Untracked 
|  52|0x0000000705800000, 0x0000000705800000, 0x0000000705900000|  0%| F|  |TAMS 0x0000000705800000, 0x0000000705800000| Untracked 
|  53|0x0000000705900000, 0x0000000705900000, 0x0000000705a00000|  0%| F|  |TAMS 0x0000000705900000, 0x0000000705900000| Untracked 
|  54|0x0000000705a00000, 0x0000000705a00000, 0x0000000705b00000|  0%| F|  |TAMS 0x0000000705a00000, 0x0000000705a00000| Untracked 
|  55|0x0000000705b00000, 0x0000000705b00000, 0x0000000705c00000|  0%| F|  |TAMS 0x0000000705b00000, 0x0000000705b00000| Untracked 
|  56|0x0000000705c00000, 0x0000000705c00000, 0x0000000705d00000|  0%| F|  |TAMS 0x0000000705c00000, 0x0000000705c00000| Untracked 
|  57|0x0000000705d00000, 0x0000000705d00000, 0x0000000705e00000|  0%| F|  |TAMS 0x0000000705d00000, 0x0000000705d00000| Untracked 
|  58|0x0000000705e00000, 0x0000000705e00000, 0x0000000705f00000|  0%| F|  |TAMS 0x0000000705e00000, 0x0000000705e00000| Untracked 
|  59|0x0000000705f00000, 0x0000000705f00000, 0x0000000706000000|  0%| F|  |TAMS 0x0000000705f00000, 0x0000000705f00000| Untracked 
|  60|0x0000000706000000, 0x0000000706000000, 0x0000000706100000|  0%| F|  |TAMS 0x0000000706000000, 0x0000000706000000| Untracked 
|  61|0x0000000706100000, 0x0000000706100000, 0x0000000706200000|  0%| F|  |TAMS 0x0000000706100000, 0x0000000706100000| Untracked 
|  62|0x0000000706200000, 0x0000000706200000, 0x0000000706300000|  0%| F|  |TAMS 0x0000000706200000, 0x0000000706200000| Untracked 
|  63|0x0000000706300000, 0x0000000706300000, 0x0000000706400000|  0%| F|  |TAMS 0x0000000706300000, 0x0000000706300000| Untracked 
|  64|0x0000000706400000, 0x0000000706400000, 0x0000000706500000|  0%| F|  |TAMS 0x0000000706400000, 0x0000000706400000| Untracked 
|  65|0x0000000706500000, 0x0000000706500000, 0x0000000706600000|  0%| F|  |TAMS 0x0000000706500000, 0x0000000706500000| Untracked 
|  66|0x0000000706600000, 0x0000000706600000, 0x0000000706700000|  0%| F|  |TAMS 0x0000000706600000, 0x0000000706600000| Untracked 
|  67|0x0000000706700000, 0x0000000706700000, 0x0000000706800000|  0%| F|  |TAMS 0x0000000706700000, 0x0000000706700000| Untracked 
|  68|0x0000000706800000, 0x0000000706800000, 0x0000000706900000|  0%| F|  |TAMS 0x0000000706800000, 0x0000000706800000| Untracked 
|  69|0x0000000706900000, 0x0000000706900000, 0x0000000706a00000|  0%| F|  |TAMS 0x0000000706900000, 0x0000000706900000| Untracked 
|  70|0x0000000706a00000, 0x0000000706a00000, 0x0000000706b00000|  0%| F|  |TAMS 0x0000000706a00000, 0x0000000706a00000| Untracked 
|  71|0x0000000706b00000, 0x0000000706b00000, 0x0000000706c00000|  0%| F|  |TAMS 0x0000000706b00000, 0x0000000706b00000| Untracked 
|  72|0x0000000706c00000, 0x0000000706c00000, 0x0000000706d00000|  0%| F|  |TAMS 0x0000000706c00000, 0x0000000706c00000| Untracked 
|  73|0x0000000706d00000, 0x0000000706d00000, 0x0000000706e00000|  0%| F|  |TAMS 0x0000000706d00000, 0x0000000706d00000| Untracked 
|  74|0x0000000706e00000, 0x0000000706e00000, 0x0000000706f00000|  0%| F|  |TAMS 0x0000000706e00000, 0x0000000706e00000| Untracked 
|  75|0x0000000706f00000, 0x0000000706f00000, 0x0000000707000000|  0%| F|  |TAMS 0x0000000706f00000, 0x0000000706f00000| Untracked 
|  76|0x0000000707000000, 0x0000000707000000, 0x0000000707100000|  0%| F|  |TAMS 0x0000000707000000, 0x0000000707000000| Untracked 
|  77|0x0000000707100000, 0x0000000707100000, 0x0000000707200000|  0%| F|  |TAMS 0x0000000707100000, 0x0000000707100000| Untracked 
|  78|0x0000000707200000, 0x0000000707200000, 0x0000000707300000|  0%| F|  |TAMS 0x0000000707200000, 0x0000000707200000| Untracked 
|  79|0x0000000707300000, 0x0000000707300000, 0x0000000707400000|  0%| F|  |TAMS 0x0000000707300000, 0x0000000707300000| Untracked 
|  80|0x0000000707400000, 0x0000000707400000, 0x0000000707500000|  0%| F|  |TAMS 0x0000000707400000, 0x0000000707400000| Untracked 
|  81|0x0000000707500000, 0x0000000707500000, 0x0000000707600000|  0%| F|  |TAMS 0x0000000707500000, 0x0000000707500000| Untracked 
|  82|0x0000000707600000, 0x0000000707600000, 0x0000000707700000|  0%| F|  |TAMS 0x0000000707600000, 0x0000000707600000| Untracked 
|  83|0x0000000707700000, 0x0000000707700000, 0x0000000707800000|  0%| F|  |TAMS 0x0000000707700000, 0x0000000707700000| Untracked 
|  84|0x0000000707800000, 0x0000000707800000, 0x0000000707900000|  0%| F|  |TAMS 0x0000000707800000, 0x0000000707800000| Untracked 
|  85|0x0000000707900000, 0x0000000707900000, 0x0000000707a00000|  0%| F|  |TAMS 0x0000000707900000, 0x0000000707900000| Untracked 
|  86|0x0000000707a00000, 0x0000000707a00000, 0x0000000707b00000|  0%| F|  |TAMS 0x0000000707a00000, 0x0000000707a00000| Untracked 
|  87|0x0000000707b00000, 0x0000000707b00000, 0x0000000707c00000|  0%| F|  |TAMS 0x0000000707b00000, 0x0000000707b00000| Untracked 
|  88|0x0000000707c00000, 0x0000000707c00000, 0x0000000707d00000|  0%| F|  |TAMS 0x0000000707c00000, 0x0000000707c00000| Untracked 
|  89|0x0000000707d00000, 0x0000000707d00000, 0x0000000707e00000|  0%| F|  |TAMS 0x0000000707d00000, 0x0000000707d00000| Untracked 
|  90|0x0000000707e00000, 0x0000000707e00000, 0x0000000707f00000|  0%| F|  |TAMS 0x0000000707e00000, 0x0000000707e00000| Untracked 
|  91|0x0000000707f00000, 0x0000000707f00000, 0x0000000708000000|  0%| F|  |TAMS 0x0000000707f00000, 0x0000000707f00000| Untracked 
|  92|0x0000000708000000, 0x0000000708000000, 0x0000000708100000|  0%| F|  |TAMS 0x0000000708000000, 0x0000000708000000| Untracked 
|  93|0x0000000708100000, 0x0000000708100000, 0x0000000708200000|  0%| F|  |TAMS 0x0000000708100000, 0x0000000708100000| Untracked 
|  94|0x0000000708200000, 0x0000000708200000, 0x0000000708300000|  0%| F|  |TAMS 0x0000000708200000, 0x0000000708200000| Untracked 
|  95|0x0000000708300000, 0x0000000708300000, 0x0000000708400000|  0%| F|  |TAMS 0x0000000708300000, 0x0000000708300000| Untracked 
|  96|0x0000000708400000, 0x0000000708400000, 0x0000000708500000|  0%| F|  |TAMS 0x0000000708400000, 0x0000000708400000| Untracked 
|  97|0x0000000708500000, 0x0000000708500000, 0x0000000708600000|  0%| F|  |TAMS 0x0000000708500000, 0x0000000708500000| Untracked 
|  98|0x0000000708600000, 0x0000000708600000, 0x0000000708700000|  0%| F|  |TAMS 0x0000000708600000, 0x0000000708600000| Untracked 
|  99|0x0000000708700000, 0x0000000708700000, 0x0000000708800000|  0%| F|  |TAMS 0x0000000708700000, 0x0000000708700000| Untracked 
| 100|0x0000000708800000, 0x0000000708800000, 0x0000000708900000|  0%| F|  |TAMS 0x0000000708800000, 0x0000000708800000| Untracked 
| 101|0x0000000708900000, 0x0000000708900000, 0x0000000708a00000|  0%| F|  |TAMS 0x0000000708900000, 0x0000000708900000| Untracked 
| 102|0x0000000708a00000, 0x0000000708a00000, 0x0000000708b00000|  0%| F|  |TAMS 0x0000000708a00000, 0x0000000708a00000| Untracked 
| 103|0x0000000708b00000, 0x0000000708b00000, 0x0000000708c00000|  0%| F|  |TAMS 0x0000000708b00000, 0x0000000708b00000| Untracked 
| 104|0x0000000708c00000, 0x0000000708c00000, 0x0000000708d00000|  0%| F|  |TAMS 0x0000000708c00000, 0x0000000708c00000| Untracked 
| 105|0x0000000708d00000, 0x0000000708d00000, 0x0000000708e00000|  0%| F|  |TAMS 0x0000000708d00000, 0x0000000708d00000| Untracked 
| 106|0x0000000708e00000, 0x0000000708e00000, 0x0000000708f00000|  0%| F|  |TAMS 0x0000000708e00000, 0x0000000708e00000| Untracked 
| 107|0x0000000708f00000, 0x0000000708f00000, 0x0000000709000000|  0%| F|  |TAMS 0x0000000708f00000, 0x0000000708f00000| Untracked 
| 108|0x0000000709000000, 0x0000000709000000, 0x0000000709100000|  0%| F|  |TAMS 0x0000000709000000, 0x0000000709000000| Untracked 
| 109|0x0000000709100000, 0x0000000709100000, 0x0000000709200000|  0%| F|  |TAMS 0x0000000709100000, 0x0000000709100000| Untracked 
| 110|0x0000000709200000, 0x0000000709200000, 0x0000000709300000|  0%| F|  |TAMS 0x0000000709200000, 0x0000000709200000| Untracked 
| 111|0x0000000709300000, 0x0000000709300000, 0x0000000709400000|  0%| F|  |TAMS 0x0000000709300000, 0x0000000709300000| Untracked 
| 112|0x0000000709400000, 0x0000000709400000, 0x0000000709500000|  0%| F|  |TAMS 0x0000000709400000, 0x0000000709400000| Untracked 
| 113|0x0000000709500000, 0x0000000709500000, 0x0000000709600000|  0%| F|  |TAMS 0x0000000709500000, 0x0000000709500000| Untracked 
| 114|0x0000000709600000, 0x0000000709600000, 0x0000000709700000|  0%| F|  |TAMS 0x0000000709600000, 0x0000000709600000| Untracked 
| 115|0x0000000709700000, 0x0000000709700000, 0x0000000709800000|  0%| F|  |TAMS 0x0000000709700000, 0x0000000709700000| Untracked 
| 116|0x0000000709800000, 0x0000000709800000, 0x0000000709900000|  0%| F|  |TAMS 0x0000000709800000, 0x0000000709800000| Untracked 
| 117|0x0000000709900000, 0x0000000709900000, 0x0000000709a00000|  0%| F|  |TAMS 0x0000000709900000, 0x0000000709900000| Untracked 
| 118|0x0000000709a00000, 0x0000000709a00000, 0x0000000709b00000|  0%| F|  |TAMS 0x0000000709a00000, 0x0000000709a00000| Untracked 
| 119|0x0000000709b00000, 0x0000000709b00000, 0x0000000709c00000|  0%| F|  |TAMS 0x0000000709b00000, 0x0000000709b00000| Untracked 
| 120|0x0000000709c00000, 0x0000000709c00000, 0x0000000709d00000|  0%| F|  |TAMS 0x0000000709c00000, 0x0000000709c00000| Untracked 
| 121|0x0000000709d00000, 0x0000000709d00000, 0x0000000709e00000|  0%| F|  |TAMS 0x0000000709d00000, 0x0000000709d00000| Untracked 
| 122|0x0000000709e00000, 0x0000000709e00000, 0x0000000709f00000|  0%| F|  |TAMS 0x0000000709e00000, 0x0000000709e00000| Untracked 
| 123|0x0000000709f00000, 0x0000000709f00000, 0x000000070a000000|  0%| F|  |TAMS 0x0000000709f00000, 0x0000000709f00000| Untracked 
| 124|0x000000070a000000, 0x000000070a000000, 0x000000070a100000|  0%| F|  |TAMS 0x000000070a000000, 0x000000070a000000| Untracked 
| 125|0x000000070a100000, 0x000000070a100000, 0x000000070a200000|  0%| F|  |TAMS 0x000000070a100000, 0x000000070a100000| Untracked 
| 126|0x000000070a200000, 0x000000070a200000, 0x000000070a300000|  0%| F|  |TAMS 0x000000070a200000, 0x000000070a200000| Untracked 
| 127|0x000000070a300000, 0x000000070a300000, 0x000000070a400000|  0%| F|  |TAMS 0x000000070a300000, 0x000000070a300000| Untracked 
| 128|0x000000070a400000, 0x000000070a400000, 0x000000070a500000|  0%| F|  |TAMS 0x000000070a400000, 0x000000070a400000| Untracked 
| 129|0x000000070a500000, 0x000000070a500000, 0x000000070a600000|  0%| F|  |TAMS 0x000000070a500000, 0x000000070a500000| Untracked 
| 130|0x000000070a600000, 0x000000070a600000, 0x000000070a700000|  0%| F|  |TAMS 0x000000070a600000, 0x000000070a600000| Untracked 
| 131|0x000000070a700000, 0x000000070a700000, 0x000000070a800000|  0%| F|  |TAMS 0x000000070a700000, 0x000000070a700000| Untracked 
| 132|0x000000070a800000, 0x000000070a800000, 0x000000070a900000|  0%| F|  |TAMS 0x000000070a800000, 0x000000070a800000| Untracked 
| 133|0x000000070a900000, 0x000000070a900000, 0x000000070aa00000|  0%| F|  |TAMS 0x000000070a900000, 0x000000070a900000| Untracked 
| 134|0x000000070aa00000, 0x000000070aa00000, 0x000000070ab00000|  0%| F|  |TAMS 0x000000070aa00000, 0x000000070aa00000| Untracked 
| 135|0x000000070ab00000, 0x000000070ab00000, 0x000000070ac00000|  0%| F|  |TAMS 0x000000070ab00000, 0x000000070ab00000| Untracked 
| 136|0x000000070ac00000, 0x000000070ac00000, 0x000000070ad00000|  0%| F|  |TAMS 0x000000070ac00000, 0x000000070ac00000| Untracked 
| 137|0x000000070ad00000, 0x000000070ad00000, 0x000000070ae00000|  0%| F|  |TAMS 0x000000070ad00000, 0x000000070ad00000| Untracked 
| 138|0x000000070ae00000, 0x000000070ae00000, 0x000000070af00000|  0%| F|  |TAMS 0x000000070ae00000, 0x000000070ae00000| Untracked 
| 139|0x000000070af00000, 0x000000070af00000, 0x000000070b000000|  0%| F|  |TAMS 0x000000070af00000, 0x000000070af00000| Untracked 
| 140|0x000000070b000000, 0x000000070b000000, 0x000000070b100000|  0%| F|  |TAMS 0x000000070b000000, 0x000000070b000000| Untracked 
| 141|0x000000070b100000, 0x000000070b100000, 0x000000070b200000|  0%| F|  |TAMS 0x000000070b100000, 0x000000070b100000| Untracked 
| 142|0x000000070b200000, 0x000000070b200000, 0x000000070b300000|  0%| F|  |TAMS 0x000000070b200000, 0x000000070b200000| Untracked 
| 143|0x000000070b300000, 0x000000070b300000, 0x000000070b400000|  0%| F|  |TAMS 0x000000070b300000, 0x000000070b300000| Untracked 
| 144|0x000000070b400000, 0x000000070b400000, 0x000000070b500000|  0%| F|  |TAMS 0x000000070b400000, 0x000000070b400000| Untracked 
| 145|0x000000070b500000, 0x000000070b500000, 0x000000070b600000|  0%| F|  |TAMS 0x000000070b500000, 0x000000070b500000| Untracked 
| 146|0x000000070b600000, 0x000000070b600000, 0x000000070b700000|  0%| F|  |TAMS 0x000000070b600000, 0x000000070b600000| Untracked 
| 147|0x000000070b700000, 0x000000070b700000, 0x000000070b800000|  0%| F|  |TAMS 0x000000070b700000, 0x000000070b700000| Untracked 
| 148|0x000000070b800000, 0x000000070b800000, 0x000000070b900000|  0%| F|  |TAMS 0x000000070b800000, 0x000000070b800000| Untracked 
| 149|0x000000070b900000, 0x000000070b900000, 0x000000070ba00000|  0%| F|  |TAMS 0x000000070b900000, 0x000000070b900000| Untracked 
| 150|0x000000070ba00000, 0x000000070ba00000, 0x000000070bb00000|  0%| F|  |TAMS 0x000000070ba00000, 0x000000070ba00000| Untracked 
| 151|0x000000070bb00000, 0x000000070bb00000, 0x000000070bc00000|  0%| F|  |TAMS 0x000000070bb00000, 0x000000070bb00000| Untracked 
| 152|0x000000070bc00000, 0x000000070bc00000, 0x000000070bd00000|  0%| F|  |TAMS 0x000000070bc00000, 0x000000070bc00000| Untracked 
| 153|0x000000070bd00000, 0x000000070bd00000, 0x000000070be00000|  0%| F|  |TAMS 0x000000070bd00000, 0x000000070bd00000| Untracked 
| 154|0x000000070be00000, 0x000000070be00000, 0x000000070bf00000|  0%| F|  |TAMS 0x000000070be00000, 0x000000070be00000| Untracked 
| 155|0x000000070bf00000, 0x000000070bf00000, 0x000000070c000000|  0%| F|  |TAMS 0x000000070bf00000, 0x000000070bf00000| Untracked 
| 156|0x000000070c000000, 0x000000070c000000, 0x000000070c100000|  0%| F|  |TAMS 0x000000070c000000, 0x000000070c000000| Untracked 
| 157|0x000000070c100000, 0x000000070c100000, 0x000000070c200000|  0%| F|  |TAMS 0x000000070c100000, 0x000000070c100000| Untracked 
| 158|0x000000070c200000, 0x000000070c200000, 0x000000070c300000|  0%| F|  |TAMS 0x000000070c200000, 0x000000070c200000| Untracked 
| 159|0x000000070c300000, 0x000000070c300000, 0x000000070c400000|  0%| F|  |TAMS 0x000000070c300000, 0x000000070c300000| Untracked 
| 160|0x000000070c400000, 0x000000070c400000, 0x000000070c500000|  0%| F|  |TAMS 0x000000070c400000, 0x000000070c400000| Untracked 
| 161|0x000000070c500000, 0x000000070c500000, 0x000000070c600000|  0%| F|  |TAMS 0x000000070c500000, 0x000000070c500000| Untracked 
| 162|0x000000070c600000, 0x000000070c600000, 0x000000070c700000|  0%| F|  |TAMS 0x000000070c600000, 0x000000070c600000| Untracked 
| 163|0x000000070c700000, 0x000000070c700000, 0x000000070c800000|  0%| F|  |TAMS 0x000000070c700000, 0x000000070c700000| Untracked 
| 164|0x000000070c800000, 0x000000070c800000, 0x000000070c900000|  0%| F|  |TAMS 0x000000070c800000, 0x000000070c800000| Untracked 
| 165|0x000000070c900000, 0x000000070c900000, 0x000000070ca00000|  0%| F|  |TAMS 0x000000070c900000, 0x000000070c900000| Untracked 
| 166|0x000000070ca00000, 0x000000070ca00000, 0x000000070cb00000|  0%| F|  |TAMS 0x000000070ca00000, 0x000000070ca00000| Untracked 
| 167|0x000000070cb00000, 0x000000070cb00000, 0x000000070cc00000|  0%| F|  |TAMS 0x000000070cb00000, 0x000000070cb00000| Untracked 
| 168|0x000000070cc00000, 0x000000070cc00000, 0x000000070cd00000|  0%| F|  |TAMS 0x000000070cc00000, 0x000000070cc00000| Untracked 
| 169|0x000000070cd00000, 0x000000070cd00000, 0x000000070ce00000|  0%| F|  |TAMS 0x000000070cd00000, 0x000000070cd00000| Untracked 
| 170|0x000000070ce00000, 0x000000070ce00000, 0x000000070cf00000|  0%| F|  |TAMS 0x000000070ce00000, 0x000000070ce00000| Untracked 
| 171|0x000000070cf00000, 0x000000070cf00000, 0x000000070d000000|  0%| F|  |TAMS 0x000000070cf00000, 0x000000070cf00000| Untracked 
| 172|0x000000070d000000, 0x000000070d000000, 0x000000070d100000|  0%| F|  |TAMS 0x000000070d000000, 0x000000070d000000| Untracked 
| 173|0x000000070d100000, 0x000000070d100000, 0x000000070d200000|  0%| F|  |TAMS 0x000000070d100000, 0x000000070d100000| Untracked 
| 174|0x000000070d200000, 0x000000070d200000, 0x000000070d300000|  0%| F|  |TAMS 0x000000070d200000, 0x000000070d200000| Untracked 
| 175|0x000000070d300000, 0x000000070d300000, 0x000000070d400000|  0%| F|  |TAMS 0x000000070d300000, 0x000000070d300000| Untracked 
| 176|0x000000070d400000, 0x000000070d400000, 0x000000070d500000|  0%| F|  |TAMS 0x000000070d400000, 0x000000070d400000| Untracked 
| 177|0x000000070d500000, 0x000000070d500000, 0x000000070d600000|  0%| F|  |TAMS 0x000000070d500000, 0x000000070d500000| Untracked 
| 178|0x000000070d600000, 0x000000070d600000, 0x000000070d700000|  0%| F|  |TAMS 0x000000070d600000, 0x000000070d600000| Untracked 
| 179|0x000000070d700000, 0x000000070d700000, 0x000000070d800000|  0%| F|  |TAMS 0x000000070d700000, 0x000000070d700000| Untracked 
| 180|0x000000070d800000, 0x000000070d800000, 0x000000070d900000|  0%| F|  |TAMS 0x000000070d800000, 0x000000070d800000| Untracked 
| 181|0x000000070d900000, 0x000000070d900000, 0x000000070da00000|  0%| F|  |TAMS 0x000000070d900000, 0x000000070d900000| Untracked 
| 182|0x000000070da00000, 0x000000070da00000, 0x000000070db00000|  0%| F|  |TAMS 0x000000070da00000, 0x000000070da00000| Untracked 
| 183|0x000000070db00000, 0x000000070db00000, 0x000000070dc00000|  0%| F|  |TAMS 0x000000070db00000, 0x000000070db00000| Untracked 
| 184|0x000000070dc00000, 0x000000070dc00000, 0x000000070dd00000|  0%| F|  |TAMS 0x000000070dc00000, 0x000000070dc00000| Untracked 
| 185|0x000000070dd00000, 0x000000070dd00000, 0x000000070de00000|  0%| F|  |TAMS 0x000000070dd00000, 0x000000070dd00000| Untracked 
| 186|0x000000070de00000, 0x000000070de00000, 0x000000070df00000|  0%| F|  |TAMS 0x000000070de00000, 0x000000070de00000| Untracked 
| 187|0x000000070df00000, 0x000000070df00000, 0x000000070e000000|  0%| F|  |TAMS 0x000000070df00000, 0x000000070df00000| Untracked 
| 188|0x000000070e000000, 0x000000070e000000, 0x000000070e100000|  0%| F|  |TAMS 0x000000070e000000, 0x000000070e000000| Untracked 
| 189|0x000000070e100000, 0x000000070e100000, 0x000000070e200000|  0%| F|  |TAMS 0x000000070e100000, 0x000000070e100000| Untracked 
| 190|0x000000070e200000, 0x000000070e200000, 0x000000070e300000|  0%| F|  |TAMS 0x000000070e200000, 0x000000070e200000| Untracked 
| 191|0x000000070e300000, 0x000000070e300000, 0x000000070e400000|  0%| F|  |TAMS 0x000000070e300000, 0x000000070e300000| Untracked 
| 192|0x000000070e400000, 0x000000070e400000, 0x000000070e500000|  0%| F|  |TAMS 0x000000070e400000, 0x000000070e400000| Untracked 
| 193|0x000000070e500000, 0x000000070e500000, 0x000000070e600000|  0%| F|  |TAMS 0x000000070e500000, 0x000000070e500000| Untracked 
| 194|0x000000070e600000, 0x000000070e600000, 0x000000070e700000|  0%| F|  |TAMS 0x000000070e600000, 0x000000070e600000| Untracked 
| 195|0x000000070e700000, 0x000000070e700000, 0x000000070e800000|  0%| F|  |TAMS 0x000000070e700000, 0x000000070e700000| Untracked 
| 196|0x000000070e800000, 0x000000070e800000, 0x000000070e900000|  0%| F|  |TAMS 0x000000070e800000, 0x000000070e800000| Untracked 
| 197|0x000000070e900000, 0x000000070e900000, 0x000000070ea00000|  0%| F|  |TAMS 0x000000070e900000, 0x000000070e900000| Untracked 
| 198|0x000000070ea00000, 0x000000070ea00000, 0x000000070eb00000|  0%| F|  |TAMS 0x000000070ea00000, 0x000000070ea00000| Untracked 
| 199|0x000000070eb00000, 0x000000070eb00000, 0x000000070ec00000|  0%| F|  |TAMS 0x000000070eb00000, 0x000000070eb00000| Untracked 
| 200|0x000000070ec00000, 0x000000070ec00000, 0x000000070ed00000|  0%| F|  |TAMS 0x000000070ec00000, 0x000000070ec00000| Untracked 
| 201|0x000000070ed00000, 0x000000070ed00000, 0x000000070ee00000|  0%| F|  |TAMS 0x000000070ed00000, 0x000000070ed00000| Untracked 
| 202|0x000000070ee00000, 0x000000070ee00000, 0x000000070ef00000|  0%| F|  |TAMS 0x000000070ee00000, 0x000000070ee00000| Untracked 
| 203|0x000000070ef00000, 0x000000070ef00000, 0x000000070f000000|  0%| F|  |TAMS 0x000000070ef00000, 0x000000070ef00000| Untracked 
| 204|0x000000070f000000, 0x000000070f000000, 0x000000070f100000|  0%| F|  |TAMS 0x000000070f000000, 0x000000070f000000| Untracked 
| 205|0x000000070f100000, 0x000000070f100000, 0x000000070f200000|  0%| F|  |TAMS 0x000000070f100000, 0x000000070f100000| Untracked 
| 206|0x000000070f200000, 0x000000070f200000, 0x000000070f300000|  0%| F|  |TAMS 0x000000070f200000, 0x000000070f200000| Untracked 
| 207|0x000000070f300000, 0x000000070f300000, 0x000000070f400000|  0%| F|  |TAMS 0x000000070f300000, 0x000000070f300000| Untracked 
| 208|0x000000070f400000, 0x000000070f400000, 0x000000070f500000|  0%| F|  |TAMS 0x000000070f400000, 0x000000070f400000| Untracked 
| 209|0x000000070f500000, 0x000000070f500000, 0x000000070f600000|  0%| F|  |TAMS 0x000000070f500000, 0x000000070f500000| Untracked 
| 210|0x000000070f600000, 0x000000070f600000, 0x000000070f700000|  0%| F|  |TAMS 0x000000070f600000, 0x000000070f600000| Untracked 
| 211|0x000000070f700000, 0x000000070f700000, 0x000000070f800000|  0%| F|  |TAMS 0x000000070f700000, 0x000000070f700000| Untracked 
| 212|0x000000070f800000, 0x000000070f800000, 0x000000070f900000|  0%| F|  |TAMS 0x000000070f800000, 0x000000070f800000| Untracked 
| 213|0x000000070f900000, 0x000000070f900000, 0x000000070fa00000|  0%| F|  |TAMS 0x000000070f900000, 0x000000070f900000| Untracked 
| 214|0x000000070fa00000, 0x000000070fa00000, 0x000000070fb00000|  0%| F|  |TAMS 0x000000070fa00000, 0x000000070fa00000| Untracked 
| 215|0x000000070fb00000, 0x000000070fb00000, 0x000000070fc00000|  0%| F|  |TAMS 0x000000070fb00000, 0x000000070fb00000| Untracked 
| 216|0x000000070fc00000, 0x000000070fc00000, 0x000000070fd00000|  0%| F|  |TAMS 0x000000070fc00000, 0x000000070fc00000| Untracked 
| 217|0x000000070fd00000, 0x000000070fd00000, 0x000000070fe00000|  0%| F|  |TAMS 0x000000070fd00000, 0x000000070fd00000| Untracked 
| 218|0x000000070fe00000, 0x000000070fe00000, 0x000000070ff00000|  0%| F|  |TAMS 0x000000070fe00000, 0x000000070fe00000| Untracked 
| 219|0x000000070ff00000, 0x000000070ff00000, 0x0000000710000000|  0%| F|  |TAMS 0x000000070ff00000, 0x000000070ff00000| Untracked 
| 220|0x0000000710000000, 0x0000000710000000, 0x0000000710100000|  0%| F|  |TAMS 0x0000000710000000, 0x0000000710000000| Untracked 
| 221|0x0000000710100000, 0x0000000710100000, 0x0000000710200000|  0%| F|  |TAMS 0x0000000710100000, 0x0000000710100000| Untracked 
| 222|0x0000000710200000, 0x0000000710200000, 0x0000000710300000|  0%| F|  |TAMS 0x0000000710200000, 0x0000000710200000| Untracked 
| 223|0x0000000710300000, 0x0000000710300000, 0x0000000710400000|  0%| F|  |TAMS 0x0000000710300000, 0x0000000710300000| Untracked 
| 224|0x0000000710400000, 0x0000000710400000, 0x0000000710500000|  0%| F|  |TAMS 0x0000000710400000, 0x0000000710400000| Untracked 
| 225|0x0000000710500000, 0x0000000710500000, 0x0000000710600000|  0%| F|  |TAMS 0x0000000710500000, 0x0000000710500000| Untracked 
| 226|0x0000000710600000, 0x0000000710600000, 0x0000000710700000|  0%| F|  |TAMS 0x0000000710600000, 0x0000000710600000| Untracked 
| 227|0x0000000710700000, 0x0000000710800000, 0x0000000710800000|100%| S|CS|TAMS 0x0000000710700000, 0x0000000710700000| Complete 
| 228|0x0000000710800000, 0x0000000710900000, 0x0000000710900000|100%| S|CS|TAMS 0x0000000710800000, 0x0000000710800000| Complete 
| 229|0x0000000710900000, 0x0000000710a00000, 0x0000000710a00000|100%| S|CS|TAMS 0x0000000710900000, 0x0000000710900000| Complete 
| 230|0x0000000710a00000, 0x0000000710a00000, 0x0000000710b00000|  0%| F|  |TAMS 0x0000000710a00000, 0x0000000710a00000| Untracked 
| 231|0x0000000710b00000, 0x0000000710b00000, 0x0000000710c00000|  0%| F|  |TAMS 0x0000000710b00000, 0x0000000710b00000| Untracked 
| 232|0x0000000710c00000, 0x0000000710c00000, 0x0000000710d00000|  0%| F|  |TAMS 0x0000000710c00000, 0x0000000710c00000| Untracked 
| 233|0x0000000710d00000, 0x0000000710d00000, 0x0000000710e00000|  0%| F|  |TAMS 0x0000000710d00000, 0x0000000710d00000| Untracked 
| 234|0x0000000710e00000, 0x0000000710e00000, 0x0000000710f00000|  0%| F|  |TAMS 0x0000000710e00000, 0x0000000710e00000| Untracked 
| 235|0x0000000710f00000, 0x0000000710f00000, 0x0000000711000000|  0%| F|  |TAMS 0x0000000710f00000, 0x0000000710f00000| Untracked 
| 236|0x0000000711000000, 0x0000000711000000, 0x0000000711100000|  0%| F|  |TAMS 0x0000000711000000, 0x0000000711000000| Untracked 
| 237|0x0000000711100000, 0x0000000711100000, 0x0000000711200000|  0%| F|  |TAMS 0x0000000711100000, 0x0000000711100000| Untracked 
| 238|0x0000000711200000, 0x0000000711200000, 0x0000000711300000|  0%| F|  |TAMS 0x0000000711200000, 0x0000000711200000| Untracked 
| 239|0x0000000711300000, 0x0000000711300000, 0x0000000711400000|  0%| F|  |TAMS 0x0000000711300000, 0x0000000711300000| Untracked 
| 240|0x0000000711400000, 0x0000000711400000, 0x0000000711500000|  0%| F|  |TAMS 0x0000000711400000, 0x0000000711400000| Untracked 
| 241|0x0000000711500000, 0x0000000711500000, 0x0000000711600000|  0%| F|  |TAMS 0x0000000711500000, 0x0000000711500000| Untracked 
| 242|0x0000000711600000, 0x0000000711600000, 0x0000000711700000|  0%| F|  |TAMS 0x0000000711600000, 0x0000000711600000| Untracked 
| 243|0x0000000711700000, 0x0000000711700000, 0x0000000711800000|  0%| F|  |TAMS 0x0000000711700000, 0x0000000711700000| Untracked 
| 244|0x0000000711800000, 0x0000000711800000, 0x0000000711900000|  0%| F|  |TAMS 0x0000000711800000, 0x0000000711800000| Untracked 
| 245|0x0000000711900000, 0x0000000711900000, 0x0000000711a00000|  0%| F|  |TAMS 0x0000000711900000, 0x0000000711900000| Untracked 
| 246|0x0000000711a00000, 0x0000000711a00000, 0x0000000711b00000|  0%| F|  |TAMS 0x0000000711a00000, 0x0000000711a00000| Untracked 
| 247|0x0000000711b00000, 0x0000000711b00800, 0x0000000711c00000|  0%| E|  |TAMS 0x0000000711b00000, 0x0000000711b00000| Complete 
| 248|0x0000000711c00000, 0x0000000711d00000, 0x0000000711d00000|100%| E|CS|TAMS 0x0000000711c00000, 0x0000000711c00000| Complete 
| 249|0x0000000711d00000, 0x0000000711e00000, 0x0000000711e00000|100%| E|CS|TAMS 0x0000000711d00000, 0x0000000711d00000| Complete 
| 250|0x0000000711e00000, 0x0000000711f00000, 0x0000000711f00000|100%| E|CS|TAMS 0x0000000711e00000, 0x0000000711e00000| Complete 
| 251|0x0000000711f00000, 0x0000000712000000, 0x0000000712000000|100%| E|CS|TAMS 0x0000000711f00000, 0x0000000711f00000| Complete 
| 252|0x0000000712000000, 0x0000000712100000, 0x0000000712100000|100%| E|CS|TAMS 0x0000000712000000, 0x0000000712000000| Complete 
| 253|0x0000000712100000, 0x0000000712200000, 0x0000000712200000|100%| E|CS|TAMS 0x0000000712100000, 0x0000000712100000| Complete 

Card table byte_map: [0x000002affec50000,0x000002afff440000] _byte_map_base: 0x000002affb43e000

Marking Bits (Prev, Next): (CMBitMap*) 0x000002aff595d488, (CMBitMap*) 0x000002aff595d4c8
 Prev Bits: [0x000002af8f000000, 0x000002af92f70000)
 Next Bits: [0x000002af92f70000, 0x000002af96ee0000)

Polling page: 0x000002aff36d0000

Metaspace:

Usage:
  Non-class:     14.54 MB capacity,    14.33 MB ( 99%) used,   177.17 KB (  1%) free+waste,    38.88 KB ( <1%) overhead. 
      Class:      1.96 MB capacity,     1.79 MB ( 91%) used,   159.19 KB (  8%) free+waste,    21.50 KB (  1%) overhead. 
       Both:     16.50 MB capacity,    16.12 MB ( 98%) used,   336.36 KB (  2%) free+waste,    60.38 KB ( <1%) overhead. 

Virtual space:
  Non-class space:       16.00 MB reserved,      14.75 MB ( 92%) committed 
      Class space:        1.00 GB reserved,       2.00 MB ( <1%) committed 
             Both:        1.02 GB reserved,      16.75 MB (  2%) committed 

Chunk freelists:
   Non-Class:  22.00 KB
       Class:  6.00 KB
        Both:  28.00 KB

MaxMetaspaceSize: 17179869184.00 GB
CompressedClassSpaceSize: 1.00 GB

CodeHeap 'non-profiled nmethods': size=120000Kb used=799Kb max_used=799Kb free=119200Kb
 bounds [0x000002af87ad0000, 0x000002af87d40000, 0x000002af8f000000]
CodeHeap 'profiled nmethods': size=120000Kb used=5006Kb max_used=5006Kb free=114993Kb
 bounds [0x000002af805a0000, 0x000002af80a90000, 0x000002af87ad0000]
CodeHeap 'non-nmethods': size=5760Kb used=1391Kb max_used=1406Kb free=4368Kb
 bounds [0x000002af80000000, 0x000002af80270000, 0x000002af805a0000]
 total_blobs=4004 nmethods=2426 adapters=610
 compilation: enabled
              stopped_count=0, restarted_count=0
 full_count=0

Compilation events (20 events):
Event: 1215.531 Thread 0x000002af9a1ff000 nmethod 2602 0x000002af80a7c190 code [0x000002af80a7c360, 0x000002af80a7c640]
Event: 1275.541 Thread 0x000002af9a1ff000 2603   !   3       com.mysql.cj.jdbc.AbandonedConnectionCleanupThread::checkThreadContextClassLoader (20 bytes)
Event: 1275.544 Thread 0x000002af9a1ff000 nmethod 2603 0x000002af80a7c710 code [0x000002af80a7c9a0, 0x000002af80a7d940]
Event: 1550.588 Thread 0x000002af9a1ff000 2604       3       sun.net.www.ParseUtil::firstEncodeIndex (86 bytes)
Event: 1550.589 Thread 0x000002af9a1ff000 nmethod 2604 0x000002af80a7df10 code [0x000002af80a7e160, 0x000002af80a7ebf0]
Event: 1887.457 Thread 0x000002af9a1ff000 2605       3       java.awt.Color::<init> (72 bytes)
Event: 1887.458 Thread 0x000002af9a1ff000 nmethod 2605 0x000002af80a7ef90 code [0x000002af80a7f140, 0x000002af80a7f430]
Event: 1887.458 Thread 0x000002af9a1ff000 2606       3       java.awt.Color::testColorValueRange (121 bytes)
Event: 1887.458 Thread 0x000002af9a1ff000 nmethod 2606 0x000002af80a7f510 code [0x000002af80a7f740, 0x000002af80a7fdc0]
Event: 1887.467 Thread 0x000002af9a1ff000 2607   !   3       java.awt.Toolkit::setDesktopProperty (81 bytes)
Event: 1887.467 Thread 0x000002af9a1ff000 nmethod 2607 0x000002af80a80010 code [0x000002af80a80280, 0x000002af80a81370]
Event: 1899.443 Thread 0x000002af9a1ff000 2608       3       java.awt.Container::createChildHierarchyEvents (76 bytes)
Event: 1899.444 Thread 0x000002af9a1ff000 nmethod 2608 0x000002af80a81790 code [0x000002af80a819c0, 0x000002af80a82280]
Event: 1899.472 Thread 0x000002af9a1ff000 2609       3       sun.swing.SwingUtilities2::stringWidth (9 bytes)
Event: 1899.472 Thread 0x000002af9a1ff000 nmethod 2609 0x000002af80a82510 code [0x000002af80a826c0, 0x000002af80a82870]
Event: 1899.472 Thread 0x000002af9a1ff000 2610   !   3       sun.swing.SwingUtilities2::stringWidth (110 bytes)
Event: 1899.473 Thread 0x000002af9a1ff000 nmethod 2610 0x000002af80a82910 code [0x000002af80a82c00, 0x000002af80a83f20]
Event: 1902.455 Thread 0x000002af9a1ff000 2611       3       java.awt.Font::<init> (56 bytes)
Event: 1902.455 Thread 0x000002af9a1ff000 nmethod 2611 0x000002af80a84490 code [0x000002af80a84640, 0x000002af80a84958]
Event: 2901.074 Thread 0x000002af9a1f4800 2612   !   4       sun.awt.AWTAutoShutdown::setToolkitBusy (124 bytes)

GC Heap History (2 events):
Event: 7.299 GC heap before
{Heap before GC invocations=0 (full 0):
 garbage-first heap   total 260096K, used 23552K [0x0000000702400000, 0x0000000800000000)
  region size 1024K, 24 young (24576K), 0 survivors (0K)
 Metaspace       used 15186K, capacity 15581K, committed 15744K, reserved 1062912K
  class space    used 1747K, capacity 1912K, committed 1920K, reserved 1048576K
}
Event: 7.305 GC heap after
{Heap after GC invocations=1 (full 0):
 garbage-first heap   total 260096K, used 6319K [0x0000000702400000, 0x0000000800000000)
  region size 1024K, 3 young (3072K), 3 survivors (3072K)
 Metaspace       used 15186K, capacity 15581K, committed 15744K, reserved 1062912K
  class space    used 1747K, capacity 1912K, committed 1920K, reserved 1048576K
}

Deoptimization events (20 events):
Event: 7.305 Thread 0x000002af9bd43800 DEOPT PACKING pc=0x000002af87b78f78 sp=0x000000b2fd2fe780
Event: 7.305 Thread 0x000002af9bd43800 DEOPT UNPACKING pc=0x000002af8004912f sp=0x000000b2fd2fe710 mode 2
Event: 7.316 Thread 0x000002af9bd43800 Uncommon trap: trap_request=0xffffff45 fr.pc=0x000002af87b44700 relative=0x00000000000000e0
Event: 7.316 Thread 0x000002af9bd43800 Uncommon trap: reason=unstable_if action=reinterpret pc=0x000002af87b44700 method=java.lang.ref.SoftReference.get()Ljava/lang/Object; @ 17 c2
Event: 7.316 Thread 0x000002af9bd43800 DEOPT PACKING pc=0x000002af87b44700 sp=0x000000b2fd2fce50
Event: 7.316 Thread 0x000002af9bd43800 DEOPT UNPACKING pc=0x000002af8004912f sp=0x000000b2fd2fce08 mode 2
Event: 7.359 Thread 0x000002af9a69c000 Uncommon trap: trap_request=0xffffff45 fr.pc=0x000002af87b653a0 relative=0x0000000000000080
Event: 7.359 Thread 0x000002af9a69c000 Uncommon trap: reason=unstable_if action=reinterpret pc=0x000002af87b653a0 method=sun.awt.SunToolkit.getAppContext(Ljava/lang/Object;)Lsun/awt/AppContext; @ 4 c2
Event: 7.359 Thread 0x000002af9a69c000 DEOPT PACKING pc=0x000002af87b653a0 sp=0x000000b2fd3fdcd0
Event: 7.359 Thread 0x000002af9a69c000 DEOPT UNPACKING pc=0x000002af8004912f sp=0x000000b2fd3fdc08 mode 2
Event: 7.421 Thread 0x000002af9bd43800 DEOPT PACKING pc=0x000002af8097b8ad sp=0x000000b2fd2fbfd0
Event: 7.421 Thread 0x000002af9bd43800 DEOPT UNPACKING pc=0x000002af8004964e sp=0x000000b2fd2fb410 mode 0
Event: 7.445 Thread 0x000002af9bd43800 Uncommon trap: trap_request=0xffffff45 fr.pc=0x000002af87b5d81c relative=0x000000000000007c
Event: 7.445 Thread 0x000002af9bd43800 Uncommon trap: reason=unstable_if action=reinterpret pc=0x000002af87b5d81c method=sun.awt.SunToolkit.getAppContext(Ljava/lang/Object;)Lsun/awt/AppContext; @ 4 c2
Event: 7.445 Thread 0x000002af9bd43800 DEOPT PACKING pc=0x000002af87b5d81c sp=0x000000b2fd2fdfe0
Event: 7.445 Thread 0x000002af9bd43800 DEOPT UNPACKING pc=0x000002af8004912f sp=0x000000b2fd2fdf80 mode 2
Event: 7.459 Thread 0x000002af9bd43800 Uncommon trap: trap_request=0xffffff45 fr.pc=0x000002af87b3c780 relative=0x0000000000002320
Event: 7.459 Thread 0x000002af9bd43800 Uncommon trap: reason=unstable_if action=reinterpret pc=0x000002af87b3c780 method=java.lang.ref.SoftReference.get()Ljava/lang/Object; @ 17 c2
Event: 7.459 Thread 0x000002af9bd43800 DEOPT PACKING pc=0x000002af87b3c780 sp=0x000000b2fd2fd830
Event: 7.459 Thread 0x000002af9bd43800 DEOPT UNPACKING pc=0x000002af8004912f sp=0x000000b2fd2fd5a8 mode 2

Classes unloaded (0 events):
No events

Classes redefined (0 events):
No events

Internal exceptions (20 events):
Event: 0.088 Thread 0x000002aff58f0000 Exception <a 'java/lang/NoSuchMethodError'{0x0000000711f167a0}: 'void java.lang.invoke.DirectMethodHandle$Holder.invokeSpecial(java.lang.Object, java.lang.Object, java.lang.Object, java.lang.Object, java.lang.Object)'> (0x0000000711f167a0) 
thrown [t:/workspace/open/src/hotspot/share/interpreter/linkResolver.cpp, line 767]
Event: 0.090 Thread 0x000002aff58f0000 Exception <a 'java/lang/IncompatibleClassChangeError'{0x0000000711f27820}: Found class java.lang.Object, but interface was expected> (0x0000000711f27820) 
thrown [t:/workspace/open/src/hotspot/share/interpreter/linkResolver.cpp, line 833]
Event: 0.090 Thread 0x000002aff58f0000 Exception <a 'java/lang/NoSuchMethodError'{0x0000000711f2a4a8}: 'void java.lang.invoke.DirectMethodHandle$Holder.invokeStatic(java.lang.Object, java.lang.Object, java.lang.Object, java.lang.Object)'> (0x0000000711f2a4a8) 
thrown [t:/workspace/open/src/hotspot/share/interpreter/linkResolver.cpp, line 767]
Event: 0.120 Thread 0x000002aff58f0000 Exception <a 'java/lang/ClassNotFoundException'{0x0000000711e2ab98}: sun/awt/resources/spi/awtProvider> (0x0000000711e2ab98) 
thrown [t:/workspace/open/src/hotspot/share/classfile/systemDictionary.cpp, line 232]
Event: 0.136 Thread 0x000002aff58f0000 Exception <a 'java/io/FileNotFoundException'{0x0000000711e796a0}> (0x0000000711e796a0) 
thrown [t:/workspace/open/src/hotspot/share/prims/jni.cpp, line 598]
Event: 0.140 Thread 0x000002aff58f0000 Exception <a 'java/io/FileNotFoundException'{0x0000000711ea00c8}> (0x0000000711ea00c8) 
thrown [t:/workspace/open/src/hotspot/share/prims/jni.cpp, line 598]
Event: 0.169 Thread 0x000002af9a69c000 Exception <a 'java/lang/NoSuchMethodError'{0x0000000711efb260}: 'void java.lang.invoke.DirectMethodHandle$Holder.invokeSpecial(java.lang.Object, java.lang.Object)'> (0x0000000711efb260) 
thrown [t:/workspace/open/src/hotspot/share/interpreter/linkResolver.cpp, line 767]
Event: 0.184 Thread 0x000002aff58f0000 Exception <a 'java/lang/NoSuchMethodError'{0x0000000711d3f568}: 'java.lang.Object java.lang.invoke.DirectMethodHandle$Holder.invokeStatic(java.lang.Object, int, java.lang.Object, java.lang.Object, java.lang.Object, java.lang.Object)'> (0x0000000711d3f568) 
thrown [t:/workspace/open/src/hotspot/share/interpreter/linkResolver.cpp, line 767]
Event: 0.185 Thread 0x000002aff58f0000 Exception <a 'java/lang/NoSuchMethodError'{0x0000000711d45ec8}: 'java.lang.Object java.lang.invoke.DirectMethodHandle$Holder.invokeStatic(java.lang.Object, int, java.lang.Object, java.lang.Object, java.lang.Object)'> (0x0000000711d45ec8) 
thrown [t:/workspace/open/src/hotspot/share/interpreter/linkResolver.cpp, line 767]
Event: 0.185 Thread 0x000002aff58f0000 Exception <a 'java/lang/NoSuchMethodError'{0x0000000711d49730}: 'java.lang.Object java.lang.invoke.DirectMethodHandle$Holder.invokeSpecial(java.lang.Object, java.lang.Object, int, java.lang.Object, java.lang.Object, java.lang.Object)'> (0x0000000711d49730) 
thrown [t:/workspace/open/src/hotspot/share/interpreter/linkResolver.cpp, line 767]
Event: 0.187 Thread 0x000002aff58f0000 Exception <a 'java/lang/NoSuchMethodError'{0x0000000711d5fa58}: 'java.lang.Object java.lang.invoke.DirectMethodHandle$Holder.invokeStatic(java.lang.Object, int, java.lang.Object)'> (0x0000000711d5fa58) 
thrown [t:/workspace/open/src/hotspot/share/interpreter/linkResolver.cpp, line 767]
Event: 0.201 Thread 0x000002aff58f0000 Exception <a 'java/lang/ClassNotFoundException'{0x0000000711c07f58}: com/sun/swing/internal/plaf/metal/resources/spi/metalProvider> (0x0000000711c07f58) 
thrown [t:/workspace/open/src/hotspot/share/classfile/systemDictionary.cpp, line 232]
Event: 0.202 Thread 0x000002aff58f0000 Exception <a 'java/lang/ClassNotFoundException'{0x0000000711c0bd88}: com/sun/swing/internal/plaf/basic/resources/spi/basicProvider> (0x0000000711c0bd88) 
thrown [t:/workspace/open/src/hotspot/share/classfile/systemDictionary.cpp, line 232]
Event: 0.205 Thread 0x000002aff58f0000 Implicit null exception at 0x000002af87b028e8 to 0x000002af87b0297a
Event: 0.208 Thread 0x000002aff58f0000 Implicit null exception at 0x000002af87ae562f to 0x000002af87ae56ad
Event: 0.336 Thread 0x000002aff58f0000 Exception <a 'java/lang/NoSuchMethodError'{0x00000007119c9d08}: 'java.lang.Object java.lang.invoke.DirectMethodHandle$Holder.invokeVirtual(java.lang.Object, java.lang.Object, java.lang.Object)'> (0x00000007119c9d08) 
thrown [t:/workspace/open/src/hotspot/share/interpreter/linkResolver.cpp, line 767]
Event: 1.467 Thread 0x000002af9bd46800 Implicit null exception at 0x000002af87b37c07 to 0x000002af87b38216
Event: 1.467 Thread 0x000002af9bd46800 Implicit null exception at 0x000002af87b32e04 to 0x000002af87b33436
Event: 7.228 Thread 0x000002aff58f0000 Exception <a 'java/lang/NoSuchMethodError'{0x0000000710b72408}: 'void java.lang.invoke.DirectMethodHandle$Holder.invokeStaticInit(java.lang.Object)'> (0x0000000710b72408) 
thrown [t:/workspace/open/src/hotspot/share/interpreter/linkResolver.cpp, line 767]
Event: 7.232 Thread 0x000002aff58f0000 Exception <a 'java/lang/NoSuchMethodError'{0x0000000710a13ee8}: 'java.lang.Object java.lang.invoke.Invokers$Holder.linkToTargetMethod(java.lang.Object, int, java.lang.Object)'> (0x0000000710a13ee8) 
thrown [t:/workspace/open/src/hotspot/share/interpreter/linkResolver.cpp, line 767]

Events (20 events):
Event: 14.521 loading class javax/swing/JInternalFrame
Event: 14.523 loading class javax/swing/JInternalFrame done
Event: 14.676 loading class java/lang/Throwable$WrappedPrintStream
Event: 14.676 loading class java/lang/Throwable$PrintStreamOrWriter
Event: 14.676 loading class java/lang/Throwable$PrintStreamOrWriter done
Event: 14.676 loading class java/lang/Throwable$WrappedPrintStream done
Event: 14.676 loading class java/lang/StackTraceElement$HashedModules
Event: 14.676 loading class java/lang/StackTraceElement$HashedModules done
Event: 19.054 Executing VM operation: BulkRevokeBias
Event: 19.054 Executing VM operation: BulkRevokeBias done
Event: 19.249 Executing VM operation: RevokeBias
Event: 19.249 Executing VM operation: RevokeBias done
Event: 19.642 loading class java/awt/KeyboardFocusManager$2
Event: 19.642 loading class java/awt/KeyboardFocusManager$2 done
Event: 19.642 loading class sun/awt/SunToolkit$1
Event: 19.642 loading class sun/awt/SunToolkit$1 done
Event: 1886.942 Executing VM operation: RevokeBias
Event: 1886.942 Executing VM operation: RevokeBias done
Event: 1887.006 Executing VM operation: RevokeBias
Event: 1887.006 Executing VM operation: RevokeBias done


Dynamic libraries:
0x00007ff6e02e0000 - 0x00007ff6e02ef000 	C:\Program Files\Java\jdk-13.0.1\bin\javaw.exe
0x00007ffce5140000 - 0x00007ffce5330000 	C:\WINDOWS\SYSTEM32\ntdll.dll
0x00007ffce4eb0000 - 0x00007ffce4f62000 	C:\WINDOWS\System32\KERNEL32.DLL
0x00007ffce2140000 - 0x00007ffce23e3000 	C:\WINDOWS\System32\KERNELBASE.dll
0x00007ffce23f0000 - 0x00007ffce24ea000 	C:\WINDOWS\System32\ucrtbase.dll
0x00007ffcdff10000 - 0x00007ffcdff28000 	C:\Program Files\Java\jdk-13.0.1\bin\jli.dll
0x00007ffcde400000 - 0x00007ffcde415000 	C:\Program Files\Java\jdk-13.0.1\bin\VCRUNTIME140.dll
0x00007ffce4430000 - 0x00007ffce44d3000 	C:\WINDOWS\System32\ADVAPI32.dll
0x00007ffce3850000 - 0x00007ffce38ee000 	C:\WINDOWS\System32\msvcrt.dll
0x00007ffce4690000 - 0x00007ffce4727000 	C:\WINDOWS\System32\sechost.dll
0x00007ffce31f0000 - 0x00007ffce3310000 	C:\WINDOWS\System32\RPCRT4.dll
0x00007ffce38f0000 - 0x00007ffce3a84000 	C:\WINDOWS\System32\USER32.dll
0x00007ffce2570000 - 0x00007ffce2591000 	C:\WINDOWS\System32\win32u.dll
0x00007ffce44f0000 - 0x00007ffce4516000 	C:\WINDOWS\System32\GDI32.dll
0x00007ffcd0670000 - 0x00007ffcd08f5000 	C:\WINDOWS\WinSxS\amd64_microsoft.windows.common-controls_6595b64144ccf1df_6.0.18362.535_none_e6c3b34713100821\COMCTL32.dll
0x00007ffce2870000 - 0x00007ffce2a04000 	C:\WINDOWS\System32\gdi32full.dll
0x00007ffce2650000 - 0x00007ffce26ee000 	C:\WINDOWS\System32\msvcp_win.dll
0x00007ffce3370000 - 0x00007ffce36a6000 	C:\WINDOWS\System32\combase.dll
0x00007ffce24f0000 - 0x00007ffce2570000 	C:\WINDOWS\System32\bcryptPrimitives.dll
0x00007ffcdc320000 - 0x00007ffcdc32a000 	C:\WINDOWS\SYSTEM32\VERSION.dll
0x00007ffce4660000 - 0x00007ffce468e000 	C:\WINDOWS\System32\IMM32.DLL
0x00007ffca1630000 - 0x00007ffca16cb000 	C:\Program Files\Java\jdk-13.0.1\bin\msvcp140.dll
0x00007ffc434c0000 - 0x00007ffc44026000 	C:\Program Files\Java\jdk-13.0.1\bin\server\jvm.dll
0x00007ffce4320000 - 0x00007ffce4328000 	C:\WINDOWS\System32\PSAPI.DLL
0x00007ffcdfcd0000 - 0x00007ffcdfcf4000 	C:\WINDOWS\SYSTEM32\WINMM.dll
0x00007ffcdfca0000 - 0x00007ffcdfccd000 	C:\WINDOWS\SYSTEM32\WINMMBASE.dll
0x00007ffce20d0000 - 0x00007ffce211a000 	C:\WINDOWS\System32\cfgmgr32.dll
0x00007ffccb5e0000 - 0x00007ffccb5e9000 	C:\WINDOWS\SYSTEM32\WSOCK32.dll
0x00007ffce3a90000 - 0x00007ffce3aff000 	C:\WINDOWS\System32\WS2_32.dll
0x00007ffce2090000 - 0x00007ffce20a1000 	C:\WINDOWS\System32\kernel.appcore.dll
0x00007ffcc61d0000 - 0x00007ffcc61e0000 	C:\Program Files\Java\jdk-13.0.1\bin\verify.dll
0x00007ffce0950000 - 0x00007ffce0b44000 	C:\WINDOWS\SYSTEM32\DBGHELP.DLL
0x00007ffcc8fc0000 - 0x00007ffcc8fea000 	C:\WINDOWS\SYSTEM32\dbgcore.DLL
0x00007ffcb9790000 - 0x00007ffcb97b6000 	C:\Program Files\Java\jdk-13.0.1\bin\java.dll
0x00007ffcc0ed0000 - 0x00007ffcc0ee7000 	C:\Program Files\Java\jdk-13.0.1\bin\zip.dll
0x00007ffcc02c0000 - 0x00007ffcc02ca000 	C:\Program Files\Java\jdk-13.0.1\bin\jimage.dll
0x00007ffce3b00000 - 0x00007ffce41e5000 	C:\WINDOWS\System32\SHELL32.dll
0x00007ffce5050000 - 0x00007ffce50f9000 	C:\WINDOWS\System32\shcore.dll
0x00007ffce2a10000 - 0x00007ffce318f000 	C:\WINDOWS\System32\windows.storage.dll
0x00007ffce2020000 - 0x00007ffce203f000 	C:\WINDOWS\System32\profapi.dll
0x00007ffce2040000 - 0x00007ffce208a000 	C:\WINDOWS\System32\powrprof.dll
0x00007ffce2010000 - 0x00007ffce2020000 	C:\WINDOWS\System32\UMPDC.dll
0x00007ffce3310000 - 0x00007ffce3362000 	C:\WINDOWS\System32\shlwapi.dll
0x00007ffce2120000 - 0x00007ffce2137000 	C:\WINDOWS\System32\cryptsp.dll
0x00007ffcb9a90000 - 0x00007ffcb9aa9000 	C:\Program Files\Java\jdk-13.0.1\bin\net.dll
0x00007ffcd95e0000 - 0x00007ffcd96d0000 	C:\WINDOWS\SYSTEM32\WINHTTP.dll
0x00007ffce1880000 - 0x00007ffce18e7000 	C:\WINDOWS\system32\mswsock.dll
0x00007ffcb9770000 - 0x00007ffcb9783000 	C:\Program Files\Java\jdk-13.0.1\bin\nio.dll
0x00007ffc5a210000 - 0x00007ffc5a3a9000 	C:\Program Files\Java\jdk-13.0.1\bin\awt.dll
0x00007ffce3780000 - 0x00007ffce3844000 	C:\WINDOWS\System32\OLEAUT32.dll
0x00007ffcde9f0000 - 0x00007ffcdefb0000 	C:\WINDOWS\SYSTEM32\d2d1.dll
0x00007ffcdff30000 - 0x00007ffcdffbf000 	C:\WINDOWS\SYSTEM32\apphelp.dll
0x00007ffce0530000 - 0x00007ffce055d000 	C:\WINDOWS\system32\DWMAPI.DLL
0x00007ffce0000000 - 0x00007ffce0099000 	C:\WINDOWS\system32\uxtheme.dll
0x00007ffce4520000 - 0x00007ffce4655000 	C:\WINDOWS\System32\MSCTF.dll
0x00007ffce4730000 - 0x00007ffce4886000 	C:\WINDOWS\System32\ole32.dll
0x00007ffca0680000 - 0x00007ffca0702000 	C:\Program Files\Java\jdk-13.0.1\bin\freetype.dll
0x00007ffc80990000 - 0x00007ffc80a36000 	C:\Program Files\Java\jdk-13.0.1\bin\fontmanager.dll
0x00007ffcc9f90000 - 0x00007ffcca0e6000 	C:\WINDOWS\system32\opengl32.dll
0x00007ffcc9f00000 - 0x00007ffcc9f2c000 	C:\WINDOWS\SYSTEM32\GLU32.dll
0x00007ffce0cf0000 - 0x00007ffce0d10000 	C:\WINDOWS\SYSTEM32\dxcore.dll
0x00007ffce15d0000 - 0x00007ffce169a000 	C:\WINDOWS\SYSTEM32\DNSAPI.dll
0x00007ffce44e0000 - 0x00007ffce44e8000 	C:\WINDOWS\System32\NSI.dll
0x00007ffce1590000 - 0x00007ffce15ca000 	C:\WINDOWS\SYSTEM32\IPHLPAPI.DLL
0x00007ffcdb9e0000 - 0x00007ffcdb9ea000 	C:\Windows\System32\rasadhlp.dll
0x00007ffcd6ca0000 - 0x00007ffcd6d17000 	C:\WINDOWS\System32\fwpuclnt.dll
0x00007ffce26f0000 - 0x00007ffce2716000 	C:\WINDOWS\System32\bcrypt.dll
0x00007ffce41f0000 - 0x00007ffce4292000 	C:\WINDOWS\System32\clbcatq.dll
0x00007ffcdc400000 - 0x00007ffcdc5af000 	C:\WINDOWS\SYSTEM32\WindowsCodecs.dll
0x00007ffcba710000 - 0x00007ffcba74a000 	C:\WINDOWS\system32\dataexchange.dll
0x00007ffcdefb0000 - 0x00007ffcdf20b000 	C:\WINDOWS\system32\d3d11.dll
0x00007ffcdf670000 - 0x00007ffcdf84b000 	C:\WINDOWS\system32\dcomp.dll
0x00007ffce0d10000 - 0x00007ffce0dfb000 	C:\WINDOWS\system32\dxgi.dll
0x00007ffce00c0000 - 0x00007ffce031a000 	C:\WINDOWS\system32\twinapi.appcore.dll
0x00007ffce0420000 - 0x00007ffce0449000 	C:\WINDOWS\system32\RMCLIENT.dll
0x00007ffcca6a0000 - 0x00007ffcca73e000 	C:\WINDOWS\System32\TextInputFramework.dll
0x00007ffcdfbc0000 - 0x00007ffcdfc94000 	C:\WINDOWS\System32\CoreMessaging.dll
0x00007ffcdcf90000 - 0x00007ffcdd2ba000 	C:\WINDOWS\System32\CoreUIComponents.dll
0x00007ffce1070000 - 0x00007ffce10a1000 	C:\WINDOWS\SYSTEM32\ntmarta.dll
0x00007ffcdd7f0000 - 0x00007ffcdd943000 	C:\WINDOWS\SYSTEM32\wintypes.dll
0x00007ffcd2820000 - 0x00007ffcd2ac6000 	C:\WINDOWS\System32\iertutil.dll

dbghelp: loaded successfully - version: 4.0.5 - missing functions: none
symbol engine: initialized successfully - sym options: 0x614 - pdb path: .;C:\Program Files\Java\jdk-13.0.1\bin;C:\WINDOWS\SYSTEM32;C:\WINDOWS\WinSxS\amd64_microsoft.windows.common-controls_6595b64144ccf1df_6.0.18362.535_none_e6c3b34713100821;C:\Program Files\Java\jdk-13.0.1\bin\server

VM Arguments:
jvm_args: -Dfile.encoding=Cp1252 --module-path=C:\Users\MrHap\Documents\eclipse\mysql-connector-java-8.0.18.jar 
java_command: four.Invoice
java_class_path (initial): C:\Users\MrHap\git\invoicia\Invoicea New\bin
Launcher Type: SUN_STANDARD

[Global flags]
     intx CICompilerCount                          = 4                                         {product} {ergonomic}
     uint ConcGCThreads                            = 3                                         {product} {ergonomic}
     uint G1ConcRefinementThreads                  = 10                                        {product} {ergonomic}
   size_t G1HeapRegionSize                         = 1048576                                   {product} {ergonomic}
    uintx GCDrainStackTargetSize                   = 64                                        {product} {ergonomic}
   size_t InitialHeapSize                          = 266338304                                 {product} {ergonomic}
   size_t MarkStackSize                            = 4194304                                   {product} {ergonomic}
   size_t MaxHeapSize                              = 4257218560                                {product} {ergonomic}
   size_t MaxNewSize                               = 2554331136                                {product} {ergonomic}
   size_t MinHeapDeltaBytes                        = 1048576                                   {product} {ergonomic}
   size_t MinHeapSize                              = 8388608                                   {product} {ergonomic}
    uintx NonNMethodCodeHeapSize                   = 5836300                                {pd product} {ergonomic}
    uintx NonProfiledCodeHeapSize                  = 122910970                              {pd product} {ergonomic}
    uintx ProfiledCodeHeapSize                     = 122910970                              {pd product} {ergonomic}
    uintx ReservedCodeCacheSize                    = 251658240                              {pd product} {ergonomic}
     bool SegmentedCodeCache                       = true                                      {product} {ergonomic}
   size_t SoftMaxHeapSize                          = 4257218560                             {manageable} {ergonomic}
     bool UseCompressedClassPointers               = true                                 {lp64_product} {ergonomic}
     bool UseCompressedOops                        = true                                 {lp64_product} {ergonomic}
     bool UseG1GC                                  = true                                      {product} {ergonomic}
     bool UseLargePagesIndividualAllocation        = false                                  {pd product} {ergonomic}

Logging:
Log output configuration:
 #0: stdout all=warning uptime,level,tags
 #1: stderr all=off uptime,level,tags

Environment Variables:
PATH=C:/Program Files/Java/jdk-13.0.1/bin/server;C:/Program Files/Java/jdk-13.0.1/bin;C:\Program Files (x86)\Common Files\Oracle\Java\javapath;C:\Program Files (x86)\Intel\Intel(R) Management Engine Components\iCLS\;C:\Program Files\Intel\Intel(R) Management Engine Components\iCLS\;C:\Windows\system32;C:\Windows;C:\Windows\System32\Wbem;C:\Windows\System32\WindowsPowerShell\v1.0\;C:\Windows\System32\OpenSSH\;C:\Program Files (x86)\NVIDIA Corporation\PhysX\Common;C:\Program Files (x86)\Intel\Intel(R) Management Engine Components\DAL;C:\Program Files\Intel\Intel(R) Management Engine Components\DAL;C:\Program Files (x86)\Intel\Intel(R) Management Engine Components\IPT;C:\Program Files\Intel\Intel(R) Management Engine Components\IPT;C:\Program Files\Intel\WiFi\bin\;C:\Program Files\Common Files\Intel\WirelessCommon\;C:\Program Files\dotnet\;C:\WINDOWS\system32;C:\WINDOWS;C:\WINDOWS\System32\Wbem;C:\WINDOWS\System32\WindowsPowerShell\v1.0\;C:\WINDOWS\System32\OpenSSH\;C:\Program Files\NVIDIA Corporation\NVIDIA NvDLISR;C:\Users\MrHap\AppData\Local\Microsoft\WindowsApps;;C:\Users\MrHap\AppData\Local\Programs\Microsoft VS Code\bin;C:\Users\MrHap\Desktop;
USERNAME=MrHap
OS=Windows_NT
PROCESSOR_IDENTIFIER=Intel64 Family 6 Model 158 Stepping 10, GenuineIntel



---------------  S Y S T E M  ---------------

OS: Windows 10 , 64 bit Build 18362 (10.0.18362.329)

CPU:total 12 (initial active 12) (6 cores per cpu, 2 threads per core) family 6 model 158 stepping 10, cmov, cx8, fxsr, mmx, sse, sse2, sse3, ssse3, sse4.1, sse4.2, popcnt, avx, avx2, aes, clmul, erms, 3dnowpref, lzcnt, ht, tsc, tscinvbit, bmi1, bmi2, adx, fma

Memory: 4k page, system-wide physical 16234M (4334M free)
TotalPageFile size 65386M (AvailPageFile size 0M)
current process WorkingSet (physical memory assigned to process): 42M, peak: 118M
current process commit charge ("private bytes"): 381M, peak: 387M

vm_info: Java HotSpot(TM) 64-Bit Server VM (13.0.1+9) for windows-amd64 JRE (13.0.1+9), built on Oct  6 2019 12:37:49 by "mach5one" with unknown MS VC++:1916

END.
