#
# There is insufficient memory for the Java Runtime Environment to continue.
# Native memory allocation (mmap) failed to map 4161536 bytes for Failed to commit area from 0x0000017c2fcf0000 to 0x0000017c300e8000 of length 4161536.
# Possible reasons:
#   The system is out of physical RAM or swap space
#   The process is running with CompressedOops enabled, and the Java Heap may be blocking the growth of the native heap
# Possible solutions:
#   Reduce memory load on the system
#   Increase physical memory or swap space
#   Check if swap backing store is full
#   Decrease Java heap size (-Xmx/-Xms)
#   Decrease number of Java threads
#   Decrease Java thread stack sizes (-Xss)
#   Set larger code cache with -XX:ReservedCodeCacheSize=
# This output file may be truncated or incomplete.
#
#  Out of Memory Error (t:/workspace/open/src/hotspot/os/windows/os_windows.cpp:3301), pid=21364, tid=5444
#
# JRE version:  (13.0.1+9) (build )
# Java VM: Java HotSpot(TM) 64-Bit Server VM (13.0.1+9, mixed mode, aot, sharing, tiered, compressed oops, g1 gc, windows-amd64)
# No core dump will be written. Minidumps are not enabled by default on client versions of Windows
#

---------------  S U M M A R Y ------------

Command Line: -Dfile.encoding=Cp1252 --module-path=C:\Users\MrHap\Documents\eclipse\mysql-connector-java-8.0.18.jar four.Invoice

Host: Intel(R) Core(TM) i7-8750H CPU @ 2.20GHz, 12 cores, 15G,  Windows 10 , 64 bit Build 18362 (10.0.18362.329)
Time: Sun Jan  5 20:22:41 2020 Eastern Standard Time elapsed time: 0 seconds (0d 0h 0m 0s)

---------------  T H R E A D  ---------------

Current thread (0x0000017c169be000):  JavaThread "Unknown thread" [_thread_in_vm, id=5444, stack(0x0000002bfa600000,0x0000002bfa700000)]

Stack: [0x0000002bfa600000,0x0000002bfa700000]
Native frames: (J=compiled Java code, j=interpreted, Vv=VM code, C=native code)
V  [jvm.dll+0x626eca]
V  [jvm.dll+0x772c6a]
V  [jvm.dll+0x77441f]
V  [jvm.dll+0x774a23]
V  [jvm.dll+0x24da58]
V  [jvm.dll+0x62438a]
V  [jvm.dll+0x618f75]
V  [jvm.dll+0x30c61c]
V  [jvm.dll+0x30c452]
V  [jvm.dll+0x311bc6]
V  [jvm.dll+0x355cf9]
V  [jvm.dll+0x3554c0]
V  [jvm.dll+0x2e729a]
V  [jvm.dll+0x2e8532]
V  [jvm.dll+0x74fcd8]
V  [jvm.dll+0x363739]
V  [jvm.dll+0x732dc5]
V  [jvm.dll+0x3ce2ef]
V  [jvm.dll+0x3d0611]
C  [jli.dll+0x51ff]
C  [ucrtbase.dll+0x20e72]
C  [KERNEL32.DLL+0x17bd4]
C  [ntdll.dll+0x6ced1]


---------------  P R O C E S S  ---------------

Threads class SMR info:
_java_thread_list=0x00007ffe334846b8, length=0, elements={
}

Java Threads: ( => current thread )

Other Threads:
  0x0000017c16a29000 GCTaskThread "GC Thread#0" [stack: 0x0000002bfa700000,0x0000002bfa800000] [id=22344]
  0x0000017c16a4c000 ConcurrentGCThread "G1 Main Marker" [stack: 0x0000002bfa800000,0x0000002bfa900000] [id=16028]
  0x0000017c16a4d800 ConcurrentGCThread "G1 Conc#0" [stack: 0x0000002bfa900000,0x0000002bfaa00000] [id=23012]

[error occurred during error reporting (printing all threads), id 0xc0000005, EXCEPTION_ACCESS_VIOLATION (0xc0000005) at pc=0x00007ffe32cb6f67]

VM state:not at safepoint (not fully initialized)

VM Mutex/Monitor currently owned by a thread:  ([mutex/lock_event])
[0x0000017c169b94a0] Heap_lock - owner thread: 0x0000017c169be000

Heap address: 0x0000000702400000, size: 4060 MB, Compressed Oops mode: Non-zero based: 0x0000000702400000
Narrow klass base: 0x0000000000000000, Narrow klass shift: 0

GC Heap History (0 events):
No events

Deoptimization events (0 events):
No events

Classes unloaded (0 events):
No events

Classes redefined (0 events):
No events

Internal exceptions (0 events):
No events

Events (8 events):
Event: 0.013 Loaded shared library C:\Program Files\Java\jdk-13.0.1\bin\zip.dll
Event: 0.015 Loaded shared library C:\Program Files\Java\jdk-13.0.1\bin\jimage.dll
Event: 0.016 Loading shared library C:\Program Files\Java\jdk-13.0.1\lib\libjava.base-coop.dll failed, error code 126
Event: 0.016 Loading shared library C:\Program Files\Java\jdk-13.0.1\lib\libjava.logging-coop.dll failed, error code 126
Event: 0.016 Loading shared library C:\Program Files\Java\jdk-13.0.1\lib\libjdk.compiler-coop.dll failed, error code 126
Event: 0.016 Loading shared library C:\Program Files\Java\jdk-13.0.1\lib\libjdk.scripting.nashorn-coop.dll failed, error code 126
Event: 0.016 Loading shared library C:\Program Files\Java\jdk-13.0.1\lib\libjdk.internal.vm.ci-coop.dll failed, error code 126
Event: 0.016 Loading shared library C:\Program Files\Java\jdk-13.0.1\lib\libjdk.internal.vm.compiler-coop.dll failed, error code 126


Dynamic libraries:
0x00007ff62c8c0000 - 0x00007ff62c8cf000 	C:\Program Files\Java\jdk-13.0.1\bin\javaw.exe
0x00007ffec9600000 - 0x00007ffec97f0000 	C:\WINDOWS\SYSTEM32\ntdll.dll
0x00007ffec8080000 - 0x00007ffec8132000 	C:\WINDOWS\System32\KERNEL32.DLL
0x00007ffec6f00000 - 0x00007ffec71a3000 	C:\WINDOWS\System32\KERNELBASE.dll
0x00007ffec6d60000 - 0x00007ffec6e5a000 	C:\WINDOWS\System32\ucrtbase.dll
0x00007ffebc180000 - 0x00007ffebc195000 	C:\Program Files\Java\jdk-13.0.1\bin\VCRUNTIME140.dll
0x00007ffebc1a0000 - 0x00007ffebc1b8000 	C:\Program Files\Java\jdk-13.0.1\bin\jli.dll
0x00007ffec7fd0000 - 0x00007ffec8073000 	C:\WINDOWS\System32\ADVAPI32.dll
0x00007ffec7ec0000 - 0x00007ffec7f5e000 	C:\WINDOWS\System32\msvcrt.dll
0x00007ffec9520000 - 0x00007ffec95b7000 	C:\WINDOWS\System32\sechost.dll
0x00007ffec9400000 - 0x00007ffec9520000 	C:\WINDOWS\System32\RPCRT4.dll
0x00007ffec82a0000 - 0x00007ffec8434000 	C:\WINDOWS\System32\USER32.dll
0x00007ffec7490000 - 0x00007ffec74b1000 	C:\WINDOWS\System32\win32u.dll
0x00007ffec79c0000 - 0x00007ffec79e6000 	C:\WINDOWS\System32\GDI32.dll
0x00007ffec7290000 - 0x00007ffec7424000 	C:\WINDOWS\System32\gdi32full.dll
0x00007ffec59e0000 - 0x00007ffec5c65000 	C:\WINDOWS\WinSxS\amd64_microsoft.windows.common-controls_6595b64144ccf1df_6.0.18362.535_none_e6c3b34713100821\COMCTL32.dll
0x00007ffec6e60000 - 0x00007ffec6efe000 	C:\WINDOWS\System32\msvcp_win.dll
0x00007ffec8f00000 - 0x00007ffec9236000 	C:\WINDOWS\System32\combase.dll
0x00007ffec74c0000 - 0x00007ffec7540000 	C:\WINDOWS\System32\bcryptPrimitives.dll
0x00007ffebf430000 - 0x00007ffebf43a000 	C:\WINDOWS\SYSTEM32\VERSION.dll
0x00007ffec81c0000 - 0x00007ffec81ee000 	C:\WINDOWS\System32\IMM32.DLL
0x00007ffebc0e0000 - 0x00007ffebc17b000 	C:\Program Files\Java\jdk-13.0.1\bin\msvcp140.dll
0x00007ffe329c0000 - 0x00007ffe33526000 	C:\Program Files\Java\jdk-13.0.1\bin\server\jvm.dll
0x00007ffec84f0000 - 0x00007ffec84f8000 	C:\WINDOWS\System32\PSAPI.DLL
0x00007ffeaf800000 - 0x00007ffeaf809000 	C:\WINDOWS\SYSTEM32\WSOCK32.dll
0x00007ffec7f60000 - 0x00007ffec7fcf000 	C:\WINDOWS\System32\WS2_32.dll
0x00007ffec27b0000 - 0x00007ffec27d4000 	C:\WINDOWS\SYSTEM32\WINMM.dll
0x00007ffec2780000 - 0x00007ffec27ad000 	C:\WINDOWS\SYSTEM32\WINMMBASE.dll
0x00007ffec6d10000 - 0x00007ffec6d5a000 	C:\WINDOWS\System32\cfgmgr32.dll
0x00007ffec64e0000 - 0x00007ffec64f1000 	C:\WINDOWS\System32\kernel.appcore.dll
0x00007ffeb4a10000 - 0x00007ffeb4a20000 	C:\Program Files\Java\jdk-13.0.1\bin\verify.dll
0x00007ffec5ff0000 - 0x00007ffec61e4000 	C:\WINDOWS\SYSTEM32\DBGHELP.DLL
0x00007ffec5d60000 - 0x00007ffec5d8a000 	C:\WINDOWS\SYSTEM32\dbgcore.DLL
0x00007ffea1a20000 - 0x00007ffea1a46000 	C:\Program Files\Java\jdk-13.0.1\bin\java.dll
0x00007ffea4340000 - 0x00007ffea4357000 	C:\Program Files\Java\jdk-13.0.1\bin\zip.dll
0x00007ffeb4800000 - 0x00007ffeb480a000 	C:\Program Files\Java\jdk-13.0.1\bin\jimage.dll

dbghelp: loaded successfully - version: 4.0.5 - missing functions: none
symbol engine: initialized successfully - sym options: 0x614 - pdb path: .;C:\Program Files\Java\jdk-13.0.1\bin;C:\WINDOWS\SYSTEM32;C:\WINDOWS\WinSxS\amd64_microsoft.windows.common-controls_6595b64144ccf1df_6.0.18362.535_none_e6c3b34713100821;C:\Program Files\Java\jdk-13.0.1\bin\server

VM Arguments:
jvm_args: -Dfile.encoding=Cp1252 --module-path=C:\Users\MrHap\Documents\eclipse\mysql-connector-java-8.0.18.jar 
java_command: four.Invoice
java_class_path (initial): C:\Users\MrHap\git\invoicia\Invoicea New\bin
Launcher Type: SUN_STANDARD

[Global flags]
     intx CICompilerCount                          = 4                                         {product} {ergonomic}
     uint ConcGCThreads                            = 3                                         {product} {ergonomic}
     uint G1ConcRefinementThreads                  = 10                                        {product} {ergonomic}
   size_t G1HeapRegionSize                         = 1048576                                   {product} {ergonomic}
    uintx GCDrainStackTargetSize                   = 64                                        {product} {ergonomic}
   size_t InitialHeapSize                          = 266338304                                 {product} {ergonomic}
   size_t MarkStackSize                            = 4194304                                   {product} {ergonomic}
   size_t MaxHeapSize                              = 4257218560                                {product} {ergonomic}
   size_t MinHeapDeltaBytes                        = 1048576                                   {product} {ergonomic}
   size_t MinHeapSize                              = 8388608                                   {product} {ergonomic}
    uintx NonNMethodCodeHeapSize                   = 5836300                                {pd product} {ergonomic}
    uintx NonProfiledCodeHeapSize                  = 122910970                              {pd product} {ergonomic}
    uintx ProfiledCodeHeapSize                     = 122910970                              {pd product} {ergonomic}
    uintx ReservedCodeCacheSize                    = 251658240                              {pd product} {ergonomic}
     bool SegmentedCodeCache                       = true                                      {product} {ergonomic}
   size_t SoftMaxHeapSize                          = 4257218560                             {manageable} {ergonomic}
     bool UseCompressedClassPointers               = true                                 {lp64_product} {ergonomic}
     bool UseCompressedOops                        = true                                 {lp64_product} {ergonomic}
     bool UseG1GC                                  = true                                      {product} {ergonomic}
     bool UseLargePagesIndividualAllocation        = false                                  {pd product} {ergonomic}

Logging:
Log output configuration:
 #0: stdout all=warning uptime,level,tags
 #1: stderr all=off uptime,level,tags

Environment Variables:
PATH=C:/Program Files/Java/jdk-13.0.1/bin/server;C:/Program Files/Java/jdk-13.0.1/bin;C:\Program Files (x86)\Common Files\Oracle\Java\javapath;C:\Program Files (x86)\Intel\Intel(R) Management Engine Components\iCLS\;C:\Program Files\Intel\Intel(R) Management Engine Components\iCLS\;C:\Windows\system32;C:\Windows;C:\Windows\System32\Wbem;C:\Windows\System32\WindowsPowerShell\v1.0\;C:\Windows\System32\OpenSSH\;C:\Program Files (x86)\NVIDIA Corporation\PhysX\Common;C:\Program Files (x86)\Intel\Intel(R) Management Engine Components\DAL;C:\Program Files\Intel\Intel(R) Management Engine Components\DAL;C:\Program Files (x86)\Intel\Intel(R) Management Engine Components\IPT;C:\Program Files\Intel\Intel(R) Management Engine Components\IPT;C:\Program Files\Intel\WiFi\bin\;C:\Program Files\Common Files\Intel\WirelessCommon\;C:\Program Files\dotnet\;C:\WINDOWS\system32;C:\WINDOWS;C:\WINDOWS\System32\Wbem;C:\WINDOWS\System32\WindowsPowerShell\v1.0\;C:\WINDOWS\System32\OpenSSH\;C:\Program Files\NVIDIA Corporation\NVIDIA NvDLISR;C:\Users\MrHap\AppData\Local\Microsoft\WindowsApps;;C:\Users\MrHap\AppData\Local\Programs\Microsoft VS Code\bin;C:\Users\MrHap\Desktop;
USERNAME=MrHap
OS=Windows_NT
PROCESSOR_IDENTIFIER=Intel64 Family 6 Model 158 Stepping 10, GenuineIntel



---------------  S Y S T E M  ---------------

OS: Windows 10 , 64 bit Build 18362 (10.0.18362.329)

CPU:total 12 (initial active 12) (6 cores per cpu, 2 threads per core) family 6 model 158 stepping 10, cmov, cx8, fxsr, mmx, sse, sse2, sse3, ssse3, sse4.1, sse4.2, popcnt, avx, avx2, aes, clmul, erms, 3dnowpref, lzcnt, ht, tsc, tscinvbit, bmi1, bmi2, adx, fma

Memory: 4k page, system-wide physical 16234M (344M free)
TotalPageFile size 65386M (AvailPageFile size 6M)
current process WorkingSet (physical memory assigned to process): 10M, peak: 10M
current process commit charge ("private bytes"): 319M, peak: 323M

vm_info: Java HotSpot(TM) 64-Bit Server VM (13.0.1+9) for windows-amd64 JRE (13.0.1+9), built on Oct  6 2019 12:37:49 by "mach5one" with unknown MS VC++:1916

END.
