#
# There is insufficient memory for the Java Runtime Environment to continue.
# Native memory allocation (malloc) failed to allocate 32744 bytes for ChunkPool::allocate
# Possible reasons:
#   The system is out of physical RAM or swap space
#   The process is running with CompressedOops enabled, and the Java Heap may be blocking the growth of the native heap
# Possible solutions:
#   Reduce memory load on the system
#   Increase physical memory or swap space
#   Check if swap backing store is full
#   Decrease Java heap size (-Xmx/-Xms)
#   Decrease number of Java threads
#   Decrease Java thread stack sizes (-Xss)
#   Set larger code cache with -XX:ReservedCodeCacheSize=
#   JVM is running with Zero Based Compressed Oops mode in which the Java heap is
#     placed in the first 32GB address space. The Java Heap base address is the
#     maximum limit for the native heap growth. Please use -XX:HeapBaseMinAddress
#     to set the Java Heap base and to place the Java Heap above 32GB virtual address.
# This output file may be truncated or incomplete.
#
#  Out of Memory Error (t:/workspace/open/src/hotspot/share/memory/arena.cpp:80), pid=6732, tid=4836
#
# JRE version: Java(TM) SE Runtime Environment (13.0.1+9) (build 13.0.1+9)
# Java VM: Java HotSpot(TM) 64-Bit Server VM (13.0.1+9, mixed mode, sharing, tiered, compressed oops, g1 gc, windows-amd64)
# No core dump will be written. Minidumps are not enabled by default on client versions of Windows
#

---------------  S U M M A R Y ------------

Command Line: -Dfile.encoding=Cp1252 --module-path=C:\Users\MrHap\Documents\eclipse\mysql-connector-java-8.0.18.jar four.Invoice

Host: Intel(R) Core(TM) i7-8750H CPU @ 2.20GHz, 12 cores, 15G,  Windows 10 , 64 bit Build 18362 (10.0.18362.329)
Time: Wed Jan  8 12:47:49 2020 Eastern Standard Time elapsed time: 59567 seconds (0d 16h 32m 47s)

---------------  T H R E A D  ---------------

Current thread (0x0000018ae1c25000):  JavaThread "C2 CompilerThread0" daemon [_thread_in_native, id=4836, stack(0x000000350fd00000,0x000000350fe00000)]


Current CompileTask:
C2:59567261 2725       4       java.lang.String::regionMatches (150 bytes)

Stack: [0x000000350fd00000,0x000000350fe00000]
Native frames: (J=compiled Java code, j=interpreted, Vv=VM code, C=native code)
V  [jvm.dll+0x626eca]
V  [jvm.dll+0x772c6a]
V  [jvm.dll+0x77441f]
V  [jvm.dll+0x774a23]
V  [jvm.dll+0x24da58]
V  [jvm.dll+0xc3d16]
V  [jvm.dll+0xc406c]
V  [jvm.dll+0xc3bcd]
V  [jvm.dll+0x6094df]
V  [jvm.dll+0x20e7cb]
V  [jvm.dll+0x652c2a]
V  [jvm.dll+0x20692a]
V  [jvm.dll+0x18b94c]
V  [jvm.dll+0x2159bd]
V  [jvm.dll+0x213e6b]
V  [jvm.dll+0x738b16]
V  [jvm.dll+0x731c0a]
V  [jvm.dll+0x6260c6]
C  [ucrtbase.dll+0x20e72]
C  [KERNEL32.DLL+0x17bd4]
C  [ntdll.dll+0x6ced1]


---------------  P R O C E S S  ---------------

Threads class SMR info:
_java_thread_list=0x0000018ae2364630, length=16, elements={
0x0000018ae1380800, 0x0000018ae1384800, 0x0000018ae138e800, 0x0000018ae1c23000,
0x0000018ae1c25000, 0x0000018ae1c2b800, 0x0000018ae1c37000, 0x0000018ae1d68800,
0x0000018ae1d66000, 0x0000018ae1d66800, 0x0000018ae1d65000, 0x0000018ae1d64000,
0x0000018ae26d9000, 0x0000018ae26da000, 0x0000018ae26da800, 0x0000018ae26dc800
}

Java Threads: ( => current thread )
  0x0000018ae1380800 JavaThread "Reference Handler" daemon [_thread_blocked, id=20612, stack(0x000000350f900000,0x000000350fa00000)]
  0x0000018ae1384800 JavaThread "Finalizer" daemon [_thread_blocked, id=16408, stack(0x000000350fa00000,0x000000350fb00000)]
  0x0000018ae138e800 JavaThread "Signal Dispatcher" daemon [_thread_blocked, id=2244, stack(0x000000350fb00000,0x000000350fc00000)]
  0x0000018ae1c23000 JavaThread "Attach Listener" daemon [_thread_blocked, id=21120, stack(0x000000350fc00000,0x000000350fd00000)]
=>0x0000018ae1c25000 JavaThread "C2 CompilerThread0" daemon [_thread_in_native, id=4836, stack(0x000000350fd00000,0x000000350fe00000)]
  0x0000018ae1c2b800 JavaThread "C1 CompilerThread0" daemon [_thread_blocked, id=8444, stack(0x000000350fe00000,0x000000350ff00000)]
  0x0000018ae1c37000 JavaThread "Sweeper thread" daemon [_thread_blocked, id=16864, stack(0x000000350ff00000,0x0000003510000000)]
  0x0000018ae1d68800 JavaThread "Common-Cleaner" daemon [_thread_blocked, id=7068, stack(0x0000003510000000,0x0000003510100000)]
  0x0000018ae1d66000 JavaThread "Service Thread" daemon [_thread_blocked, id=5632, stack(0x0000003510200000,0x0000003510300000)]
  0x0000018ae1d66800 JavaThread "Java2D Disposer" daemon [_thread_blocked, id=21228, stack(0x0000003510400000,0x0000003510500000)]
  0x0000018ae1d65000 JavaThread "AWT-Windows" daemon [_thread_in_native, id=6592, stack(0x0000003510600000,0x0000003510700000)]
  0x0000018ae1d64000 JavaThread "mysql-cj-abandoned-connection-cleanup" daemon [_thread_blocked, id=20008, stack(0x0000003510800000,0x0000003510900000)]
  0x0000018ae26d9000 JavaThread "AWT-Shutdown" [_thread_blocked, id=23156, stack(0x0000003510100000,0x0000003510200000)]
  0x0000018ae26da000 JavaThread "AWT-EventQueue-0" [_thread_blocked, id=9680, stack(0x0000003510500000,0x0000003510600000)]
  0x0000018ae26da800 JavaThread "TimerQueue" daemon [_thread_blocked, id=15156, stack(0x0000003510900000,0x0000003510a00000)]
  0x0000018ae26dc800 JavaThread "DestroyJavaVM" [_thread_blocked, id=9276, stack(0x000000350f200000,0x000000350f300000)]

Other Threads:
  0x0000018ae137f000 VMThread "VM Thread" [stack: 0x000000350f800000,0x000000350f900000] [id=12688]
  0x0000018ae1f57800 WatcherThread [stack: 0x0000003510300000,0x0000003510400000] [id=20344]
  0x0000018abd3f9800 GCTaskThread "GC Thread#0" [stack: 0x000000350f300000,0x000000350f400000] [id=10268]
  0x0000018ae2321000 GCTaskThread "GC Thread#1" [stack: 0x0000003510d00000,0x0000003510e00000] [id=13056]
  0x0000018ae231e800 GCTaskThread "GC Thread#2" [stack: 0x0000003510e00000,0x0000003510f00000] [id=23344]
  0x0000018ae231d000 GCTaskThread "GC Thread#3" [stack: 0x0000003510f00000,0x0000003511000000] [id=22740]
  0x0000018ae2320800 GCTaskThread "GC Thread#4" [stack: 0x0000003511000000,0x0000003511100000] [id=3220]
  0x0000018ae2322000 GCTaskThread "GC Thread#5" [stack: 0x0000003511100000,0x0000003511200000] [id=11140]
  0x0000018abd41c800 ConcurrentGCThread "G1 Main Marker" [stack: 0x000000350f400000,0x000000350f500000] [id=21556]
  0x0000018abd41e800 ConcurrentGCThread "G1 Conc#0" [stack: 0x000000350f500000,0x000000350f600000] [id=2472]
  0x0000018ae1277800 ConcurrentGCThread "G1 Refine#0" [stack: 0x000000350f600000,0x000000350f700000] [id=940]
  0x0000018ae1ddc800 ConcurrentGCThread "G1 Refine#1" [stack: 0x0000003511200000,0x0000003511300000] [id=23340]
  0x0000018ae1278800 ConcurrentGCThread "G1 Young RemSet Sampling" [stack: 0x000000350f700000,0x000000350f800000] [id=8408]

Threads with active compile tasks:
C2 CompilerThread0  59567313 2725       4       java.lang.String::regionMatches (150 bytes)

VM state:not at safepoint (normal execution)

VM Mutex/Monitor currently owned by a thread: None

Heap address: 0x0000000702400000, size: 4060 MB, Compressed Oops mode: Zero based, Oop shift amount: 3
Narrow klass base: 0x0000000800000000, Narrow klass shift: 3
Compressed class space size: 1073741824 Address: 0x0000000800b40000

Heap:
 garbage-first heap   total 260096K, used 25841K [0x0000000702400000, 0x0000000800000000)
  region size 1024K, 11 young (11264K), 3 survivors (3072K)
 Metaspace       used 16682K, capacity 17088K, committed 17152K, reserved 1064960K
  class space    used 1842K, capacity 2009K, committed 2048K, reserved 1048576K
Heap Regions: E=young(eden), S=young(survivor), O=old, HS=humongous(starts), HC=humongous(continues), CS=collection set, F=free, A=archive, TAMS=top-at-mark-start (previous, next)
|   0|0x0000000702400000, 0x0000000702500000, 0x0000000702500000|100%|HS|  |TAMS 0x0000000702400000, 0x0000000702400000| Complete 
|   1|0x0000000702500000, 0x0000000702600000, 0x0000000702600000|100%|HC|  |TAMS 0x0000000702500000, 0x0000000702500000| Complete 
|   2|0x0000000702600000, 0x0000000702700000, 0x0000000702700000|100%|HC|  |TAMS 0x0000000702600000, 0x0000000702600000| Complete 
|   3|0x0000000702700000, 0x0000000702800000, 0x0000000702800000|100%|HC|  |TAMS 0x0000000702700000, 0x0000000702700000| Complete 
|   4|0x0000000702800000, 0x0000000702900000, 0x0000000702900000|100%|HC|  |TAMS 0x0000000702800000, 0x0000000702800000| Complete 
|   5|0x0000000702900000, 0x0000000702a00000, 0x0000000702a00000|100%|HC|  |TAMS 0x0000000702900000, 0x0000000702900000| Complete 
|   6|0x0000000702a00000, 0x0000000702b00000, 0x0000000702b00000|100%| O|  |TAMS 0x0000000702a00000, 0x0000000702a00000| Untracked 
|   7|0x0000000702b00000, 0x0000000702c00000, 0x0000000702c00000|100%| O|  |TAMS 0x0000000702b00000, 0x0000000702b00000| Untracked 
|   8|0x0000000702c00000, 0x0000000702d00000, 0x0000000702d00000|100%| O|  |TAMS 0x0000000702c00000, 0x0000000702c00000| Untracked 
|   9|0x0000000702d00000, 0x0000000702d3c600, 0x0000000702e00000| 23%| O|  |TAMS 0x0000000702d00000, 0x0000000702d00000| Untracked 
|  10|0x0000000702e00000, 0x0000000702f00000, 0x0000000702f00000|100%|HS|  |TAMS 0x0000000702e00000, 0x0000000702e00000| Complete 
|  11|0x0000000702f00000, 0x0000000703000000, 0x0000000703000000|100%|HC|  |TAMS 0x0000000702f00000, 0x0000000702f00000| Complete 
|  12|0x0000000703000000, 0x0000000703100000, 0x0000000703100000|100%|HC|  |TAMS 0x0000000703000000, 0x0000000703000000| Complete 
|  13|0x0000000703100000, 0x0000000703200000, 0x0000000703200000|100%|HC|  |TAMS 0x0000000703100000, 0x0000000703100000| Complete 
|  14|0x0000000703200000, 0x0000000703300000, 0x0000000703300000|100%|HC|  |TAMS 0x0000000703200000, 0x0000000703200000| Complete 
|  15|0x0000000703300000, 0x0000000703400000, 0x0000000703400000|100%|HC|  |TAMS 0x0000000703300000, 0x0000000703300000| Complete 
|  16|0x0000000703400000, 0x0000000703400000, 0x0000000703500000|  0%| F|  |TAMS 0x0000000703400000, 0x0000000703400000| Untracked 
|  17|0x0000000703500000, 0x0000000703500000, 0x0000000703600000|  0%| F|  |TAMS 0x0000000703500000, 0x0000000703500000| Untracked 
|  18|0x0000000703600000, 0x0000000703600000, 0x0000000703700000|  0%| F|  |TAMS 0x0000000703600000, 0x0000000703600000| Untracked 
|  19|0x0000000703700000, 0x0000000703700000, 0x0000000703800000|  0%| F|  |TAMS 0x0000000703700000, 0x0000000703700000| Untracked 
|  20|0x0000000703800000, 0x0000000703800000, 0x0000000703900000|  0%| F|  |TAMS 0x0000000703800000, 0x0000000703800000| Untracked 
|  21|0x0000000703900000, 0x0000000703900000, 0x0000000703a00000|  0%| F|  |TAMS 0x0000000703900000, 0x0000000703900000| Untracked 
|  22|0x0000000703a00000, 0x0000000703a00000, 0x0000000703b00000|  0%| F|  |TAMS 0x0000000703a00000, 0x0000000703a00000| Untracked 
|  23|0x0000000703b00000, 0x0000000703b00000, 0x0000000703c00000|  0%| F|  |TAMS 0x0000000703b00000, 0x0000000703b00000| Untracked 
|  24|0x0000000703c00000, 0x0000000703c00000, 0x0000000703d00000|  0%| F|  |TAMS 0x0000000703c00000, 0x0000000703c00000| Untracked 
|  25|0x0000000703d00000, 0x0000000703d00000, 0x0000000703e00000|  0%| F|  |TAMS 0x0000000703d00000, 0x0000000703d00000| Untracked 
|  26|0x0000000703e00000, 0x0000000703e00000, 0x0000000703f00000|  0%| F|  |TAMS 0x0000000703e00000, 0x0000000703e00000| Untracked 
|  27|0x0000000703f00000, 0x0000000703f00000, 0x0000000704000000|  0%| F|  |TAMS 0x0000000703f00000, 0x0000000703f00000| Untracked 
|  28|0x0000000704000000, 0x0000000704000000, 0x0000000704100000|  0%| F|  |TAMS 0x0000000704000000, 0x0000000704000000| Untracked 
|  29|0x0000000704100000, 0x0000000704100000, 0x0000000704200000|  0%| F|  |TAMS 0x0000000704100000, 0x0000000704100000| Untracked 
|  30|0x0000000704200000, 0x0000000704200000, 0x0000000704300000|  0%| F|  |TAMS 0x0000000704200000, 0x0000000704200000| Untracked 
|  31|0x0000000704300000, 0x0000000704300000, 0x0000000704400000|  0%| F|  |TAMS 0x0000000704300000, 0x0000000704300000| Untracked 
|  32|0x0000000704400000, 0x0000000704400000, 0x0000000704500000|  0%| F|  |TAMS 0x0000000704400000, 0x0000000704400000| Untracked 
|  33|0x0000000704500000, 0x0000000704500000, 0x0000000704600000|  0%| F|  |TAMS 0x0000000704500000, 0x0000000704500000| Untracked 
|  34|0x0000000704600000, 0x0000000704600000, 0x0000000704700000|  0%| F|  |TAMS 0x0000000704600000, 0x0000000704600000| Untracked 
|  35|0x0000000704700000, 0x0000000704700000, 0x0000000704800000|  0%| F|  |TAMS 0x0000000704700000, 0x0000000704700000| Untracked 
|  36|0x0000000704800000, 0x0000000704800000, 0x0000000704900000|  0%| F|  |TAMS 0x0000000704800000, 0x0000000704800000| Untracked 
|  37|0x0000000704900000, 0x0000000704900000, 0x0000000704a00000|  0%| F|  |TAMS 0x0000000704900000, 0x0000000704900000| Untracked 
|  38|0x0000000704a00000, 0x0000000704a00000, 0x0000000704b00000|  0%| F|  |TAMS 0x0000000704a00000, 0x0000000704a00000| Untracked 
|  39|0x0000000704b00000, 0x0000000704b00000, 0x0000000704c00000|  0%| F|  |TAMS 0x0000000704b00000, 0x0000000704b00000| Untracked 
|  40|0x0000000704c00000, 0x0000000704c00000, 0x0000000704d00000|  0%| F|  |TAMS 0x0000000704c00000, 0x0000000704c00000| Untracked 
|  41|0x0000000704d00000, 0x0000000704d00000, 0x0000000704e00000|  0%| F|  |TAMS 0x0000000704d00000, 0x0000000704d00000| Untracked 
|  42|0x0000000704e00000, 0x0000000704e00000, 0x0000000704f00000|  0%| F|  |TAMS 0x0000000704e00000, 0x0000000704e00000| Untracked 
|  43|0x0000000704f00000, 0x0000000704f00000, 0x0000000705000000|  0%| F|  |TAMS 0x0000000704f00000, 0x0000000704f00000| Untracked 
|  44|0x0000000705000000, 0x0000000705000000, 0x0000000705100000|  0%| F|  |TAMS 0x0000000705000000, 0x0000000705000000| Untracked 
|  45|0x0000000705100000, 0x0000000705100000, 0x0000000705200000|  0%| F|  |TAMS 0x0000000705100000, 0x0000000705100000| Untracked 
|  46|0x0000000705200000, 0x0000000705200000, 0x0000000705300000|  0%| F|  |TAMS 0x0000000705200000, 0x0000000705200000| Untracked 
|  47|0x0000000705300000, 0x0000000705300000, 0x0000000705400000|  0%| F|  |TAMS 0x0000000705300000, 0x0000000705300000| Untracked 
|  48|0x0000000705400000, 0x0000000705400000, 0x0000000705500000|  0%| F|  |TAMS 0x0000000705400000, 0x0000000705400000| Untracked 
|  49|0x0000000705500000, 0x0000000705500000, 0x0000000705600000|  0%| F|  |TAMS 0x0000000705500000, 0x0000000705500000| Untracked 
|  50|0x0000000705600000, 0x0000000705600000, 0x0000000705700000|  0%| F|  |TAMS 0x0000000705600000, 0x0000000705600000| Untracked 
|  51|0x0000000705700000, 0x0000000705700000, 0x0000000705800000|  0%| F|  |TAMS 0x0000000705700000, 0x0000000705700000| Untracked 
|  52|0x0000000705800000, 0x0000000705800000, 0x0000000705900000|  0%| F|  |TAMS 0x0000000705800000, 0x0000000705800000| Untracked 
|  53|0x0000000705900000, 0x0000000705900000, 0x0000000705a00000|  0%| F|  |TAMS 0x0000000705900000, 0x0000000705900000| Untracked 
|  54|0x0000000705a00000, 0x0000000705a00000, 0x0000000705b00000|  0%| F|  |TAMS 0x0000000705a00000, 0x0000000705a00000| Untracked 
|  55|0x0000000705b00000, 0x0000000705b00000, 0x0000000705c00000|  0%| F|  |TAMS 0x0000000705b00000, 0x0000000705b00000| Untracked 
|  56|0x0000000705c00000, 0x0000000705c00000, 0x0000000705d00000|  0%| F|  |TAMS 0x0000000705c00000, 0x0000000705c00000| Untracked 
|  57|0x0000000705d00000, 0x0000000705d00000, 0x0000000705e00000|  0%| F|  |TAMS 0x0000000705d00000, 0x0000000705d00000| Untracked 
|  58|0x0000000705e00000, 0x0000000705e00000, 0x0000000705f00000|  0%| F|  |TAMS 0x0000000705e00000, 0x0000000705e00000| Untracked 
|  59|0x0000000705f00000, 0x0000000705f00000, 0x0000000706000000|  0%| F|  |TAMS 0x0000000705f00000, 0x0000000705f00000| Untracked 
|  60|0x0000000706000000, 0x0000000706000000, 0x0000000706100000|  0%| F|  |TAMS 0x0000000706000000, 0x0000000706000000| Untracked 
|  61|0x0000000706100000, 0x0000000706100000, 0x0000000706200000|  0%| F|  |TAMS 0x0000000706100000, 0x0000000706100000| Untracked 
|  62|0x0000000706200000, 0x0000000706200000, 0x0000000706300000|  0%| F|  |TAMS 0x0000000706200000, 0x0000000706200000| Untracked 
|  63|0x0000000706300000, 0x0000000706300000, 0x0000000706400000|  0%| F|  |TAMS 0x0000000706300000, 0x0000000706300000| Untracked 
|  64|0x0000000706400000, 0x0000000706400000, 0x0000000706500000|  0%| F|  |TAMS 0x0000000706400000, 0x0000000706400000| Untracked 
|  65|0x0000000706500000, 0x0000000706500000, 0x0000000706600000|  0%| F|  |TAMS 0x0000000706500000, 0x0000000706500000| Untracked 
|  66|0x0000000706600000, 0x0000000706600000, 0x0000000706700000|  0%| F|  |TAMS 0x0000000706600000, 0x0000000706600000| Untracked 
|  67|0x0000000706700000, 0x0000000706700000, 0x0000000706800000|  0%| F|  |TAMS 0x0000000706700000, 0x0000000706700000| Untracked 
|  68|0x0000000706800000, 0x0000000706800000, 0x0000000706900000|  0%| F|  |TAMS 0x0000000706800000, 0x0000000706800000| Untracked 
|  69|0x0000000706900000, 0x0000000706900000, 0x0000000706a00000|  0%| F|  |TAMS 0x0000000706900000, 0x0000000706900000| Untracked 
|  70|0x0000000706a00000, 0x0000000706a00000, 0x0000000706b00000|  0%| F|  |TAMS 0x0000000706a00000, 0x0000000706a00000| Untracked 
|  71|0x0000000706b00000, 0x0000000706b00000, 0x0000000706c00000|  0%| F|  |TAMS 0x0000000706b00000, 0x0000000706b00000| Untracked 
|  72|0x0000000706c00000, 0x0000000706c00000, 0x0000000706d00000|  0%| F|  |TAMS 0x0000000706c00000, 0x0000000706c00000| Untracked 
|  73|0x0000000706d00000, 0x0000000706d00000, 0x0000000706e00000|  0%| F|  |TAMS 0x0000000706d00000, 0x0000000706d00000| Untracked 
|  74|0x0000000706e00000, 0x0000000706e00000, 0x0000000706f00000|  0%| F|  |TAMS 0x0000000706e00000, 0x0000000706e00000| Untracked 
|  75|0x0000000706f00000, 0x0000000706f00000, 0x0000000707000000|  0%| F|  |TAMS 0x0000000706f00000, 0x0000000706f00000| Untracked 
|  76|0x0000000707000000, 0x0000000707000000, 0x0000000707100000|  0%| F|  |TAMS 0x0000000707000000, 0x0000000707000000| Untracked 
|  77|0x0000000707100000, 0x0000000707100000, 0x0000000707200000|  0%| F|  |TAMS 0x0000000707100000, 0x0000000707100000| Untracked 
|  78|0x0000000707200000, 0x0000000707200000, 0x0000000707300000|  0%| F|  |TAMS 0x0000000707200000, 0x0000000707200000| Untracked 
|  79|0x0000000707300000, 0x0000000707300000, 0x0000000707400000|  0%| F|  |TAMS 0x0000000707300000, 0x0000000707300000| Untracked 
|  80|0x0000000707400000, 0x0000000707400000, 0x0000000707500000|  0%| F|  |TAMS 0x0000000707400000, 0x0000000707400000| Untracked 
|  81|0x0000000707500000, 0x0000000707500000, 0x0000000707600000|  0%| F|  |TAMS 0x0000000707500000, 0x0000000707500000| Untracked 
|  82|0x0000000707600000, 0x0000000707600000, 0x0000000707700000|  0%| F|  |TAMS 0x0000000707600000, 0x0000000707600000| Untracked 
|  83|0x0000000707700000, 0x0000000707700000, 0x0000000707800000|  0%| F|  |TAMS 0x0000000707700000, 0x0000000707700000| Untracked 
|  84|0x0000000707800000, 0x0000000707800000, 0x0000000707900000|  0%| F|  |TAMS 0x0000000707800000, 0x0000000707800000| Untracked 
|  85|0x0000000707900000, 0x0000000707900000, 0x0000000707a00000|  0%| F|  |TAMS 0x0000000707900000, 0x0000000707900000| Untracked 
|  86|0x0000000707a00000, 0x0000000707a00000, 0x0000000707b00000|  0%| F|  |TAMS 0x0000000707a00000, 0x0000000707a00000| Untracked 
|  87|0x0000000707b00000, 0x0000000707b00000, 0x0000000707c00000|  0%| F|  |TAMS 0x0000000707b00000, 0x0000000707b00000| Untracked 
|  88|0x0000000707c00000, 0x0000000707c00000, 0x0000000707d00000|  0%| F|  |TAMS 0x0000000707c00000, 0x0000000707c00000| Untracked 
|  89|0x0000000707d00000, 0x0000000707d00000, 0x0000000707e00000|  0%| F|  |TAMS 0x0000000707d00000, 0x0000000707d00000| Untracked 
|  90|0x0000000707e00000, 0x0000000707e00000, 0x0000000707f00000|  0%| F|  |TAMS 0x0000000707e00000, 0x0000000707e00000| Untracked 
|  91|0x0000000707f00000, 0x0000000707f00000, 0x0000000708000000|  0%| F|  |TAMS 0x0000000707f00000, 0x0000000707f00000| Untracked 
|  92|0x0000000708000000, 0x0000000708000000, 0x0000000708100000|  0%| F|  |TAMS 0x0000000708000000, 0x0000000708000000| Untracked 
|  93|0x0000000708100000, 0x0000000708100000, 0x0000000708200000|  0%| F|  |TAMS 0x0000000708100000, 0x0000000708100000| Untracked 
|  94|0x0000000708200000, 0x0000000708200000, 0x0000000708300000|  0%| F|  |TAMS 0x0000000708200000, 0x0000000708200000| Untracked 
|  95|0x0000000708300000, 0x0000000708300000, 0x0000000708400000|  0%| F|  |TAMS 0x0000000708300000, 0x0000000708300000| Untracked 
|  96|0x0000000708400000, 0x0000000708400000, 0x0000000708500000|  0%| F|  |TAMS 0x0000000708400000, 0x0000000708400000| Untracked 
|  97|0x0000000708500000, 0x0000000708500000, 0x0000000708600000|  0%| F|  |TAMS 0x0000000708500000, 0x0000000708500000| Untracked 
|  98|0x0000000708600000, 0x0000000708600000, 0x0000000708700000|  0%| F|  |TAMS 0x0000000708600000, 0x0000000708600000| Untracked 
|  99|0x0000000708700000, 0x0000000708700000, 0x0000000708800000|  0%| F|  |TAMS 0x0000000708700000, 0x0000000708700000| Untracked 
| 100|0x0000000708800000, 0x0000000708800000, 0x0000000708900000|  0%| F|  |TAMS 0x0000000708800000, 0x0000000708800000| Untracked 
| 101|0x0000000708900000, 0x0000000708900000, 0x0000000708a00000|  0%| F|  |TAMS 0x0000000708900000, 0x0000000708900000| Untracked 
| 102|0x0000000708a00000, 0x0000000708a00000, 0x0000000708b00000|  0%| F|  |TAMS 0x0000000708a00000, 0x0000000708a00000| Untracked 
| 103|0x0000000708b00000, 0x0000000708b00000, 0x0000000708c00000|  0%| F|  |TAMS 0x0000000708b00000, 0x0000000708b00000| Untracked 
| 104|0x0000000708c00000, 0x0000000708c00000, 0x0000000708d00000|  0%| F|  |TAMS 0x0000000708c00000, 0x0000000708c00000| Untracked 
| 105|0x0000000708d00000, 0x0000000708d00000, 0x0000000708e00000|  0%| F|  |TAMS 0x0000000708d00000, 0x0000000708d00000| Untracked 
| 106|0x0000000708e00000, 0x0000000708e00000, 0x0000000708f00000|  0%| F|  |TAMS 0x0000000708e00000, 0x0000000708e00000| Untracked 
| 107|0x0000000708f00000, 0x0000000708f00000, 0x0000000709000000|  0%| F|  |TAMS 0x0000000708f00000, 0x0000000708f00000| Untracked 
| 108|0x0000000709000000, 0x0000000709000000, 0x0000000709100000|  0%| F|  |TAMS 0x0000000709000000, 0x0000000709000000| Untracked 
| 109|0x0000000709100000, 0x0000000709100000, 0x0000000709200000|  0%| F|  |TAMS 0x0000000709100000, 0x0000000709100000| Untracked 
| 110|0x0000000709200000, 0x0000000709200000, 0x0000000709300000|  0%| F|  |TAMS 0x0000000709200000, 0x0000000709200000| Untracked 
| 111|0x0000000709300000, 0x0000000709300000, 0x0000000709400000|  0%| F|  |TAMS 0x0000000709300000, 0x0000000709300000| Untracked 
| 112|0x0000000709400000, 0x0000000709400000, 0x0000000709500000|  0%| F|  |TAMS 0x0000000709400000, 0x0000000709400000| Untracked 
| 113|0x0000000709500000, 0x0000000709500000, 0x0000000709600000|  0%| F|  |TAMS 0x0000000709500000, 0x0000000709500000| Untracked 
| 114|0x0000000709600000, 0x0000000709600000, 0x0000000709700000|  0%| F|  |TAMS 0x0000000709600000, 0x0000000709600000| Untracked 
| 115|0x0000000709700000, 0x0000000709700000, 0x0000000709800000|  0%| F|  |TAMS 0x0000000709700000, 0x0000000709700000| Untracked 
| 116|0x0000000709800000, 0x0000000709800000, 0x0000000709900000|  0%| F|  |TAMS 0x0000000709800000, 0x0000000709800000| Untracked 
| 117|0x0000000709900000, 0x0000000709900000, 0x0000000709a00000|  0%| F|  |TAMS 0x0000000709900000, 0x0000000709900000| Untracked 
| 118|0x0000000709a00000, 0x0000000709a00000, 0x0000000709b00000|  0%| F|  |TAMS 0x0000000709a00000, 0x0000000709a00000| Untracked 
| 119|0x0000000709b00000, 0x0000000709b00000, 0x0000000709c00000|  0%| F|  |TAMS 0x0000000709b00000, 0x0000000709b00000| Untracked 
| 120|0x0000000709c00000, 0x0000000709c00000, 0x0000000709d00000|  0%| F|  |TAMS 0x0000000709c00000, 0x0000000709c00000| Untracked 
| 121|0x0000000709d00000, 0x0000000709d00000, 0x0000000709e00000|  0%| F|  |TAMS 0x0000000709d00000, 0x0000000709d00000| Untracked 
| 122|0x0000000709e00000, 0x0000000709e00000, 0x0000000709f00000|  0%| F|  |TAMS 0x0000000709e00000, 0x0000000709e00000| Untracked 
| 123|0x0000000709f00000, 0x0000000709f00000, 0x000000070a000000|  0%| F|  |TAMS 0x0000000709f00000, 0x0000000709f00000| Untracked 
| 124|0x000000070a000000, 0x000000070a000000, 0x000000070a100000|  0%| F|  |TAMS 0x000000070a000000, 0x000000070a000000| Untracked 
| 125|0x000000070a100000, 0x000000070a100000, 0x000000070a200000|  0%| F|  |TAMS 0x000000070a100000, 0x000000070a100000| Untracked 
| 126|0x000000070a200000, 0x000000070a200000, 0x000000070a300000|  0%| F|  |TAMS 0x000000070a200000, 0x000000070a200000| Untracked 
| 127|0x000000070a300000, 0x000000070a300000, 0x000000070a400000|  0%| F|  |TAMS 0x000000070a300000, 0x000000070a300000| Untracked 
| 128|0x000000070a400000, 0x000000070a400000, 0x000000070a500000|  0%| F|  |TAMS 0x000000070a400000, 0x000000070a400000| Untracked 
| 129|0x000000070a500000, 0x000000070a500000, 0x000000070a600000|  0%| F|  |TAMS 0x000000070a500000, 0x000000070a500000| Untracked 
| 130|0x000000070a600000, 0x000000070a600000, 0x000000070a700000|  0%| F|  |TAMS 0x000000070a600000, 0x000000070a600000| Untracked 
| 131|0x000000070a700000, 0x000000070a700000, 0x000000070a800000|  0%| F|  |TAMS 0x000000070a700000, 0x000000070a700000| Untracked 
| 132|0x000000070a800000, 0x000000070a800000, 0x000000070a900000|  0%| F|  |TAMS 0x000000070a800000, 0x000000070a800000| Untracked 
| 133|0x000000070a900000, 0x000000070a900000, 0x000000070aa00000|  0%| F|  |TAMS 0x000000070a900000, 0x000000070a900000| Untracked 
| 134|0x000000070aa00000, 0x000000070aa00000, 0x000000070ab00000|  0%| F|  |TAMS 0x000000070aa00000, 0x000000070aa00000| Untracked 
| 135|0x000000070ab00000, 0x000000070ab00000, 0x000000070ac00000|  0%| F|  |TAMS 0x000000070ab00000, 0x000000070ab00000| Untracked 
| 136|0x000000070ac00000, 0x000000070ac00000, 0x000000070ad00000|  0%| F|  |TAMS 0x000000070ac00000, 0x000000070ac00000| Untracked 
| 137|0x000000070ad00000, 0x000000070ad00000, 0x000000070ae00000|  0%| F|  |TAMS 0x000000070ad00000, 0x000000070ad00000| Untracked 
| 138|0x000000070ae00000, 0x000000070ae00000, 0x000000070af00000|  0%| F|  |TAMS 0x000000070ae00000, 0x000000070ae00000| Untracked 
| 139|0x000000070af00000, 0x000000070af00000, 0x000000070b000000|  0%| F|  |TAMS 0x000000070af00000, 0x000000070af00000| Untracked 
| 140|0x000000070b000000, 0x000000070b000000, 0x000000070b100000|  0%| F|  |TAMS 0x000000070b000000, 0x000000070b000000| Untracked 
| 141|0x000000070b100000, 0x000000070b100000, 0x000000070b200000|  0%| F|  |TAMS 0x000000070b100000, 0x000000070b100000| Untracked 
| 142|0x000000070b200000, 0x000000070b200000, 0x000000070b300000|  0%| F|  |TAMS 0x000000070b200000, 0x000000070b200000| Untracked 
| 143|0x000000070b300000, 0x000000070b300000, 0x000000070b400000|  0%| F|  |TAMS 0x000000070b300000, 0x000000070b300000| Untracked 
| 144|0x000000070b400000, 0x000000070b400000, 0x000000070b500000|  0%| F|  |TAMS 0x000000070b400000, 0x000000070b400000| Untracked 
| 145|0x000000070b500000, 0x000000070b500000, 0x000000070b600000|  0%| F|  |TAMS 0x000000070b500000, 0x000000070b500000| Untracked 
| 146|0x000000070b600000, 0x000000070b600000, 0x000000070b700000|  0%| F|  |TAMS 0x000000070b600000, 0x000000070b600000| Untracked 
| 147|0x000000070b700000, 0x000000070b700000, 0x000000070b800000|  0%| F|  |TAMS 0x000000070b700000, 0x000000070b700000| Untracked 
| 148|0x000000070b800000, 0x000000070b800000, 0x000000070b900000|  0%| F|  |TAMS 0x000000070b800000, 0x000000070b800000| Untracked 
| 149|0x000000070b900000, 0x000000070b900000, 0x000000070ba00000|  0%| F|  |TAMS 0x000000070b900000, 0x000000070b900000| Untracked 
| 150|0x000000070ba00000, 0x000000070ba00000, 0x000000070bb00000|  0%| F|  |TAMS 0x000000070ba00000, 0x000000070ba00000| Untracked 
| 151|0x000000070bb00000, 0x000000070bb00000, 0x000000070bc00000|  0%| F|  |TAMS 0x000000070bb00000, 0x000000070bb00000| Untracked 
| 152|0x000000070bc00000, 0x000000070bc00000, 0x000000070bd00000|  0%| F|  |TAMS 0x000000070bc00000, 0x000000070bc00000| Untracked 
| 153|0x000000070bd00000, 0x000000070bd00000, 0x000000070be00000|  0%| F|  |TAMS 0x000000070bd00000, 0x000000070bd00000| Untracked 
| 154|0x000000070be00000, 0x000000070be00000, 0x000000070bf00000|  0%| F|  |TAMS 0x000000070be00000, 0x000000070be00000| Untracked 
| 155|0x000000070bf00000, 0x000000070bf00000, 0x000000070c000000|  0%| F|  |TAMS 0x000000070bf00000, 0x000000070bf00000| Untracked 
| 156|0x000000070c000000, 0x000000070c000000, 0x000000070c100000|  0%| F|  |TAMS 0x000000070c000000, 0x000000070c000000| Untracked 
| 157|0x000000070c100000, 0x000000070c100000, 0x000000070c200000|  0%| F|  |TAMS 0x000000070c100000, 0x000000070c100000| Untracked 
| 158|0x000000070c200000, 0x000000070c200000, 0x000000070c300000|  0%| F|  |TAMS 0x000000070c200000, 0x000000070c200000| Untracked 
| 159|0x000000070c300000, 0x000000070c300000, 0x000000070c400000|  0%| F|  |TAMS 0x000000070c300000, 0x000000070c300000| Untracked 
| 160|0x000000070c400000, 0x000000070c400000, 0x000000070c500000|  0%| F|  |TAMS 0x000000070c400000, 0x000000070c400000| Untracked 
| 161|0x000000070c500000, 0x000000070c500000, 0x000000070c600000|  0%| F|  |TAMS 0x000000070c500000, 0x000000070c500000| Untracked 
| 162|0x000000070c600000, 0x000000070c600000, 0x000000070c700000|  0%| F|  |TAMS 0x000000070c600000, 0x000000070c600000| Untracked 
| 163|0x000000070c700000, 0x000000070c700000, 0x000000070c800000|  0%| F|  |TAMS 0x000000070c700000, 0x000000070c700000| Untracked 
| 164|0x000000070c800000, 0x000000070c800000, 0x000000070c900000|  0%| F|  |TAMS 0x000000070c800000, 0x000000070c800000| Untracked 
| 165|0x000000070c900000, 0x000000070c900000, 0x000000070ca00000|  0%| F|  |TAMS 0x000000070c900000, 0x000000070c900000| Untracked 
| 166|0x000000070ca00000, 0x000000070ca00000, 0x000000070cb00000|  0%| F|  |TAMS 0x000000070ca00000, 0x000000070ca00000| Untracked 
| 167|0x000000070cb00000, 0x000000070cb00000, 0x000000070cc00000|  0%| F|  |TAMS 0x000000070cb00000, 0x000000070cb00000| Untracked 
| 168|0x000000070cc00000, 0x000000070cc00000, 0x000000070cd00000|  0%| F|  |TAMS 0x000000070cc00000, 0x000000070cc00000| Untracked 
| 169|0x000000070cd00000, 0x000000070cd00000, 0x000000070ce00000|  0%| F|  |TAMS 0x000000070cd00000, 0x000000070cd00000| Untracked 
| 170|0x000000070ce00000, 0x000000070ce00000, 0x000000070cf00000|  0%| F|  |TAMS 0x000000070ce00000, 0x000000070ce00000| Untracked 
| 171|0x000000070cf00000, 0x000000070cf00000, 0x000000070d000000|  0%| F|  |TAMS 0x000000070cf00000, 0x000000070cf00000| Untracked 
| 172|0x000000070d000000, 0x000000070d000000, 0x000000070d100000|  0%| F|  |TAMS 0x000000070d000000, 0x000000070d000000| Untracked 
| 173|0x000000070d100000, 0x000000070d100000, 0x000000070d200000|  0%| F|  |TAMS 0x000000070d100000, 0x000000070d100000| Untracked 
| 174|0x000000070d200000, 0x000000070d200000, 0x000000070d300000|  0%| F|  |TAMS 0x000000070d200000, 0x000000070d200000| Untracked 
| 175|0x000000070d300000, 0x000000070d300000, 0x000000070d400000|  0%| F|  |TAMS 0x000000070d300000, 0x000000070d300000| Untracked 
| 176|0x000000070d400000, 0x000000070d400000, 0x000000070d500000|  0%| F|  |TAMS 0x000000070d400000, 0x000000070d400000| Untracked 
| 177|0x000000070d500000, 0x000000070d500000, 0x000000070d600000|  0%| F|  |TAMS 0x000000070d500000, 0x000000070d500000| Untracked 
| 178|0x000000070d600000, 0x000000070d600000, 0x000000070d700000|  0%| F|  |TAMS 0x000000070d600000, 0x000000070d600000| Untracked 
| 179|0x000000070d700000, 0x000000070d700000, 0x000000070d800000|  0%| F|  |TAMS 0x000000070d700000, 0x000000070d700000| Untracked 
| 180|0x000000070d800000, 0x000000070d800000, 0x000000070d900000|  0%| F|  |TAMS 0x000000070d800000, 0x000000070d800000| Untracked 
| 181|0x000000070d900000, 0x000000070d900000, 0x000000070da00000|  0%| F|  |TAMS 0x000000070d900000, 0x000000070d900000| Untracked 
| 182|0x000000070da00000, 0x000000070da00000, 0x000000070db00000|  0%| F|  |TAMS 0x000000070da00000, 0x000000070da00000| Untracked 
| 183|0x000000070db00000, 0x000000070db00000, 0x000000070dc00000|  0%| F|  |TAMS 0x000000070db00000, 0x000000070db00000| Untracked 
| 184|0x000000070dc00000, 0x000000070dc00000, 0x000000070dd00000|  0%| F|  |TAMS 0x000000070dc00000, 0x000000070dc00000| Untracked 
| 185|0x000000070dd00000, 0x000000070dd00000, 0x000000070de00000|  0%| F|  |TAMS 0x000000070dd00000, 0x000000070dd00000| Untracked 
| 186|0x000000070de00000, 0x000000070de00000, 0x000000070df00000|  0%| F|  |TAMS 0x000000070de00000, 0x000000070de00000| Untracked 
| 187|0x000000070df00000, 0x000000070df00000, 0x000000070e000000|  0%| F|  |TAMS 0x000000070df00000, 0x000000070df00000| Untracked 
| 188|0x000000070e000000, 0x000000070e000000, 0x000000070e100000|  0%| F|  |TAMS 0x000000070e000000, 0x000000070e000000| Untracked 
| 189|0x000000070e100000, 0x000000070e100000, 0x000000070e200000|  0%| F|  |TAMS 0x000000070e100000, 0x000000070e100000| Untracked 
| 190|0x000000070e200000, 0x000000070e200000, 0x000000070e300000|  0%| F|  |TAMS 0x000000070e200000, 0x000000070e200000| Untracked 
| 191|0x000000070e300000, 0x000000070e300000, 0x000000070e400000|  0%| F|  |TAMS 0x000000070e300000, 0x000000070e300000| Untracked 
| 192|0x000000070e400000, 0x000000070e400000, 0x000000070e500000|  0%| F|  |TAMS 0x000000070e400000, 0x000000070e400000| Untracked 
| 193|0x000000070e500000, 0x000000070e500000, 0x000000070e600000|  0%| F|  |TAMS 0x000000070e500000, 0x000000070e500000| Untracked 
| 194|0x000000070e600000, 0x000000070e600000, 0x000000070e700000|  0%| F|  |TAMS 0x000000070e600000, 0x000000070e600000| Untracked 
| 195|0x000000070e700000, 0x000000070e700000, 0x000000070e800000|  0%| F|  |TAMS 0x000000070e700000, 0x000000070e700000| Untracked 
| 196|0x000000070e800000, 0x000000070e800000, 0x000000070e900000|  0%| F|  |TAMS 0x000000070e800000, 0x000000070e800000| Untracked 
| 197|0x000000070e900000, 0x000000070e900000, 0x000000070ea00000|  0%| F|  |TAMS 0x000000070e900000, 0x000000070e900000| Untracked 
| 198|0x000000070ea00000, 0x000000070ea00000, 0x000000070eb00000|  0%| F|  |TAMS 0x000000070ea00000, 0x000000070ea00000| Untracked 
| 199|0x000000070eb00000, 0x000000070eb00000, 0x000000070ec00000|  0%| F|  |TAMS 0x000000070eb00000, 0x000000070eb00000| Untracked 
| 200|0x000000070ec00000, 0x000000070ec00000, 0x000000070ed00000|  0%| F|  |TAMS 0x000000070ec00000, 0x000000070ec00000| Untracked 
| 201|0x000000070ed00000, 0x000000070ed00000, 0x000000070ee00000|  0%| F|  |TAMS 0x000000070ed00000, 0x000000070ed00000| Untracked 
| 202|0x000000070ee00000, 0x000000070ee00000, 0x000000070ef00000|  0%| F|  |TAMS 0x000000070ee00000, 0x000000070ee00000| Untracked 
| 203|0x000000070ef00000, 0x000000070ef00000, 0x000000070f000000|  0%| F|  |TAMS 0x000000070ef00000, 0x000000070ef00000| Untracked 
| 204|0x000000070f000000, 0x000000070f000000, 0x000000070f100000|  0%| F|  |TAMS 0x000000070f000000, 0x000000070f000000| Untracked 
| 205|0x000000070f100000, 0x000000070f100000, 0x000000070f200000|  0%| F|  |TAMS 0x000000070f100000, 0x000000070f100000| Untracked 
| 206|0x000000070f200000, 0x000000070f200000, 0x000000070f300000|  0%| F|  |TAMS 0x000000070f200000, 0x000000070f200000| Untracked 
| 207|0x000000070f300000, 0x000000070f300000, 0x000000070f400000|  0%| F|  |TAMS 0x000000070f300000, 0x000000070f300000| Untracked 
| 208|0x000000070f400000, 0x000000070f400000, 0x000000070f500000|  0%| F|  |TAMS 0x000000070f400000, 0x000000070f400000| Untracked 
| 209|0x000000070f500000, 0x000000070f500000, 0x000000070f600000|  0%| F|  |TAMS 0x000000070f500000, 0x000000070f500000| Untracked 
| 210|0x000000070f600000, 0x000000070f600000, 0x000000070f700000|  0%| F|  |TAMS 0x000000070f600000, 0x000000070f600000| Untracked 
| 211|0x000000070f700000, 0x000000070f700000, 0x000000070f800000|  0%| F|  |TAMS 0x000000070f700000, 0x000000070f700000| Untracked 
| 212|0x000000070f800000, 0x000000070f800000, 0x000000070f900000|  0%| F|  |TAMS 0x000000070f800000, 0x000000070f800000| Untracked 
| 213|0x000000070f900000, 0x000000070f900000, 0x000000070fa00000|  0%| F|  |TAMS 0x000000070f900000, 0x000000070f900000| Untracked 
| 214|0x000000070fa00000, 0x000000070fa00000, 0x000000070fb00000|  0%| F|  |TAMS 0x000000070fa00000, 0x000000070fa00000| Untracked 
| 215|0x000000070fb00000, 0x000000070fb00000, 0x000000070fc00000|  0%| F|  |TAMS 0x000000070fb00000, 0x000000070fb00000| Untracked 
| 216|0x000000070fc00000, 0x000000070fc00000, 0x000000070fd00000|  0%| F|  |TAMS 0x000000070fc00000, 0x000000070fc00000| Untracked 
| 217|0x000000070fd00000, 0x000000070fd00000, 0x000000070fe00000|  0%| F|  |TAMS 0x000000070fd00000, 0x000000070fd00000| Untracked 
| 218|0x000000070fe00000, 0x000000070fe00000, 0x000000070ff00000|  0%| F|  |TAMS 0x000000070fe00000, 0x000000070fe00000| Untracked 
| 219|0x000000070ff00000, 0x000000070ff00000, 0x0000000710000000|  0%| F|  |TAMS 0x000000070ff00000, 0x000000070ff00000| Untracked 
| 220|0x0000000710000000, 0x0000000710000000, 0x0000000710100000|  0%| F|  |TAMS 0x0000000710000000, 0x0000000710000000| Untracked 
| 221|0x0000000710100000, 0x0000000710100000, 0x0000000710200000|  0%| F|  |TAMS 0x0000000710100000, 0x0000000710100000| Untracked 
| 222|0x0000000710200000, 0x0000000710200000, 0x0000000710300000|  0%| F|  |TAMS 0x0000000710200000, 0x0000000710200000| Untracked 
| 223|0x0000000710300000, 0x0000000710300000, 0x0000000710400000|  0%| F|  |TAMS 0x0000000710300000, 0x0000000710300000| Untracked 
| 224|0x0000000710400000, 0x0000000710400000, 0x0000000710500000|  0%| F|  |TAMS 0x0000000710400000, 0x0000000710400000| Untracked 
| 225|0x0000000710500000, 0x0000000710500000, 0x0000000710600000|  0%| F|  |TAMS 0x0000000710500000, 0x0000000710500000| Untracked 
| 226|0x0000000710600000, 0x0000000710600000, 0x0000000710700000|  0%| F|  |TAMS 0x0000000710600000, 0x0000000710600000| Untracked 
| 227|0x0000000710700000, 0x0000000710800000, 0x0000000710800000|100%| S|CS|TAMS 0x0000000710700000, 0x0000000710700000| Complete 
| 228|0x0000000710800000, 0x0000000710900000, 0x0000000710900000|100%| S|CS|TAMS 0x0000000710800000, 0x0000000710800000| Complete 
| 229|0x0000000710900000, 0x0000000710a00000, 0x0000000710a00000|100%| S|CS|TAMS 0x0000000710900000, 0x0000000710900000| Complete 
| 230|0x0000000710a00000, 0x0000000710a00000, 0x0000000710b00000|  0%| F|  |TAMS 0x0000000710a00000, 0x0000000710a00000| Untracked 
| 231|0x0000000710b00000, 0x0000000710b00000, 0x0000000710c00000|  0%| F|  |TAMS 0x0000000710b00000, 0x0000000710b00000| Untracked 
| 232|0x0000000710c00000, 0x0000000710c00000, 0x0000000710d00000|  0%| F|  |TAMS 0x0000000710c00000, 0x0000000710c00000| Untracked 
| 233|0x0000000710d00000, 0x0000000710d00000, 0x0000000710e00000|  0%| F|  |TAMS 0x0000000710d00000, 0x0000000710d00000| Untracked 
| 234|0x0000000710e00000, 0x0000000710e00000, 0x0000000710f00000|  0%| F|  |TAMS 0x0000000710e00000, 0x0000000710e00000| Untracked 
| 235|0x0000000710f00000, 0x0000000710f00000, 0x0000000711000000|  0%| F|  |TAMS 0x0000000710f00000, 0x0000000710f00000| Untracked 
| 236|0x0000000711000000, 0x0000000711000000, 0x0000000711100000|  0%| F|  |TAMS 0x0000000711000000, 0x0000000711000000| Untracked 
| 237|0x0000000711100000, 0x0000000711100000, 0x0000000711200000|  0%| F|  |TAMS 0x0000000711100000, 0x0000000711100000| Untracked 
| 238|0x0000000711200000, 0x0000000711200000, 0x0000000711300000|  0%| F|  |TAMS 0x0000000711200000, 0x0000000711200000| Untracked 
| 239|0x0000000711300000, 0x0000000711300000, 0x0000000711400000|  0%| F|  |TAMS 0x0000000711300000, 0x0000000711300000| Untracked 
| 240|0x0000000711400000, 0x0000000711400000, 0x0000000711500000|  0%| F|  |TAMS 0x0000000711400000, 0x0000000711400000| Untracked 
| 241|0x0000000711500000, 0x0000000711500000, 0x0000000711600000|  0%| F|  |TAMS 0x0000000711500000, 0x0000000711500000| Untracked 
| 242|0x0000000711600000, 0x0000000711600000, 0x0000000711700000|  0%| F|  |TAMS 0x0000000711600000, 0x0000000711600000| Untracked 
| 243|0x0000000711700000, 0x0000000711700000, 0x0000000711800000|  0%| F|  |TAMS 0x0000000711700000, 0x0000000711700000| Untracked 
| 244|0x0000000711800000, 0x0000000711800000, 0x0000000711900000|  0%| F|  |TAMS 0x0000000711800000, 0x0000000711800000| Untracked 
| 245|0x0000000711900000, 0x0000000711900000, 0x0000000711a00000|  0%| F|  |TAMS 0x0000000711900000, 0x0000000711900000| Untracked 
| 246|0x0000000711a00000, 0x0000000711b00000, 0x0000000711b00000|100%| E|  |TAMS 0x0000000711a00000, 0x0000000711a00000| Complete 
| 247|0x0000000711b00000, 0x0000000711c00000, 0x0000000711c00000|100%| E|CS|TAMS 0x0000000711b00000, 0x0000000711b00000| Complete 
| 248|0x0000000711c00000, 0x0000000711d00000, 0x0000000711d00000|100%| E|CS|TAMS 0x0000000711c00000, 0x0000000711c00000| Complete 
| 249|0x0000000711d00000, 0x0000000711e00000, 0x0000000711e00000|100%| E|CS|TAMS 0x0000000711d00000, 0x0000000711d00000| Complete 
| 250|0x0000000711e00000, 0x0000000711f00000, 0x0000000711f00000|100%| E|CS|TAMS 0x0000000711e00000, 0x0000000711e00000| Complete 
| 251|0x0000000711f00000, 0x0000000712000000, 0x0000000712000000|100%| E|CS|TAMS 0x0000000711f00000, 0x0000000711f00000| Complete 
| 252|0x0000000712000000, 0x0000000712100000, 0x0000000712100000|100%| E|CS|TAMS 0x0000000712000000, 0x0000000712000000| Complete 
| 253|0x0000000712100000, 0x0000000712200000, 0x0000000712200000|100%| E|CS|TAMS 0x0000000712100000, 0x0000000712100000| Complete 

Card table byte_map: [0x0000018ad5700000,0x0000018ad5ef0000] _byte_map_base: 0x0000018ad1eee000

Marking Bits (Prev, Next): (CMBitMap*) 0x0000018abd3fa8b8, (CMBitMap*) 0x0000018abd3fa8f8
 Prev Bits: [0x0000018ad66e0000, 0x0000018ada650000)
 Next Bits: [0x0000018ada650000, 0x0000018ade5c0000)

Polling page: 0x0000018abb2f0000

Metaspace:

Usage:
  Non-class:     14.73 MB capacity,    14.49 MB ( 98%) used,   199.75 KB (  1%) free+waste,    38.88 KB ( <1%) overhead. 
      Class:      1.96 MB capacity,     1.80 MB ( 92%) used,   145.55 KB (  7%) free+waste,    21.44 KB (  1%) overhead. 
       Both:     16.69 MB capacity,    16.29 MB ( 98%) used,   345.30 KB (  2%) free+waste,    60.31 KB ( <1%) overhead. 

Virtual space:
  Non-class space:       16.00 MB reserved,      14.75 MB ( 92%) committed 
      Class space:        1.00 GB reserved,       2.00 MB ( <1%) committed 
             Both:        1.02 GB reserved,      16.75 MB (  2%) committed 

Chunk freelists:
   Non-Class:  25.00 KB
       Class:  7.00 KB
        Both:  32.00 KB

MaxMetaspaceSize: 17179869184.00 GB
CompressedClassSpaceSize: 1.00 GB

CodeHeap 'non-profiled nmethods': size=120000Kb used=920Kb max_used=920Kb free=119079Kb
 bounds [0x0000018acd360000, 0x0000018acd5d0000, 0x0000018ad4890000]
CodeHeap 'profiled nmethods': size=120000Kb used=5292Kb max_used=5292Kb free=114708Kb
 bounds [0x0000018ac5e30000, 0x0000018ac6360000, 0x0000018acd360000]
CodeHeap 'non-nmethods': size=5760Kb used=1392Kb max_used=1417Kb free=4367Kb
 bounds [0x0000018ac5890000, 0x0000018ac5b00000, 0x0000018ac5e30000]
 total_blobs=4179 nmethods=2531 adapters=610
 compilation: enabled
              stopped_count=0, restarted_count=0
 full_count=0

Compilation events (20 events):
Event: 3971.112 Thread 0x0000018ae1c25000 nmethod 2715 0x0000018acd43d810 code [0x0000018acd43d9c0, 0x0000018acd43dfb8]
Event: 4191.094 Thread 0x0000018ae1c25000 2716       4       java.util.concurrent.ConcurrentHashMap::get (162 bytes)
Event: 4191.101 Thread 0x0000018ae1c25000 nmethod 2716 0x0000018acd43e310 code [0x0000018acd43e4a0, 0x0000018acd43e778]
Event: 5348.423 Thread 0x0000018ae1c2b800 2717   !   3       jdk.internal.ref.PhantomCleanable::isListEmpty (34 bytes)
Event: 5348.425 Thread 0x0000018ae1c2b800 nmethod 2717 0x0000018ac635aa90 code [0x0000018ac635ac40, 0x0000018ac635aff8]
Event: 5348.425 Thread 0x0000018ae1c2b800 2718       3       jdk.internal.misc.InnocuousThread::eraseThreadLocals (23 bytes)
Event: 5348.425 Thread 0x0000018ae1c2b800 nmethod 2718 0x0000018ac635b110 code [0x0000018ac635b2c0, 0x0000018ac635b538]
Event: 5716.393 Thread 0x0000018ae1c25000 2719       4       java.lang.ref.SoftReference::get (29 bytes)
Event: 5716.393 Thread 0x0000018ae1c25000 nmethod 2719 0x0000018acd43ea10 code [0x0000018acd43eba0, 0x0000018acd43ec78]
Event: 17185.094 Thread 0x0000018ae1c25000 2720       4       java.lang.AbstractStringBuilder::<init> (39 bytes)
Event: 17185.098 Thread 0x0000018ae1c25000 nmethod 2720 0x0000018acd43ed10 code [0x0000018acd43eea0, 0x0000018acd43f0b8]
Event: 54870.952 Thread 0x0000018ae1c25000 2721       4       java.lang.AbstractStringBuilder::append (45 bytes)
Event: 54871.082 Thread 0x0000018ae1c25000 nmethod 2721 0x0000018acd43f190 code [0x0000018acd43f340, 0x0000018acd43fa38]
Event: 56161.200 Thread 0x0000018ae1c25000 2722       4       jdk.internal.module.Resources::toPackageName (39 bytes)
Event: 56161.264 Thread 0x0000018ae1c25000 nmethod 2722 0x0000018acd43fd90 code [0x0000018acd43ff20, 0x0000018acd4400f8]
Event: 56201.365 Thread 0x0000018ae1c25000 2723   !   4       jdk.internal.loader.BuiltinClassLoader::findResource (154 bytes)
Event: 56202.132 Thread 0x0000018ae1c25000 nmethod 2723 0x0000018acd440290 code [0x0000018acd4405e0, 0x0000018acd443b80]
Event: 56811.491 Thread 0x0000018ae1c25000 2724       4       java.lang.ref.ReferenceQueue::reallyPoll (65 bytes)
Event: 56811.517 Thread 0x0000018ae1c25000 nmethod 2724 0x0000018acd445b90 code [0x0000018acd445d20, 0x0000018acd446078]
Event: 59567.120 Thread 0x0000018ae1c25000 2725       4       java.lang.String::regionMatches (150 bytes)

GC Heap History (2 events):
Event: 8.365 GC heap before
{Heap before GC invocations=0 (full 0):
 garbage-first heap   total 260096K, used 29696K [0x0000000702400000, 0x0000000800000000)
  region size 1024K, 24 young (24576K), 0 survivors (0K)
 Metaspace       used 15490K, capacity 15868K, committed 16128K, reserved 1062912K
  class space    used 1771K, capacity 1944K, committed 2048K, reserved 1048576K
}
Event: 8.371 GC heap after
{Heap after GC invocations=1 (full 0):
 garbage-first heap   total 260096K, used 12529K [0x0000000702400000, 0x0000000800000000)
  region size 1024K, 3 young (3072K), 3 survivors (3072K)
 Metaspace       used 15490K, capacity 15868K, committed 16128K, reserved 1062912K
  class space    used 1771K, capacity 1944K, committed 2048K, reserved 1048576K
}

Deoptimization events (20 events):
Event: 190.833 Thread 0x0000018ae26da000 Uncommon trap: trap_request=0xffffffde fr.pc=0x0000018acd42f44c relative=0x00000000000011cc
Event: 190.833 Thread 0x0000018ae26da000 Uncommon trap: reason=class_check action=maybe_recompile pc=0x0000018acd42f44c method=java.awt.Container.getMouseEventTargetImpl(IIZLjava/awt/Container$EventTargetFilter;ZZ)Ljava/awt/Component; @ 191 c2
Event: 190.833 Thread 0x0000018ae26da000 DEOPT PACKING pc=0x0000018acd42f44c sp=0x00000035105fe4d0
Event: 190.833 Thread 0x0000018ae26da000 DEOPT UNPACKING pc=0x0000018ac58d912f sp=0x00000035105fe468 mode 2
Event: 195.186 Thread 0x0000018ae26da000 Uncommon trap: trap_request=0xfffffff4 fr.pc=0x0000018acd410ccc relative=0x00000000000000ac
Event: 195.186 Thread 0x0000018ae26da000 Uncommon trap: reason=null_check action=make_not_entrant pc=0x0000018acd410ccc method=java.awt.Component.isLightweight()Z @ 4 c2
Event: 195.186 Thread 0x0000018ae26da000 DEOPT PACKING pc=0x0000018acd410ccc sp=0x00000035105fdb40
Event: 195.186 Thread 0x0000018ae26da000 DEOPT UNPACKING pc=0x0000018ac58d912f sp=0x00000035105fdad0 mode 2
Event: 195.203 Thread 0x0000018ae26da000 Uncommon trap: trap_request=0xffffff45 fr.pc=0x0000018acd3a32ac relative=0x000000000000026c
Event: 195.203 Thread 0x0000018ae26da000 Uncommon trap: reason=unstable_if action=reinterpret pc=0x0000018acd3a32ac method=java.util.concurrent.ConcurrentHashMap.get(Ljava/lang/Object;)Ljava/lang/Object; @ 76 c2
Event: 195.203 Thread 0x0000018ae26da000 DEOPT PACKING pc=0x0000018acd3a32ac sp=0x00000035105fd1c0
Event: 195.203 Thread 0x0000018ae26da000 DEOPT UNPACKING pc=0x0000018ac58d912f sp=0x00000035105fd128 mode 2
Event: 195.203 Thread 0x0000018ae26da000 Uncommon trap: trap_request=0xffffffde fr.pc=0x0000018acd3cb098 relative=0x0000000000001078
Event: 195.203 Thread 0x0000018ae26da000 Uncommon trap: reason=class_check action=maybe_recompile pc=0x0000018acd3cb098 method=java.util.concurrent.ConcurrentHashMap.putVal(Ljava/lang/Object;Ljava/lang/Object;Z)Ljava/lang/Object; @ 242 c2
Event: 195.203 Thread 0x0000018ae26da000 DEOPT PACKING pc=0x0000018acd3cb098 sp=0x00000035105fd130
Event: 195.203 Thread 0x0000018ae26da000 DEOPT UNPACKING pc=0x0000018ac58d912f sp=0x00000035105fd0c0 mode 2
Event: 198.533 Thread 0x0000018ae26da000 Uncommon trap: trap_request=0xffffffde fr.pc=0x0000018acd42f44c relative=0x00000000000011cc
Event: 198.533 Thread 0x0000018ae26da000 Uncommon trap: reason=class_check action=maybe_recompile pc=0x0000018acd42f44c method=java.awt.Container.getMouseEventTargetImpl(IIZLjava/awt/Container$EventTargetFilter;ZZ)Ljava/awt/Component; @ 191 c2
Event: 198.533 Thread 0x0000018ae26da000 DEOPT PACKING pc=0x0000018acd42f44c sp=0x00000035105fe4d0
Event: 198.533 Thread 0x0000018ae26da000 DEOPT UNPACKING pc=0x0000018ac58d912f sp=0x00000035105fe468 mode 2

Classes unloaded (0 events):
No events

Classes redefined (0 events):
No events

Internal exceptions (20 events):
Event: 0.083 Thread 0x0000018abd390000 Exception <a 'java/lang/NoSuchMethodError'{0x000000071201db38}: 'int java.lang.invoke.DirectMethodHandle$Holder.invokeSpecialIFC(java.lang.Object, java.lang.Object, int)'> (0x000000071201db38) 
thrown [t:/workspace/open/src/hotspot/share/interpreter/linkResolver.cpp, line 767]
Event: 0.104 Thread 0x0000018abd390000 Exception <a 'java/lang/NoSuchMethodError'{0x0000000711f167a0}: 'void java.lang.invoke.DirectMethodHandle$Holder.invokeSpecial(java.lang.Object, java.lang.Object, java.lang.Object, java.lang.Object, java.lang.Object)'> (0x0000000711f167a0) 
thrown [t:/workspace/open/src/hotspot/share/interpreter/linkResolver.cpp, line 767]
Event: 0.106 Thread 0x0000018abd390000 Exception <a 'java/lang/IncompatibleClassChangeError'{0x0000000711f27820}: Found class java.lang.Object, but interface was expected> (0x0000000711f27820) 
thrown [t:/workspace/open/src/hotspot/share/interpreter/linkResolver.cpp, line 833]
Event: 0.106 Thread 0x0000018abd390000 Exception <a 'java/lang/NoSuchMethodError'{0x0000000711f2a4a8}: 'void java.lang.invoke.DirectMethodHandle$Holder.invokeStatic(java.lang.Object, java.lang.Object, java.lang.Object, java.lang.Object)'> (0x0000000711f2a4a8) 
thrown [t:/workspace/open/src/hotspot/share/interpreter/linkResolver.cpp, line 767]
Event: 0.138 Thread 0x0000018abd390000 Exception <a 'java/lang/ClassNotFoundException'{0x0000000711e2b688}: sun/awt/resources/spi/awtProvider> (0x0000000711e2b688) 
thrown [t:/workspace/open/src/hotspot/share/classfile/systemDictionary.cpp, line 232]
Event: 0.153 Thread 0x0000018abd390000 Exception <a 'java/io/FileNotFoundException'{0x0000000711e7a1f8}> (0x0000000711e7a1f8) 
thrown [t:/workspace/open/src/hotspot/share/prims/jni.cpp, line 598]
Event: 0.157 Thread 0x0000018abd390000 Exception <a 'java/io/FileNotFoundException'{0x0000000711ea0b10}> (0x0000000711ea0b10) 
thrown [t:/workspace/open/src/hotspot/share/prims/jni.cpp, line 598]
Event: 0.188 Thread 0x0000018ae1d65000 Exception <a 'java/lang/NoSuchMethodError'{0x0000000711efb158}: 'void java.lang.invoke.DirectMethodHandle$Holder.invokeSpecial(java.lang.Object, java.lang.Object)'> (0x0000000711efb158) 
thrown [t:/workspace/open/src/hotspot/share/interpreter/linkResolver.cpp, line 767]
Event: 0.206 Thread 0x0000018abd390000 Exception <a 'java/lang/NoSuchMethodError'{0x0000000711d3fb70}: 'java.lang.Object java.lang.invoke.DirectMethodHandle$Holder.invokeStatic(java.lang.Object, int, java.lang.Object, java.lang.Object, java.lang.Object, java.lang.Object)'> (0x0000000711d3fb70) 
thrown [t:/workspace/open/src/hotspot/share/interpreter/linkResolver.cpp, line 767]
Event: 0.206 Thread 0x0000018abd390000 Exception <a 'java/lang/NoSuchMethodError'{0x0000000711d464d0}: 'java.lang.Object java.lang.invoke.DirectMethodHandle$Holder.invokeStatic(java.lang.Object, int, java.lang.Object, java.lang.Object, java.lang.Object)'> (0x0000000711d464d0) 
thrown [t:/workspace/open/src/hotspot/share/interpreter/linkResolver.cpp, line 767]
Event: 0.206 Thread 0x0000018abd390000 Exception <a 'java/lang/NoSuchMethodError'{0x0000000711d49d38}: 'java.lang.Object java.lang.invoke.DirectMethodHandle$Holder.invokeSpecial(java.lang.Object, java.lang.Object, int, java.lang.Object, java.lang.Object, java.lang.Object)'> (0x0000000711d49d38) 
thrown [t:/workspace/open/src/hotspot/share/interpreter/linkResolver.cpp, line 767]
Event: 0.208 Thread 0x0000018abd390000 Exception <a 'java/lang/NoSuchMethodError'{0x0000000711d60060}: 'java.lang.Object java.lang.invoke.DirectMethodHandle$Holder.invokeStatic(java.lang.Object, int, java.lang.Object)'> (0x0000000711d60060) 
thrown [t:/workspace/open/src/hotspot/share/interpreter/linkResolver.cpp, line 767]
Event: 0.222 Thread 0x0000018abd390000 Exception <a 'java/lang/ClassNotFoundException'{0x0000000711c08518}: com/sun/swing/internal/plaf/metal/resources/spi/metalProvider> (0x0000000711c08518) 
thrown [t:/workspace/open/src/hotspot/share/classfile/systemDictionary.cpp, line 232]
Event: 0.223 Thread 0x0000018abd390000 Exception <a 'java/lang/ClassNotFoundException'{0x0000000711c0c348}: com/sun/swing/internal/plaf/basic/resources/spi/basicProvider> (0x0000000711c0c348) 
thrown [t:/workspace/open/src/hotspot/share/classfile/systemDictionary.cpp, line 232]
Event: 0.338 Thread 0x0000018abd390000 Exception <a 'java/lang/NoSuchMethodError'{0x00000007119a0af0}: 'java.lang.Object java.lang.invoke.DirectMethodHandle$Holder.invokeVirtual(java.lang.Object, java.lang.Object, java.lang.Object)'> (0x00000007119a0af0) 
thrown [t:/workspace/open/src/hotspot/share/interpreter/linkResolver.cpp, line 767]
Event: 2.728 Thread 0x0000018ae1d67800 Implicit null exception at 0x0000018acd3bc204 to 0x0000018acd3bc836
Event: 2.746 Thread 0x0000018abd390000 Implicit null exception at 0x0000018acd375d2f to 0x0000018acd375dad
Event: 8.239 Thread 0x0000018abd390000 Exception <a 'java/lang/NoSuchMethodError'{0x0000000710baed78}: 'void java.lang.invoke.DirectMethodHandle$Holder.invokeStaticInit(java.lang.Object)'> (0x0000000710baed78) 
thrown [t:/workspace/open/src/hotspot/share/interpreter/linkResolver.cpp, line 767]
Event: 8.244 Thread 0x0000018abd390000 Exception <a 'java/lang/NoSuchMethodError'{0x0000000710bd5208}: 'java.lang.Object java.lang.invoke.Invokers$Holder.linkToTargetMethod(java.lang.Object, int, java.lang.Object)'> (0x0000000710bd5208) 
thrown [t:/workspace/open/src/hotspot/share/interpreter/linkResolver.cpp, line 767]
Event: 195.186 Thread 0x0000018ae26da000 Implicit null exception at 0x0000018acd410c60 to 0x0000018acd410cc0

Events (20 events):
Event: 195.214 loading class java/awt/event/MouseWheelEvent
Event: 195.214 loading class java/awt/event/MouseWheelEvent done
Event: 195.715 loading class javax/swing/Timer$1
Event: 195.715 loading class javax/swing/Timer$1 done
Event: 196.795 loading class java/awt/Window$1DisposeAction
Event: 196.795 loading class java/awt/Window$1DisposeAction done
Event: 196.796 loading class java/awt/KeyboardFocusManager$2
Event: 196.796 loading class java/awt/KeyboardFocusManager$2 done
Event: 196.796 loading class sun/awt/SunToolkit$1
Event: 196.796 loading class sun/awt/SunToolkit$1 done
Event: 198.099 Executing VM operation: RevokeBias
Event: 198.099 Executing VM operation: RevokeBias done
Event: 230.359 Loaded shared library C:\Program Files\Java\jdk-13.0.1\bin\java.dll
Event: 230.360 Loaded shared library C:\Program Files\Java\jdk-13.0.1\bin\java.dll
Event: 230.360 Loaded shared library C:\Program Files\Java\jdk-13.0.1\bin\java.dll
Event: 230.361 Loaded shared library C:\Program Files\Java\jdk-13.0.1\bin\java.dll
Event: 6374.045 loading class java/awt/desktop/SystemSleepListener
Event: 6374.048 loading class java/awt/desktop/SystemEventListener
Event: 6374.049 loading class java/awt/desktop/SystemEventListener done
Event: 6374.049 loading class java/awt/desktop/SystemSleepListener done


Dynamic libraries:
0x00007ff6e6be0000 - 0x00007ff6e6bef000 	C:\Program Files\Java\jdk-13.0.1\bin\javaw.exe
0x00007ffc50040000 - 0x00007ffc50230000 	C:\WINDOWS\SYSTEM32\ntdll.dll
0x00007ffc4f580000 - 0x00007ffc4f632000 	C:\WINDOWS\System32\KERNEL32.DLL
0x00007ffc4d180000 - 0x00007ffc4d423000 	C:\WINDOWS\System32\KERNELBASE.dll
0x00007ffc4d680000 - 0x00007ffc4d77a000 	C:\WINDOWS\System32\ucrtbase.dll
0x00007ffc3f030000 - 0x00007ffc3f048000 	C:\Program Files\Java\jdk-13.0.1\bin\jli.dll
0x00007ffc45310000 - 0x00007ffc45325000 	C:\Program Files\Java\jdk-13.0.1\bin\VCRUNTIME140.dll
0x00007ffc4ff50000 - 0x00007ffc4fff3000 	C:\WINDOWS\System32\ADVAPI32.dll
0x00007ffc4e500000 - 0x00007ffc4e59e000 	C:\WINDOWS\System32\msvcrt.dll
0x00007ffc4e330000 - 0x00007ffc4e3c7000 	C:\WINDOWS\System32\sechost.dll
0x00007ffc4e120000 - 0x00007ffc4e240000 	C:\WINDOWS\System32\RPCRT4.dll
0x00007ffc4f990000 - 0x00007ffc4fb24000 	C:\WINDOWS\System32\USER32.dll
0x00007ffc4d4b0000 - 0x00007ffc4d4d1000 	C:\WINDOWS\System32\win32u.dll
0x00007ffc4e0f0000 - 0x00007ffc4e116000 	C:\WINDOWS\System32\GDI32.dll
0x00007ffc4d4e0000 - 0x00007ffc4d674000 	C:\WINDOWS\System32\gdi32full.dll
0x00007ffc4e050000 - 0x00007ffc4e0ee000 	C:\WINDOWS\System32\msvcp_win.dll
0x00007ffc3a3e0000 - 0x00007ffc3a665000 	C:\WINDOWS\WinSxS\amd64_microsoft.windows.common-controls_6595b64144ccf1df_6.0.18362.535_none_e6c3b34713100821\COMCTL32.dll
0x00007ffc4ec90000 - 0x00007ffc4efc6000 	C:\WINDOWS\System32\combase.dll
0x00007ffc4d430000 - 0x00007ffc4d4b0000 	C:\WINDOWS\System32\bcryptPrimitives.dll
0x00007ffc45500000 - 0x00007ffc4550a000 	C:\WINDOWS\SYSTEM32\VERSION.dll
0x00007ffc4f7a0000 - 0x00007ffc4f7ce000 	C:\WINDOWS\System32\IMM32.DLL
0x00007ffc141f0000 - 0x00007ffc1428b000 	C:\Program Files\Java\jdk-13.0.1\bin\msvcp140.dll
0x00007ffc03e90000 - 0x00007ffc049f6000 	C:\Program Files\Java\jdk-13.0.1\bin\server\jvm.dll
0x00007ffc4f7d0000 - 0x00007ffc4f7d8000 	C:\WINDOWS\System32\PSAPI.DLL
0x00007ffc4aa50000 - 0x00007ffc4aa74000 	C:\WINDOWS\SYSTEM32\WINMM.dll
0x00007ffc4a6b0000 - 0x00007ffc4a6dd000 	C:\WINDOWS\SYSTEM32\WINMMBASE.dll
0x00007ffc4d080000 - 0x00007ffc4d0ca000 	C:\WINDOWS\System32\cfgmgr32.dll
0x00007ffc34dc0000 - 0x00007ffc34dc9000 	C:\WINDOWS\SYSTEM32\WSOCK32.dll
0x00007ffc4f920000 - 0x00007ffc4f98f000 	C:\WINDOWS\System32\WS2_32.dll
0x00007ffc4cf40000 - 0x00007ffc4cf51000 	C:\WINDOWS\System32\kernel.appcore.dll
0x00007ffc348b0000 - 0x00007ffc348c0000 	C:\Program Files\Java\jdk-13.0.1\bin\verify.dll
0x00007ffc4b840000 - 0x00007ffc4ba34000 	C:\WINDOWS\SYSTEM32\DBGHELP.DLL
0x00007ffc34030000 - 0x00007ffc3405a000 	C:\WINDOWS\SYSTEM32\dbgcore.DLL
0x00007ffc2b1a0000 - 0x00007ffc2b1c6000 	C:\Program Files\Java\jdk-13.0.1\bin\java.dll
0x00007ffc2bd40000 - 0x00007ffc2bd57000 	C:\Program Files\Java\jdk-13.0.1\bin\zip.dll
0x00007ffc2b800000 - 0x00007ffc2b80a000 	C:\Program Files\Java\jdk-13.0.1\bin\jimage.dll
0x00007ffc4e5a0000 - 0x00007ffc4ec85000 	C:\WINDOWS\System32\SHELL32.dll
0x00007ffc4e3d0000 - 0x00007ffc4e479000 	C:\WINDOWS\System32\shcore.dll
0x00007ffc4d8d0000 - 0x00007ffc4e04f000 	C:\WINDOWS\System32\windows.storage.dll
0x00007ffc4cfb0000 - 0x00007ffc4cfcf000 	C:\WINDOWS\System32\profapi.dll
0x00007ffc4cf60000 - 0x00007ffc4cfaa000 	C:\WINDOWS\System32\powrprof.dll
0x00007ffc4cf10000 - 0x00007ffc4cf20000 	C:\WINDOWS\System32\UMPDC.dll
0x00007ffc4fef0000 - 0x00007ffc4ff42000 	C:\WINDOWS\System32\shlwapi.dll
0x00007ffc4d0d0000 - 0x00007ffc4d0e7000 	C:\WINDOWS\System32\cryptsp.dll
0x00007ffc2b210000 - 0x00007ffc2b229000 	C:\Program Files\Java\jdk-13.0.1\bin\net.dll
0x00007ffc44400000 - 0x00007ffc444f0000 	C:\WINDOWS\SYSTEM32\WINHTTP.dll
0x00007ffc4c780000 - 0x00007ffc4c7e7000 	C:\WINDOWS\system32\mswsock.dll
0x00007ffc2abc0000 - 0x00007ffc2abd3000 	C:\Program Files\Java\jdk-13.0.1\bin\nio.dll
0x00007ffc03980000 - 0x00007ffc03b19000 	C:\Program Files\Java\jdk-13.0.1\bin\awt.dll
0x00007ffc4f440000 - 0x00007ffc4f504000 	C:\WINDOWS\System32\OLEAUT32.dll
0x00007ffc49620000 - 0x00007ffc49be0000 	C:\WINDOWS\SYSTEM32\d2d1.dll
0x00007ffc4ad40000 - 0x00007ffc4adcf000 	C:\WINDOWS\SYSTEM32\apphelp.dll
0x00007ffc4b350000 - 0x00007ffc4b37d000 	C:\WINDOWS\system32\DWMAPI.DLL
0x00007ffc4af00000 - 0x00007ffc4af99000 	C:\WINDOWS\system32\uxtheme.dll
0x00007ffc4fce0000 - 0x00007ffc4fe15000 	C:\WINDOWS\System32\MSCTF.dll
0x00007ffc4f640000 - 0x00007ffc4f796000 	C:\WINDOWS\System32\ole32.dll
0x00007ffc02e80000 - 0x00007ffc02f02000 	C:\Program Files\Java\jdk-13.0.1\bin\freetype.dll
0x00007ffc02dd0000 - 0x00007ffc02e76000 	C:\Program Files\Java\jdk-13.0.1\bin\fontmanager.dll
0x00007ffc225d0000 - 0x00007ffc22726000 	C:\WINDOWS\system32\opengl32.dll
0x00007ffc23670000 - 0x00007ffc2369c000 	C:\WINDOWS\SYSTEM32\GLU32.dll
0x00007ffc4bb70000 - 0x00007ffc4bb90000 	C:\WINDOWS\SYSTEM32\dxcore.dll
0x00007ffc4c4d0000 - 0x00007ffc4c59a000 	C:\WINDOWS\SYSTEM32\DNSAPI.dll
0x00007ffc4f7e0000 - 0x00007ffc4f7e8000 	C:\WINDOWS\System32\NSI.dll
0x00007ffc4c490000 - 0x00007ffc4c4ca000 	C:\WINDOWS\SYSTEM32\IPHLPAPI.DLL
0x00007ffc45450000 - 0x00007ffc4545a000 	C:\Windows\System32\rasadhlp.dll
0x00007ffc3f7e0000 - 0x00007ffc3f857000 	C:\WINDOWS\System32\fwpuclnt.dll
0x00007ffc4d150000 - 0x00007ffc4d176000 	C:\WINDOWS\System32\bcrypt.dll
0x00007ffc4f7f0000 - 0x00007ffc4f892000 	C:\WINDOWS\System32\clbcatq.dll
0x00007ffc47910000 - 0x00007ffc47abf000 	C:\WINDOWS\SYSTEM32\WindowsCodecs.dll
0x00007ffc20c60000 - 0x00007ffc20c9a000 	C:\WINDOWS\system32\dataexchange.dll
0x00007ffc4a3f0000 - 0x00007ffc4a5cb000 	C:\WINDOWS\system32\dcomp.dll
0x00007ffc49d30000 - 0x00007ffc49f8b000 	C:\WINDOWS\system32\d3d11.dll
0x00007ffc4bc00000 - 0x00007ffc4bceb000 	C:\WINDOWS\system32\dxgi.dll
0x00007ffc4afc0000 - 0x00007ffc4b21a000 	C:\WINDOWS\system32\twinapi.appcore.dll
0x00007ffc4b320000 - 0x00007ffc4b349000 	C:\WINDOWS\system32\RMCLIENT.dll
0x00007ffc3ed50000 - 0x00007ffc3edee000 	C:\WINDOWS\System32\TextInputFramework.dll
0x00007ffc47d40000 - 0x00007ffc4806a000 	C:\WINDOWS\System32\CoreUIComponents.dll
0x00007ffc4a5d0000 - 0x00007ffc4a6a4000 	C:\WINDOWS\System32\CoreMessaging.dll
0x00007ffc4bf70000 - 0x00007ffc4bfa1000 	C:\WINDOWS\SYSTEM32\ntmarta.dll
0x00007ffc48390000 - 0x00007ffc484e3000 	C:\WINDOWS\SYSTEM32\wintypes.dll
0x00007ffc3c790000 - 0x00007ffc3ca36000 	C:\WINDOWS\System32\iertutil.dll

dbghelp: loaded successfully - version: 4.0.5 - missing functions: none
symbol engine: initialized successfully - sym options: 0x614 - pdb path: .;C:\Program Files\Java\jdk-13.0.1\bin;C:\WINDOWS\SYSTEM32;C:\WINDOWS\WinSxS\amd64_microsoft.windows.common-controls_6595b64144ccf1df_6.0.18362.535_none_e6c3b34713100821;C:\Program Files\Java\jdk-13.0.1\bin\server

VM Arguments:
jvm_args: -Dfile.encoding=Cp1252 --module-path=C:\Users\MrHap\Documents\eclipse\mysql-connector-java-8.0.18.jar 
java_command: four.Invoice
java_class_path (initial): C:\Users\MrHap\git\invoicia\Invoicea New\bin
Launcher Type: SUN_STANDARD

[Global flags]
     intx CICompilerCount                          = 4                                         {product} {ergonomic}
     uint ConcGCThreads                            = 3                                         {product} {ergonomic}
     uint G1ConcRefinementThreads                  = 10                                        {product} {ergonomic}
   size_t G1HeapRegionSize                         = 1048576                                   {product} {ergonomic}
    uintx GCDrainStackTargetSize                   = 64                                        {product} {ergonomic}
   size_t InitialHeapSize                          = 266338304                                 {product} {ergonomic}
   size_t MarkStackSize                            = 4194304                                   {product} {ergonomic}
   size_t MaxHeapSize                              = 4257218560                                {product} {ergonomic}
   size_t MaxNewSize                               = 2554331136                                {product} {ergonomic}
   size_t MinHeapDeltaBytes                        = 1048576                                   {product} {ergonomic}
   size_t MinHeapSize                              = 8388608                                   {product} {ergonomic}
    uintx NonNMethodCodeHeapSize                   = 5836300                                {pd product} {ergonomic}
    uintx NonProfiledCodeHeapSize                  = 122910970                              {pd product} {ergonomic}
    uintx ProfiledCodeHeapSize                     = 122910970                              {pd product} {ergonomic}
    uintx ReservedCodeCacheSize                    = 251658240                              {pd product} {ergonomic}
     bool SegmentedCodeCache                       = true                                      {product} {ergonomic}
   size_t SoftMaxHeapSize                          = 4257218560                             {manageable} {ergonomic}
     bool UseCompressedClassPointers               = true                                 {lp64_product} {ergonomic}
     bool UseCompressedOops                        = true                                 {lp64_product} {ergonomic}
     bool UseG1GC                                  = true                                      {product} {ergonomic}
     bool UseLargePagesIndividualAllocation        = false                                  {pd product} {ergonomic}

Logging:
Log output configuration:
 #0: stdout all=warning uptime,level,tags
 #1: stderr all=off uptime,level,tags

Environment Variables:
PATH=C:/Program Files/Java/jdk-13.0.1/bin/server;C:/Program Files/Java/jdk-13.0.1/bin;C:\Program Files (x86)\Common Files\Oracle\Java\javapath;C:\Program Files (x86)\Intel\Intel(R) Management Engine Components\iCLS\;C:\Program Files\Intel\Intel(R) Management Engine Components\iCLS\;C:\Windows\system32;C:\Windows;C:\Windows\System32\Wbem;C:\Windows\System32\WindowsPowerShell\v1.0\;C:\Windows\System32\OpenSSH\;C:\Program Files (x86)\NVIDIA Corporation\PhysX\Common;C:\Program Files (x86)\Intel\Intel(R) Management Engine Components\DAL;C:\Program Files\Intel\Intel(R) Management Engine Components\DAL;C:\Program Files (x86)\Intel\Intel(R) Management Engine Components\IPT;C:\Program Files\Intel\Intel(R) Management Engine Components\IPT;C:\Program Files\Intel\WiFi\bin\;C:\Program Files\Common Files\Intel\WirelessCommon\;C:\Program Files\dotnet\;C:\WINDOWS\system32;C:\WINDOWS;C:\WINDOWS\System32\Wbem;C:\WINDOWS\System32\WindowsPowerShell\v1.0\;C:\WINDOWS\System32\OpenSSH\;C:\Program Files\NVIDIA Corporation\NVIDIA NvDLISR;C:\Users\MrHap\AppData\Local\Microsoft\WindowsApps;;C:\Users\MrHap\AppData\Local\Programs\Microsoft VS Code\bin;C:\Users\MrHap\Desktop;
USERNAME=MrHap
OS=Windows_NT
PROCESSOR_IDENTIFIER=Intel64 Family 6 Model 158 Stepping 10, GenuineIntel



---------------  S Y S T E M  ---------------

OS: Windows 10 , 64 bit Build 18362 (10.0.18362.329)

CPU:total 12 (initial active 12) (6 cores per cpu, 2 threads per core) family 6 model 158 stepping 10, cmov, cx8, fxsr, mmx, sse, sse2, sse3, ssse3, sse4.1, sse4.2, popcnt, avx, avx2, aes, clmul, erms, 3dnowpref, lzcnt, ht, tsc, tscinvbit, bmi1, bmi2, adx, fma

Memory: 4k page, system-wide physical 16234M (3267M free)
TotalPageFile size 65386M (AvailPageFile size 0M)
current process WorkingSet (physical memory assigned to process): 34M, peak: 126M
current process commit charge ("private bytes"): 383M, peak: 393M

vm_info: Java HotSpot(TM) 64-Bit Server VM (13.0.1+9) for windows-amd64 JRE (13.0.1+9), built on Oct  6 2019 12:37:49 by "mach5one" with unknown MS VC++:1916

END.
