#
# There is insufficient memory for the Java Runtime Environment to continue.
# Native memory allocation (malloc) failed to allocate 32744 bytes for ChunkPool::allocate
# Possible reasons:
#   The system is out of physical RAM or swap space
#   The process is running with CompressedOops enabled, and the Java Heap may be blocking the growth of the native heap
# Possible solutions:
#   Reduce memory load on the system
#   Increase physical memory or swap space
#   Check if swap backing store is full
#   Decrease Java heap size (-Xmx/-Xms)
#   Decrease number of Java threads
#   Decrease Java thread stack sizes (-Xss)
#   Set larger code cache with -XX:ReservedCodeCacheSize=
#   JVM is running with Zero Based Compressed Oops mode in which the Java heap is
#     placed in the first 32GB address space. The Java Heap base address is the
#     maximum limit for the native heap growth. Please use -XX:HeapBaseMinAddress
#     to set the Java Heap base and to place the Java Heap above 32GB virtual address.
# This output file may be truncated or incomplete.
#
#  Out of Memory Error (t:/workspace/open/src/hotspot/share/memory/arena.cpp:80), pid=18264, tid=17304
#
# JRE version: Java(TM) SE Runtime Environment (13.0.1+9) (build 13.0.1+9)
# Java VM: Java HotSpot(TM) 64-Bit Server VM (13.0.1+9, mixed mode, sharing, tiered, compressed oops, g1 gc, windows-amd64)
# No core dump will be written. Minidumps are not enabled by default on client versions of Windows
#

---------------  S U M M A R Y ------------

Command Line: -Dfile.encoding=Cp1252 --module-path=C:\Users\MrHap\Documents\eclipse\mysql-connector-java-8.0.18.jar four.Invoice

Host: Intel(R) Core(TM) i7-8750H CPU @ 2.20GHz, 12 cores, 15G,  Windows 10 , 64 bit Build 18362 (10.0.18362.329)
Time: Sun Jan  5 20:24:33 2020 Eastern Standard Time elapsed time: 343 seconds (0d 0h 5m 43s)

---------------  T H R E A D  ---------------

Current thread (0x000002b53a1da000):  JavaThread "C1 CompilerThread0" daemon [_thread_in_native, id=17304, stack(0x000000f2e2e00000,0x000000f2e2f00000)]


Current CompileTask:
C1: 343111 2674   !   3       jdk.internal.loader.BuiltinClassLoader::findResource (154 bytes)

Stack: [0x000000f2e2e00000,0x000000f2e2f00000]
Native frames: (J=compiled Java code, j=interpreted, Vv=VM code, C=native code)
V  [jvm.dll+0x626eca]
V  [jvm.dll+0x772c6a]
V  [jvm.dll+0x77441f]
V  [jvm.dll+0x774a23]
V  [jvm.dll+0x24da58]
V  [jvm.dll+0xc3d16]
V  [jvm.dll+0xc406c]
V  [jvm.dll+0x16df23]
V  [jvm.dll+0x16dff0]
V  [jvm.dll+0x17074d]
V  [jvm.dll+0x172141]
V  [jvm.dll+0x12be85]
V  [jvm.dll+0x12b6ff]
V  [jvm.dll+0x12b92f]
V  [jvm.dll+0x12abc7]
V  [jvm.dll+0x12cae7]
V  [jvm.dll+0x2159bd]
V  [jvm.dll+0x213e6b]
V  [jvm.dll+0x738b16]
V  [jvm.dll+0x731c0a]
V  [jvm.dll+0x6260c6]
C  [ucrtbase.dll+0x20e72]
C  [KERNEL32.DLL+0x17bd4]
C  [ntdll.dll+0x6ced1]


---------------  P R O C E S S  ---------------

Threads class SMR info:
_java_thread_list=0x000002b53aa9f9f0, length=16, elements={
0x000002b539932000, 0x000002b539935800, 0x000002b53a1cf800, 0x000002b53a1d1800,
0x000002b53a1d3000, 0x000002b53a1da000, 0x000002b53a1db800, 0x000002b539915000,
0x000002b53a3e8000, 0x000002b53a6e8800, 0x000002b53a701800, 0x000002b53a84a800,
0x000002b53ae0e800, 0x000002b53acc2000, 0x000002b53ad4c000, 0x000002b513a2f000
}

Java Threads: ( => current thread )
  0x000002b539932000 JavaThread "Reference Handler" daemon [_thread_blocked, id=21584, stack(0x000000f2e2900000,0x000000f2e2a00000)]
  0x000002b539935800 JavaThread "Finalizer" daemon [_thread_blocked, id=13416, stack(0x000000f2e2a00000,0x000000f2e2b00000)]
  0x000002b53a1cf800 JavaThread "Signal Dispatcher" daemon [_thread_blocked, id=11100, stack(0x000000f2e2b00000,0x000000f2e2c00000)]
  0x000002b53a1d1800 JavaThread "Attach Listener" daemon [_thread_blocked, id=17472, stack(0x000000f2e2c00000,0x000000f2e2d00000)]
  0x000002b53a1d3000 JavaThread "C2 CompilerThread0" daemon [_thread_blocked, id=23924, stack(0x000000f2e2d00000,0x000000f2e2e00000)]
=>0x000002b53a1da000 JavaThread "C1 CompilerThread0" daemon [_thread_in_native, id=17304, stack(0x000000f2e2e00000,0x000000f2e2f00000)]
  0x000002b53a1db800 JavaThread "Sweeper thread" daemon [_thread_blocked, id=12944, stack(0x000000f2e2f00000,0x000000f2e3000000)]
  0x000002b539915000 JavaThread "Common-Cleaner" daemon [_thread_blocked, id=6812, stack(0x000000f2e3000000,0x000000f2e3100000)]
  0x000002b53a3e8000 JavaThread "Service Thread" daemon [_thread_blocked, id=2396, stack(0x000000f2e3100000,0x000000f2e3200000)]
  0x000002b53a6e8800 JavaThread "Java2D Disposer" daemon [_thread_blocked, id=16420, stack(0x000000f2e3300000,0x000000f2e3400000)]
  0x000002b53a701800 JavaThread "AWT-Windows" daemon [_thread_in_native, id=17152, stack(0x000000f2e3500000,0x000000f2e3600000)]
  0x000002b53a84a800 JavaThread "mysql-cj-abandoned-connection-cleanup" daemon [_thread_blocked, id=19736, stack(0x000000f2e3700000,0x000000f2e3800000)]
  0x000002b53ae0e800 JavaThread "AWT-Shutdown" [_thread_blocked, id=7160, stack(0x000000f2e3400000,0x000000f2e3500000)]
  0x000002b53acc2000 JavaThread "AWT-EventQueue-0" [_thread_blocked, id=11500, stack(0x000000f2e3600000,0x000000f2e3700000)]
  0x000002b53ad4c000 JavaThread "TimerQueue" daemon [_thread_blocked, id=13480, stack(0x000000f2e3900000,0x000000f2e3a00000)]
  0x000002b513a2f000 JavaThread "DestroyJavaVM" [_thread_blocked, id=18788, stack(0x000000f2e2200000,0x000000f2e2300000)]

Other Threads:
  0x000002b539930800 VMThread "VM Thread" [stack: 0x000000f2e2800000,0x000000f2e2900000] [id=23260]
  0x000002b53a3f1800 WatcherThread [stack: 0x000000f2e3200000,0x000000f2e3300000] [id=17276]
  0x000002b513a9a800 GCTaskThread "GC Thread#0" [stack: 0x000000f2e2300000,0x000000f2e2400000] [id=20780]
  0x000002b53ac5a800 GCTaskThread "GC Thread#1" [stack: 0x000000f2e3d00000,0x000000f2e3e00000] [id=21664]
  0x000002b53ac5b000 GCTaskThread "GC Thread#2" [stack: 0x000000f2e3e00000,0x000000f2e3f00000] [id=7020]
  0x000002b53ac5b800 GCTaskThread "GC Thread#3" [stack: 0x000000f2e3f00000,0x000000f2e4000000] [id=14904]
  0x000002b53ac5c800 GCTaskThread "GC Thread#4" [stack: 0x000000f2e4000000,0x000000f2e4100000] [id=23600]
  0x000002b53a86c800 GCTaskThread "GC Thread#5" [stack: 0x000000f2e4100000,0x000000f2e4200000] [id=24184]
  0x000002b513abd000 ConcurrentGCThread "G1 Main Marker" [stack: 0x000000f2e2400000,0x000000f2e2500000] [id=14088]
  0x000002b513abe800 ConcurrentGCThread "G1 Conc#0" [stack: 0x000000f2e2500000,0x000000f2e2600000] [id=10828]
  0x000002b539827000 ConcurrentGCThread "G1 Refine#0" [stack: 0x000000f2e2600000,0x000000f2e2700000] [id=14184]
  0x000002b53a399000 ConcurrentGCThread "G1 Refine#1" [stack: 0x000000f2e4200000,0x000000f2e4300000] [id=23808]
  0x000002b53c0d1000 ConcurrentGCThread "G1 Refine#2" [stack: 0x000000f2e4300000,0x000000f2e4400000] [id=10412]
  0x000002b539828000 ConcurrentGCThread "G1 Young RemSet Sampling" [stack: 0x000000f2e2700000,0x000000f2e2800000] [id=24520]

Threads with active compile tasks:
C1 CompilerThread0   343139 2674   !   3       jdk.internal.loader.BuiltinClassLoader::findResource (154 bytes)

VM state:not at safepoint (normal execution)

VM Mutex/Monitor currently owned by a thread: None

Heap address: 0x0000000702400000, size: 4060 MB, Compressed Oops mode: Zero based, Oop shift amount: 3
Narrow klass base: 0x0000000800000000, Narrow klass shift: 3
Compressed class space size: 1073741824 Address: 0x0000000800b40000

Heap:
 garbage-first heap   total 260096K, used 18410K [0x0000000702400000, 0x0000000800000000)
  region size 1024K, 10 young (10240K), 3 survivors (3072K)
 Metaspace       used 16689K, capacity 17128K, committed 17152K, reserved 1064960K
  class space    used 1867K, capacity 2044K, committed 2048K, reserved 1048576K
Heap Regions: E=young(eden), S=young(survivor), O=old, HS=humongous(starts), HC=humongous(continues), CS=collection set, F=free, A=archive, TAMS=top-at-mark-start (previous, next)
|   0|0x0000000702400000, 0x0000000702500000, 0x0000000702500000|100%| O|  |TAMS 0x0000000702400000, 0x0000000702400000| Untracked 
|   1|0x0000000702500000, 0x0000000702600000, 0x0000000702600000|100%| O|  |TAMS 0x0000000702500000, 0x0000000702500000| Untracked 
|   2|0x0000000702600000, 0x00000007026fa800, 0x0000000702700000| 97%| O|  |TAMS 0x0000000702600000, 0x0000000702600000| Untracked 
|   3|0x0000000702700000, 0x0000000702800000, 0x0000000702800000|100%|HS|  |TAMS 0x0000000702700000, 0x0000000702700000| Complete 
|   4|0x0000000702800000, 0x0000000702900000, 0x0000000702900000|100%|HC|  |TAMS 0x0000000702800000, 0x0000000702800000| Complete 
|   5|0x0000000702900000, 0x0000000702a00000, 0x0000000702a00000|100%|HC|  |TAMS 0x0000000702900000, 0x0000000702900000| Complete 
|   6|0x0000000702a00000, 0x0000000702b00000, 0x0000000702b00000|100%|HC|  |TAMS 0x0000000702a00000, 0x0000000702a00000| Complete 
|   7|0x0000000702b00000, 0x0000000702c00000, 0x0000000702c00000|100%|HC|  |TAMS 0x0000000702b00000, 0x0000000702b00000| Complete 
|   8|0x0000000702c00000, 0x0000000702d00000, 0x0000000702d00000|100%|HC|  |TAMS 0x0000000702c00000, 0x0000000702c00000| Complete 
|   9|0x0000000702d00000, 0x0000000702d00000, 0x0000000702e00000|  0%| F|  |TAMS 0x0000000702d00000, 0x0000000702d00000| Untracked 
|  10|0x0000000702e00000, 0x0000000702e00000, 0x0000000702f00000|  0%| F|  |TAMS 0x0000000702e00000, 0x0000000702e00000| Untracked 
|  11|0x0000000702f00000, 0x0000000702f00000, 0x0000000703000000|  0%| F|  |TAMS 0x0000000702f00000, 0x0000000702f00000| Untracked 
|  12|0x0000000703000000, 0x0000000703000000, 0x0000000703100000|  0%| F|  |TAMS 0x0000000703000000, 0x0000000703000000| Untracked 
|  13|0x0000000703100000, 0x0000000703100000, 0x0000000703200000|  0%| F|  |TAMS 0x0000000703100000, 0x0000000703100000| Untracked 
|  14|0x0000000703200000, 0x0000000703200000, 0x0000000703300000|  0%| F|  |TAMS 0x0000000703200000, 0x0000000703200000| Untracked 
|  15|0x0000000703300000, 0x0000000703300000, 0x0000000703400000|  0%| F|  |TAMS 0x0000000703300000, 0x0000000703300000| Untracked 
|  16|0x0000000703400000, 0x0000000703400000, 0x0000000703500000|  0%| F|  |TAMS 0x0000000703400000, 0x0000000703400000| Untracked 
|  17|0x0000000703500000, 0x0000000703500000, 0x0000000703600000|  0%| F|  |TAMS 0x0000000703500000, 0x0000000703500000| Untracked 
|  18|0x0000000703600000, 0x0000000703600000, 0x0000000703700000|  0%| F|  |TAMS 0x0000000703600000, 0x0000000703600000| Untracked 
|  19|0x0000000703700000, 0x0000000703700000, 0x0000000703800000|  0%| F|  |TAMS 0x0000000703700000, 0x0000000703700000| Untracked 
|  20|0x0000000703800000, 0x0000000703800000, 0x0000000703900000|  0%| F|  |TAMS 0x0000000703800000, 0x0000000703800000| Untracked 
|  21|0x0000000703900000, 0x0000000703900000, 0x0000000703a00000|  0%| F|  |TAMS 0x0000000703900000, 0x0000000703900000| Untracked 
|  22|0x0000000703a00000, 0x0000000703a00000, 0x0000000703b00000|  0%| F|  |TAMS 0x0000000703a00000, 0x0000000703a00000| Untracked 
|  23|0x0000000703b00000, 0x0000000703b00000, 0x0000000703c00000|  0%| F|  |TAMS 0x0000000703b00000, 0x0000000703b00000| Untracked 
|  24|0x0000000703c00000, 0x0000000703c00000, 0x0000000703d00000|  0%| F|  |TAMS 0x0000000703c00000, 0x0000000703c00000| Untracked 
|  25|0x0000000703d00000, 0x0000000703d00000, 0x0000000703e00000|  0%| F|  |TAMS 0x0000000703d00000, 0x0000000703d00000| Untracked 
|  26|0x0000000703e00000, 0x0000000703e00000, 0x0000000703f00000|  0%| F|  |TAMS 0x0000000703e00000, 0x0000000703e00000| Untracked 
|  27|0x0000000703f00000, 0x0000000703f00000, 0x0000000704000000|  0%| F|  |TAMS 0x0000000703f00000, 0x0000000703f00000| Untracked 
|  28|0x0000000704000000, 0x0000000704000000, 0x0000000704100000|  0%| F|  |TAMS 0x0000000704000000, 0x0000000704000000| Untracked 
|  29|0x0000000704100000, 0x0000000704100000, 0x0000000704200000|  0%| F|  |TAMS 0x0000000704100000, 0x0000000704100000| Untracked 
|  30|0x0000000704200000, 0x0000000704200000, 0x0000000704300000|  0%| F|  |TAMS 0x0000000704200000, 0x0000000704200000| Untracked 
|  31|0x0000000704300000, 0x0000000704300000, 0x0000000704400000|  0%| F|  |TAMS 0x0000000704300000, 0x0000000704300000| Untracked 
|  32|0x0000000704400000, 0x0000000704400000, 0x0000000704500000|  0%| F|  |TAMS 0x0000000704400000, 0x0000000704400000| Untracked 
|  33|0x0000000704500000, 0x0000000704500000, 0x0000000704600000|  0%| F|  |TAMS 0x0000000704500000, 0x0000000704500000| Untracked 
|  34|0x0000000704600000, 0x0000000704600000, 0x0000000704700000|  0%| F|  |TAMS 0x0000000704600000, 0x0000000704600000| Untracked 
|  35|0x0000000704700000, 0x0000000704700000, 0x0000000704800000|  0%| F|  |TAMS 0x0000000704700000, 0x0000000704700000| Untracked 
|  36|0x0000000704800000, 0x0000000704800000, 0x0000000704900000|  0%| F|  |TAMS 0x0000000704800000, 0x0000000704800000| Untracked 
|  37|0x0000000704900000, 0x0000000704900000, 0x0000000704a00000|  0%| F|  |TAMS 0x0000000704900000, 0x0000000704900000| Untracked 
|  38|0x0000000704a00000, 0x0000000704a00000, 0x0000000704b00000|  0%| F|  |TAMS 0x0000000704a00000, 0x0000000704a00000| Untracked 
|  39|0x0000000704b00000, 0x0000000704b00000, 0x0000000704c00000|  0%| F|  |TAMS 0x0000000704b00000, 0x0000000704b00000| Untracked 
|  40|0x0000000704c00000, 0x0000000704c00000, 0x0000000704d00000|  0%| F|  |TAMS 0x0000000704c00000, 0x0000000704c00000| Untracked 
|  41|0x0000000704d00000, 0x0000000704d00000, 0x0000000704e00000|  0%| F|  |TAMS 0x0000000704d00000, 0x0000000704d00000| Untracked 
|  42|0x0000000704e00000, 0x0000000704e00000, 0x0000000704f00000|  0%| F|  |TAMS 0x0000000704e00000, 0x0000000704e00000| Untracked 
|  43|0x0000000704f00000, 0x0000000704f00000, 0x0000000705000000|  0%| F|  |TAMS 0x0000000704f00000, 0x0000000704f00000| Untracked 
|  44|0x0000000705000000, 0x0000000705000000, 0x0000000705100000|  0%| F|  |TAMS 0x0000000705000000, 0x0000000705000000| Untracked 
|  45|0x0000000705100000, 0x0000000705100000, 0x0000000705200000|  0%| F|  |TAMS 0x0000000705100000, 0x0000000705100000| Untracked 
|  46|0x0000000705200000, 0x0000000705200000, 0x0000000705300000|  0%| F|  |TAMS 0x0000000705200000, 0x0000000705200000| Untracked 
|  47|0x0000000705300000, 0x0000000705300000, 0x0000000705400000|  0%| F|  |TAMS 0x0000000705300000, 0x0000000705300000| Untracked 
|  48|0x0000000705400000, 0x0000000705400000, 0x0000000705500000|  0%| F|  |TAMS 0x0000000705400000, 0x0000000705400000| Untracked 
|  49|0x0000000705500000, 0x0000000705500000, 0x0000000705600000|  0%| F|  |TAMS 0x0000000705500000, 0x0000000705500000| Untracked 
|  50|0x0000000705600000, 0x0000000705600000, 0x0000000705700000|  0%| F|  |TAMS 0x0000000705600000, 0x0000000705600000| Untracked 
|  51|0x0000000705700000, 0x0000000705700000, 0x0000000705800000|  0%| F|  |TAMS 0x0000000705700000, 0x0000000705700000| Untracked 
|  52|0x0000000705800000, 0x0000000705800000, 0x0000000705900000|  0%| F|  |TAMS 0x0000000705800000, 0x0000000705800000| Untracked 
|  53|0x0000000705900000, 0x0000000705900000, 0x0000000705a00000|  0%| F|  |TAMS 0x0000000705900000, 0x0000000705900000| Untracked 
|  54|0x0000000705a00000, 0x0000000705a00000, 0x0000000705b00000|  0%| F|  |TAMS 0x0000000705a00000, 0x0000000705a00000| Untracked 
|  55|0x0000000705b00000, 0x0000000705b00000, 0x0000000705c00000|  0%| F|  |TAMS 0x0000000705b00000, 0x0000000705b00000| Untracked 
|  56|0x0000000705c00000, 0x0000000705c00000, 0x0000000705d00000|  0%| F|  |TAMS 0x0000000705c00000, 0x0000000705c00000| Untracked 
|  57|0x0000000705d00000, 0x0000000705d00000, 0x0000000705e00000|  0%| F|  |TAMS 0x0000000705d00000, 0x0000000705d00000| Untracked 
|  58|0x0000000705e00000, 0x0000000705e00000, 0x0000000705f00000|  0%| F|  |TAMS 0x0000000705e00000, 0x0000000705e00000| Untracked 
|  59|0x0000000705f00000, 0x0000000705f00000, 0x0000000706000000|  0%| F|  |TAMS 0x0000000705f00000, 0x0000000705f00000| Untracked 
|  60|0x0000000706000000, 0x0000000706000000, 0x0000000706100000|  0%| F|  |TAMS 0x0000000706000000, 0x0000000706000000| Untracked 
|  61|0x0000000706100000, 0x0000000706100000, 0x0000000706200000|  0%| F|  |TAMS 0x0000000706100000, 0x0000000706100000| Untracked 
|  62|0x0000000706200000, 0x0000000706200000, 0x0000000706300000|  0%| F|  |TAMS 0x0000000706200000, 0x0000000706200000| Untracked 
|  63|0x0000000706300000, 0x0000000706300000, 0x0000000706400000|  0%| F|  |TAMS 0x0000000706300000, 0x0000000706300000| Untracked 
|  64|0x0000000706400000, 0x0000000706400000, 0x0000000706500000|  0%| F|  |TAMS 0x0000000706400000, 0x0000000706400000| Untracked 
|  65|0x0000000706500000, 0x0000000706500000, 0x0000000706600000|  0%| F|  |TAMS 0x0000000706500000, 0x0000000706500000| Untracked 
|  66|0x0000000706600000, 0x0000000706600000, 0x0000000706700000|  0%| F|  |TAMS 0x0000000706600000, 0x0000000706600000| Untracked 
|  67|0x0000000706700000, 0x0000000706700000, 0x0000000706800000|  0%| F|  |TAMS 0x0000000706700000, 0x0000000706700000| Untracked 
|  68|0x0000000706800000, 0x0000000706800000, 0x0000000706900000|  0%| F|  |TAMS 0x0000000706800000, 0x0000000706800000| Untracked 
|  69|0x0000000706900000, 0x0000000706900000, 0x0000000706a00000|  0%| F|  |TAMS 0x0000000706900000, 0x0000000706900000| Untracked 
|  70|0x0000000706a00000, 0x0000000706a00000, 0x0000000706b00000|  0%| F|  |TAMS 0x0000000706a00000, 0x0000000706a00000| Untracked 
|  71|0x0000000706b00000, 0x0000000706b00000, 0x0000000706c00000|  0%| F|  |TAMS 0x0000000706b00000, 0x0000000706b00000| Untracked 
|  72|0x0000000706c00000, 0x0000000706c00000, 0x0000000706d00000|  0%| F|  |TAMS 0x0000000706c00000, 0x0000000706c00000| Untracked 
|  73|0x0000000706d00000, 0x0000000706d00000, 0x0000000706e00000|  0%| F|  |TAMS 0x0000000706d00000, 0x0000000706d00000| Untracked 
|  74|0x0000000706e00000, 0x0000000706e00000, 0x0000000706f00000|  0%| F|  |TAMS 0x0000000706e00000, 0x0000000706e00000| Untracked 
|  75|0x0000000706f00000, 0x0000000706f00000, 0x0000000707000000|  0%| F|  |TAMS 0x0000000706f00000, 0x0000000706f00000| Untracked 
|  76|0x0000000707000000, 0x0000000707000000, 0x0000000707100000|  0%| F|  |TAMS 0x0000000707000000, 0x0000000707000000| Untracked 
|  77|0x0000000707100000, 0x0000000707100000, 0x0000000707200000|  0%| F|  |TAMS 0x0000000707100000, 0x0000000707100000| Untracked 
|  78|0x0000000707200000, 0x0000000707200000, 0x0000000707300000|  0%| F|  |TAMS 0x0000000707200000, 0x0000000707200000| Untracked 
|  79|0x0000000707300000, 0x0000000707300000, 0x0000000707400000|  0%| F|  |TAMS 0x0000000707300000, 0x0000000707300000| Untracked 
|  80|0x0000000707400000, 0x0000000707400000, 0x0000000707500000|  0%| F|  |TAMS 0x0000000707400000, 0x0000000707400000| Untracked 
|  81|0x0000000707500000, 0x0000000707500000, 0x0000000707600000|  0%| F|  |TAMS 0x0000000707500000, 0x0000000707500000| Untracked 
|  82|0x0000000707600000, 0x0000000707600000, 0x0000000707700000|  0%| F|  |TAMS 0x0000000707600000, 0x0000000707600000| Untracked 
|  83|0x0000000707700000, 0x0000000707700000, 0x0000000707800000|  0%| F|  |TAMS 0x0000000707700000, 0x0000000707700000| Untracked 
|  84|0x0000000707800000, 0x0000000707800000, 0x0000000707900000|  0%| F|  |TAMS 0x0000000707800000, 0x0000000707800000| Untracked 
|  85|0x0000000707900000, 0x0000000707900000, 0x0000000707a00000|  0%| F|  |TAMS 0x0000000707900000, 0x0000000707900000| Untracked 
|  86|0x0000000707a00000, 0x0000000707a00000, 0x0000000707b00000|  0%| F|  |TAMS 0x0000000707a00000, 0x0000000707a00000| Untracked 
|  87|0x0000000707b00000, 0x0000000707b00000, 0x0000000707c00000|  0%| F|  |TAMS 0x0000000707b00000, 0x0000000707b00000| Untracked 
|  88|0x0000000707c00000, 0x0000000707c00000, 0x0000000707d00000|  0%| F|  |TAMS 0x0000000707c00000, 0x0000000707c00000| Untracked 
|  89|0x0000000707d00000, 0x0000000707d00000, 0x0000000707e00000|  0%| F|  |TAMS 0x0000000707d00000, 0x0000000707d00000| Untracked 
|  90|0x0000000707e00000, 0x0000000707e00000, 0x0000000707f00000|  0%| F|  |TAMS 0x0000000707e00000, 0x0000000707e00000| Untracked 
|  91|0x0000000707f00000, 0x0000000707f00000, 0x0000000708000000|  0%| F|  |TAMS 0x0000000707f00000, 0x0000000707f00000| Untracked 
|  92|0x0000000708000000, 0x0000000708000000, 0x0000000708100000|  0%| F|  |TAMS 0x0000000708000000, 0x0000000708000000| Untracked 
|  93|0x0000000708100000, 0x0000000708100000, 0x0000000708200000|  0%| F|  |TAMS 0x0000000708100000, 0x0000000708100000| Untracked 
|  94|0x0000000708200000, 0x0000000708200000, 0x0000000708300000|  0%| F|  |TAMS 0x0000000708200000, 0x0000000708200000| Untracked 
|  95|0x0000000708300000, 0x0000000708300000, 0x0000000708400000|  0%| F|  |TAMS 0x0000000708300000, 0x0000000708300000| Untracked 
|  96|0x0000000708400000, 0x0000000708400000, 0x0000000708500000|  0%| F|  |TAMS 0x0000000708400000, 0x0000000708400000| Untracked 
|  97|0x0000000708500000, 0x0000000708500000, 0x0000000708600000|  0%| F|  |TAMS 0x0000000708500000, 0x0000000708500000| Untracked 
|  98|0x0000000708600000, 0x0000000708600000, 0x0000000708700000|  0%| F|  |TAMS 0x0000000708600000, 0x0000000708600000| Untracked 
|  99|0x0000000708700000, 0x0000000708700000, 0x0000000708800000|  0%| F|  |TAMS 0x0000000708700000, 0x0000000708700000| Untracked 
| 100|0x0000000708800000, 0x0000000708800000, 0x0000000708900000|  0%| F|  |TAMS 0x0000000708800000, 0x0000000708800000| Untracked 
| 101|0x0000000708900000, 0x0000000708900000, 0x0000000708a00000|  0%| F|  |TAMS 0x0000000708900000, 0x0000000708900000| Untracked 
| 102|0x0000000708a00000, 0x0000000708a00000, 0x0000000708b00000|  0%| F|  |TAMS 0x0000000708a00000, 0x0000000708a00000| Untracked 
| 103|0x0000000708b00000, 0x0000000708b00000, 0x0000000708c00000|  0%| F|  |TAMS 0x0000000708b00000, 0x0000000708b00000| Untracked 
| 104|0x0000000708c00000, 0x0000000708c00000, 0x0000000708d00000|  0%| F|  |TAMS 0x0000000708c00000, 0x0000000708c00000| Untracked 
| 105|0x0000000708d00000, 0x0000000708d00000, 0x0000000708e00000|  0%| F|  |TAMS 0x0000000708d00000, 0x0000000708d00000| Untracked 
| 106|0x0000000708e00000, 0x0000000708e00000, 0x0000000708f00000|  0%| F|  |TAMS 0x0000000708e00000, 0x0000000708e00000| Untracked 
| 107|0x0000000708f00000, 0x0000000708f00000, 0x0000000709000000|  0%| F|  |TAMS 0x0000000708f00000, 0x0000000708f00000| Untracked 
| 108|0x0000000709000000, 0x0000000709000000, 0x0000000709100000|  0%| F|  |TAMS 0x0000000709000000, 0x0000000709000000| Untracked 
| 109|0x0000000709100000, 0x0000000709100000, 0x0000000709200000|  0%| F|  |TAMS 0x0000000709100000, 0x0000000709100000| Untracked 
| 110|0x0000000709200000, 0x0000000709200000, 0x0000000709300000|  0%| F|  |TAMS 0x0000000709200000, 0x0000000709200000| Untracked 
| 111|0x0000000709300000, 0x0000000709300000, 0x0000000709400000|  0%| F|  |TAMS 0x0000000709300000, 0x0000000709300000| Untracked 
| 112|0x0000000709400000, 0x0000000709400000, 0x0000000709500000|  0%| F|  |TAMS 0x0000000709400000, 0x0000000709400000| Untracked 
| 113|0x0000000709500000, 0x0000000709500000, 0x0000000709600000|  0%| F|  |TAMS 0x0000000709500000, 0x0000000709500000| Untracked 
| 114|0x0000000709600000, 0x0000000709600000, 0x0000000709700000|  0%| F|  |TAMS 0x0000000709600000, 0x0000000709600000| Untracked 
| 115|0x0000000709700000, 0x0000000709700000, 0x0000000709800000|  0%| F|  |TAMS 0x0000000709700000, 0x0000000709700000| Untracked 
| 116|0x0000000709800000, 0x0000000709800000, 0x0000000709900000|  0%| F|  |TAMS 0x0000000709800000, 0x0000000709800000| Untracked 
| 117|0x0000000709900000, 0x0000000709900000, 0x0000000709a00000|  0%| F|  |TAMS 0x0000000709900000, 0x0000000709900000| Untracked 
| 118|0x0000000709a00000, 0x0000000709a00000, 0x0000000709b00000|  0%| F|  |TAMS 0x0000000709a00000, 0x0000000709a00000| Untracked 
| 119|0x0000000709b00000, 0x0000000709b00000, 0x0000000709c00000|  0%| F|  |TAMS 0x0000000709b00000, 0x0000000709b00000| Untracked 
| 120|0x0000000709c00000, 0x0000000709c00000, 0x0000000709d00000|  0%| F|  |TAMS 0x0000000709c00000, 0x0000000709c00000| Untracked 
| 121|0x0000000709d00000, 0x0000000709d00000, 0x0000000709e00000|  0%| F|  |TAMS 0x0000000709d00000, 0x0000000709d00000| Untracked 
| 122|0x0000000709e00000, 0x0000000709e00000, 0x0000000709f00000|  0%| F|  |TAMS 0x0000000709e00000, 0x0000000709e00000| Untracked 
| 123|0x0000000709f00000, 0x0000000709f00000, 0x000000070a000000|  0%| F|  |TAMS 0x0000000709f00000, 0x0000000709f00000| Untracked 
| 124|0x000000070a000000, 0x000000070a000000, 0x000000070a100000|  0%| F|  |TAMS 0x000000070a000000, 0x000000070a000000| Untracked 
| 125|0x000000070a100000, 0x000000070a100000, 0x000000070a200000|  0%| F|  |TAMS 0x000000070a100000, 0x000000070a100000| Untracked 
| 126|0x000000070a200000, 0x000000070a200000, 0x000000070a300000|  0%| F|  |TAMS 0x000000070a200000, 0x000000070a200000| Untracked 
| 127|0x000000070a300000, 0x000000070a300000, 0x000000070a400000|  0%| F|  |TAMS 0x000000070a300000, 0x000000070a300000| Untracked 
| 128|0x000000070a400000, 0x000000070a400000, 0x000000070a500000|  0%| F|  |TAMS 0x000000070a400000, 0x000000070a400000| Untracked 
| 129|0x000000070a500000, 0x000000070a500000, 0x000000070a600000|  0%| F|  |TAMS 0x000000070a500000, 0x000000070a500000| Untracked 
| 130|0x000000070a600000, 0x000000070a600000, 0x000000070a700000|  0%| F|  |TAMS 0x000000070a600000, 0x000000070a600000| Untracked 
| 131|0x000000070a700000, 0x000000070a700000, 0x000000070a800000|  0%| F|  |TAMS 0x000000070a700000, 0x000000070a700000| Untracked 
| 132|0x000000070a800000, 0x000000070a800000, 0x000000070a900000|  0%| F|  |TAMS 0x000000070a800000, 0x000000070a800000| Untracked 
| 133|0x000000070a900000, 0x000000070a900000, 0x000000070aa00000|  0%| F|  |TAMS 0x000000070a900000, 0x000000070a900000| Untracked 
| 134|0x000000070aa00000, 0x000000070aa00000, 0x000000070ab00000|  0%| F|  |TAMS 0x000000070aa00000, 0x000000070aa00000| Untracked 
| 135|0x000000070ab00000, 0x000000070ab00000, 0x000000070ac00000|  0%| F|  |TAMS 0x000000070ab00000, 0x000000070ab00000| Untracked 
| 136|0x000000070ac00000, 0x000000070ac00000, 0x000000070ad00000|  0%| F|  |TAMS 0x000000070ac00000, 0x000000070ac00000| Untracked 
| 137|0x000000070ad00000, 0x000000070ad00000, 0x000000070ae00000|  0%| F|  |TAMS 0x000000070ad00000, 0x000000070ad00000| Untracked 
| 138|0x000000070ae00000, 0x000000070ae00000, 0x000000070af00000|  0%| F|  |TAMS 0x000000070ae00000, 0x000000070ae00000| Untracked 
| 139|0x000000070af00000, 0x000000070af00000, 0x000000070b000000|  0%| F|  |TAMS 0x000000070af00000, 0x000000070af00000| Untracked 
| 140|0x000000070b000000, 0x000000070b000000, 0x000000070b100000|  0%| F|  |TAMS 0x000000070b000000, 0x000000070b000000| Untracked 
| 141|0x000000070b100000, 0x000000070b100000, 0x000000070b200000|  0%| F|  |TAMS 0x000000070b100000, 0x000000070b100000| Untracked 
| 142|0x000000070b200000, 0x000000070b200000, 0x000000070b300000|  0%| F|  |TAMS 0x000000070b200000, 0x000000070b200000| Untracked 
| 143|0x000000070b300000, 0x000000070b300000, 0x000000070b400000|  0%| F|  |TAMS 0x000000070b300000, 0x000000070b300000| Untracked 
| 144|0x000000070b400000, 0x000000070b400000, 0x000000070b500000|  0%| F|  |TAMS 0x000000070b400000, 0x000000070b400000| Untracked 
| 145|0x000000070b500000, 0x000000070b500000, 0x000000070b600000|  0%| F|  |TAMS 0x000000070b500000, 0x000000070b500000| Untracked 
| 146|0x000000070b600000, 0x000000070b600000, 0x000000070b700000|  0%| F|  |TAMS 0x000000070b600000, 0x000000070b600000| Untracked 
| 147|0x000000070b700000, 0x000000070b700000, 0x000000070b800000|  0%| F|  |TAMS 0x000000070b700000, 0x000000070b700000| Untracked 
| 148|0x000000070b800000, 0x000000070b800000, 0x000000070b900000|  0%| F|  |TAMS 0x000000070b800000, 0x000000070b800000| Untracked 
| 149|0x000000070b900000, 0x000000070b900000, 0x000000070ba00000|  0%| F|  |TAMS 0x000000070b900000, 0x000000070b900000| Untracked 
| 150|0x000000070ba00000, 0x000000070ba00000, 0x000000070bb00000|  0%| F|  |TAMS 0x000000070ba00000, 0x000000070ba00000| Untracked 
| 151|0x000000070bb00000, 0x000000070bb00000, 0x000000070bc00000|  0%| F|  |TAMS 0x000000070bb00000, 0x000000070bb00000| Untracked 
| 152|0x000000070bc00000, 0x000000070bc00000, 0x000000070bd00000|  0%| F|  |TAMS 0x000000070bc00000, 0x000000070bc00000| Untracked 
| 153|0x000000070bd00000, 0x000000070bd00000, 0x000000070be00000|  0%| F|  |TAMS 0x000000070bd00000, 0x000000070bd00000| Untracked 
| 154|0x000000070be00000, 0x000000070be00000, 0x000000070bf00000|  0%| F|  |TAMS 0x000000070be00000, 0x000000070be00000| Untracked 
| 155|0x000000070bf00000, 0x000000070bf00000, 0x000000070c000000|  0%| F|  |TAMS 0x000000070bf00000, 0x000000070bf00000| Untracked 
| 156|0x000000070c000000, 0x000000070c000000, 0x000000070c100000|  0%| F|  |TAMS 0x000000070c000000, 0x000000070c000000| Untracked 
| 157|0x000000070c100000, 0x000000070c100000, 0x000000070c200000|  0%| F|  |TAMS 0x000000070c100000, 0x000000070c100000| Untracked 
| 158|0x000000070c200000, 0x000000070c200000, 0x000000070c300000|  0%| F|  |TAMS 0x000000070c200000, 0x000000070c200000| Untracked 
| 159|0x000000070c300000, 0x000000070c300000, 0x000000070c400000|  0%| F|  |TAMS 0x000000070c300000, 0x000000070c300000| Untracked 
| 160|0x000000070c400000, 0x000000070c400000, 0x000000070c500000|  0%| F|  |TAMS 0x000000070c400000, 0x000000070c400000| Untracked 
| 161|0x000000070c500000, 0x000000070c500000, 0x000000070c600000|  0%| F|  |TAMS 0x000000070c500000, 0x000000070c500000| Untracked 
| 162|0x000000070c600000, 0x000000070c600000, 0x000000070c700000|  0%| F|  |TAMS 0x000000070c600000, 0x000000070c600000| Untracked 
| 163|0x000000070c700000, 0x000000070c700000, 0x000000070c800000|  0%| F|  |TAMS 0x000000070c700000, 0x000000070c700000| Untracked 
| 164|0x000000070c800000, 0x000000070c800000, 0x000000070c900000|  0%| F|  |TAMS 0x000000070c800000, 0x000000070c800000| Untracked 
| 165|0x000000070c900000, 0x000000070c900000, 0x000000070ca00000|  0%| F|  |TAMS 0x000000070c900000, 0x000000070c900000| Untracked 
| 166|0x000000070ca00000, 0x000000070ca00000, 0x000000070cb00000|  0%| F|  |TAMS 0x000000070ca00000, 0x000000070ca00000| Untracked 
| 167|0x000000070cb00000, 0x000000070cb00000, 0x000000070cc00000|  0%| F|  |TAMS 0x000000070cb00000, 0x000000070cb00000| Untracked 
| 168|0x000000070cc00000, 0x000000070cc00000, 0x000000070cd00000|  0%| F|  |TAMS 0x000000070cc00000, 0x000000070cc00000| Untracked 
| 169|0x000000070cd00000, 0x000000070cd00000, 0x000000070ce00000|  0%| F|  |TAMS 0x000000070cd00000, 0x000000070cd00000| Untracked 
| 170|0x000000070ce00000, 0x000000070ce00000, 0x000000070cf00000|  0%| F|  |TAMS 0x000000070ce00000, 0x000000070ce00000| Untracked 
| 171|0x000000070cf00000, 0x000000070cf00000, 0x000000070d000000|  0%| F|  |TAMS 0x000000070cf00000, 0x000000070cf00000| Untracked 
| 172|0x000000070d000000, 0x000000070d000000, 0x000000070d100000|  0%| F|  |TAMS 0x000000070d000000, 0x000000070d000000| Untracked 
| 173|0x000000070d100000, 0x000000070d100000, 0x000000070d200000|  0%| F|  |TAMS 0x000000070d100000, 0x000000070d100000| Untracked 
| 174|0x000000070d200000, 0x000000070d200000, 0x000000070d300000|  0%| F|  |TAMS 0x000000070d200000, 0x000000070d200000| Untracked 
| 175|0x000000070d300000, 0x000000070d300000, 0x000000070d400000|  0%| F|  |TAMS 0x000000070d300000, 0x000000070d300000| Untracked 
| 176|0x000000070d400000, 0x000000070d400000, 0x000000070d500000|  0%| F|  |TAMS 0x000000070d400000, 0x000000070d400000| Untracked 
| 177|0x000000070d500000, 0x000000070d500000, 0x000000070d600000|  0%| F|  |TAMS 0x000000070d500000, 0x000000070d500000| Untracked 
| 178|0x000000070d600000, 0x000000070d600000, 0x000000070d700000|  0%| F|  |TAMS 0x000000070d600000, 0x000000070d600000| Untracked 
| 179|0x000000070d700000, 0x000000070d700000, 0x000000070d800000|  0%| F|  |TAMS 0x000000070d700000, 0x000000070d700000| Untracked 
| 180|0x000000070d800000, 0x000000070d800000, 0x000000070d900000|  0%| F|  |TAMS 0x000000070d800000, 0x000000070d800000| Untracked 
| 181|0x000000070d900000, 0x000000070d900000, 0x000000070da00000|  0%| F|  |TAMS 0x000000070d900000, 0x000000070d900000| Untracked 
| 182|0x000000070da00000, 0x000000070da00000, 0x000000070db00000|  0%| F|  |TAMS 0x000000070da00000, 0x000000070da00000| Untracked 
| 183|0x000000070db00000, 0x000000070db00000, 0x000000070dc00000|  0%| F|  |TAMS 0x000000070db00000, 0x000000070db00000| Untracked 
| 184|0x000000070dc00000, 0x000000070dc00000, 0x000000070dd00000|  0%| F|  |TAMS 0x000000070dc00000, 0x000000070dc00000| Untracked 
| 185|0x000000070dd00000, 0x000000070dd00000, 0x000000070de00000|  0%| F|  |TAMS 0x000000070dd00000, 0x000000070dd00000| Untracked 
| 186|0x000000070de00000, 0x000000070de00000, 0x000000070df00000|  0%| F|  |TAMS 0x000000070de00000, 0x000000070de00000| Untracked 
| 187|0x000000070df00000, 0x000000070df00000, 0x000000070e000000|  0%| F|  |TAMS 0x000000070df00000, 0x000000070df00000| Untracked 
| 188|0x000000070e000000, 0x000000070e000000, 0x000000070e100000|  0%| F|  |TAMS 0x000000070e000000, 0x000000070e000000| Untracked 
| 189|0x000000070e100000, 0x000000070e100000, 0x000000070e200000|  0%| F|  |TAMS 0x000000070e100000, 0x000000070e100000| Untracked 
| 190|0x000000070e200000, 0x000000070e200000, 0x000000070e300000|  0%| F|  |TAMS 0x000000070e200000, 0x000000070e200000| Untracked 
| 191|0x000000070e300000, 0x000000070e300000, 0x000000070e400000|  0%| F|  |TAMS 0x000000070e300000, 0x000000070e300000| Untracked 
| 192|0x000000070e400000, 0x000000070e400000, 0x000000070e500000|  0%| F|  |TAMS 0x000000070e400000, 0x000000070e400000| Untracked 
| 193|0x000000070e500000, 0x000000070e500000, 0x000000070e600000|  0%| F|  |TAMS 0x000000070e500000, 0x000000070e500000| Untracked 
| 194|0x000000070e600000, 0x000000070e600000, 0x000000070e700000|  0%| F|  |TAMS 0x000000070e600000, 0x000000070e600000| Untracked 
| 195|0x000000070e700000, 0x000000070e700000, 0x000000070e800000|  0%| F|  |TAMS 0x000000070e700000, 0x000000070e700000| Untracked 
| 196|0x000000070e800000, 0x000000070e800000, 0x000000070e900000|  0%| F|  |TAMS 0x000000070e800000, 0x000000070e800000| Untracked 
| 197|0x000000070e900000, 0x000000070e900000, 0x000000070ea00000|  0%| F|  |TAMS 0x000000070e900000, 0x000000070e900000| Untracked 
| 198|0x000000070ea00000, 0x000000070ea00000, 0x000000070eb00000|  0%| F|  |TAMS 0x000000070ea00000, 0x000000070ea00000| Untracked 
| 199|0x000000070eb00000, 0x000000070eb00000, 0x000000070ec00000|  0%| F|  |TAMS 0x000000070eb00000, 0x000000070eb00000| Untracked 
| 200|0x000000070ec00000, 0x000000070ec00000, 0x000000070ed00000|  0%| F|  |TAMS 0x000000070ec00000, 0x000000070ec00000| Untracked 
| 201|0x000000070ed00000, 0x000000070ed00000, 0x000000070ee00000|  0%| F|  |TAMS 0x000000070ed00000, 0x000000070ed00000| Untracked 
| 202|0x000000070ee00000, 0x000000070ee00000, 0x000000070ef00000|  0%| F|  |TAMS 0x000000070ee00000, 0x000000070ee00000| Untracked 
| 203|0x000000070ef00000, 0x000000070ef00000, 0x000000070f000000|  0%| F|  |TAMS 0x000000070ef00000, 0x000000070ef00000| Untracked 
| 204|0x000000070f000000, 0x000000070f000000, 0x000000070f100000|  0%| F|  |TAMS 0x000000070f000000, 0x000000070f000000| Untracked 
| 205|0x000000070f100000, 0x000000070f100000, 0x000000070f200000|  0%| F|  |TAMS 0x000000070f100000, 0x000000070f100000| Untracked 
| 206|0x000000070f200000, 0x000000070f200000, 0x000000070f300000|  0%| F|  |TAMS 0x000000070f200000, 0x000000070f200000| Untracked 
| 207|0x000000070f300000, 0x000000070f300000, 0x000000070f400000|  0%| F|  |TAMS 0x000000070f300000, 0x000000070f300000| Untracked 
| 208|0x000000070f400000, 0x000000070f400000, 0x000000070f500000|  0%| F|  |TAMS 0x000000070f400000, 0x000000070f400000| Untracked 
| 209|0x000000070f500000, 0x000000070f500000, 0x000000070f600000|  0%| F|  |TAMS 0x000000070f500000, 0x000000070f500000| Untracked 
| 210|0x000000070f600000, 0x000000070f600000, 0x000000070f700000|  0%| F|  |TAMS 0x000000070f600000, 0x000000070f600000| Untracked 
| 211|0x000000070f700000, 0x000000070f700000, 0x000000070f800000|  0%| F|  |TAMS 0x000000070f700000, 0x000000070f700000| Untracked 
| 212|0x000000070f800000, 0x000000070f800000, 0x000000070f900000|  0%| F|  |TAMS 0x000000070f800000, 0x000000070f800000| Untracked 
| 213|0x000000070f900000, 0x000000070f900000, 0x000000070fa00000|  0%| F|  |TAMS 0x000000070f900000, 0x000000070f900000| Untracked 
| 214|0x000000070fa00000, 0x000000070fa00000, 0x000000070fb00000|  0%| F|  |TAMS 0x000000070fa00000, 0x000000070fa00000| Untracked 
| 215|0x000000070fb00000, 0x000000070fb00000, 0x000000070fc00000|  0%| F|  |TAMS 0x000000070fb00000, 0x000000070fb00000| Untracked 
| 216|0x000000070fc00000, 0x000000070fc00000, 0x000000070fd00000|  0%| F|  |TAMS 0x000000070fc00000, 0x000000070fc00000| Untracked 
| 217|0x000000070fd00000, 0x000000070fd00000, 0x000000070fe00000|  0%| F|  |TAMS 0x000000070fd00000, 0x000000070fd00000| Untracked 
| 218|0x000000070fe00000, 0x000000070fe00000, 0x000000070ff00000|  0%| F|  |TAMS 0x000000070fe00000, 0x000000070fe00000| Untracked 
| 219|0x000000070ff00000, 0x000000070ff00000, 0x0000000710000000|  0%| F|  |TAMS 0x000000070ff00000, 0x000000070ff00000| Untracked 
| 220|0x0000000710000000, 0x0000000710000000, 0x0000000710100000|  0%| F|  |TAMS 0x0000000710000000, 0x0000000710000000| Untracked 
| 221|0x0000000710100000, 0x0000000710100000, 0x0000000710200000|  0%| F|  |TAMS 0x0000000710100000, 0x0000000710100000| Untracked 
| 222|0x0000000710200000, 0x0000000710200000, 0x0000000710300000|  0%| F|  |TAMS 0x0000000710200000, 0x0000000710200000| Untracked 
| 223|0x0000000710300000, 0x0000000710300000, 0x0000000710400000|  0%| F|  |TAMS 0x0000000710300000, 0x0000000710300000| Untracked 
| 224|0x0000000710400000, 0x0000000710400000, 0x0000000710500000|  0%| F|  |TAMS 0x0000000710400000, 0x0000000710400000| Untracked 
| 225|0x0000000710500000, 0x0000000710500000, 0x0000000710600000|  0%| F|  |TAMS 0x0000000710500000, 0x0000000710500000| Untracked 
| 226|0x0000000710600000, 0x0000000710600000, 0x0000000710700000|  0%| F|  |TAMS 0x0000000710600000, 0x0000000710600000| Untracked 
| 227|0x0000000710700000, 0x0000000710800000, 0x0000000710800000|100%| S|CS|TAMS 0x0000000710700000, 0x0000000710700000| Complete 
| 228|0x0000000710800000, 0x0000000710900000, 0x0000000710900000|100%| S|CS|TAMS 0x0000000710800000, 0x0000000710800000| Complete 
| 229|0x0000000710900000, 0x0000000710a00000, 0x0000000710a00000|100%| S|CS|TAMS 0x0000000710900000, 0x0000000710900000| Complete 
| 230|0x0000000710a00000, 0x0000000710a00000, 0x0000000710b00000|  0%| F|  |TAMS 0x0000000710a00000, 0x0000000710a00000| Untracked 
| 231|0x0000000710b00000, 0x0000000710b00000, 0x0000000710c00000|  0%| F|  |TAMS 0x0000000710b00000, 0x0000000710b00000| Untracked 
| 232|0x0000000710c00000, 0x0000000710c00000, 0x0000000710d00000|  0%| F|  |TAMS 0x0000000710c00000, 0x0000000710c00000| Untracked 
| 233|0x0000000710d00000, 0x0000000710d00000, 0x0000000710e00000|  0%| F|  |TAMS 0x0000000710d00000, 0x0000000710d00000| Untracked 
| 234|0x0000000710e00000, 0x0000000710e00000, 0x0000000710f00000|  0%| F|  |TAMS 0x0000000710e00000, 0x0000000710e00000| Untracked 
| 235|0x0000000710f00000, 0x0000000710f00000, 0x0000000711000000|  0%| F|  |TAMS 0x0000000710f00000, 0x0000000710f00000| Untracked 
| 236|0x0000000711000000, 0x0000000711000000, 0x0000000711100000|  0%| F|  |TAMS 0x0000000711000000, 0x0000000711000000| Untracked 
| 237|0x0000000711100000, 0x0000000711100000, 0x0000000711200000|  0%| F|  |TAMS 0x0000000711100000, 0x0000000711100000| Untracked 
| 238|0x0000000711200000, 0x0000000711200000, 0x0000000711300000|  0%| F|  |TAMS 0x0000000711200000, 0x0000000711200000| Untracked 
| 239|0x0000000711300000, 0x0000000711300000, 0x0000000711400000|  0%| F|  |TAMS 0x0000000711300000, 0x0000000711300000| Untracked 
| 240|0x0000000711400000, 0x0000000711400000, 0x0000000711500000|  0%| F|  |TAMS 0x0000000711400000, 0x0000000711400000| Untracked 
| 241|0x0000000711500000, 0x0000000711500000, 0x0000000711600000|  0%| F|  |TAMS 0x0000000711500000, 0x0000000711500000| Untracked 
| 242|0x0000000711600000, 0x0000000711600000, 0x0000000711700000|  0%| F|  |TAMS 0x0000000711600000, 0x0000000711600000| Untracked 
| 243|0x0000000711700000, 0x0000000711700000, 0x0000000711800000|  0%| F|  |TAMS 0x0000000711700000, 0x0000000711700000| Untracked 
| 244|0x0000000711800000, 0x0000000711800000, 0x0000000711900000|  0%| F|  |TAMS 0x0000000711800000, 0x0000000711800000| Untracked 
| 245|0x0000000711900000, 0x0000000711900000, 0x0000000711a00000|  0%| F|  |TAMS 0x0000000711900000, 0x0000000711900000| Untracked 
| 246|0x0000000711a00000, 0x0000000711a00000, 0x0000000711b00000|  0%| F|  |TAMS 0x0000000711a00000, 0x0000000711a00000| Untracked 
| 247|0x0000000711b00000, 0x0000000711b80800, 0x0000000711c00000| 50%| E|  |TAMS 0x0000000711b00000, 0x0000000711b00000| Complete 
| 248|0x0000000711c00000, 0x0000000711d00000, 0x0000000711d00000|100%| E|CS|TAMS 0x0000000711c00000, 0x0000000711c00000| Complete 
| 249|0x0000000711d00000, 0x0000000711e00000, 0x0000000711e00000|100%| E|CS|TAMS 0x0000000711d00000, 0x0000000711d00000| Complete 
| 250|0x0000000711e00000, 0x0000000711f00000, 0x0000000711f00000|100%| E|CS|TAMS 0x0000000711e00000, 0x0000000711e00000| Complete 
| 251|0x0000000711f00000, 0x0000000712000000, 0x0000000712000000|100%| E|CS|TAMS 0x0000000711f00000, 0x0000000711f00000| Complete 
| 252|0x0000000712000000, 0x0000000712100000, 0x0000000712100000|100%| E|CS|TAMS 0x0000000712000000, 0x0000000712000000| Complete 
| 253|0x0000000712100000, 0x0000000712200000, 0x0000000712200000|100%| E|CS|TAMS 0x0000000712100000, 0x0000000712100000| Complete 

Card table byte_map: [0x000002b52dcd0000,0x000002b52e4c0000] _byte_map_base: 0x000002b52a4be000

Marking Bits (Prev, Next): (CMBitMap*) 0x000002b513a9b448, (CMBitMap*) 0x000002b513a9b488
 Prev Bits: [0x000002b52ecb0000, 0x000002b532c20000)
 Next Bits: [0x000002b532c20000, 0x000002b536b90000)

Polling page: 0x000002b513b00000

Metaspace:

Usage:
  Non-class:     14.73 MB capacity,    14.47 MB ( 98%) used,   223.16 KB (  1%) free+waste,    39.19 KB ( <1%) overhead. 
      Class:      2.00 MB capacity,     1.82 MB ( 91%) used,   154.59 KB (  8%) free+waste,    21.69 KB (  1%) overhead. 
       Both:     16.73 MB capacity,    16.30 MB ( 97%) used,   377.76 KB (  2%) free+waste,    60.88 KB ( <1%) overhead. 

Virtual space:
  Non-class space:       16.00 MB reserved,      14.75 MB ( 92%) committed 
      Class space:        1.00 GB reserved,       2.00 MB ( <1%) committed 
             Both:        1.02 GB reserved,      16.75 MB (  2%) committed 

Chunk freelists:
   Non-Class:  20.00 KB
       Class:  4.00 KB
        Both:  24.00 KB

MaxMetaspaceSize: 17179869184.00 GB
CompressedClassSpaceSize: 1.00 GB

CodeHeap 'non-profiled nmethods': size=120000Kb used=843Kb max_used=843Kb free=119156Kb
 bounds [0x000002b5251d0000, 0x000002b525440000, 0x000002b52c700000]
CodeHeap 'profiled nmethods': size=120000Kb used=5157Kb max_used=5157Kb free=114842Kb
 bounds [0x000002b51dca0000, 0x000002b51e1b0000, 0x000002b5251d0000]
CodeHeap 'non-nmethods': size=5760Kb used=1391Kb max_used=1409Kb free=4368Kb
 bounds [0x000002b51d700000, 0x000002b51d970000, 0x000002b51dca0000]
 total_blobs=4096 nmethods=2493 adapters=612
 compilation: enabled
              stopped_count=0, restarted_count=0
 full_count=0

Compilation events (20 events):
Event: 250.600 Thread 0x000002b53a1da000 nmethod 2664 0x000002b5252a2a90 code [0x000002b5252a2c20, 0x000002b5252a2d58]
Event: 283.101 Thread 0x000002b53a1da000 2665       3       java.net.URL::isBuiltinStreamHandler (12 bytes)
Event: 283.102 Thread 0x000002b53a1da000 nmethod 2665 0x000002b51e18ec10 code [0x000002b51e18ee00, 0x000002b51e18f1e0]
Event: 283.102 Thread 0x000002b53a1da000 2666       3       java.net.URL::isBuiltinStreamHandler (8 bytes)
Event: 283.103 Thread 0x000002b53a1da000 nmethod 2666 0x000002b51e18f390 code [0x000002b51e18f540, 0x000002b51e18f790]
Event: 293.102 Thread 0x000002b53a1da000 2667   !   3       java.net.URL::<init> (543 bytes)
Event: 293.106 Thread 0x000002b53a1da000 nmethod 2667 0x000002b51e18f890 code [0x000002b51e18ff80, 0x000002b51e194090]
Event: 293.106 Thread 0x000002b53a1da000 2668       3       java.net.URLStreamHandler::setURL (73 bytes)
Event: 293.106 Thread 0x000002b53a1da000 nmethod 2668 0x000002b51e196410 code [0x000002b51e196640, 0x000002b51e196ea0]
Event: 298.103 Thread 0x000002b53a1da000 2669       3       sun.net.www.protocol.file.Handler::parseURL (18 bytes)
Event: 298.103 Thread 0x000002b53a1da000 nmethod 2669 0x000002b51e197210 code [0x000002b51e1973c0, 0x000002b51e1975e0]
Event: 298.103 Thread 0x000002b53a1da000 2670       3       java.net.URLStreamHandler::parseURL (1201 bytes)
Event: 298.114 Thread 0x000002b53a1da000 nmethod 2670 0x000002b51e197710 code [0x000002b51e1989a0, 0x000002b51e1a4570]
Event: 303.103 Thread 0x000002b53a1da000 2671       3       jdk.internal.module.Resources::toPackageName (39 bytes)
Event: 303.103 Thread 0x000002b53a1da000 nmethod 2671 0x000002b51e1a8a10 code [0x000002b51e1a8c40, 0x000002b51e1a9320]
Event: 328.106 Thread 0x000002b53a1da000 2672       3       jdk.internal.loader.BuiltinClassLoader::checkURL (5 bytes)
Event: 328.107 Thread 0x000002b53a1da000 nmethod 2672 0x000002b51e1a9590 code [0x000002b51e1a9740, 0x000002b51e1a9990]
Event: 328.107 Thread 0x000002b53a1da000 2673   !   3       jdk.internal.loader.URLClassPath::checkURL (16 bytes)
Event: 328.107 Thread 0x000002b53a1da000 nmethod 2673 0x000002b51e1a9a90 code [0x000002b51e1a9c40, 0x000002b51e1a9e50]
Event: 343.109 Thread 0x000002b53a1da000 2674   !   3       jdk.internal.loader.BuiltinClassLoader::findResource (154 bytes)

GC Heap History (2 events):
Event: 8.036 GC heap before
{Heap before GC invocations=0 (full 0):
 garbage-first heap   total 260096K, used 23552K [0x0000000702400000, 0x0000000800000000)
  region size 1024K, 24 young (24576K), 0 survivors (0K)
 Metaspace       used 15175K, capacity 15581K, committed 15744K, reserved 1062912K
  class space    used 1746K, capacity 1912K, committed 1920K, reserved 1048576K
}
Event: 8.042 GC heap after
{Heap after GC invocations=1 (full 0):
 garbage-first heap   total 260096K, used 6122K [0x0000000702400000, 0x0000000800000000)
  region size 1024K, 3 young (3072K), 3 survivors (3072K)
 Metaspace       used 15175K, capacity 15581K, committed 15744K, reserved 1062912K
  class space    used 1746K, capacity 1912K, committed 1920K, reserved 1048576K
}

Deoptimization events (20 events):
Event: 8.241 Thread 0x000002b53acc2000 Uncommon trap: trap_request=0xffffff45 fr.pc=0x000002b525238e74 relative=0x0000000000002514
Event: 8.241 Thread 0x000002b53acc2000 Uncommon trap: reason=unstable_if action=reinterpret pc=0x000002b525238e74 method=java.lang.ref.SoftReference.get()Ljava/lang/Object; @ 17 c2
Event: 8.241 Thread 0x000002b53acc2000 DEOPT PACKING pc=0x000002b525238e74 sp=0x000000f2e36fdca0
Event: 8.241 Thread 0x000002b53acc2000 DEOPT UNPACKING pc=0x000002b51d74912f sp=0x000000f2e36fda18 mode 2
Event: 11.139 Thread 0x000002b53acc2000 Uncommon trap: trap_request=0xffffffde fr.pc=0x000002b5251e1bcc relative=0x00000000000001ac
Event: 11.139 Thread 0x000002b53acc2000 Uncommon trap: reason=class_check action=maybe_recompile pc=0x000002b5251e1bcc method=java.lang.String.equals(Ljava/lang/Object;)Z @ 8 c2
Event: 11.139 Thread 0x000002b53acc2000 DEOPT PACKING pc=0x000002b5251e1bcc sp=0x000000f2e36fe360
Event: 11.139 Thread 0x000002b53acc2000 DEOPT UNPACKING pc=0x000002b51d74912f sp=0x000000f2e36fe2f8 mode 2
Event: 11.139 Thread 0x000002b53acc2000 Uncommon trap: trap_request=0xffffffde fr.pc=0x000002b5251e1bcc relative=0x00000000000001ac
Event: 11.139 Thread 0x000002b53acc2000 Uncommon trap: reason=class_check action=maybe_recompile pc=0x000002b5251e1bcc method=java.lang.String.equals(Ljava/lang/Object;)Z @ 8 c2
Event: 11.139 Thread 0x000002b53acc2000 DEOPT PACKING pc=0x000002b5251e1bcc sp=0x000000f2e36fe360
Event: 11.139 Thread 0x000002b53acc2000 DEOPT UNPACKING pc=0x000002b51d74912f sp=0x000000f2e36fe2f8 mode 2
Event: 13.631 Thread 0x000002b53acc2000 Uncommon trap: trap_request=0xffffffde fr.pc=0x000002b5251e1bcc relative=0x00000000000001ac
Event: 13.631 Thread 0x000002b53acc2000 Uncommon trap: reason=class_check action=maybe_recompile pc=0x000002b5251e1bcc method=java.lang.String.equals(Ljava/lang/Object;)Z @ 8 c2
Event: 13.631 Thread 0x000002b53acc2000 DEOPT PACKING pc=0x000002b5251e1bcc sp=0x000000f2e36fe2d0
Event: 13.631 Thread 0x000002b53acc2000 DEOPT UNPACKING pc=0x000002b51d74912f sp=0x000000f2e36fe268 mode 2
Event: 18.004 Thread 0x000002b53acc2000 Uncommon trap: trap_request=0xffffff45 fr.pc=0x000002b525293b0c relative=0x00000000000011cc
Event: 18.004 Thread 0x000002b53acc2000 Uncommon trap: reason=unstable_if action=reinterpret pc=0x000002b525293b0c method=javax.swing.LayoutComparator.compare(Ljava/awt/Component;Ljava/awt/Component;)I @ 171 c2
Event: 18.004 Thread 0x000002b53acc2000 DEOPT PACKING pc=0x000002b525293b0c sp=0x000000f2e36fe3f0
Event: 18.004 Thread 0x000002b53acc2000 DEOPT UNPACKING pc=0x000002b51d74912f sp=0x000000f2e36fe3e0 mode 2

Classes unloaded (0 events):
No events

Classes redefined (0 events):
No events

Internal exceptions (20 events):
Event: 0.119 Thread 0x000002b513a2f000 Exception <a 'java/lang/IncompatibleClassChangeError'{0x0000000711f278d0}: Found class java.lang.Object, but interface was expected> (0x0000000711f278d0) 
thrown [t:/workspace/open/src/hotspot/share/interpreter/linkResolver.cpp, line 833]
Event: 0.119 Thread 0x000002b513a2f000 Exception <a 'java/lang/NoSuchMethodError'{0x0000000711f2a558}: 'void java.lang.invoke.DirectMethodHandle$Holder.invokeStatic(java.lang.Object, java.lang.Object, java.lang.Object, java.lang.Object)'> (0x0000000711f2a558) 
thrown [t:/workspace/open/src/hotspot/share/interpreter/linkResolver.cpp, line 767]
Event: 0.152 Thread 0x000002b513a2f000 Exception <a 'java/lang/ClassNotFoundException'{0x0000000711e2a7c8}: sun/awt/resources/spi/awtProvider> (0x0000000711e2a7c8) 
thrown [t:/workspace/open/src/hotspot/share/classfile/systemDictionary.cpp, line 232]
Event: 0.173 Thread 0x000002b513a2f000 Exception <a 'java/io/FileNotFoundException'{0x0000000711e792d0}> (0x0000000711e792d0) 
thrown [t:/workspace/open/src/hotspot/share/prims/jni.cpp, line 598]
Event: 0.178 Thread 0x000002b513a2f000 Exception <a 'java/io/FileNotFoundException'{0x0000000711e9fc10}> (0x0000000711e9fc10) 
thrown [t:/workspace/open/src/hotspot/share/prims/jni.cpp, line 598]
Event: 0.245 Thread 0x000002b53a701800 Exception <a 'java/lang/NoSuchMethodError'{0x0000000711efb198}: 'void java.lang.invoke.DirectMethodHandle$Holder.invokeSpecial(java.lang.Object, java.lang.Object)'> (0x0000000711efb198) 
thrown [t:/workspace/open/src/hotspot/share/interpreter/linkResolver.cpp, line 767]
Event: 0.268 Thread 0x000002b513a2f000 Exception <a 'java/lang/NoSuchMethodError'{0x0000000711d3ebf0}: 'java.lang.Object java.lang.invoke.DirectMethodHandle$Holder.invokeStatic(java.lang.Object, int, java.lang.Object, java.lang.Object, java.lang.Object, java.lang.Object)'> (0x0000000711d3ebf0) 
thrown [t:/workspace/open/src/hotspot/share/interpreter/linkResolver.cpp, line 767]
Event: 0.268 Thread 0x000002b513a2f000 Exception <a 'java/lang/NoSuchMethodError'{0x0000000711d45550}: 'java.lang.Object java.lang.invoke.DirectMethodHandle$Holder.invokeStatic(java.lang.Object, int, java.lang.Object, java.lang.Object, java.lang.Object)'> (0x0000000711d45550) 
thrown [t:/workspace/open/src/hotspot/share/interpreter/linkResolver.cpp, line 767]
Event: 0.268 Thread 0x000002b513a2f000 Exception <a 'java/lang/NoSuchMethodError'{0x0000000711d48db8}: 'java.lang.Object java.lang.invoke.DirectMethodHandle$Holder.invokeSpecial(java.lang.Object, java.lang.Object, int, java.lang.Object, java.lang.Object, java.lang.Object)'> (0x0000000711d48db8) 
thrown [t:/workspace/open/src/hotspot/share/interpreter/linkResolver.cpp, line 767]
Event: 0.270 Thread 0x000002b513a2f000 Exception <a 'java/lang/NoSuchMethodError'{0x0000000711d5f0e0}: 'java.lang.Object java.lang.invoke.DirectMethodHandle$Holder.invokeStatic(java.lang.Object, int, java.lang.Object)'> (0x0000000711d5f0e0) 
thrown [t:/workspace/open/src/hotspot/share/interpreter/linkResolver.cpp, line 767]
Event: 0.290 Thread 0x000002b513a2f000 Exception <a 'java/lang/ClassNotFoundException'{0x0000000711c074a8}: com/sun/swing/internal/plaf/metal/resources/spi/metalProvider> (0x0000000711c074a8) 
thrown [t:/workspace/open/src/hotspot/share/classfile/systemDictionary.cpp, line 232]
Event: 0.290 Thread 0x000002b513a2f000 Exception <a 'java/lang/ClassNotFoundException'{0x0000000711c0b2d8}: com/sun/swing/internal/plaf/basic/resources/spi/basicProvider> (0x0000000711c0b2d8) 
thrown [t:/workspace/open/src/hotspot/share/classfile/systemDictionary.cpp, line 232]
Event: 0.296 Thread 0x000002b513a2f000 Implicit null exception at 0x000002b525201fe8 to 0x000002b52520207a
Event: 0.303 Thread 0x000002b513a2f000 Implicit null exception at 0x000002b5251ee5af to 0x000002b5251ee62d
Event: 0.524 Thread 0x000002b513a2f000 Exception <a 'java/lang/NoSuchMethodError'{0x00000007119c9d08}: 'java.lang.Object java.lang.invoke.DirectMethodHandle$Holder.invokeVirtual(java.lang.Object, java.lang.Object, java.lang.Object)'> (0x00000007119c9d08) 
thrown [t:/workspace/open/src/hotspot/share/interpreter/linkResolver.cpp, line 767]
Event: 1.773 Thread 0x000002b53abc1800 Implicit null exception at 0x000002b525233207 to 0x000002b525233816
Event: 1.773 Thread 0x000002b53abc1800 Implicit null exception at 0x000002b52522d804 to 0x000002b52522de36
Event: 7.951 Thread 0x000002b513a2f000 Exception <a 'java/lang/NoSuchMethodError'{0x0000000710b70d90}: 'void java.lang.invoke.DirectMethodHandle$Holder.invokeStaticInit(java.lang.Object)'> (0x0000000710b70d90) 
thrown [t:/workspace/open/src/hotspot/share/interpreter/linkResolver.cpp, line 767]
Event: 7.957 Thread 0x000002b513a2f000 Exception <a 'java/lang/NoSuchMethodError'{0x0000000710a13940}: 'java.lang.Object java.lang.invoke.Invokers$Holder.linkToTargetMethod(java.lang.Object, int, java.lang.Object)'> (0x0000000710a13940) 
thrown [t:/workspace/open/src/hotspot/share/interpreter/linkResolver.cpp, line 767]
Event: 250.596 Thread 0x000002b53acc2000 Exception <a 'java/lang/NoSuchMethodError'{0x0000000711b614a0}: 'void java.lang.invoke.DirectMethodHandle$Holder.invokeVirtual(java.lang.Object, java.lang.Object)'> (0x0000000711b614a0) 
thrown [t:/workspace/open/src/hotspot/share/interpreter/linkResolver.cpp, line 767]

Events (20 events):
Event: 250.595 Executing VM operation: RevokeBias
Event: 250.595 Executing VM operation: RevokeBias done
Event: 250.595 loading class java/util/WeakHashMap$KeyIterator
Event: 250.595 loading class java/util/WeakHashMap$HashIterator
Event: 250.595 loading class java/util/WeakHashMap$HashIterator done
Event: 250.595 loading class java/util/WeakHashMap$KeyIterator done
Event: 250.597 loading class javax/swing/RepaintManager$DisplayChangedRunnable
Event: 250.597 loading class javax/swing/RepaintManager$DisplayChangedRunnable done
Event: 250.599 Executing VM operation: RevokeBias
Event: 250.599 Executing VM operation: RevokeBias done
Event: 250.599 Executing VM operation: RevokeBias
Event: 250.599 Executing VM operation: RevokeBias done
Event: 250.599 Executing VM operation: RevokeBias
Event: 250.599 Executing VM operation: RevokeBias done
Event: 250.599 Executing VM operation: RevokeBias
Event: 250.599 Executing VM operation: RevokeBias done
Event: 250.599 Executing VM operation: RevokeBias
Event: 250.599 Executing VM operation: RevokeBias done
Event: 250.599 Executing VM operation: BulkRevokeBias
Event: 250.599 Executing VM operation: BulkRevokeBias done


Dynamic libraries:
0x00007ff62c8c0000 - 0x00007ff62c8cf000 	C:\Program Files\Java\jdk-13.0.1\bin\javaw.exe
0x00007ffec9600000 - 0x00007ffec97f0000 	C:\WINDOWS\SYSTEM32\ntdll.dll
0x00007ffec8080000 - 0x00007ffec8132000 	C:\WINDOWS\System32\KERNEL32.DLL
0x00007ffec6f00000 - 0x00007ffec71a3000 	C:\WINDOWS\System32\KERNELBASE.dll
0x00007ffec6d60000 - 0x00007ffec6e5a000 	C:\WINDOWS\System32\ucrtbase.dll
0x00007ffebc1a0000 - 0x00007ffebc1b8000 	C:\Program Files\Java\jdk-13.0.1\bin\jli.dll
0x00007ffebc180000 - 0x00007ffebc195000 	C:\Program Files\Java\jdk-13.0.1\bin\VCRUNTIME140.dll
0x00007ffec7fd0000 - 0x00007ffec8073000 	C:\WINDOWS\System32\ADVAPI32.dll
0x00007ffec7ec0000 - 0x00007ffec7f5e000 	C:\WINDOWS\System32\msvcrt.dll
0x00007ffec9520000 - 0x00007ffec95b7000 	C:\WINDOWS\System32\sechost.dll
0x00007ffec9400000 - 0x00007ffec9520000 	C:\WINDOWS\System32\RPCRT4.dll
0x00007ffec82a0000 - 0x00007ffec8434000 	C:\WINDOWS\System32\USER32.dll
0x00007ffec7490000 - 0x00007ffec74b1000 	C:\WINDOWS\System32\win32u.dll
0x00007ffec79c0000 - 0x00007ffec79e6000 	C:\WINDOWS\System32\GDI32.dll
0x00007ffec7290000 - 0x00007ffec7424000 	C:\WINDOWS\System32\gdi32full.dll
0x00007ffec59e0000 - 0x00007ffec5c65000 	C:\WINDOWS\WinSxS\amd64_microsoft.windows.common-controls_6595b64144ccf1df_6.0.18362.535_none_e6c3b34713100821\COMCTL32.dll
0x00007ffec6e60000 - 0x00007ffec6efe000 	C:\WINDOWS\System32\msvcp_win.dll
0x00007ffec8f00000 - 0x00007ffec9236000 	C:\WINDOWS\System32\combase.dll
0x00007ffec74c0000 - 0x00007ffec7540000 	C:\WINDOWS\System32\bcryptPrimitives.dll
0x00007ffebf430000 - 0x00007ffebf43a000 	C:\WINDOWS\SYSTEM32\VERSION.dll
0x00007ffec81c0000 - 0x00007ffec81ee000 	C:\WINDOWS\System32\IMM32.DLL
0x00007ffebc0e0000 - 0x00007ffebc17b000 	C:\Program Files\Java\jdk-13.0.1\bin\msvcp140.dll
0x00007ffe329c0000 - 0x00007ffe33526000 	C:\Program Files\Java\jdk-13.0.1\bin\server\jvm.dll
0x00007ffec84f0000 - 0x00007ffec84f8000 	C:\WINDOWS\System32\PSAPI.DLL
0x00007ffeaf800000 - 0x00007ffeaf809000 	C:\WINDOWS\SYSTEM32\WSOCK32.dll
0x00007ffec7f60000 - 0x00007ffec7fcf000 	C:\WINDOWS\System32\WS2_32.dll
0x00007ffec27b0000 - 0x00007ffec27d4000 	C:\WINDOWS\SYSTEM32\WINMM.dll
0x00007ffec2780000 - 0x00007ffec27ad000 	C:\WINDOWS\SYSTEM32\WINMMBASE.dll
0x00007ffec6d10000 - 0x00007ffec6d5a000 	C:\WINDOWS\System32\cfgmgr32.dll
0x00007ffec64e0000 - 0x00007ffec64f1000 	C:\WINDOWS\System32\kernel.appcore.dll
0x00007ffeb4a10000 - 0x00007ffeb4a20000 	C:\Program Files\Java\jdk-13.0.1\bin\verify.dll
0x00007ffec5ff0000 - 0x00007ffec61e4000 	C:\WINDOWS\SYSTEM32\DBGHELP.DLL
0x00007ffec5d60000 - 0x00007ffec5d8a000 	C:\WINDOWS\SYSTEM32\dbgcore.DLL
0x00007ffea1a20000 - 0x00007ffea1a46000 	C:\Program Files\Java\jdk-13.0.1\bin\java.dll
0x00007ffea4340000 - 0x00007ffea4357000 	C:\Program Files\Java\jdk-13.0.1\bin\zip.dll
0x00007ffeb4800000 - 0x00007ffeb480a000 	C:\Program Files\Java\jdk-13.0.1\bin\jimage.dll
0x00007ffec8790000 - 0x00007ffec8e75000 	C:\WINDOWS\System32\SHELL32.dll
0x00007ffec81f0000 - 0x00007ffec8299000 	C:\WINDOWS\System32\shcore.dll
0x00007ffec6590000 - 0x00007ffec6d0f000 	C:\WINDOWS\System32\windows.storage.dll
0x00007ffec6520000 - 0x00007ffec653f000 	C:\WINDOWS\System32\profapi.dll
0x00007ffec6540000 - 0x00007ffec658a000 	C:\WINDOWS\System32\powrprof.dll
0x00007ffec64d0000 - 0x00007ffec64e0000 	C:\WINDOWS\System32\UMPDC.dll
0x00007ffec77e0000 - 0x00007ffec7832000 	C:\WINDOWS\System32\shlwapi.dll
0x00007ffec7540000 - 0x00007ffec7557000 	C:\WINDOWS\System32\cryptsp.dll
0x00007ffea2300000 - 0x00007ffea2319000 	C:\Program Files\Java\jdk-13.0.1\bin\net.dll
0x00007ffebdef0000 - 0x00007ffebdfe0000 	C:\WINDOWS\SYSTEM32\WINHTTP.dll
0x00007ffec56c0000 - 0x00007ffec5727000 	C:\WINDOWS\system32\mswsock.dll
0x00007ffea1a00000 - 0x00007ffea1a13000 	C:\Program Files\Java\jdk-13.0.1\bin\nio.dll
0x00007ffe7cd60000 - 0x00007ffe7cef9000 	C:\Program Files\Java\jdk-13.0.1\bin\awt.dll
0x00007ffec7710000 - 0x00007ffec77d4000 	C:\WINDOWS\System32\OLEAUT32.dll
0x00007ffec2800000 - 0x00007ffec2dc0000 	C:\WINDOWS\SYSTEM32\d2d1.dll
0x00007ffec3cd0000 - 0x00007ffec3d5f000 	C:\WINDOWS\SYSTEM32\apphelp.dll
0x00007ffec4580000 - 0x00007ffec45ad000 	C:\WINDOWS\system32\DWMAPI.DLL
0x00007ffec3f10000 - 0x00007ffec3fa9000 	C:\WINDOWS\system32\uxtheme.dll
0x00007ffec8650000 - 0x00007ffec8785000 	C:\WINDOWS\System32\MSCTF.dll
0x00007ffec7840000 - 0x00007ffec7996000 	C:\WINDOWS\System32\ole32.dll
0x00007ffeb4ad0000 - 0x00007ffeb4b52000 	C:\Program Files\Java\jdk-13.0.1\bin\freetype.dll
0x00007ffe8dfb0000 - 0x00007ffe8e056000 	C:\Program Files\Java\jdk-13.0.1\bin\fontmanager.dll
0x00007ffe90c60000 - 0x00007ffe90db6000 	C:\WINDOWS\system32\opengl32.dll
0x00007ffe92190000 - 0x00007ffe921bc000 	C:\WINDOWS\SYSTEM32\GLU32.dll
0x00007ffec4ad0000 - 0x00007ffec4af0000 	C:\WINDOWS\SYSTEM32\dxcore.dll
0x00007ffec5410000 - 0x00007ffec54da000 	C:\WINDOWS\SYSTEM32\DNSAPI.dll
0x00007ffec93f0000 - 0x00007ffec93f8000 	C:\WINDOWS\System32\NSI.dll
0x00007ffec53d0000 - 0x00007ffec540a000 	C:\WINDOWS\SYSTEM32\IPHLPAPI.DLL
0x00007ffebf0b0000 - 0x00007ffebf0ba000 	C:\Windows\System32\rasadhlp.dll
0x00007ffebbd00000 - 0x00007ffebbd77000 	C:\WINDOWS\System32\fwpuclnt.dll
0x00007ffec7260000 - 0x00007ffec7286000 	C:\WINDOWS\System32\bcrypt.dll
0x00007ffec8440000 - 0x00007ffec84e2000 	C:\WINDOWS\System32\clbcatq.dll
0x00007ffebf0c0000 - 0x00007ffebf26f000 	C:\WINDOWS\SYSTEM32\WindowsCodecs.dll
0x00007ffe8f960000 - 0x00007ffe8f99a000 	C:\WINDOWS\system32\dataexchange.dll
0x00007ffec3570000 - 0x00007ffec374b000 	C:\WINDOWS\system32\dcomp.dll
0x00007ffec2e90000 - 0x00007ffec30eb000 	C:\WINDOWS\system32\d3d11.dll
0x00007ffec4b60000 - 0x00007ffec4c4b000 	C:\WINDOWS\system32\dxgi.dll
0x00007ffec4200000 - 0x00007ffec445a000 	C:\WINDOWS\system32\twinapi.appcore.dll
0x00007ffec4550000 - 0x00007ffec4579000 	C:\WINDOWS\system32\RMCLIENT.dll
0x00007ffeba0f0000 - 0x00007ffeba18e000 	C:\WINDOWS\System32\TextInputFramework.dll
0x00007ffec3750000 - 0x00007ffec3824000 	C:\WINDOWS\System32\CoreMessaging.dll
0x00007ffebfa00000 - 0x00007ffebfd2a000 	C:\WINDOWS\System32\CoreUIComponents.dll
0x00007ffec5f30000 - 0x00007ffec5f61000 	C:\WINDOWS\SYSTEM32\ntmarta.dll
0x00007ffec1b30000 - 0x00007ffec1c83000 	C:\WINDOWS\SYSTEM32\wintypes.dll
0x00007ffeb6280000 - 0x00007ffeb6526000 	C:\WINDOWS\System32\iertutil.dll

dbghelp: loaded successfully - version: 4.0.5 - missing functions: none
symbol engine: initialized successfully - sym options: 0x614 - pdb path: .;C:\Program Files\Java\jdk-13.0.1\bin;C:\WINDOWS\SYSTEM32;C:\WINDOWS\WinSxS\amd64_microsoft.windows.common-controls_6595b64144ccf1df_6.0.18362.535_none_e6c3b34713100821;C:\Program Files\Java\jdk-13.0.1\bin\server

VM Arguments:
jvm_args: -Dfile.encoding=Cp1252 --module-path=C:\Users\MrHap\Documents\eclipse\mysql-connector-java-8.0.18.jar 
java_command: four.Invoice
java_class_path (initial): C:\Users\MrHap\git\invoicia\Invoicea New\bin
Launcher Type: SUN_STANDARD

[Global flags]
     intx CICompilerCount                          = 4                                         {product} {ergonomic}
     uint ConcGCThreads                            = 3                                         {product} {ergonomic}
     uint G1ConcRefinementThreads                  = 10                                        {product} {ergonomic}
   size_t G1HeapRegionSize                         = 1048576                                   {product} {ergonomic}
    uintx GCDrainStackTargetSize                   = 64                                        {product} {ergonomic}
   size_t InitialHeapSize                          = 266338304                                 {product} {ergonomic}
   size_t MarkStackSize                            = 4194304                                   {product} {ergonomic}
   size_t MaxHeapSize                              = 4257218560                                {product} {ergonomic}
   size_t MaxNewSize                               = 2554331136                                {product} {ergonomic}
   size_t MinHeapDeltaBytes                        = 1048576                                   {product} {ergonomic}
   size_t MinHeapSize                              = 8388608                                   {product} {ergonomic}
    uintx NonNMethodCodeHeapSize                   = 5836300                                {pd product} {ergonomic}
    uintx NonProfiledCodeHeapSize                  = 122910970                              {pd product} {ergonomic}
    uintx ProfiledCodeHeapSize                     = 122910970                              {pd product} {ergonomic}
    uintx ReservedCodeCacheSize                    = 251658240                              {pd product} {ergonomic}
     bool SegmentedCodeCache                       = true                                      {product} {ergonomic}
   size_t SoftMaxHeapSize                          = 4257218560                             {manageable} {ergonomic}
     bool UseCompressedClassPointers               = true                                 {lp64_product} {ergonomic}
     bool UseCompressedOops                        = true                                 {lp64_product} {ergonomic}
     bool UseG1GC                                  = true                                      {product} {ergonomic}
     bool UseLargePagesIndividualAllocation        = false                                  {pd product} {ergonomic}

Logging:
Log output configuration:
 #0: stdout all=warning uptime,level,tags
 #1: stderr all=off uptime,level,tags

Environment Variables:
PATH=C:/Program Files/Java/jdk-13.0.1/bin/server;C:/Program Files/Java/jdk-13.0.1/bin;C:\Program Files (x86)\Common Files\Oracle\Java\javapath;C:\Program Files (x86)\Intel\Intel(R) Management Engine Components\iCLS\;C:\Program Files\Intel\Intel(R) Management Engine Components\iCLS\;C:\Windows\system32;C:\Windows;C:\Windows\System32\Wbem;C:\Windows\System32\WindowsPowerShell\v1.0\;C:\Windows\System32\OpenSSH\;C:\Program Files (x86)\NVIDIA Corporation\PhysX\Common;C:\Program Files (x86)\Intel\Intel(R) Management Engine Components\DAL;C:\Program Files\Intel\Intel(R) Management Engine Components\DAL;C:\Program Files (x86)\Intel\Intel(R) Management Engine Components\IPT;C:\Program Files\Intel\Intel(R) Management Engine Components\IPT;C:\Program Files\Intel\WiFi\bin\;C:\Program Files\Common Files\Intel\WirelessCommon\;C:\Program Files\dotnet\;C:\WINDOWS\system32;C:\WINDOWS;C:\WINDOWS\System32\Wbem;C:\WINDOWS\System32\WindowsPowerShell\v1.0\;C:\WINDOWS\System32\OpenSSH\;C:\Program Files\NVIDIA Corporation\NVIDIA NvDLISR;C:\Users\MrHap\AppData\Local\Microsoft\WindowsApps;;C:\Users\MrHap\AppData\Local\Programs\Microsoft VS Code\bin;C:\Users\MrHap\Desktop;
USERNAME=MrHap
OS=Windows_NT
PROCESSOR_IDENTIFIER=Intel64 Family 6 Model 158 Stepping 10, GenuineIntel



---------------  S Y S T E M  ---------------

OS: Windows 10 , 64 bit Build 18362 (10.0.18362.329)

CPU:total 12 (initial active 12) (6 cores per cpu, 2 threads per core) family 6 model 158 stepping 10, cmov, cx8, fxsr, mmx, sse, sse2, sse3, ssse3, sse4.1, sse4.2, popcnt, avx, avx2, aes, clmul, erms, 3dnowpref, lzcnt, ht, tsc, tscinvbit, bmi1, bmi2, adx, fma

Memory: 4k page, system-wide physical 16234M (281M free)
TotalPageFile size 65386M (AvailPageFile size 1M)
current process WorkingSet (physical memory assigned to process): 113M, peak: 119M
current process commit charge ("private bytes"): 382M, peak: 388M

vm_info: Java HotSpot(TM) 64-Bit Server VM (13.0.1+9) for windows-amd64 JRE (13.0.1+9), built on Oct  6 2019 12:37:49 by "mach5one" with unknown MS VC++:1916

END.
